[2024-01-31T19:00:27.131Z] users.findOne {"_id":"65b0b6c5bdc15d31a7e972ad"} {}
[2024-01-31T19:00:27.133Z] products.aggregate [{"$match":{"name":"Dvuxtavr","category":"qwe","qalinligi":20,"qalinligi_ortasi":15,"holati":"Eski","sklad":"65b09b96182be560d671f45f","saled":false}},{"$group":{"_id":{"name":"$name","qalinligi":"$qalinligi","qalinligi_ortasi":"$qalinligi_ortasi","category":"$category","holati":"$holati","olchamlari":"$olchamlari","sklad":"$sklad","uzunligi":"$uzunligi","uzunligi_x":"$uzunligi_x","uzunligi_y":"$uzunligi_y","price":"$price","saledPrice":"$saledPrice","cut":"$cut"},"totalQuantity":{"$sum":"$quantity"},"totalUzunligi":{"$sum":{"$cond":{"if":{"$eq":["$name","List"]},"then":{"$multiply":[1,{"$divide":[{"$multiply":["$uzunligi_x","$uzunligi_y"]},10000]}]},"else":{"$multiply":[1,"$uzunligi"]}}}}}},{"$project":{"_id":0,"name":"$_id.name","qalinligi":"$_id.qalinligi","qalinligi_ortasi":"$_id.qalinligi_ortasi","category":"$_id.category","holati":"$_id.holati","uzunligi":"$_id.uzunligi","uzunligi_x":"$_id.uzunligi_x","uzunligi_y":"$_id.uzunligi_y","sklad":"$_id.sklad","price":"$_id.price","olchamlari":"$_id.olchamlari","saledPrice":"$_id.saledPrice","quantity":"$totalQuantity","totalUzunligi":"$totalUzunligi","cut":"$_id.cut"}},{"$sort":{"category":1,"qalinligi":1,"qalinligi_ortasi":1,"uzunligi":-1}}] {}
[2024-01-31T19:03:00.723Z] users.findOne {"_id":"65b0b6c5bdc15d31a7e972ad"} {}
[2024-01-31T19:03:00.724Z] products.aggregate [{"$match":{"name":"Armatura","category":"qwe","qalinligi":12,"qalinligi_ortasi":null,"holati":"Yangi","sklad":"65b09b96182be560d671f45f","saled":false}},{"$group":{"_id":{"name":"$name","qalinligi":"$qalinligi","qalinligi_ortasi":"$qalinligi_ortasi","category":"$category","holati":"$holati","olchamlari":"$olchamlari","sklad":"$sklad","uzunligi":"$uzunligi","uzunligi_x":"$uzunligi_x","uzunligi_y":"$uzunligi_y","price":"$price","saledPrice":"$saledPrice","cut":"$cut"},"totalQuantity":{"$sum":"$quantity"},"totalUzunligi":{"$sum":{"$cond":{"if":{"$eq":["$name","List"]},"then":{"$multiply":[1,{"$divide":[{"$multiply":["$uzunligi_x","$uzunligi_y"]},10000]}]},"else":{"$multiply":[1,"$uzunligi"]}}}}}},{"$project":{"_id":0,"name":"$_id.name","qalinligi":"$_id.qalinligi","qalinligi_ortasi":"$_id.qalinligi_ortasi","category":"$_id.category","holati":"$_id.holati","uzunligi":"$_id.uzunligi","uzunligi_x":"$_id.uzunligi_x","uzunligi_y":"$_id.uzunligi_y","sklad":"$_id.sklad","price":"$_id.price","olchamlari":"$_id.olchamlari","saledPrice":"$_id.saledPrice","quantity":"$totalQuantity","totalUzunligi":"$totalUzunligi","cut":"$_id.cut"}},{"$sort":{"category":1,"qalinligi":1,"qalinligi_ortasi":1,"uzunligi":-1}}] {}
[2024-01-31T19:03:06.858Z] users.findOne {"_id":"65b0b6c5bdc15d31a7e972ad"} {}
[2024-01-31T19:03:06.859Z] products.aggregate [{"$match":{"name":"Armatura","category":"qwe","qalinligi":12,"qalinligi_ortasi":null,"holati":"Yangi","sklad":"65b09b96182be560d671f45f","saled":false}},{"$group":{"_id":{"name":"$name","qalinligi":"$qalinligi","qalinligi_ortasi":"$qalinligi_ortasi","category":"$category","holati":"$holati","olchamlari":"$olchamlari","sklad":"$sklad","uzunligi":"$uzunligi","uzunligi_x":"$uzunligi_x","uzunligi_y":"$uzunligi_y","price":"$price","saledPrice":"$saledPrice","cut":"$cut"},"totalQuantity":{"$sum":"$quantity"},"totalUzunligi":{"$sum":{"$cond":{"if":{"$eq":["$name","List"]},"then":{"$multiply":[1,{"$divide":[{"$multiply":["$uzunligi_x","$uzunligi_y"]},10000]}]},"else":{"$multiply":[1,"$uzunligi"]}}}}}},{"$project":{"_id":0,"name":"$_id.name","qalinligi":"$_id.qalinligi","qalinligi_ortasi":"$_id.qalinligi_ortasi","category":"$_id.category","holati":"$_id.holati","uzunligi":"$_id.uzunligi","uzunligi_x":"$_id.uzunligi_x","uzunligi_y":"$_id.uzunligi_y","sklad":"$_id.sklad","price":"$_id.price","olchamlari":"$_id.olchamlari","saledPrice":"$_id.saledPrice","quantity":"$totalQuantity","totalUzunligi":"$totalUzunligi","cut":"$_id.cut"}},{"$sort":{"category":1,"qalinligi":1,"qalinligi_ortasi":1,"uzunligi":-1}}] {}
[2024-01-31T19:10:57.086Z] users.findOne {"_id":"65b0b6c5bdc15d31a7e972ad"} {}
[2024-01-31T19:10:57.087Z] users.findOne {"_id":"65b0b6c5bdc15d31a7e972ad"} {}
[2024-01-31T19:10:57.094Z] users.findOne {"_id":"65b0b6c5bdc15d31a7e972ad"} {}
[2024-01-31T19:10:57.095Z] products.aggregate [{"$match":{"sklad":"65b09b96182be560d671f45f","saled":false}},{"$group":{"_id":{"name":"$name","qalinligi":"$qalinligi","qalinligi_ortasi":"$qalinligi_ortasi","category":"$category","holati":"$holati","olchamlari":"$olchamlari","sklad":"$sklad"},"totalQuantity":{"$sum":"$quantity"},"totalUzunligi":{"$sum":{"$cond":{"if":{"$eq":["$name","List"]},"then":{"$multiply":[1,{"$divide":[{"$multiply":["$uzunligi_x","$uzunligi_y"]},10000]}]},"else":{"$multiply":[1,"$uzunligi"]}}}},"minUzunligi":{"$min":"$uzunligi"},"maxUzunligi":{"$max":"$uzunligi"}}},{"$project":{"_id":0,"name":"$_id.name","qalinligi":"$_id.qalinligi","qalinligi_ortasi":"$_id.qalinligi_ortasi","category":"$_id.category","holati":"$_id.holati","uzunligi":"$_id.uzunligi","uzunligi_x":"$_id.uzunligi_x","uzunligi_y":"$_id.uzunligi_y","sklad":"$_id.sklad","price":"$_id.price","olchamlari":"$_id.olchamlari","saledPrice":"$_id.saledPrice","quantity":"$totalQuantity","totalUzunligi":"$totalUzunligi","minUzunligi":"$minUzunligi","maxUzunligi":"$maxUzunligi","cut":"$_id.cut"}},{"$sort":{"category":1,"qalinligi":1,"qalinligi_ortasi":1,"quantity":1}}] {}
[2024-01-31T19:11:27.244Z] users.findOne {"_id":"65b0b6c5bdc15d31a7e972ad"} {}
[2024-01-31T19:11:27.245Z] products.aggregate [{"$match":{"name":"Planka","category":"qwe","qalinligi":12,"qalinligi_ortasi":null,"holati":"Yangi","sklad":"65b09b96182be560d671f45f","saled":false}},{"$group":{"_id":{"name":"$name","qalinligi":"$qalinligi","qalinligi_ortasi":"$qalinligi_ortasi","category":"$category","holati":"$holati","olchamlari":"$olchamlari","sklad":"$sklad","uzunligi":"$uzunligi","uzunligi_x":"$uzunligi_x","uzunligi_y":"$uzunligi_y","price":"$price","saledPrice":"$saledPrice","cut":"$cut"},"totalQuantity":{"$sum":"$quantity"},"totalUzunligi":{"$sum":{"$cond":{"if":{"$eq":["$name","List"]},"then":{"$multiply":[1,{"$divide":[{"$multiply":["$uzunligi_x","$uzunligi_y"]},10000]}]},"else":{"$multiply":[1,"$uzunligi"]}}}}}},{"$project":{"_id":0,"name":"$_id.name","qalinligi":"$_id.qalinligi","qalinligi_ortasi":"$_id.qalinligi_ortasi","category":"$_id.category","holati":"$_id.holati","uzunligi":"$_id.uzunligi","uzunligi_x":"$_id.uzunligi_x","uzunligi_y":"$_id.uzunligi_y","sklad":"$_id.sklad","price":"$_id.price","olchamlari":"$_id.olchamlari","saledPrice":"$_id.saledPrice","quantity":"$totalQuantity","totalUzunligi":"$totalUzunligi","cut":"$_id.cut"}},{"$sort":{"category":1,"qalinligi":1,"qalinligi_ortasi":1,"uzunligi":-1}}] {}
[2024-01-31T19:11:31.971Z] users.findOne {"_id":"65b0b6c5bdc15d31a7e972ad"} {}
[2024-01-31T19:11:31.972Z] products.aggregate [{"$match":{"name":"Planka","category":"qwe","qalinligi":12,"qalinligi_ortasi":null,"holati":"Yangi","sklad":"65b09b96182be560d671f45f","saled":false}},{"$group":{"_id":{"name":"$name","qalinligi":"$qalinligi","qalinligi_ortasi":"$qalinligi_ortasi","category":"$category","holati":"$holati","olchamlari":"$olchamlari","sklad":"$sklad","uzunligi":"$uzunligi","uzunligi_x":"$uzunligi_x","uzunligi_y":"$uzunligi_y","price":"$price","saledPrice":"$saledPrice","cut":"$cut"},"totalQuantity":{"$sum":"$quantity"},"totalUzunligi":{"$sum":{"$cond":{"if":{"$eq":["$name","List"]},"then":{"$multiply":[1,{"$divide":[{"$multiply":["$uzunligi_x","$uzunligi_y"]},10000]}]},"else":{"$multiply":[1,"$uzunligi"]}}}}}},{"$project":{"_id":0,"name":"$_id.name","qalinligi":"$_id.qalinligi","qalinligi_ortasi":"$_id.qalinligi_ortasi","category":"$_id.category","holati":"$_id.holati","uzunligi":"$_id.uzunligi","uzunligi_x":"$_id.uzunligi_x","uzunligi_y":"$_id.uzunligi_y","sklad":"$_id.sklad","price":"$_id.price","olchamlari":"$_id.olchamlari","saledPrice":"$_id.saledPrice","quantity":"$totalQuantity","totalUzunligi":"$totalUzunligi","cut":"$_id.cut"}},{"$sort":{"category":1,"qalinligi":1,"qalinligi_ortasi":1,"uzunligi":-1}}] {}
[2024-01-31T19:11:45.213Z] users.findOne {"_id":"65b0b6c5bdc15d31a7e972ad"} {}
[2024-01-31T19:11:45.214Z] products.aggregate [{"$match":{"name":"Planka","category":"qwe","qalinligi":12,"qalinligi_ortasi":null,"holati":"Yangi","sklad":"65b09b96182be560d671f45f","saled":false}},{"$group":{"_id":{"name":"$name","qalinligi":"$qalinligi","qalinligi_ortasi":"$qalinligi_ortasi","category":"$category","holati":"$holati","olchamlari":"$olchamlari","sklad":"$sklad","uzunligi":"$uzunligi","uzunligi_x":"$uzunligi_x","uzunligi_y":"$uzunligi_y","price":"$price","saledPrice":"$saledPrice","cut":"$cut"},"totalQuantity":{"$sum":"$quantity"},"totalUzunligi":{"$sum":{"$cond":{"if":{"$eq":["$name","List"]},"then":{"$multiply":[1,{"$divide":[{"$multiply":["$uzunligi_x","$uzunligi_y"]},10000]}]},"else":{"$multiply":[1,"$uzunligi"]}}}}}},{"$project":{"_id":0,"name":"$_id.name","qalinligi":"$_id.qalinligi","qalinligi_ortasi":"$_id.qalinligi_ortasi","category":"$_id.category","holati":"$_id.holati","uzunligi":"$_id.uzunligi","uzunligi_x":"$_id.uzunligi_x","uzunligi_y":"$_id.uzunligi_y","sklad":"$_id.sklad","price":"$_id.price","olchamlari":"$_id.olchamlari","saledPrice":"$_id.saledPrice","quantity":"$totalQuantity","totalUzunligi":"$totalUzunligi","cut":"$_id.cut"}},{"$sort":{"category":1,"qalinligi":1,"qalinligi_ortasi":1,"uzunligi":-1}}] {}
[2024-01-31T19:12:31.178Z] users.findOne {"_id":"65b0b6c5bdc15d31a7e972ad"} {}
[2024-01-31T19:12:31.180Z] users.findOne {"_id":"65b0b6c5bdc15d31a7e972ad"} {}
[2024-01-31T19:12:31.185Z] users.findOne {"_id":"65b0b6c5bdc15d31a7e972ad"} {}
[2024-01-31T19:12:31.186Z] products.aggregate [{"$match":{"sklad":"659c3af556b27c28015736e2","saled":false}},{"$group":{"_id":{"name":"$name","qalinligi":"$qalinligi","qalinligi_ortasi":"$qalinligi_ortasi","category":"$category","holati":"$holati","olchamlari":"$olchamlari","sklad":"$sklad"},"totalQuantity":{"$sum":"$quantity"},"totalUzunligi":{"$sum":{"$cond":{"if":{"$eq":["$name","List"]},"then":{"$multiply":[1,{"$divide":[{"$multiply":["$uzunligi_x","$uzunligi_y"]},10000]}]},"else":{"$multiply":[1,"$uzunligi"]}}}},"minUzunligi":{"$min":"$uzunligi"},"maxUzunligi":{"$max":"$uzunligi"}}},{"$project":{"_id":0,"name":"$_id.name","qalinligi":"$_id.qalinligi","qalinligi_ortasi":"$_id.qalinligi_ortasi","category":"$_id.category","holati":"$_id.holati","uzunligi":"$_id.uzunligi","uzunligi_x":"$_id.uzunligi_x","uzunligi_y":"$_id.uzunligi_y","sklad":"$_id.sklad","price":"$_id.price","olchamlari":"$_id.olchamlari","saledPrice":"$_id.saledPrice","quantity":"$totalQuantity","totalUzunligi":"$totalUzunligi","minUzunligi":"$minUzunligi","maxUzunligi":"$maxUzunligi","cut":"$_id.cut"}},{"$sort":{"category":1,"qalinligi":1,"qalinligi_ortasi":1,"quantity":1}}] {}
[2024-01-31T19:12:34.225Z] users.findOne {"_id":"65b0b6c5bdc15d31a7e972ad"} {}
[2024-01-31T19:12:34.226Z] products.aggregate [{"$match":{"name":"Palasa","category":"qwe","qalinligi":14,"qalinligi_ortasi":null,"holati":"Eski","sklad":"659c3af556b27c28015736e2","saled":false}},{"$group":{"_id":{"name":"$name","qalinligi":"$qalinligi","qalinligi_ortasi":"$qalinligi_ortasi","category":"$category","holati":"$holati","olchamlari":"$olchamlari","sklad":"$sklad","uzunligi":"$uzunligi","uzunligi_x":"$uzunligi_x","uzunligi_y":"$uzunligi_y","price":"$price","saledPrice":"$saledPrice","cut":"$cut"},"totalQuantity":{"$sum":"$quantity"},"totalUzunligi":{"$sum":{"$cond":{"if":{"$eq":["$name","List"]},"then":{"$multiply":[1,{"$divide":[{"$multiply":["$uzunligi_x","$uzunligi_y"]},10000]}]},"else":{"$multiply":[1,"$uzunligi"]}}}}}},{"$project":{"_id":0,"name":"$_id.name","qalinligi":"$_id.qalinligi","qalinligi_ortasi":"$_id.qalinligi_ortasi","category":"$_id.category","holati":"$_id.holati","uzunligi":"$_id.uzunligi","uzunligi_x":"$_id.uzunligi_x","uzunligi_y":"$_id.uzunligi_y","sklad":"$_id.sklad","price":"$_id.price","olchamlari":"$_id.olchamlari","saledPrice":"$_id.saledPrice","quantity":"$totalQuantity","totalUzunligi":"$totalUzunligi","cut":"$_id.cut"}},{"$sort":{"category":1,"qalinligi":1,"qalinligi_ortasi":1,"uzunligi":-1}}] {}
[2024-02-01T16:47:12.863Z] alerts.find {} {"sort":{"createdAt":-1}}
[2024-02-01T16:47:17.067Z] users.findOne {"login":"admin"} {}
[2024-02-01T16:47:19.528Z] alerts.find {} {"sort":{"createdAt":-1}}
[2024-02-01T16:47:19.534Z] users.findOne {"_id":"658142dbbb7f725058617715"} {}
[2024-02-01T16:47:19.539Z] users.findOne {"_id":"658142dbbb7f725058617715"} {}
[2024-02-01T16:47:23.238Z] alerts.find {} {"sort":{"createdAt":-1}}
[2024-02-01T16:47:23.241Z] users.findOne {"_id":"658142dbbb7f725058617715"} {}
[2024-02-01T16:47:23.245Z] users.findOne {"_id":"658142dbbb7f725058617715"} {}
[2024-02-01T16:47:23.259Z] users.findOne {"_id":"658142dbbb7f725058617715"} {}
[2024-02-01T16:47:23.262Z] harajats.aggregate [{"$match":{"date":{"$gte":"2024-01-01T00:00:00.000Z","$lte":"2025-01-01T00:00:00.000Z"}}},{"$group":{"_id":null,"totalAmount":{"$sum":"$amount"}}},{"$project":{"_id":0,"totalAmount":1}}] {}
[2024-02-01T16:47:23.280Z] users.findOne {"_id":"658142dbbb7f725058617715"} {}
[2024-02-01T16:47:23.283Z] products.aggregate [{"$match":{"saled":false}},{"$group":{"_id":null,"totalPrice":{"$sum":{"$cond":{"if":{"$eq":["$name","List"]},"then":{"$multiply":["$price",{"$divide":[{"$multiply":["$uzunligi_x","$uzunligi_y"]},10000]}]},"else":{"$multiply":["$price","$uzunligi"]}}}}}},{"$project":{"_id":0,"totalAmount":"$totalPrice"}}] {}
[2024-02-01T16:47:23.302Z] users.findOne {"_id":"658142dbbb7f725058617715"} {}
[2024-02-01T16:47:23.305Z] debts.aggregate [{"$match":{"active":true}},{"$project":{"totalDebt":{"$subtract":["$allAmount","$payedAmount"]}}},{"$group":{"_id":null,"totalAmount":{"$sum":"$totalDebt"}}}] {}
[2024-02-01T16:47:23.327Z] users.findOne {"_id":"658142dbbb7f725058617715"} {}
[2024-02-01T16:47:23.330Z] products.aggregate [{"$match":{"saled":true,"saledDate":{"$gte":"2024-01-01T00:00:00.000Z","$lte":"2025-01-01T00:00:00.000Z"}}},{"$project":{"totalAmount":{"$sum":{"$multiply":[{"$cond":{"if":{"$eq":["$name","List"]},"then":{"$multiply":[{"$subtract":["$saledPrice","$price"]},{"$cond":{"if":{"$ne":["$uzunligi_x",0]},"then":{"$divide":[{"$multiply":["$uzunligi_x","$uzunligi_y"]},10000]},"else":0}}]},"else":{"$multiply":[{"$subtract":["$saledPrice","$price"]},"$uzunligi"]}}},1]}}}},{"$group":{"_id":null,"totalAmount":{"$sum":"$totalAmount"}}}] {}
[2024-02-01T16:47:23.347Z] users.findOne {"_id":"658142dbbb7f725058617715"} {}
[2024-02-01T16:47:23.350Z] products.aggregate [{"$match":{"saled":true,"saledDate":{"$gte":"2024-01-01T00:00:00.000Z","$lte":"2025-01-01T00:00:00.000Z"}}},{"$group":{"_id":{"year":{"$year":"$saledDate"},"month":{"$month":"$saledDate"},"day":{"$dayOfMonth":"$saledDate"}},"totalAmount":{"$sum":{"$multiply":[{"$cond":{"if":{"$eq":["$name","List"]},"then":{"$multiply":[{"$subtract":["$saledPrice","$price"]},{"$divide":[{"$multiply":["$uzunligi_x","$uzunligi_y"]},10000]}]},"else":{"$multiply":[{"$subtract":["$saledPrice","$price"]},"$uzunligi"]}}},1]}},"totalProducts":{"$sum":1}}},{"$sort":{"_id.year":1,"_id.month":1,"_id.day":1}}] {}
[2024-02-01T16:47:23.363Z] users.findOne {"_id":"658142dbbb7f725058617715"} {}
[2024-02-01T16:47:23.365Z] harajats.aggregate [{"$match":{"date":{"$gte":"2024-01-01T00:00:00.000Z","$lte":"2025-01-01T00:00:00.000Z"}}},{"$group":{"_id":{"year":{"$year":"$date"},"month":{"$month":"$date"},"day":{"$dayOfMonth":"$date"}},"totalAmount":{"$sum":"$amount"}}},{"$sort":{"_id.year":1,"_id.month":1,"_id.day":1}}] {}
[2024-02-01T16:47:35.985Z] users.findOne {"_id":"658142dbbb7f725058617715"} {}
[2024-02-01T16:47:35.987Z] products.aggregate [{"$match":{"name":"Dvuxtavr","saled":false,"category":{},"olchamlari":{}}},{"$group":{"_id":{"name":"$name","qalinligi":"$qalinligi","qalinligi_ortasi":"$qalinligi_ortasi","category":"$category","holati":"$holati","olchamlari":"$olchamlari","sklad":"$sklad"},"totalQuantity":{"$sum":"$quantity"},"totalUzunligi":{"$sum":{"$cond":{"if":{"$eq":["$name","List"]},"then":{"$multiply":[1,{"$divide":[{"$multiply":["$uzunligi_x","$uzunligi_y"]},10000]}]},"else":{"$multiply":[1,"$uzunligi"]}}}},"minUzunligi":{"$min":"$uzunligi"},"maxUzunligi":{"$max":"$uzunligi"}}},{"$project":{"_id":0,"name":"$_id.name","qalinligi":"$_id.qalinligi","qalinligi_ortasi":"$_id.qalinligi_ortasi","category":"$_id.category","holati":"$_id.holati","sklad":"$_id.sklad","olchamlari":"$_id.olchamlari","saledPrice":"$_id.saledPrice","quantity":"$totalQuantity","totalUzunligi":"$totalUzunligi","minUzunligi":"$minUzunligi","maxUzunligi":"$maxUzunligi"}},{"$sort":{"category":1,"qalinligi":1,"qalinligi_ortasi":1,"quantity":1}}] {}
[2024-02-01T16:47:35.993Z] sklads.find {"_id":{"$in":["65b09b96182be560d671f45f"]}} {}
[2024-02-01T16:47:41.363Z] users.findOne {"_id":"658142dbbb7f725058617715"} {}
[2024-02-01T16:47:41.366Z] users.findOne {"_id":"658142dbbb7f725058617715"} {}
[2024-02-01T16:47:41.378Z] users.findOne {"_id":"658142dbbb7f725058617715"} {}
[2024-02-01T16:47:41.380Z] products.aggregate [{"$match":{"saled":false}},{"$group":{"_id":{"name":"$name","qalinligi":"$qalinligi","qalinligi_ortasi":"$qalinligi_ortasi","category":"$category","holati":"$holati","uzunligi":"$uzunligi","uzunligi_x":"$uzunligi_x","olchamlari":"$olchamlari","uzunligi_y":"$uzunligi_y","sklad":"$sklad","price":"$price","saledPrice":"$saledPrice","cut":"$cut"},"totalQuantity":{"$sum":"$quantity"}}},{"$project":{"name":"$_id.name","qalinligi":"$_id.qalinligi","qalinligi_ortasi":"$_id.qalinligi_ortasi","category":"$_id.category","holati":"$_id.holati","uzunligi":"$_id.uzunligi","uzunligi_x":"$_id.uzunligi_x","uzunligi_y":"$_id.uzunligi_y","sklad":"$_id.sklad","price":"$_id.price","olchamlari":"$_id.olchamlari","saledPrice":"$_id.saledPrice","quantity":"$totalQuantity","cut":"$_id.cut"}},{"$sort":{"name":1,"category":1,"qalinligi":1,"qalinligi_ortasi":1,"quantity":1,"uzunligi":1,"uzunligi_x":1,"uzunligi_y":1,"saledPrice":1}}] {}
[2024-02-01T16:47:41.391Z] users.findOne {"_id":"658142dbbb7f725058617715"} {}
[2024-02-01T16:47:41.392Z] sklads.find {} {}
[2024-02-01T16:47:48.809Z] users.findOne {"_id":"658142dbbb7f725058617715"} {}
[2024-02-01T16:47:48.811Z] users.findOne {"_id":"658142dbbb7f725058617715"} {}
[2024-02-01T16:47:48.821Z] users.findOne {"_id":"658142dbbb7f725058617715"} {}
[2024-02-01T16:47:48.822Z] sellers.find {"active":true} {}
[2024-02-01T16:47:51.257Z] users.findOne {"_id":"658142dbbb7f725058617715"} {}
[2024-02-01T16:47:51.259Z] users.findOne {"_id":"658142dbbb7f725058617715"} {}
[2024-02-01T16:47:51.260Z] saleds.find {"sellerId":"659a5f60e5a2fca71c85f227","date":{"$gte":"2024-01-25T16:47:51.213Z","$lte":"2024-02-01T16:47:51.213Z"}} {"sort":{"date":-1},"limit":50}
[2024-02-01T16:47:51.262Z] sellers.findOne {"_id":"659a5f60e5a2fca71c85f227"} {}
[2024-02-01T16:47:51.266Z] clients.find {"_id":{"$in":["65b0be7abdc15d31a7e974fe"]}} {}
[2024-02-01T16:47:51.266Z] sellers.find {"_id":{"$in":["659a5f60e5a2fca71c85f227"]}} {}
[2024-02-01T16:47:51.268Z] users.findOne {"_id":"658142dbbb7f725058617715"} {}
[2024-02-01T16:47:51.271Z] debts.find {"sellerId":"659a5f60e5a2fca71c85f227","date":{"$gte":"2024-01-25T16:47:51.213Z","$lte":"2024-02-01T16:47:51.213Z"}} {"sort":{"_id":-1},"limit":50}
[2024-02-01T16:47:51.272Z] saleds.find {"sellerId":"659a5f60e5a2fca71c85f227","date":{"$gte":"2024-01-25T16:47:51.213Z","$lte":"2024-02-01T16:47:51.213Z"}} {"sort":{"date":-1},"limit":50}
[2024-02-01T16:47:51.275Z] clients.find {"_id":{"$in":["65b0be7abdc15d31a7e974fe"]}} {}
[2024-02-01T16:47:51.275Z] sellers.find {"_id":{"$in":["659a5f60e5a2fca71c85f227"]}} {}
[2024-02-01T16:47:51.277Z] debts.find {"sellerId":"659a5f60e5a2fca71c85f227","date":{"$gte":"2024-01-25T16:47:51.213Z","$lte":"2024-02-01T16:47:51.213Z"}} {"sort":{"_id":-1},"limit":50}
[2024-02-01T16:47:53.637Z] users.findOne {"_id":"658142dbbb7f725058617715"} {}
[2024-02-01T16:47:53.638Z] users.findOne {"_id":"658142dbbb7f725058617715"} {}
[2024-02-01T16:47:53.645Z] users.findOne {"_id":"658142dbbb7f725058617715"} {}
[2024-02-01T16:47:53.646Z] sellers.find {"active":true} {}
[2024-02-01T16:47:55.945Z] users.findOne {"_id":"658142dbbb7f725058617715"} {}
[2024-02-01T16:47:55.946Z] users.findOne {"_id":"658142dbbb7f725058617715"} {}
[2024-02-01T16:47:55.959Z] users.findOne {"_id":"658142dbbb7f725058617715"} {}
[2024-02-01T16:47:55.960Z] clients.find {} {}
[2024-02-01T16:47:57.484Z] users.findOne {"_id":"658142dbbb7f725058617715"} {}
[2024-02-01T16:47:57.485Z] users.findOne {"_id":"658142dbbb7f725058617715"} {}
[2024-02-01T16:47:57.500Z] users.findOne {"_id":"658142dbbb7f725058617715"} {}
[2024-02-01T16:47:57.502Z] harajats.find {} {"sort":{"_id":-1},"limit":100}
[2024-02-01T16:47:57.504Z] sklads.find {"_id":{"$in":["65b09b96182be560d671f45f","659c3af556b27c28015736e2"]}} {}
[2024-02-01T16:47:57.514Z] users.findOne {"_id":"658142dbbb7f725058617715"} {}
[2024-02-01T16:47:57.515Z] sklads.find {"active":true} {}
[2024-02-01T16:48:03.975Z] users.findOne {"_id":"658142dbbb7f725058617715"} {}
[2024-02-01T16:48:03.976Z] users.findOne {"_id":"658142dbbb7f725058617715"} {}
[2024-02-01T16:48:03.985Z] users.findOne {"_id":"658142dbbb7f725058617715"} {}
[2024-02-01T16:48:03.986Z] sklads.find {"active":true} {}
[2024-02-01T16:48:03.994Z] users.findOne {"_id":"658142dbbb7f725058617715"} {}
[2024-02-01T16:48:03.997Z] harajats.aggregate [{"$match":{"date":{"$gte":"2024-01-25T16:48:03.988Z","$lte":"2024-02-01T16:48:03.988Z"}}},{"$group":{"_id":{"year":{"$year":"$date"},"month":{"$month":"$date"},"day":{"$dayOfMonth":"$date"}},"totalAmount":{"$sum":"$amount"},"totalRecords":{"$sum":1}}},{"$sort":{"_id.year":1,"_id.month":1,"_id.day":1}}] {}
[2024-02-01T16:48:03.999Z] products.aggregate [{"$match":{"date":{"$gte":"2024-01-25T16:48:03.988Z","$lte":"2024-02-01T16:48:03.988Z"}}},{"$group":{"_id":{"year":{"$year":"$date"},"month":{"$month":"$date"},"day":{"$dayOfMonth":"$date"}},"totalAmount":{"$sum":{"$multiply":[{"$cond":{"if":{"$eq":["$name","List"]},"then":{"$multiply":["$price",{"$divide":[{"$multiply":["$uzunligi_x","$uzunligi_y"]},10000]}]},"else":{"$multiply":["$price","$uzunligi"]}}}]}},"totalProducts":{"$sum":1}}},{"$sort":{"_id.year":1,"_id.month":1,"_id.day":1}}] {}
[2024-02-01T16:48:04.001Z] products.aggregate [{"$match":{"date":{"$gte":"2024-01-25T16:48:03.988Z","$lte":"2024-02-01T16:48:03.988Z"},"saled":true}},{"$group":{"_id":{"year":{"$year":"$saledDate"},"month":{"$month":"$saledDate"},"day":{"$dayOfMonth":"$saledDate"}},"totalAmount":{"$sum":{"$multiply":[{"$cond":{"if":{"$eq":["$name","List"]},"then":{"$multiply":[{"$subtract":["$saledPrice","$price"]},{"$divide":[{"$multiply":["$uzunligi_x","$uzunligi_y"]},10000]}]},"else":{"$multiply":[{"$subtract":["$saledPrice","$price"]},"$uzunligi"]}}},1]}},"totalProducts":{"$sum":1}}},{"$sort":{"_id.year":1,"_id.month":1,"_id.day":1}}] {}
[2024-02-01T16:48:04.002Z] products.aggregate [{"$match":{"date":{"$gte":"2024-01-25T16:48:03.988Z","$lte":"2024-02-01T16:48:03.988Z"},"saled":true}},{"$group":{"_id":{"year":{"$year":"$saledDate"},"month":{"$month":"$saledDate"},"day":{"$dayOfMonth":"$saledDate"}},"totalAmount":{"$sum":{"$multiply":[{"$cond":{"if":{"$eq":["$name","List"]},"then":{"$multiply":["$saledPrice",{"$divide":[{"$multiply":["$uzunligi_x","$uzunligi_y"]},10000]}]},"else":{"$multiply":["$saledPrice","$uzunligi"]}}}]}},"totalProducts":{"$sum":1}}},{"$sort":{"_id.year":1,"_id.month":1,"_id.day":1}}] {}
[2024-02-01T16:48:56.643Z] alerts.find {} {"sort":{"createdAt":-1}}
[2024-02-01T16:48:56.645Z] users.findOne {"_id":"658142dbbb7f725058617715"} {}
[2024-02-01T16:48:56.647Z] users.findOne {"_id":"658142dbbb7f725058617715"} {}
[2024-02-01T16:48:56.655Z] users.findOne {"_id":"658142dbbb7f725058617715"} {}
[2024-02-01T16:48:56.657Z] sklads.find {"active":true} {}
[2024-02-01T16:48:56.665Z] users.findOne {"_id":"658142dbbb7f725058617715"} {}
[2024-02-01T16:48:56.667Z] harajats.aggregate [{"$match":{"date":{"$gte":"2024-01-25T16:48:56.660Z","$lte":"2024-02-01T16:48:56.660Z"}}},{"$group":{"_id":{"year":{"$year":"$date"},"month":{"$month":"$date"},"day":{"$dayOfMonth":"$date"}},"totalAmount":{"$sum":"$amount"},"totalRecords":{"$sum":1}}},{"$sort":{"_id.year":1,"_id.month":1,"_id.day":1}}] {}
[2024-02-01T16:48:56.668Z] products.aggregate [{"$match":{"date":{"$gte":"2024-01-25T16:48:56.660Z","$lte":"2024-02-01T16:48:56.660Z"}}},{"$group":{"_id":{"year":{"$year":"$date"},"month":{"$month":"$date"},"day":{"$dayOfMonth":"$date"}},"totalAmount":{"$sum":{"$multiply":[{"$cond":{"if":{"$eq":["$name","List"]},"then":{"$multiply":["$price",{"$divide":[{"$multiply":["$uzunligi_x","$uzunligi_y"]},10000]}]},"else":{"$multiply":["$price","$uzunligi"]}}}]}},"totalProducts":{"$sum":1}}},{"$sort":{"_id.year":1,"_id.month":1,"_id.day":1}}] {}
[2024-02-01T16:48:56.671Z] products.aggregate [{"$match":{"date":{"$gte":"2024-01-25T16:48:56.660Z","$lte":"2024-02-01T16:48:56.660Z"},"saled":true}},{"$group":{"_id":{"year":{"$year":"$saledDate"},"month":{"$month":"$saledDate"},"day":{"$dayOfMonth":"$saledDate"}},"totalAmount":{"$sum":{"$multiply":[{"$cond":{"if":{"$eq":["$name","List"]},"then":{"$multiply":[{"$subtract":["$saledPrice","$price"]},{"$divide":[{"$multiply":["$uzunligi_x","$uzunligi_y"]},10000]}]},"else":{"$multiply":[{"$subtract":["$saledPrice","$price"]},"$uzunligi"]}}},1]}},"totalProducts":{"$sum":1}}},{"$sort":{"_id.year":1,"_id.month":1,"_id.day":1}}] {}
[2024-02-01T16:48:56.673Z] products.aggregate [{"$match":{"date":{"$gte":"2024-01-25T16:48:56.660Z","$lte":"2024-02-01T16:48:56.660Z"},"saled":true}},{"$group":{"_id":{"year":{"$year":"$saledDate"},"month":{"$month":"$saledDate"},"day":{"$dayOfMonth":"$saledDate"}},"totalAmount":{"$sum":{"$multiply":[{"$cond":{"if":{"$eq":["$name","List"]},"then":{"$multiply":["$saledPrice",{"$divide":[{"$multiply":["$uzunligi_x","$uzunligi_y"]},10000]}]},"else":{"$multiply":["$saledPrice","$uzunligi"]}}}]}},"totalProducts":{"$sum":1}}},{"$sort":{"_id.year":1,"_id.month":1,"_id.day":1}}] {}
[2024-02-01T16:49:57.183Z] users.findOne {"_id":"658142dbbb7f725058617715"} {}
[2024-02-01T16:49:57.184Z] users.findOne {"_id":"658142dbbb7f725058617715"} {}
[2024-02-01T16:49:57.193Z] users.findOne {"_id":"658142dbbb7f725058617715"} {}
[2024-02-01T16:49:57.194Z] harajats.aggregate [{"$match":{"date":{"$gte":"2024-01-01T00:00:00.000Z","$lte":"2025-01-01T00:00:00.000Z"}}},{"$group":{"_id":null,"totalAmount":{"$sum":"$amount"}}},{"$project":{"_id":0,"totalAmount":1}}] {}
[2024-02-01T16:49:57.204Z] users.findOne {"_id":"658142dbbb7f725058617715"} {}
[2024-02-01T16:49:57.205Z] products.aggregate [{"$match":{"saled":false}},{"$group":{"_id":null,"totalPrice":{"$sum":{"$cond":{"if":{"$eq":["$name","List"]},"then":{"$multiply":["$price",{"$divide":[{"$multiply":["$uzunligi_x","$uzunligi_y"]},10000]}]},"else":{"$multiply":["$price","$uzunligi"]}}}}}},{"$project":{"_id":0,"totalAmount":"$totalPrice"}}] {}
[2024-02-01T16:49:57.214Z] users.findOne {"_id":"658142dbbb7f725058617715"} {}
[2024-02-01T16:49:57.215Z] debts.aggregate [{"$match":{"active":true}},{"$project":{"totalDebt":{"$subtract":["$allAmount","$payedAmount"]}}},{"$group":{"_id":null,"totalAmount":{"$sum":"$totalDebt"}}}] {}
[2024-02-01T16:49:57.223Z] users.findOne {"_id":"658142dbbb7f725058617715"} {}
[2024-02-01T16:49:57.224Z] products.aggregate [{"$match":{"saled":true,"saledDate":{"$gte":"2024-01-01T00:00:00.000Z","$lte":"2025-01-01T00:00:00.000Z"}}},{"$project":{"totalAmount":{"$sum":{"$multiply":[{"$cond":{"if":{"$eq":["$name","List"]},"then":{"$multiply":[{"$subtract":["$saledPrice","$price"]},{"$cond":{"if":{"$ne":["$uzunligi_x",0]},"then":{"$divide":[{"$multiply":["$uzunligi_x","$uzunligi_y"]},10000]},"else":0}}]},"else":{"$multiply":[{"$subtract":["$saledPrice","$price"]},"$uzunligi"]}}},1]}}}},{"$group":{"_id":null,"totalAmount":{"$sum":"$totalAmount"}}}] {}
[2024-02-01T16:49:57.233Z] users.findOne {"_id":"658142dbbb7f725058617715"} {}
[2024-02-01T16:49:57.235Z] products.aggregate [{"$match":{"saled":true,"saledDate":{"$gte":"2024-01-01T00:00:00.000Z","$lte":"2025-01-01T00:00:00.000Z"}}},{"$group":{"_id":{"year":{"$year":"$saledDate"},"month":{"$month":"$saledDate"},"day":{"$dayOfMonth":"$saledDate"}},"totalAmount":{"$sum":{"$multiply":[{"$cond":{"if":{"$eq":["$name","List"]},"then":{"$multiply":[{"$subtract":["$saledPrice","$price"]},{"$divide":[{"$multiply":["$uzunligi_x","$uzunligi_y"]},10000]}]},"else":{"$multiply":[{"$subtract":["$saledPrice","$price"]},"$uzunligi"]}}},1]}},"totalProducts":{"$sum":1}}},{"$sort":{"_id.year":1,"_id.month":1,"_id.day":1}}] {}
[2024-02-01T16:49:57.243Z] users.findOne {"_id":"658142dbbb7f725058617715"} {}
[2024-02-01T16:49:57.244Z] harajats.aggregate [{"$match":{"date":{"$gte":"2024-01-01T00:00:00.000Z","$lte":"2025-01-01T00:00:00.000Z"}}},{"$group":{"_id":{"year":{"$year":"$date"},"month":{"$month":"$date"},"day":{"$dayOfMonth":"$date"}},"totalAmount":{"$sum":"$amount"}}},{"$sort":{"_id.year":1,"_id.month":1,"_id.day":1}}] {}
[2024-02-01T16:50:04.088Z] users.findOne {"_id":"658142dbbb7f725058617715"} {}
[2024-02-01T16:50:04.089Z] users.findOne {"_id":"658142dbbb7f725058617715"} {}
[2024-02-01T16:50:04.096Z] users.findOne {"_id":"658142dbbb7f725058617715"} {}
[2024-02-01T16:50:04.097Z] sklads.find {"active":true} {}
[2024-02-01T16:50:04.098Z] products.aggregate [{"$match":{"saled":false,"sklad":"659c3af556b27c28015736e2"}},{"$group":{"_id":null,"totalPrice":{"$sum":{"$cond":{"if":{"$eq":["$name","List"]},"then":{"$multiply":["$price",{"$divide":[{"$multiply":["$uzunligi_x","$uzunligi_y"]},10000]}]},"else":{"$multiply":["$price","$uzunligi"]}}}}}},{"$project":{"_id":0,"totalAmount":"$totalPrice"}}] {}
[2024-02-01T16:50:04.099Z] products.aggregate [{"$match":{"saled":false,"sklad":"65b09b96182be560d671f45f"}},{"$group":{"_id":null,"totalPrice":{"$sum":{"$cond":{"if":{"$eq":["$name","List"]},"then":{"$multiply":["$price",{"$divide":[{"$multiply":["$uzunligi_x","$uzunligi_y"]},10000]}]},"else":{"$multiply":["$price","$uzunligi"]}}}}}},{"$project":{"_id":0,"totalAmount":"$totalPrice"}}] {}
[2024-02-01T16:50:04.099Z] products.aggregate [{"$match":{"saled":false,"sklad":"65b212882c5673dd8a0ba63c"}},{"$group":{"_id":null,"totalPrice":{"$sum":{"$cond":{"if":{"$eq":["$name","List"]},"then":{"$multiply":["$price",{"$divide":[{"$multiply":["$uzunligi_x","$uzunligi_y"]},10000]}]},"else":{"$multiply":["$price","$uzunligi"]}}}}}},{"$project":{"_id":0,"totalAmount":"$totalPrice"}}] {}
[2024-02-01T16:51:39.217Z] users.findOne {"_id":"658142dbbb7f725058617715"} {}
[2024-02-01T16:51:39.219Z] users.findOne {"_id":"658142dbbb7f725058617715"} {}
[2024-02-01T16:51:39.230Z] users.findOne {"_id":"658142dbbb7f725058617715"} {}
[2024-02-01T16:51:39.232Z] harajats.find {} {"sort":{"_id":-1},"limit":100}
[2024-02-01T16:51:39.234Z] sklads.find {"_id":{"$in":["65b09b96182be560d671f45f","659c3af556b27c28015736e2"]}} {}
[2024-02-01T16:51:39.245Z] users.findOne {"_id":"658142dbbb7f725058617715"} {}
[2024-02-01T16:51:39.247Z] sklads.find {"active":true} {}
[2024-02-01T16:52:52.724Z] users.findOne {"_id":"658142dbbb7f725058617715"} {}
[2024-02-01T16:52:52.726Z] users.findOne {"_id":"658142dbbb7f725058617715"} {}
[2024-02-01T16:52:52.733Z] users.findOne {"_id":"658142dbbb7f725058617715"} {}
[2024-02-01T16:52:52.734Z] harajats.aggregate [{"$match":{"date":{"$gte":"2024-01-01T00:00:00.000Z","$lte":"2025-01-01T00:00:00.000Z"}}},{"$group":{"_id":null,"totalAmount":{"$sum":"$amount"}}},{"$project":{"_id":0,"totalAmount":1}}] {}
[2024-02-01T16:52:52.743Z] users.findOne {"_id":"658142dbbb7f725058617715"} {}
[2024-02-01T16:52:52.745Z] products.aggregate [{"$match":{"saled":false}},{"$group":{"_id":null,"totalPrice":{"$sum":{"$cond":{"if":{"$eq":["$name","List"]},"then":{"$multiply":["$price",{"$divide":[{"$multiply":["$uzunligi_x","$uzunligi_y"]},10000]}]},"else":{"$multiply":["$price","$uzunligi"]}}}}}},{"$project":{"_id":0,"totalAmount":"$totalPrice"}}] {}
[2024-02-01T16:52:52.756Z] users.findOne {"_id":"658142dbbb7f725058617715"} {}
[2024-02-01T16:52:52.757Z] debts.aggregate [{"$match":{"active":true}},{"$project":{"totalDebt":{"$subtract":["$allAmount","$payedAmount"]}}},{"$group":{"_id":null,"totalAmount":{"$sum":"$totalDebt"}}}] {}
[2024-02-01T16:52:52.766Z] users.findOne {"_id":"658142dbbb7f725058617715"} {}
[2024-02-01T16:52:52.767Z] products.aggregate [{"$match":{"saled":true,"saledDate":{"$gte":"2024-01-01T00:00:00.000Z","$lte":"2025-01-01T00:00:00.000Z"}}},{"$project":{"totalAmount":{"$sum":{"$multiply":[{"$cond":{"if":{"$eq":["$name","List"]},"then":{"$multiply":[{"$subtract":["$saledPrice","$price"]},{"$cond":{"if":{"$ne":["$uzunligi_x",0]},"then":{"$divide":[{"$multiply":["$uzunligi_x","$uzunligi_y"]},10000]},"else":0}}]},"else":{"$multiply":[{"$subtract":["$saledPrice","$price"]},"$uzunligi"]}}},1]}}}},{"$group":{"_id":null,"totalAmount":{"$sum":"$totalAmount"}}}] {}
[2024-02-01T16:52:52.778Z] users.findOne {"_id":"658142dbbb7f725058617715"} {}
[2024-02-01T16:52:52.779Z] products.aggregate [{"$match":{"saled":true,"saledDate":{"$gte":"2024-01-01T00:00:00.000Z","$lte":"2025-01-01T00:00:00.000Z"}}},{"$group":{"_id":{"year":{"$year":"$saledDate"},"month":{"$month":"$saledDate"},"day":{"$dayOfMonth":"$saledDate"}},"totalAmount":{"$sum":{"$multiply":[{"$cond":{"if":{"$eq":["$name","List"]},"then":{"$multiply":[{"$subtract":["$saledPrice","$price"]},{"$divide":[{"$multiply":["$uzunligi_x","$uzunligi_y"]},10000]}]},"else":{"$multiply":[{"$subtract":["$saledPrice","$price"]},"$uzunligi"]}}},1]}},"totalProducts":{"$sum":1}}},{"$sort":{"_id.year":1,"_id.month":1,"_id.day":1}}] {}
[2024-02-01T16:52:52.789Z] users.findOne {"_id":"658142dbbb7f725058617715"} {}
[2024-02-01T16:52:52.790Z] harajats.aggregate [{"$match":{"date":{"$gte":"2024-01-01T00:00:00.000Z","$lte":"2025-01-01T00:00:00.000Z"}}},{"$group":{"_id":{"year":{"$year":"$date"},"month":{"$month":"$date"},"day":{"$dayOfMonth":"$date"}},"totalAmount":{"$sum":"$amount"}}},{"$sort":{"_id.year":1,"_id.month":1,"_id.day":1}}] {}
[2024-02-01T16:52:56.407Z] users.findOne {"_id":"658142dbbb7f725058617715"} {}
[2024-02-01T16:52:56.408Z] products.aggregate [{"$match":{"name":"Dvuxtavr","saled":false,"category":{},"olchamlari":{}}},{"$group":{"_id":{"name":"$name","qalinligi":"$qalinligi","qalinligi_ortasi":"$qalinligi_ortasi","category":"$category","holati":"$holati","olchamlari":"$olchamlari","sklad":"$sklad"},"totalQuantity":{"$sum":"$quantity"},"totalUzunligi":{"$sum":{"$cond":{"if":{"$eq":["$name","List"]},"then":{"$multiply":[1,{"$divide":[{"$multiply":["$uzunligi_x","$uzunligi_y"]},10000]}]},"else":{"$multiply":[1,"$uzunligi"]}}}},"minUzunligi":{"$min":"$uzunligi"},"maxUzunligi":{"$max":"$uzunligi"}}},{"$project":{"_id":0,"name":"$_id.name","qalinligi":"$_id.qalinligi","qalinligi_ortasi":"$_id.qalinligi_ortasi","category":"$_id.category","holati":"$_id.holati","sklad":"$_id.sklad","olchamlari":"$_id.olchamlari","saledPrice":"$_id.saledPrice","quantity":"$totalQuantity","totalUzunligi":"$totalUzunligi","minUzunligi":"$minUzunligi","maxUzunligi":"$maxUzunligi"}},{"$sort":{"category":1,"qalinligi":1,"qalinligi_ortasi":1,"quantity":1}}] {}
[2024-02-01T16:52:56.410Z] sklads.find {"_id":{"$in":["65b09b96182be560d671f45f"]}} {}
[2024-02-01T16:53:35.428Z] users.findOne {"_id":"658142dbbb7f725058617715"} {}
[2024-02-01T16:53:35.430Z] products.aggregate [{"$match":{"name":"Dvuxtavr","category":"qwe","qalinligi":20,"qalinligi_ortasi":15,"holati":"Eski","sklad":"65b09b96182be560d671f45f","saled":false}},{"$group":{"_id":{"name":"$name","qalinligi":"$qalinligi","qalinligi_ortasi":"$qalinligi_ortasi","category":"$category","holati":"$holati","olchamlari":"$olchamlari","sklad":"$sklad","uzunligi":"$uzunligi","uzunligi_x":"$uzunligi_x","uzunligi_y":"$uzunligi_y","price":"$price","saledPrice":"$saledPrice","cut":"$cut"},"totalQuantity":{"$sum":"$quantity"},"totalUzunligi":{"$sum":{"$cond":{"if":{"$eq":["$name","List"]},"then":{"$multiply":[1,{"$divide":[{"$multiply":["$uzunligi_x","$uzunligi_y"]},10000]}]},"else":{"$multiply":[1,"$uzunligi"]}}}}}},{"$project":{"_id":0,"name":"$_id.name","qalinligi":"$_id.qalinligi","qalinligi_ortasi":"$_id.qalinligi_ortasi","category":"$_id.category","holati":"$_id.holati","uzunligi":"$_id.uzunligi","uzunligi_x":"$_id.uzunligi_x","uzunligi_y":"$_id.uzunligi_y","sklad":"$_id.sklad","price":"$_id.price","olchamlari":"$_id.olchamlari","saledPrice":"$_id.saledPrice","quantity":"$totalQuantity","totalUzunligi":"$totalUzunligi","cut":"$_id.cut"}},{"$sort":{"category":1,"qalinligi":1,"qalinligi_ortasi":1,"uzunligi":-1}}] {}
[2024-02-01T16:54:02.419Z] users.findOne {"_id":"658142dbbb7f725058617715"} {}
[2024-02-01T16:54:02.420Z] users.findOne {"_id":"658142dbbb7f725058617715"} {}
[2024-02-01T16:54:02.429Z] users.findOne {"_id":"658142dbbb7f725058617715"} {}
[2024-02-01T16:54:02.431Z] sklads.find {"active":true} {}
[2024-02-01T16:54:02.440Z] users.findOne {"_id":"658142dbbb7f725058617715"} {}
[2024-02-01T16:54:02.442Z] harajats.aggregate [{"$match":{"date":{"$gte":"2024-01-25T16:54:02.434Z","$lte":"2024-02-01T16:54:02.434Z"}}},{"$group":{"_id":{"year":{"$year":"$date"},"month":{"$month":"$date"},"day":{"$dayOfMonth":"$date"}},"totalAmount":{"$sum":"$amount"},"totalRecords":{"$sum":1}}},{"$sort":{"_id.year":1,"_id.month":1,"_id.day":1}}] {}
[2024-02-01T16:54:02.444Z] products.aggregate [{"$match":{"date":{"$gte":"2024-01-25T16:54:02.434Z","$lte":"2024-02-01T16:54:02.434Z"}}},{"$group":{"_id":{"year":{"$year":"$date"},"month":{"$month":"$date"},"day":{"$dayOfMonth":"$date"}},"totalAmount":{"$sum":{"$multiply":[{"$cond":{"if":{"$eq":["$name","List"]},"then":{"$multiply":["$price",{"$divide":[{"$multiply":["$uzunligi_x","$uzunligi_y"]},10000]}]},"else":{"$multiply":["$price","$uzunligi"]}}}]}},"totalProducts":{"$sum":1}}},{"$sort":{"_id.year":1,"_id.month":1,"_id.day":1}}] {}
[2024-02-01T16:54:02.446Z] products.aggregate [{"$match":{"date":{"$gte":"2024-01-25T16:54:02.434Z","$lte":"2024-02-01T16:54:02.434Z"},"saled":true}},{"$group":{"_id":{"year":{"$year":"$saledDate"},"month":{"$month":"$saledDate"},"day":{"$dayOfMonth":"$saledDate"}},"totalAmount":{"$sum":{"$multiply":[{"$cond":{"if":{"$eq":["$name","List"]},"then":{"$multiply":[{"$subtract":["$saledPrice","$price"]},{"$divide":[{"$multiply":["$uzunligi_x","$uzunligi_y"]},10000]}]},"else":{"$multiply":[{"$subtract":["$saledPrice","$price"]},"$uzunligi"]}}},1]}},"totalProducts":{"$sum":1}}},{"$sort":{"_id.year":1,"_id.month":1,"_id.day":1}}] {}
[2024-02-01T16:54:02.448Z] products.aggregate [{"$match":{"date":{"$gte":"2024-01-25T16:54:02.434Z","$lte":"2024-02-01T16:54:02.434Z"},"saled":true}},{"$group":{"_id":{"year":{"$year":"$saledDate"},"month":{"$month":"$saledDate"},"day":{"$dayOfMonth":"$saledDate"}},"totalAmount":{"$sum":{"$multiply":[{"$cond":{"if":{"$eq":["$name","List"]},"then":{"$multiply":["$saledPrice",{"$divide":[{"$multiply":["$uzunligi_x","$uzunligi_y"]},10000]}]},"else":{"$multiply":["$saledPrice","$uzunligi"]}}}]}},"totalProducts":{"$sum":1}}},{"$sort":{"_id.year":1,"_id.month":1,"_id.day":1}}] {}
[2024-02-01T16:55:46.726Z] users.findOne {"_id":"658142dbbb7f725058617715"} {}
[2024-02-01T16:55:46.728Z] users.findOne {"_id":"658142dbbb7f725058617715"} {}
[2024-02-01T16:55:46.737Z] users.findOne {"_id":"658142dbbb7f725058617715"} {}
[2024-02-01T16:55:46.738Z] harajats.find {} {"sort":{"_id":-1},"limit":100}
[2024-02-01T16:55:46.740Z] sklads.find {"_id":{"$in":["65b09b96182be560d671f45f","659c3af556b27c28015736e2"]}} {}
[2024-02-01T16:55:46.749Z] users.findOne {"_id":"658142dbbb7f725058617715"} {}
[2024-02-01T16:55:46.751Z] sklads.find {"active":true} {}
[2024-02-01T16:56:16.309Z] users.findOne {"_id":"658142dbbb7f725058617715"} {}
[2024-02-01T16:56:16.310Z] sklads.find {"active":true} {}
[2024-02-01T16:56:16.312Z] harajats.find {"date":{"$gte":"2024-01-01T00:00:00.000Z","$lte":"2024-12-31T23:59:59.999Z"},"sklad":"659c3af556b27c28015736e2"} {}
[2024-02-01T16:56:16.312Z] harajats.find {"date":{"$gte":"2024-01-01T00:00:00.000Z","$lte":"2024-12-31T23:59:59.999Z"},"sklad":"65b09b96182be560d671f45f"} {}
[2024-02-01T16:56:16.313Z] harajats.find {"date":{"$gte":"2024-01-01T00:00:00.000Z","$lte":"2024-12-31T23:59:59.999Z"},"sklad":"65b212882c5673dd8a0ba63c"} {}
[2024-02-01T16:56:16.314Z] sklads.find {"_id":{"$in":["659c3af556b27c28015736e2"]}} {}
[2024-02-01T16:56:16.315Z] sklads.find {"_id":{"$in":["65b09b96182be560d671f45f"]}} {}
[2024-02-01T16:56:16.328Z] harajats.find {"date":{"$gte":"2024-02-01T00:00:00.000Z","$lte":"2024-02-29T23:59:59.999Z"},"sklad":"65b212882c5673dd8a0ba63c"} {}
[2024-02-01T16:56:16.330Z] harajats.find {"date":{"$gte":"2024-02-01T00:00:00.000Z","$lte":"2024-02-29T23:59:59.999Z"},"sklad":"659c3af556b27c28015736e2"} {}
[2024-02-01T16:56:16.331Z] harajats.find {"date":{"$gte":"2024-02-01T00:00:00.000Z","$lte":"2024-02-29T23:59:59.999Z"},"sklad":"65b09b96182be560d671f45f"} {}
[2024-02-01T16:56:16.331Z] harajats.find {"date":{"$gte":"2024-01-25T16:56:16.331Z","$lte":"2024-02-01T16:56:16.331Z"},"sklad":"65b212882c5673dd8a0ba63c"} {}
[2024-02-01T16:56:16.332Z] harajats.find {"date":{"$gte":"2024-01-25T16:56:16.332Z","$lte":"2024-02-01T16:56:16.332Z"},"sklad":"659c3af556b27c28015736e2"} {}
[2024-02-01T16:56:16.333Z] harajats.find {"date":{"$gte":"2024-01-25T16:56:16.333Z","$lte":"2024-02-01T16:56:16.333Z"},"sklad":"65b09b96182be560d671f45f"} {}
[2024-02-01T16:56:47.012Z] users.findOne {"_id":"658142dbbb7f725058617715"} {}
[2024-02-01T16:56:47.014Z] users.findOne {"_id":"658142dbbb7f725058617715"} {}
[2024-02-01T16:56:47.022Z] users.findOne {"_id":"658142dbbb7f725058617715"} {}
[2024-02-01T16:56:47.023Z] sklads.find {"active":true} {}
[2024-02-01T16:56:47.033Z] users.findOne {"_id":"658142dbbb7f725058617715"} {}
[2024-02-01T16:56:47.035Z] harajats.aggregate [{"$match":{"date":{"$gte":"2024-01-25T16:56:47.026Z","$lte":"2024-02-01T16:56:47.026Z"}}},{"$group":{"_id":{"year":{"$year":"$date"},"month":{"$month":"$date"},"day":{"$dayOfMonth":"$date"}},"totalAmount":{"$sum":"$amount"},"totalRecords":{"$sum":1}}},{"$sort":{"_id.year":1,"_id.month":1,"_id.day":1}}] {}
[2024-02-01T16:56:47.037Z] products.aggregate [{"$match":{"date":{"$gte":"2024-01-25T16:56:47.026Z","$lte":"2024-02-01T16:56:47.026Z"}}},{"$group":{"_id":{"year":{"$year":"$date"},"month":{"$month":"$date"},"day":{"$dayOfMonth":"$date"}},"totalAmount":{"$sum":{"$multiply":[{"$cond":{"if":{"$eq":["$name","List"]},"then":{"$multiply":["$price",{"$divide":[{"$multiply":["$uzunligi_x","$uzunligi_y"]},10000]}]},"else":{"$multiply":["$price","$uzunligi"]}}}]}},"totalProducts":{"$sum":1}}},{"$sort":{"_id.year":1,"_id.month":1,"_id.day":1}}] {}
[2024-02-01T16:56:47.040Z] products.aggregate [{"$match":{"date":{"$gte":"2024-01-25T16:56:47.026Z","$lte":"2024-02-01T16:56:47.026Z"},"saled":true}},{"$group":{"_id":{"year":{"$year":"$saledDate"},"month":{"$month":"$saledDate"},"day":{"$dayOfMonth":"$saledDate"}},"totalAmount":{"$sum":{"$multiply":[{"$cond":{"if":{"$eq":["$name","List"]},"then":{"$multiply":[{"$subtract":["$saledPrice","$price"]},{"$divide":[{"$multiply":["$uzunligi_x","$uzunligi_y"]},10000]}]},"else":{"$multiply":[{"$subtract":["$saledPrice","$price"]},"$uzunligi"]}}},1]}},"totalProducts":{"$sum":1}}},{"$sort":{"_id.year":1,"_id.month":1,"_id.day":1}}] {}
[2024-02-01T16:56:47.042Z] products.aggregate [{"$match":{"date":{"$gte":"2024-01-25T16:56:47.026Z","$lte":"2024-02-01T16:56:47.026Z"},"saled":true}},{"$group":{"_id":{"year":{"$year":"$saledDate"},"month":{"$month":"$saledDate"},"day":{"$dayOfMonth":"$saledDate"}},"totalAmount":{"$sum":{"$multiply":[{"$cond":{"if":{"$eq":["$name","List"]},"then":{"$multiply":["$saledPrice",{"$divide":[{"$multiply":["$uzunligi_x","$uzunligi_y"]},10000]}]},"else":{"$multiply":["$saledPrice","$uzunligi"]}}}]}},"totalProducts":{"$sum":1}}},{"$sort":{"_id.year":1,"_id.month":1,"_id.day":1}}] {}
[2024-02-01T16:56:57.979Z] users.findOne {"_id":"658142dbbb7f725058617715"} {}
[2024-02-01T16:56:57.980Z] users.findOne {"_id":"658142dbbb7f725058617715"} {}
[2024-02-01T16:56:57.987Z] users.findOne {"_id":"658142dbbb7f725058617715"} {}
[2024-02-01T16:56:57.988Z] harajats.aggregate [{"$match":{"date":{"$gte":"2024-01-01T00:00:00.000Z","$lte":"2025-01-01T00:00:00.000Z"}}},{"$group":{"_id":null,"totalAmount":{"$sum":"$amount"}}},{"$project":{"_id":0,"totalAmount":1}}] {}
[2024-02-01T16:56:57.996Z] users.findOne {"_id":"658142dbbb7f725058617715"} {}
[2024-02-01T16:56:57.997Z] products.aggregate [{"$match":{"saled":false}},{"$group":{"_id":null,"totalPrice":{"$sum":{"$cond":{"if":{"$eq":["$name","List"]},"then":{"$multiply":["$price",{"$divide":[{"$multiply":["$uzunligi_x","$uzunligi_y"]},10000]}]},"else":{"$multiply":["$price","$uzunligi"]}}}}}},{"$project":{"_id":0,"totalAmount":"$totalPrice"}}] {}
[2024-02-01T16:56:58.006Z] users.findOne {"_id":"658142dbbb7f725058617715"} {}
[2024-02-01T16:56:58.007Z] debts.aggregate [{"$match":{"active":true}},{"$project":{"totalDebt":{"$subtract":["$allAmount","$payedAmount"]}}},{"$group":{"_id":null,"totalAmount":{"$sum":"$totalDebt"}}}] {}
[2024-02-01T16:56:58.015Z] users.findOne {"_id":"658142dbbb7f725058617715"} {}
[2024-02-01T16:56:58.016Z] products.aggregate [{"$match":{"saled":true,"saledDate":{"$gte":"2024-01-01T00:00:00.000Z","$lte":"2025-01-01T00:00:00.000Z"}}},{"$project":{"totalAmount":{"$sum":{"$multiply":[{"$cond":{"if":{"$eq":["$name","List"]},"then":{"$multiply":[{"$subtract":["$saledPrice","$price"]},{"$cond":{"if":{"$ne":["$uzunligi_x",0]},"then":{"$divide":[{"$multiply":["$uzunligi_x","$uzunligi_y"]},10000]},"else":0}}]},"else":{"$multiply":[{"$subtract":["$saledPrice","$price"]},"$uzunligi"]}}},1]}}}},{"$group":{"_id":null,"totalAmount":{"$sum":"$totalAmount"}}}] {}
[2024-02-01T16:56:58.025Z] users.findOne {"_id":"658142dbbb7f725058617715"} {}
[2024-02-01T16:56:58.026Z] products.aggregate [{"$match":{"saled":true,"saledDate":{"$gte":"2024-01-01T00:00:00.000Z","$lte":"2025-01-01T00:00:00.000Z"}}},{"$group":{"_id":{"year":{"$year":"$saledDate"},"month":{"$month":"$saledDate"},"day":{"$dayOfMonth":"$saledDate"}},"totalAmount":{"$sum":{"$multiply":[{"$cond":{"if":{"$eq":["$name","List"]},"then":{"$multiply":[{"$subtract":["$saledPrice","$price"]},{"$divide":[{"$multiply":["$uzunligi_x","$uzunligi_y"]},10000]}]},"else":{"$multiply":[{"$subtract":["$saledPrice","$price"]},"$uzunligi"]}}},1]}},"totalProducts":{"$sum":1}}},{"$sort":{"_id.year":1,"_id.month":1,"_id.day":1}}] {}
[2024-02-01T16:56:58.033Z] users.findOne {"_id":"658142dbbb7f725058617715"} {}
[2024-02-01T16:56:58.034Z] harajats.aggregate [{"$match":{"date":{"$gte":"2024-01-01T00:00:00.000Z","$lte":"2025-01-01T00:00:00.000Z"}}},{"$group":{"_id":{"year":{"$year":"$date"},"month":{"$month":"$date"},"day":{"$dayOfMonth":"$date"}},"totalAmount":{"$sum":"$amount"}}},{"$sort":{"_id.year":1,"_id.month":1,"_id.day":1}}] {}
[2024-02-01T16:56:58.626Z] users.findOne {"_id":"658142dbbb7f725058617715"} {}
[2024-02-01T16:56:58.628Z] users.findOne {"_id":"658142dbbb7f725058617715"} {}
[2024-02-01T16:56:58.642Z] users.findOne {"_id":"658142dbbb7f725058617715"} {}
[2024-02-01T16:56:58.643Z] sklads.find {"active":true} {}
[2024-02-01T16:56:58.651Z] users.findOne {"_id":"658142dbbb7f725058617715"} {}
[2024-02-01T16:56:58.652Z] sellers.find {"active":true} {}
[2024-02-01T16:57:01.844Z] users.findOne {"_id":"658142dbbb7f725058617715"} {}
[2024-02-01T16:57:01.847Z] users.findOne {"_id":"658142dbbb7f725058617715"} {}
[2024-02-01T16:57:01.862Z] users.findOne {"_id":"658142dbbb7f725058617715"} {}
[2024-02-01T16:57:01.863Z] products.aggregate [{"$match":{"saled":false}},{"$group":{"_id":{"name":"$name","qalinligi":"$qalinligi","qalinligi_ortasi":"$qalinligi_ortasi","category":"$category","holati":"$holati","uzunligi":"$uzunligi","uzunligi_x":"$uzunligi_x","olchamlari":"$olchamlari","uzunligi_y":"$uzunligi_y","sklad":"$sklad","price":"$price","saledPrice":"$saledPrice","cut":"$cut"},"totalQuantity":{"$sum":"$quantity"}}},{"$project":{"name":"$_id.name","qalinligi":"$_id.qalinligi","qalinligi_ortasi":"$_id.qalinligi_ortasi","category":"$_id.category","holati":"$_id.holati","uzunligi":"$_id.uzunligi","uzunligi_x":"$_id.uzunligi_x","uzunligi_y":"$_id.uzunligi_y","sklad":"$_id.sklad","price":"$_id.price","olchamlari":"$_id.olchamlari","saledPrice":"$_id.saledPrice","quantity":"$totalQuantity","cut":"$_id.cut"}},{"$sort":{"name":1,"category":1,"qalinligi":1,"qalinligi_ortasi":1,"quantity":1,"uzunligi":1,"uzunligi_x":1,"uzunligi_y":1,"saledPrice":1}}] {}
[2024-02-01T16:57:01.875Z] users.findOne {"_id":"658142dbbb7f725058617715"} {}
[2024-02-01T16:57:01.876Z] sklads.find {} {}
[2024-02-01T16:57:13.295Z] users.findOne {"_id":"658142dbbb7f725058617715"} {}
[2024-02-01T16:57:13.297Z] users.findOne {"_id":"658142dbbb7f725058617715"} {}
[2024-02-01T16:57:13.304Z] users.findOne {"_id":"658142dbbb7f725058617715"} {}
[2024-02-01T16:57:13.305Z] sklads.find {"active":true} {}
[2024-02-01T16:57:13.306Z] products.aggregate [{"$match":{"saled":false,"sklad":"659c3af556b27c28015736e2"}},{"$group":{"_id":null,"totalPrice":{"$sum":{"$cond":{"if":{"$eq":["$name","List"]},"then":{"$multiply":["$price",{"$divide":[{"$multiply":["$uzunligi_x","$uzunligi_y"]},10000]}]},"else":{"$multiply":["$price","$uzunligi"]}}}}}},{"$project":{"_id":0,"totalAmount":"$totalPrice"}}] {}
[2024-02-01T16:57:13.306Z] products.aggregate [{"$match":{"saled":false,"sklad":"65b09b96182be560d671f45f"}},{"$group":{"_id":null,"totalPrice":{"$sum":{"$cond":{"if":{"$eq":["$name","List"]},"then":{"$multiply":["$price",{"$divide":[{"$multiply":["$uzunligi_x","$uzunligi_y"]},10000]}]},"else":{"$multiply":["$price","$uzunligi"]}}}}}},{"$project":{"_id":0,"totalAmount":"$totalPrice"}}] {}
[2024-02-01T16:57:13.306Z] products.aggregate [{"$match":{"saled":false,"sklad":"65b212882c5673dd8a0ba63c"}},{"$group":{"_id":null,"totalPrice":{"$sum":{"$cond":{"if":{"$eq":["$name","List"]},"then":{"$multiply":["$price",{"$divide":[{"$multiply":["$uzunligi_x","$uzunligi_y"]},10000]}]},"else":{"$multiply":["$price","$uzunligi"]}}}}}},{"$project":{"_id":0,"totalAmount":"$totalPrice"}}] {}
[2024-02-01T16:57:14.468Z] users.findOne {"_id":"658142dbbb7f725058617715"} {}
[2024-02-01T16:57:14.470Z] users.findOne {"_id":"658142dbbb7f725058617715"} {}
[2024-02-01T16:57:14.481Z] users.findOne {"_id":"658142dbbb7f725058617715"} {}
[2024-02-01T16:57:14.483Z] products.aggregate [{"$match":{"sklad":"659c3af556b27c28015736e2","saled":false}},{"$group":{"_id":{"name":"$name","qalinligi":"$qalinligi","qalinligi_ortasi":"$qalinligi_ortasi","category":"$category","holati":"$holati","olchamlari":"$olchamlari","sklad":"$sklad"},"totalQuantity":{"$sum":"$quantity"},"totalUzunligi":{"$sum":{"$cond":{"if":{"$eq":["$name","List"]},"then":{"$multiply":[1,{"$divide":[{"$multiply":["$uzunligi_x","$uzunligi_y"]},10000]}]},"else":{"$multiply":[1,"$uzunligi"]}}}},"minUzunligi":{"$min":"$uzunligi"},"maxUzunligi":{"$max":"$uzunligi"}}},{"$project":{"_id":0,"name":"$_id.name","qalinligi":"$_id.qalinligi","qalinligi_ortasi":"$_id.qalinligi_ortasi","category":"$_id.category","holati":"$_id.holati","uzunligi":"$_id.uzunligi","uzunligi_x":"$_id.uzunligi_x","uzunligi_y":"$_id.uzunligi_y","sklad":"$_id.sklad","price":"$_id.price","olchamlari":"$_id.olchamlari","saledPrice":"$_id.saledPrice","quantity":"$totalQuantity","totalUzunligi":"$totalUzunligi","minUzunligi":"$minUzunligi","maxUzunligi":"$maxUzunligi","cut":"$_id.cut"}},{"$sort":{"category":1,"qalinligi":1,"qalinligi_ortasi":1,"quantity":1}}] {}
[2024-02-01T16:57:16.701Z] users.findOne {"_id":"658142dbbb7f725058617715"} {}
[2024-02-01T16:57:16.703Z] users.findOne {"_id":"658142dbbb7f725058617715"} {}
[2024-02-01T16:57:16.709Z] users.findOne {"_id":"658142dbbb7f725058617715"} {}
[2024-02-01T16:57:16.711Z] sklads.find {"active":true} {}
[2024-02-01T16:57:16.712Z] products.aggregate [{"$match":{"saled":false,"sklad":"659c3af556b27c28015736e2"}},{"$group":{"_id":null,"totalPrice":{"$sum":{"$cond":{"if":{"$eq":["$name","List"]},"then":{"$multiply":["$price",{"$divide":[{"$multiply":["$uzunligi_x","$uzunligi_y"]},10000]}]},"else":{"$multiply":["$price","$uzunligi"]}}}}}},{"$project":{"_id":0,"totalAmount":"$totalPrice"}}] {}
[2024-02-01T16:57:16.712Z] products.aggregate [{"$match":{"saled":false,"sklad":"65b09b96182be560d671f45f"}},{"$group":{"_id":null,"totalPrice":{"$sum":{"$cond":{"if":{"$eq":["$name","List"]},"then":{"$multiply":["$price",{"$divide":[{"$multiply":["$uzunligi_x","$uzunligi_y"]},10000]}]},"else":{"$multiply":["$price","$uzunligi"]}}}}}},{"$project":{"_id":0,"totalAmount":"$totalPrice"}}] {}
[2024-02-01T16:57:16.712Z] products.aggregate [{"$match":{"saled":false,"sklad":"65b212882c5673dd8a0ba63c"}},{"$group":{"_id":null,"totalPrice":{"$sum":{"$cond":{"if":{"$eq":["$name","List"]},"then":{"$multiply":["$price",{"$divide":[{"$multiply":["$uzunligi_x","$uzunligi_y"]},10000]}]},"else":{"$multiply":["$price","$uzunligi"]}}}}}},{"$project":{"_id":0,"totalAmount":"$totalPrice"}}] {}
[2024-02-01T16:57:18.227Z] users.findOne {"_id":"658142dbbb7f725058617715"} {}
[2024-02-01T16:57:18.228Z] users.findOne {"_id":"658142dbbb7f725058617715"} {}
[2024-02-01T16:57:18.241Z] users.findOne {"_id":"658142dbbb7f725058617715"} {}
[2024-02-01T16:57:18.243Z] products.aggregate [{"$match":{"sklad":"65b09b96182be560d671f45f","saled":false}},{"$group":{"_id":{"name":"$name","qalinligi":"$qalinligi","qalinligi_ortasi":"$qalinligi_ortasi","category":"$category","holati":"$holati","olchamlari":"$olchamlari","sklad":"$sklad"},"totalQuantity":{"$sum":"$quantity"},"totalUzunligi":{"$sum":{"$cond":{"if":{"$eq":["$name","List"]},"then":{"$multiply":[1,{"$divide":[{"$multiply":["$uzunligi_x","$uzunligi_y"]},10000]}]},"else":{"$multiply":[1,"$uzunligi"]}}}},"minUzunligi":{"$min":"$uzunligi"},"maxUzunligi":{"$max":"$uzunligi"}}},{"$project":{"_id":0,"name":"$_id.name","qalinligi":"$_id.qalinligi","qalinligi_ortasi":"$_id.qalinligi_ortasi","category":"$_id.category","holati":"$_id.holati","uzunligi":"$_id.uzunligi","uzunligi_x":"$_id.uzunligi_x","uzunligi_y":"$_id.uzunligi_y","sklad":"$_id.sklad","price":"$_id.price","olchamlari":"$_id.olchamlari","saledPrice":"$_id.saledPrice","quantity":"$totalQuantity","totalUzunligi":"$totalUzunligi","minUzunligi":"$minUzunligi","maxUzunligi":"$maxUzunligi","cut":"$_id.cut"}},{"$sort":{"category":1,"qalinligi":1,"qalinligi_ortasi":1,"quantity":1}}] {}
[2024-02-01T16:59:01.918Z] users.findOne {"_id":"658142dbbb7f725058617715"} {}
[2024-02-01T16:59:01.920Z] products.aggregate [{"$match":{"name":"Planka","category":"qwe","qalinligi":12,"qalinligi_ortasi":null,"holati":"Yangi","sklad":"65b09b96182be560d671f45f","saled":false}},{"$group":{"_id":{"name":"$name","qalinligi":"$qalinligi","qalinligi_ortasi":"$qalinligi_ortasi","category":"$category","holati":"$holati","olchamlari":"$olchamlari","sklad":"$sklad","uzunligi":"$uzunligi","uzunligi_x":"$uzunligi_x","uzunligi_y":"$uzunligi_y","price":"$price","saledPrice":"$saledPrice","cut":"$cut"},"totalQuantity":{"$sum":"$quantity"},"totalUzunligi":{"$sum":{"$cond":{"if":{"$eq":["$name","List"]},"then":{"$multiply":[1,{"$divide":[{"$multiply":["$uzunligi_x","$uzunligi_y"]},10000]}]},"else":{"$multiply":[1,"$uzunligi"]}}}}}},{"$project":{"_id":0,"name":"$_id.name","qalinligi":"$_id.qalinligi","qalinligi_ortasi":"$_id.qalinligi_ortasi","category":"$_id.category","holati":"$_id.holati","uzunligi":"$_id.uzunligi","uzunligi_x":"$_id.uzunligi_x","uzunligi_y":"$_id.uzunligi_y","sklad":"$_id.sklad","price":"$_id.price","olchamlari":"$_id.olchamlari","saledPrice":"$_id.saledPrice","quantity":"$totalQuantity","totalUzunligi":"$totalUzunligi","cut":"$_id.cut"}},{"$sort":{"category":1,"qalinligi":1,"qalinligi_ortasi":1,"uzunligi":-1}}] {}
[2024-02-01T17:00:45.362Z] users.findOne {"_id":"658142dbbb7f725058617715"} {}
[2024-02-01T17:00:45.363Z] users.findOne {"_id":"658142dbbb7f725058617715"} {}
[2024-02-01T17:00:45.371Z] users.findOne {"_id":"658142dbbb7f725058617715"} {}
[2024-02-01T17:00:45.373Z] sklads.find {"active":true} {}
[2024-02-01T17:00:45.380Z] users.findOne {"_id":"658142dbbb7f725058617715"} {}
[2024-02-01T17:00:45.381Z] sellers.find {"active":true} {}
[2024-02-01T17:00:46.849Z] users.findOne {"_id":"658142dbbb7f725058617715"} {}
[2024-02-01T17:00:46.850Z] users.findOne {"_id":"658142dbbb7f725058617715"} {}
[2024-02-01T17:00:46.867Z] users.findOne {"_id":"658142dbbb7f725058617715"} {}
[2024-02-01T17:00:46.868Z] products.aggregate [{"$match":{"saled":false}},{"$group":{"_id":{"name":"$name","qalinligi":"$qalinligi","qalinligi_ortasi":"$qalinligi_ortasi","category":"$category","holati":"$holati","uzunligi":"$uzunligi","uzunligi_x":"$uzunligi_x","olchamlari":"$olchamlari","uzunligi_y":"$uzunligi_y","sklad":"$sklad","price":"$price","saledPrice":"$saledPrice","cut":"$cut"},"totalQuantity":{"$sum":"$quantity"}}},{"$project":{"name":"$_id.name","qalinligi":"$_id.qalinligi","qalinligi_ortasi":"$_id.qalinligi_ortasi","category":"$_id.category","holati":"$_id.holati","uzunligi":"$_id.uzunligi","uzunligi_x":"$_id.uzunligi_x","uzunligi_y":"$_id.uzunligi_y","sklad":"$_id.sklad","price":"$_id.price","olchamlari":"$_id.olchamlari","saledPrice":"$_id.saledPrice","quantity":"$totalQuantity","cut":"$_id.cut"}},{"$sort":{"name":1,"category":1,"qalinligi":1,"qalinligi_ortasi":1,"quantity":1,"uzunligi":1,"uzunligi_x":1,"uzunligi_y":1,"saledPrice":1}}] {}
[2024-02-01T17:00:46.877Z] users.findOne {"_id":"658142dbbb7f725058617715"} {}
[2024-02-01T17:00:46.878Z] sklads.find {} {}
[2024-02-01T17:00:50.456Z] alerts.find {} {"sort":{"createdAt":-1}}
[2024-02-01T17:00:50.457Z] users.findOne {"_id":"658142dbbb7f725058617715"} {}
[2024-02-01T17:00:50.460Z] users.findOne {"_id":"658142dbbb7f725058617715"} {}
[2024-02-01T17:00:50.466Z] users.findOne {"_id":"658142dbbb7f725058617715"} {}
[2024-02-01T17:00:50.467Z] products.aggregate [{"$match":{"saled":false}},{"$group":{"_id":{"name":"$name","qalinligi":"$qalinligi","qalinligi_ortasi":"$qalinligi_ortasi","category":"$category","holati":"$holati","uzunligi":"$uzunligi","uzunligi_x":"$uzunligi_x","olchamlari":"$olchamlari","uzunligi_y":"$uzunligi_y","sklad":"$sklad","price":"$price","saledPrice":"$saledPrice","cut":"$cut"},"totalQuantity":{"$sum":"$quantity"}}},{"$project":{"name":"$_id.name","qalinligi":"$_id.qalinligi","qalinligi_ortasi":"$_id.qalinligi_ortasi","category":"$_id.category","holati":"$_id.holati","uzunligi":"$_id.uzunligi","uzunligi_x":"$_id.uzunligi_x","uzunligi_y":"$_id.uzunligi_y","sklad":"$_id.sklad","price":"$_id.price","olchamlari":"$_id.olchamlari","saledPrice":"$_id.saledPrice","quantity":"$totalQuantity","cut":"$_id.cut"}},{"$sort":{"name":1,"category":1,"qalinligi":1,"qalinligi_ortasi":1,"quantity":1,"uzunligi":1,"uzunligi_x":1,"uzunligi_y":1,"saledPrice":1}}] {}
[2024-02-01T17:00:50.474Z] users.findOne {"_id":"658142dbbb7f725058617715"} {}
[2024-02-01T17:00:50.475Z] sklads.find {} {}
[2024-02-01T17:00:51.380Z] alerts.find {} {"sort":{"createdAt":-1}}
[2024-02-01T17:00:51.382Z] users.findOne {"_id":"658142dbbb7f725058617715"} {}
[2024-02-01T17:00:51.383Z] users.findOne {"_id":"658142dbbb7f725058617715"} {}
[2024-02-01T17:00:51.391Z] users.findOne {"_id":"658142dbbb7f725058617715"} {}
[2024-02-01T17:00:51.392Z] products.aggregate [{"$match":{"saled":false}},{"$group":{"_id":{"name":"$name","qalinligi":"$qalinligi","qalinligi_ortasi":"$qalinligi_ortasi","category":"$category","holati":"$holati","uzunligi":"$uzunligi","uzunligi_x":"$uzunligi_x","olchamlari":"$olchamlari","uzunligi_y":"$uzunligi_y","sklad":"$sklad","price":"$price","saledPrice":"$saledPrice","cut":"$cut"},"totalQuantity":{"$sum":"$quantity"}}},{"$project":{"name":"$_id.name","qalinligi":"$_id.qalinligi","qalinligi_ortasi":"$_id.qalinligi_ortasi","category":"$_id.category","holati":"$_id.holati","uzunligi":"$_id.uzunligi","uzunligi_x":"$_id.uzunligi_x","uzunligi_y":"$_id.uzunligi_y","sklad":"$_id.sklad","price":"$_id.price","olchamlari":"$_id.olchamlari","saledPrice":"$_id.saledPrice","quantity":"$totalQuantity","cut":"$_id.cut"}},{"$sort":{"name":1,"category":1,"qalinligi":1,"qalinligi_ortasi":1,"quantity":1,"uzunligi":1,"uzunligi_x":1,"uzunligi_y":1,"saledPrice":1}}] {}
[2024-02-01T17:00:51.399Z] users.findOne {"_id":"658142dbbb7f725058617715"} {}
[2024-02-01T17:00:51.401Z] sklads.find {} {}
[2024-02-01T17:00:52.262Z] alerts.find {} {"sort":{"createdAt":-1}}
[2024-02-01T17:00:52.264Z] users.findOne {"_id":"658142dbbb7f725058617715"} {}
[2024-02-01T17:00:52.265Z] users.findOne {"_id":"658142dbbb7f725058617715"} {}
[2024-02-01T17:00:52.274Z] users.findOne {"_id":"658142dbbb7f725058617715"} {}
[2024-02-01T17:00:52.275Z] products.aggregate [{"$match":{"saled":false}},{"$group":{"_id":{"name":"$name","qalinligi":"$qalinligi","qalinligi_ortasi":"$qalinligi_ortasi","category":"$category","holati":"$holati","uzunligi":"$uzunligi","uzunligi_x":"$uzunligi_x","olchamlari":"$olchamlari","uzunligi_y":"$uzunligi_y","sklad":"$sklad","price":"$price","saledPrice":"$saledPrice","cut":"$cut"},"totalQuantity":{"$sum":"$quantity"}}},{"$project":{"name":"$_id.name","qalinligi":"$_id.qalinligi","qalinligi_ortasi":"$_id.qalinligi_ortasi","category":"$_id.category","holati":"$_id.holati","uzunligi":"$_id.uzunligi","uzunligi_x":"$_id.uzunligi_x","uzunligi_y":"$_id.uzunligi_y","sklad":"$_id.sklad","price":"$_id.price","olchamlari":"$_id.olchamlari","saledPrice":"$_id.saledPrice","quantity":"$totalQuantity","cut":"$_id.cut"}},{"$sort":{"name":1,"category":1,"qalinligi":1,"qalinligi_ortasi":1,"quantity":1,"uzunligi":1,"uzunligi_x":1,"uzunligi_y":1,"saledPrice":1}}] {}
[2024-02-01T17:00:52.284Z] users.findOne {"_id":"658142dbbb7f725058617715"} {}
[2024-02-01T17:00:52.285Z] sklads.find {} {}
[2024-02-01T17:00:53.000Z] alerts.find {} {"sort":{"createdAt":-1}}
[2024-02-01T17:00:53.001Z] users.findOne {"_id":"658142dbbb7f725058617715"} {}
[2024-02-01T17:00:53.003Z] users.findOne {"_id":"658142dbbb7f725058617715"} {}
[2024-02-01T17:00:53.011Z] users.findOne {"_id":"658142dbbb7f725058617715"} {}
[2024-02-01T17:00:53.012Z] products.aggregate [{"$match":{"saled":false}},{"$group":{"_id":{"name":"$name","qalinligi":"$qalinligi","qalinligi_ortasi":"$qalinligi_ortasi","category":"$category","holati":"$holati","uzunligi":"$uzunligi","uzunligi_x":"$uzunligi_x","olchamlari":"$olchamlari","uzunligi_y":"$uzunligi_y","sklad":"$sklad","price":"$price","saledPrice":"$saledPrice","cut":"$cut"},"totalQuantity":{"$sum":"$quantity"}}},{"$project":{"name":"$_id.name","qalinligi":"$_id.qalinligi","qalinligi_ortasi":"$_id.qalinligi_ortasi","category":"$_id.category","holati":"$_id.holati","uzunligi":"$_id.uzunligi","uzunligi_x":"$_id.uzunligi_x","uzunligi_y":"$_id.uzunligi_y","sklad":"$_id.sklad","price":"$_id.price","olchamlari":"$_id.olchamlari","saledPrice":"$_id.saledPrice","quantity":"$totalQuantity","cut":"$_id.cut"}},{"$sort":{"name":1,"category":1,"qalinligi":1,"qalinligi_ortasi":1,"quantity":1,"uzunligi":1,"uzunligi_x":1,"uzunligi_y":1,"saledPrice":1}}] {}
[2024-02-01T17:00:53.019Z] users.findOne {"_id":"658142dbbb7f725058617715"} {}
[2024-02-01T17:00:53.021Z] sklads.find {} {}
[2024-02-01T17:00:53.694Z] alerts.find {} {"sort":{"createdAt":-1}}
[2024-02-01T17:00:53.696Z] users.findOne {"_id":"658142dbbb7f725058617715"} {}
[2024-02-01T17:00:53.698Z] users.findOne {"_id":"658142dbbb7f725058617715"} {}
[2024-02-01T17:00:53.705Z] users.findOne {"_id":"658142dbbb7f725058617715"} {}
[2024-02-01T17:00:53.706Z] products.aggregate [{"$match":{"saled":false}},{"$group":{"_id":{"name":"$name","qalinligi":"$qalinligi","qalinligi_ortasi":"$qalinligi_ortasi","category":"$category","holati":"$holati","uzunligi":"$uzunligi","uzunligi_x":"$uzunligi_x","olchamlari":"$olchamlari","uzunligi_y":"$uzunligi_y","sklad":"$sklad","price":"$price","saledPrice":"$saledPrice","cut":"$cut"},"totalQuantity":{"$sum":"$quantity"}}},{"$project":{"name":"$_id.name","qalinligi":"$_id.qalinligi","qalinligi_ortasi":"$_id.qalinligi_ortasi","category":"$_id.category","holati":"$_id.holati","uzunligi":"$_id.uzunligi","uzunligi_x":"$_id.uzunligi_x","uzunligi_y":"$_id.uzunligi_y","sklad":"$_id.sklad","price":"$_id.price","olchamlari":"$_id.olchamlari","saledPrice":"$_id.saledPrice","quantity":"$totalQuantity","cut":"$_id.cut"}},{"$sort":{"name":1,"category":1,"qalinligi":1,"qalinligi_ortasi":1,"quantity":1,"uzunligi":1,"uzunligi_x":1,"uzunligi_y":1,"saledPrice":1}}] {}
[2024-02-01T17:00:53.712Z] users.findOne {"_id":"658142dbbb7f725058617715"} {}
[2024-02-01T17:00:53.714Z] sklads.find {} {}
[2024-02-01T17:00:54.415Z] alerts.find {} {"sort":{"createdAt":-1}}
[2024-02-01T17:00:54.416Z] users.findOne {"_id":"658142dbbb7f725058617715"} {}
[2024-02-01T17:00:54.417Z] users.findOne {"_id":"658142dbbb7f725058617715"} {}
[2024-02-01T17:00:54.425Z] users.findOne {"_id":"658142dbbb7f725058617715"} {}
[2024-02-01T17:00:54.426Z] products.aggregate [{"$match":{"saled":false}},{"$group":{"_id":{"name":"$name","qalinligi":"$qalinligi","qalinligi_ortasi":"$qalinligi_ortasi","category":"$category","holati":"$holati","uzunligi":"$uzunligi","uzunligi_x":"$uzunligi_x","olchamlari":"$olchamlari","uzunligi_y":"$uzunligi_y","sklad":"$sklad","price":"$price","saledPrice":"$saledPrice","cut":"$cut"},"totalQuantity":{"$sum":"$quantity"}}},{"$project":{"name":"$_id.name","qalinligi":"$_id.qalinligi","qalinligi_ortasi":"$_id.qalinligi_ortasi","category":"$_id.category","holati":"$_id.holati","uzunligi":"$_id.uzunligi","uzunligi_x":"$_id.uzunligi_x","uzunligi_y":"$_id.uzunligi_y","sklad":"$_id.sklad","price":"$_id.price","olchamlari":"$_id.olchamlari","saledPrice":"$_id.saledPrice","quantity":"$totalQuantity","cut":"$_id.cut"}},{"$sort":{"name":1,"category":1,"qalinligi":1,"qalinligi_ortasi":1,"quantity":1,"uzunligi":1,"uzunligi_x":1,"uzunligi_y":1,"saledPrice":1}}] {}
[2024-02-01T17:00:54.435Z] users.findOne {"_id":"658142dbbb7f725058617715"} {}
[2024-02-01T17:00:54.436Z] sklads.find {} {}
[2024-02-01T17:00:55.077Z] alerts.find {} {"sort":{"createdAt":-1}}
[2024-02-01T17:00:55.078Z] users.findOne {"_id":"658142dbbb7f725058617715"} {}
[2024-02-01T17:00:55.079Z] users.findOne {"_id":"658142dbbb7f725058617715"} {}
[2024-02-01T17:00:55.086Z] users.findOne {"_id":"658142dbbb7f725058617715"} {}
[2024-02-01T17:00:55.088Z] products.aggregate [{"$match":{"saled":false}},{"$group":{"_id":{"name":"$name","qalinligi":"$qalinligi","qalinligi_ortasi":"$qalinligi_ortasi","category":"$category","holati":"$holati","uzunligi":"$uzunligi","uzunligi_x":"$uzunligi_x","olchamlari":"$olchamlari","uzunligi_y":"$uzunligi_y","sklad":"$sklad","price":"$price","saledPrice":"$saledPrice","cut":"$cut"},"totalQuantity":{"$sum":"$quantity"}}},{"$project":{"name":"$_id.name","qalinligi":"$_id.qalinligi","qalinligi_ortasi":"$_id.qalinligi_ortasi","category":"$_id.category","holati":"$_id.holati","uzunligi":"$_id.uzunligi","uzunligi_x":"$_id.uzunligi_x","uzunligi_y":"$_id.uzunligi_y","sklad":"$_id.sklad","price":"$_id.price","olchamlari":"$_id.olchamlari","saledPrice":"$_id.saledPrice","quantity":"$totalQuantity","cut":"$_id.cut"}},{"$sort":{"name":1,"category":1,"qalinligi":1,"qalinligi_ortasi":1,"quantity":1,"uzunligi":1,"uzunligi_x":1,"uzunligi_y":1,"saledPrice":1}}] {}
[2024-02-01T17:00:55.094Z] users.findOne {"_id":"658142dbbb7f725058617715"} {}
[2024-02-01T17:00:55.096Z] sklads.find {} {}
[2024-02-01T17:00:55.705Z] alerts.find {} {"sort":{"createdAt":-1}}
[2024-02-01T17:00:55.706Z] users.findOne {"_id":"658142dbbb7f725058617715"} {}
[2024-02-01T17:00:55.708Z] users.findOne {"_id":"658142dbbb7f725058617715"} {}
[2024-02-01T17:00:55.714Z] users.findOne {"_id":"658142dbbb7f725058617715"} {}
[2024-02-01T17:00:55.715Z] products.aggregate [{"$match":{"saled":false}},{"$group":{"_id":{"name":"$name","qalinligi":"$qalinligi","qalinligi_ortasi":"$qalinligi_ortasi","category":"$category","holati":"$holati","uzunligi":"$uzunligi","uzunligi_x":"$uzunligi_x","olchamlari":"$olchamlari","uzunligi_y":"$uzunligi_y","sklad":"$sklad","price":"$price","saledPrice":"$saledPrice","cut":"$cut"},"totalQuantity":{"$sum":"$quantity"}}},{"$project":{"name":"$_id.name","qalinligi":"$_id.qalinligi","qalinligi_ortasi":"$_id.qalinligi_ortasi","category":"$_id.category","holati":"$_id.holati","uzunligi":"$_id.uzunligi","uzunligi_x":"$_id.uzunligi_x","uzunligi_y":"$_id.uzunligi_y","sklad":"$_id.sklad","price":"$_id.price","olchamlari":"$_id.olchamlari","saledPrice":"$_id.saledPrice","quantity":"$totalQuantity","cut":"$_id.cut"}},{"$sort":{"name":1,"category":1,"qalinligi":1,"qalinligi_ortasi":1,"quantity":1,"uzunligi":1,"uzunligi_x":1,"uzunligi_y":1,"saledPrice":1}}] {}
[2024-02-01T17:00:55.721Z] users.findOne {"_id":"658142dbbb7f725058617715"} {}
[2024-02-01T17:00:55.723Z] sklads.find {} {}
[2024-02-01T17:00:56.384Z] alerts.find {} {"sort":{"createdAt":-1}}
[2024-02-01T17:00:56.386Z] users.findOne {"_id":"658142dbbb7f725058617715"} {}
[2024-02-01T17:00:56.387Z] users.findOne {"_id":"658142dbbb7f725058617715"} {}
[2024-02-01T17:00:56.395Z] users.findOne {"_id":"658142dbbb7f725058617715"} {}
[2024-02-01T17:00:56.396Z] products.aggregate [{"$match":{"saled":false}},{"$group":{"_id":{"name":"$name","qalinligi":"$qalinligi","qalinligi_ortasi":"$qalinligi_ortasi","category":"$category","holati":"$holati","uzunligi":"$uzunligi","uzunligi_x":"$uzunligi_x","olchamlari":"$olchamlari","uzunligi_y":"$uzunligi_y","sklad":"$sklad","price":"$price","saledPrice":"$saledPrice","cut":"$cut"},"totalQuantity":{"$sum":"$quantity"}}},{"$project":{"name":"$_id.name","qalinligi":"$_id.qalinligi","qalinligi_ortasi":"$_id.qalinligi_ortasi","category":"$_id.category","holati":"$_id.holati","uzunligi":"$_id.uzunligi","uzunligi_x":"$_id.uzunligi_x","uzunligi_y":"$_id.uzunligi_y","sklad":"$_id.sklad","price":"$_id.price","olchamlari":"$_id.olchamlari","saledPrice":"$_id.saledPrice","quantity":"$totalQuantity","cut":"$_id.cut"}},{"$sort":{"name":1,"category":1,"qalinligi":1,"qalinligi_ortasi":1,"quantity":1,"uzunligi":1,"uzunligi_x":1,"uzunligi_y":1,"saledPrice":1}}] {}
[2024-02-01T17:00:56.402Z] users.findOne {"_id":"658142dbbb7f725058617715"} {}
[2024-02-01T17:00:56.404Z] sklads.find {} {}
[2024-02-01T17:00:56.930Z] alerts.find {} {"sort":{"createdAt":-1}}
[2024-02-01T17:00:56.931Z] users.findOne {"_id":"658142dbbb7f725058617715"} {}
[2024-02-01T17:00:56.933Z] users.findOne {"_id":"658142dbbb7f725058617715"} {}
[2024-02-01T17:00:56.941Z] users.findOne {"_id":"658142dbbb7f725058617715"} {}
[2024-02-01T17:00:56.942Z] products.aggregate [{"$match":{"saled":false}},{"$group":{"_id":{"name":"$name","qalinligi":"$qalinligi","qalinligi_ortasi":"$qalinligi_ortasi","category":"$category","holati":"$holati","uzunligi":"$uzunligi","uzunligi_x":"$uzunligi_x","olchamlari":"$olchamlari","uzunligi_y":"$uzunligi_y","sklad":"$sklad","price":"$price","saledPrice":"$saledPrice","cut":"$cut"},"totalQuantity":{"$sum":"$quantity"}}},{"$project":{"name":"$_id.name","qalinligi":"$_id.qalinligi","qalinligi_ortasi":"$_id.qalinligi_ortasi","category":"$_id.category","holati":"$_id.holati","uzunligi":"$_id.uzunligi","uzunligi_x":"$_id.uzunligi_x","uzunligi_y":"$_id.uzunligi_y","sklad":"$_id.sklad","price":"$_id.price","olchamlari":"$_id.olchamlari","saledPrice":"$_id.saledPrice","quantity":"$totalQuantity","cut":"$_id.cut"}},{"$sort":{"name":1,"category":1,"qalinligi":1,"qalinligi_ortasi":1,"quantity":1,"uzunligi":1,"uzunligi_x":1,"uzunligi_y":1,"saledPrice":1}}] {}
[2024-02-01T17:00:56.954Z] users.findOne {"_id":"658142dbbb7f725058617715"} {}
[2024-02-01T17:00:56.956Z] sklads.find {} {}
[2024-02-01T17:01:52.491Z] users.findOne {"login":"admin2"} {}
[2024-02-01T17:01:57.614Z] alerts.find {} {"sort":{"createdAt":-1}}
[2024-02-01T17:01:57.616Z] users.findOne {"_id":"65b0b6c5bdc15d31a7e972ad"} {}
[2024-02-01T17:01:57.618Z] users.findOne {"_id":"65b0b6c5bdc15d31a7e972ad"} {}
[2024-02-01T17:01:57.868Z] users.findOne {"_id":"65b0b6c5bdc15d31a7e972ad"} {}
[2024-02-01T17:01:57.870Z] users.findOne {"_id":"65b0b6c5bdc15d31a7e972ad"} {}
[2024-02-01T17:01:57.876Z] users.findOne {"_id":"65b0b6c5bdc15d31a7e972ad"} {}
[2024-02-01T17:01:57.877Z] sklads.find {"active":true} {}
[2024-02-01T17:01:59.240Z] users.findOne {"_id":"65b0b6c5bdc15d31a7e972ad"} {}
[2024-02-01T17:01:59.242Z] users.findOne {"_id":"65b0b6c5bdc15d31a7e972ad"} {}
[2024-02-01T17:01:59.247Z] users.findOne {"_id":"65b0b6c5bdc15d31a7e972ad"} {}
[2024-02-01T17:01:59.248Z] products.aggregate [{"$match":{"sklad":"659c3af556b27c28015736e2","saled":false}},{"$group":{"_id":{"name":"$name","qalinligi":"$qalinligi","qalinligi_ortasi":"$qalinligi_ortasi","category":"$category","holati":"$holati","olchamlari":"$olchamlari","sklad":"$sklad"},"totalQuantity":{"$sum":"$quantity"},"totalUzunligi":{"$sum":{"$cond":{"if":{"$eq":["$name","List"]},"then":{"$multiply":[1,{"$divide":[{"$multiply":["$uzunligi_x","$uzunligi_y"]},10000]}]},"else":{"$multiply":[1,"$uzunligi"]}}}},"minUzunligi":{"$min":"$uzunligi"},"maxUzunligi":{"$max":"$uzunligi"}}},{"$project":{"_id":0,"name":"$_id.name","qalinligi":"$_id.qalinligi","qalinligi_ortasi":"$_id.qalinligi_ortasi","category":"$_id.category","holati":"$_id.holati","uzunligi":"$_id.uzunligi","uzunligi_x":"$_id.uzunligi_x","uzunligi_y":"$_id.uzunligi_y","sklad":"$_id.sklad","price":"$_id.price","olchamlari":"$_id.olchamlari","saledPrice":"$_id.saledPrice","quantity":"$totalQuantity","totalUzunligi":"$totalUzunligi","minUzunligi":"$minUzunligi","maxUzunligi":"$maxUzunligi","cut":"$_id.cut"}},{"$sort":{"category":1,"qalinligi":1,"qalinligi_ortasi":1,"quantity":1}}] {}
[2024-02-01T17:02:03.231Z] users.findOne {"_id":"65b0b6c5bdc15d31a7e972ad"} {}
[2024-02-01T17:02:03.233Z] products.aggregate [{"$match":{"name":"List","category":"planka","qalinligi":20,"qalinligi_ortasi":null,"holati":"Eski","sklad":"659c3af556b27c28015736e2","saled":false}},{"$group":{"_id":{"name":"$name","qalinligi":"$qalinligi","qalinligi_ortasi":"$qalinligi_ortasi","category":"$category","holati":"$holati","olchamlari":"$olchamlari","sklad":"$sklad","uzunligi":"$uzunligi","uzunligi_x":"$uzunligi_x","uzunligi_y":"$uzunligi_y","price":"$price","saledPrice":"$saledPrice","cut":"$cut"},"totalQuantity":{"$sum":"$quantity"},"totalUzunligi":{"$sum":{"$cond":{"if":{"$eq":["$name","List"]},"then":{"$multiply":[1,{"$divide":[{"$multiply":["$uzunligi_x","$uzunligi_y"]},10000]}]},"else":{"$multiply":[1,"$uzunligi"]}}}}}},{"$project":{"_id":0,"name":"$_id.name","qalinligi":"$_id.qalinligi","qalinligi_ortasi":"$_id.qalinligi_ortasi","category":"$_id.category","holati":"$_id.holati","uzunligi":"$_id.uzunligi","uzunligi_x":"$_id.uzunligi_x","uzunligi_y":"$_id.uzunligi_y","sklad":"$_id.sklad","price":"$_id.price","olchamlari":"$_id.olchamlari","saledPrice":"$_id.saledPrice","quantity":"$totalQuantity","totalUzunligi":"$totalUzunligi","cut":"$_id.cut"}},{"$sort":{"category":1,"qalinligi":1,"qalinligi_ortasi":1,"uzunligi":-1}}] {}
[2024-02-01T17:02:05.622Z] users.findOne {"_id":"65b0b6c5bdc15d31a7e972ad"} {}
[2024-02-01T17:02:05.624Z] products.aggregate [{"$match":{"name":"Kvadrat prut","category":"qwe","qalinligi":14,"qalinligi_ortasi":null,"holati":"Eski","sklad":"659c3af556b27c28015736e2","saled":false}},{"$group":{"_id":{"name":"$name","qalinligi":"$qalinligi","qalinligi_ortasi":"$qalinligi_ortasi","category":"$category","holati":"$holati","olchamlari":"$olchamlari","sklad":"$sklad","uzunligi":"$uzunligi","uzunligi_x":"$uzunligi_x","uzunligi_y":"$uzunligi_y","price":"$price","saledPrice":"$saledPrice","cut":"$cut"},"totalQuantity":{"$sum":"$quantity"},"totalUzunligi":{"$sum":{"$cond":{"if":{"$eq":["$name","List"]},"then":{"$multiply":[1,{"$divide":[{"$multiply":["$uzunligi_x","$uzunligi_y"]},10000]}]},"else":{"$multiply":[1,"$uzunligi"]}}}}}},{"$project":{"_id":0,"name":"$_id.name","qalinligi":"$_id.qalinligi","qalinligi_ortasi":"$_id.qalinligi_ortasi","category":"$_id.category","holati":"$_id.holati","uzunligi":"$_id.uzunligi","uzunligi_x":"$_id.uzunligi_x","uzunligi_y":"$_id.uzunligi_y","sklad":"$_id.sklad","price":"$_id.price","olchamlari":"$_id.olchamlari","saledPrice":"$_id.saledPrice","quantity":"$totalQuantity","totalUzunligi":"$totalUzunligi","cut":"$_id.cut"}},{"$sort":{"category":1,"qalinligi":1,"qalinligi_ortasi":1,"uzunligi":-1}}] {}
[2024-02-01T17:02:10.036Z] users.findOne {"_id":"65b0b6c5bdc15d31a7e972ad"} {}
[2024-02-01T17:02:10.038Z] products.aggregate [{"$match":{"name":"Kvadrat prut","category":"qwe","qalinligi":14,"qalinligi_ortasi":null,"holati":"Eski","sklad":"659c3af556b27c28015736e2","saled":false}},{"$group":{"_id":{"name":"$name","qalinligi":"$qalinligi","qalinligi_ortasi":"$qalinligi_ortasi","category":"$category","holati":"$holati","olchamlari":"$olchamlari","sklad":"$sklad","uzunligi":"$uzunligi","uzunligi_x":"$uzunligi_x","uzunligi_y":"$uzunligi_y","price":"$price","saledPrice":"$saledPrice","cut":"$cut"},"totalQuantity":{"$sum":"$quantity"},"totalUzunligi":{"$sum":{"$cond":{"if":{"$eq":["$name","List"]},"then":{"$multiply":[1,{"$divide":[{"$multiply":["$uzunligi_x","$uzunligi_y"]},10000]}]},"else":{"$multiply":[1,"$uzunligi"]}}}}}},{"$project":{"_id":0,"name":"$_id.name","qalinligi":"$_id.qalinligi","qalinligi_ortasi":"$_id.qalinligi_ortasi","category":"$_id.category","holati":"$_id.holati","uzunligi":"$_id.uzunligi","uzunligi_x":"$_id.uzunligi_x","uzunligi_y":"$_id.uzunligi_y","sklad":"$_id.sklad","price":"$_id.price","olchamlari":"$_id.olchamlari","saledPrice":"$_id.saledPrice","quantity":"$totalQuantity","totalUzunligi":"$totalUzunligi","cut":"$_id.cut"}},{"$sort":{"category":1,"qalinligi":1,"qalinligi_ortasi":1,"uzunligi":-1}}] {}
[2024-02-01T17:02:53.824Z] users.findOne {"_id":"65b0b6c5bdc15d31a7e972ad"} {}
[2024-02-01T17:02:53.825Z] users.findOne {"_id":"65b0b6c5bdc15d31a7e972ad"} {}
[2024-02-01T17:02:53.843Z] users.findOne {"_id":"65b0b6c5bdc15d31a7e972ad"} {}
[2024-02-01T17:02:53.844Z] users.findOne {"_id":"65b0b6c5bdc15d31a7e972ad"} {}
[2024-02-01T17:02:53.852Z] users.findOne {"_id":"65b0b6c5bdc15d31a7e972ad"} {}
[2024-02-01T17:02:53.853Z] products.aggregate [{"$match":{"sklad":"659c3af556b27c28015736e2","saled":false}},{"$group":{"_id":{"name":"$name","qalinligi":"$qalinligi","qalinligi_ortasi":"$qalinligi_ortasi","category":"$category","holati":"$holati","olchamlari":"$olchamlari","sklad":"$sklad"},"totalQuantity":{"$sum":"$quantity"},"totalUzunligi":{"$sum":{"$cond":{"if":{"$eq":["$name","List"]},"then":{"$multiply":[1,{"$divide":[{"$multiply":["$uzunligi_x","$uzunligi_y"]},10000]}]},"else":{"$multiply":[1,"$uzunligi"]}}}},"minUzunligi":{"$min":"$uzunligi"},"maxUzunligi":{"$max":"$uzunligi"}}},{"$project":{"_id":0,"name":"$_id.name","qalinligi":"$_id.qalinligi","qalinligi_ortasi":"$_id.qalinligi_ortasi","category":"$_id.category","holati":"$_id.holati","uzunligi":"$_id.uzunligi","uzunligi_x":"$_id.uzunligi_x","uzunligi_y":"$_id.uzunligi_y","sklad":"$_id.sklad","price":"$_id.price","olchamlari":"$_id.olchamlari","saledPrice":"$_id.saledPrice","quantity":"$totalQuantity","totalUzunligi":"$totalUzunligi","minUzunligi":"$minUzunligi","maxUzunligi":"$maxUzunligi","cut":"$_id.cut"}},{"$sort":{"category":1,"qalinligi":1,"qalinligi_ortasi":1,"quantity":1}}] {}
[2024-02-01T17:02:53.855Z] users.findOne {"_id":"65b0b6c5bdc15d31a7e972ad"} {}
[2024-02-01T17:02:53.856Z] users.findOne {"_id":"65b0b6c5bdc15d31a7e972ad"} {}
[2024-02-01T17:02:53.866Z] users.findOne {"_id":"65b0b6c5bdc15d31a7e972ad"} {}
[2024-02-01T17:02:53.867Z] users.findOne {"_id":"65b0b6c5bdc15d31a7e972ad"} {}
[2024-02-01T17:02:53.873Z] users.findOne {"_id":"65b0b6c5bdc15d31a7e972ad"} {}
[2024-02-01T17:02:53.875Z] products.aggregate [{"$match":{"sklad":"659c3af556b27c28015736e2","saled":false}},{"$group":{"_id":{"name":"$name","qalinligi":"$qalinligi","qalinligi_ortasi":"$qalinligi_ortasi","category":"$category","holati":"$holati","olchamlari":"$olchamlari","sklad":"$sklad"},"totalQuantity":{"$sum":"$quantity"},"totalUzunligi":{"$sum":{"$cond":{"if":{"$eq":["$name","List"]},"then":{"$multiply":[1,{"$divide":[{"$multiply":["$uzunligi_x","$uzunligi_y"]},10000]}]},"else":{"$multiply":[1,"$uzunligi"]}}}},"minUzunligi":{"$min":"$uzunligi"},"maxUzunligi":{"$max":"$uzunligi"}}},{"$project":{"_id":0,"name":"$_id.name","qalinligi":"$_id.qalinligi","qalinligi_ortasi":"$_id.qalinligi_ortasi","category":"$_id.category","holati":"$_id.holati","uzunligi":"$_id.uzunligi","uzunligi_x":"$_id.uzunligi_x","uzunligi_y":"$_id.uzunligi_y","sklad":"$_id.sklad","price":"$_id.price","olchamlari":"$_id.olchamlari","saledPrice":"$_id.saledPrice","quantity":"$totalQuantity","totalUzunligi":"$totalUzunligi","minUzunligi":"$minUzunligi","maxUzunligi":"$maxUzunligi","cut":"$_id.cut"}},{"$sort":{"category":1,"qalinligi":1,"qalinligi_ortasi":1,"quantity":1}}] {}
[2024-02-01T17:02:53.876Z] users.findOne {"_id":"65b0b6c5bdc15d31a7e972ad"} {}
[2024-02-01T17:02:53.878Z] users.findOne {"_id":"65b0b6c5bdc15d31a7e972ad"} {}
[2024-02-01T17:02:53.898Z] users.findOne {"_id":"65b0b6c5bdc15d31a7e972ad"} {}
[2024-02-01T17:02:53.899Z] products.aggregate [{"$match":{"sklad":"659c3af556b27c28015736e2","saled":false}},{"$group":{"_id":{"name":"$name","qalinligi":"$qalinligi","qalinligi_ortasi":"$qalinligi_ortasi","category":"$category","holati":"$holati","olchamlari":"$olchamlari","sklad":"$sklad"},"totalQuantity":{"$sum":"$quantity"},"totalUzunligi":{"$sum":{"$cond":{"if":{"$eq":["$name","List"]},"then":{"$multiply":[1,{"$divide":[{"$multiply":["$uzunligi_x","$uzunligi_y"]},10000]}]},"else":{"$multiply":[1,"$uzunligi"]}}}},"minUzunligi":{"$min":"$uzunligi"},"maxUzunligi":{"$max":"$uzunligi"}}},{"$project":{"_id":0,"name":"$_id.name","qalinligi":"$_id.qalinligi","qalinligi_ortasi":"$_id.qalinligi_ortasi","category":"$_id.category","holati":"$_id.holati","uzunligi":"$_id.uzunligi","uzunligi_x":"$_id.uzunligi_x","uzunligi_y":"$_id.uzunligi_y","sklad":"$_id.sklad","price":"$_id.price","olchamlari":"$_id.olchamlari","saledPrice":"$_id.saledPrice","quantity":"$totalQuantity","totalUzunligi":"$totalUzunligi","minUzunligi":"$minUzunligi","maxUzunligi":"$maxUzunligi","cut":"$_id.cut"}},{"$sort":{"category":1,"qalinligi":1,"qalinligi_ortasi":1,"quantity":1}}] {}
[2024-02-01T17:02:53.902Z] users.findOne {"_id":"65b0b6c5bdc15d31a7e972ad"} {}
[2024-02-01T17:02:53.903Z] products.aggregate [{"$match":{"sklad":"659c3af556b27c28015736e2","saled":false}},{"$group":{"_id":{"name":"$name","qalinligi":"$qalinligi","qalinligi_ortasi":"$qalinligi_ortasi","category":"$category","holati":"$holati","olchamlari":"$olchamlari","sklad":"$sklad"},"totalQuantity":{"$sum":"$quantity"},"totalUzunligi":{"$sum":{"$cond":{"if":{"$eq":["$name","List"]},"then":{"$multiply":[1,{"$divide":[{"$multiply":["$uzunligi_x","$uzunligi_y"]},10000]}]},"else":{"$multiply":[1,"$uzunligi"]}}}},"minUzunligi":{"$min":"$uzunligi"},"maxUzunligi":{"$max":"$uzunligi"}}},{"$project":{"_id":0,"name":"$_id.name","qalinligi":"$_id.qalinligi","qalinligi_ortasi":"$_id.qalinligi_ortasi","category":"$_id.category","holati":"$_id.holati","uzunligi":"$_id.uzunligi","uzunligi_x":"$_id.uzunligi_x","uzunligi_y":"$_id.uzunligi_y","sklad":"$_id.sklad","price":"$_id.price","olchamlari":"$_id.olchamlari","saledPrice":"$_id.saledPrice","quantity":"$totalQuantity","totalUzunligi":"$totalUzunligi","minUzunligi":"$minUzunligi","maxUzunligi":"$maxUzunligi","cut":"$_id.cut"}},{"$sort":{"category":1,"qalinligi":1,"qalinligi_ortasi":1,"quantity":1}}] {}
[2024-02-01T17:02:53.908Z] users.findOne {"_id":"65b0b6c5bdc15d31a7e972ad"} {}
[2024-02-01T17:02:53.909Z] products.aggregate [{"$match":{"sklad":"659c3af556b27c28015736e2","saled":false}},{"$group":{"_id":{"name":"$name","qalinligi":"$qalinligi","qalinligi_ortasi":"$qalinligi_ortasi","category":"$category","holati":"$holati","olchamlari":"$olchamlari","sklad":"$sklad"},"totalQuantity":{"$sum":"$quantity"},"totalUzunligi":{"$sum":{"$cond":{"if":{"$eq":["$name","List"]},"then":{"$multiply":[1,{"$divide":[{"$multiply":["$uzunligi_x","$uzunligi_y"]},10000]}]},"else":{"$multiply":[1,"$uzunligi"]}}}},"minUzunligi":{"$min":"$uzunligi"},"maxUzunligi":{"$max":"$uzunligi"}}},{"$project":{"_id":0,"name":"$_id.name","qalinligi":"$_id.qalinligi","qalinligi_ortasi":"$_id.qalinligi_ortasi","category":"$_id.category","holati":"$_id.holati","uzunligi":"$_id.uzunligi","uzunligi_x":"$_id.uzunligi_x","uzunligi_y":"$_id.uzunligi_y","sklad":"$_id.sklad","price":"$_id.price","olchamlari":"$_id.olchamlari","saledPrice":"$_id.saledPrice","quantity":"$totalQuantity","totalUzunligi":"$totalUzunligi","minUzunligi":"$minUzunligi","maxUzunligi":"$maxUzunligi","cut":"$_id.cut"}},{"$sort":{"category":1,"qalinligi":1,"qalinligi_ortasi":1,"quantity":1}}] {}
[2024-02-01T17:02:53.937Z] users.findOne {"_id":"65b0b6c5bdc15d31a7e972ad"} {}
[2024-02-01T17:02:53.938Z] users.findOne {"_id":"65b0b6c5bdc15d31a7e972ad"} {}
[2024-02-01T17:02:53.947Z] users.findOne {"_id":"65b0b6c5bdc15d31a7e972ad"} {}
[2024-02-01T17:02:53.948Z] users.findOne {"_id":"65b0b6c5bdc15d31a7e972ad"} {}
[2024-02-01T17:02:53.984Z] users.findOne {"_id":"65b0b6c5bdc15d31a7e972ad"} {}
[2024-02-01T17:02:53.986Z] products.aggregate [{"$match":{"sklad":"659c3af556b27c28015736e2","saled":false}},{"$group":{"_id":{"name":"$name","qalinligi":"$qalinligi","qalinligi_ortasi":"$qalinligi_ortasi","category":"$category","holati":"$holati","olchamlari":"$olchamlari","sklad":"$sklad"},"totalQuantity":{"$sum":"$quantity"},"totalUzunligi":{"$sum":{"$cond":{"if":{"$eq":["$name","List"]},"then":{"$multiply":[1,{"$divide":[{"$multiply":["$uzunligi_x","$uzunligi_y"]},10000]}]},"else":{"$multiply":[1,"$uzunligi"]}}}},"minUzunligi":{"$min":"$uzunligi"},"maxUzunligi":{"$max":"$uzunligi"}}},{"$project":{"_id":0,"name":"$_id.name","qalinligi":"$_id.qalinligi","qalinligi_ortasi":"$_id.qalinligi_ortasi","category":"$_id.category","holati":"$_id.holati","uzunligi":"$_id.uzunligi","uzunligi_x":"$_id.uzunligi_x","uzunligi_y":"$_id.uzunligi_y","sklad":"$_id.sklad","price":"$_id.price","olchamlari":"$_id.olchamlari","saledPrice":"$_id.saledPrice","quantity":"$totalQuantity","totalUzunligi":"$totalUzunligi","minUzunligi":"$minUzunligi","maxUzunligi":"$maxUzunligi","cut":"$_id.cut"}},{"$sort":{"category":1,"qalinligi":1,"qalinligi_ortasi":1,"quantity":1}}] {}
[2024-02-01T17:02:53.989Z] users.findOne {"_id":"65b0b6c5bdc15d31a7e972ad"} {}
[2024-02-01T17:02:53.990Z] products.aggregate [{"$match":{"sklad":"659c3af556b27c28015736e2","saled":false}},{"$group":{"_id":{"name":"$name","qalinligi":"$qalinligi","qalinligi_ortasi":"$qalinligi_ortasi","category":"$category","holati":"$holati","olchamlari":"$olchamlari","sklad":"$sklad"},"totalQuantity":{"$sum":"$quantity"},"totalUzunligi":{"$sum":{"$cond":{"if":{"$eq":["$name","List"]},"then":{"$multiply":[1,{"$divide":[{"$multiply":["$uzunligi_x","$uzunligi_y"]},10000]}]},"else":{"$multiply":[1,"$uzunligi"]}}}},"minUzunligi":{"$min":"$uzunligi"},"maxUzunligi":{"$max":"$uzunligi"}}},{"$project":{"_id":0,"name":"$_id.name","qalinligi":"$_id.qalinligi","qalinligi_ortasi":"$_id.qalinligi_ortasi","category":"$_id.category","holati":"$_id.holati","uzunligi":"$_id.uzunligi","uzunligi_x":"$_id.uzunligi_x","uzunligi_y":"$_id.uzunligi_y","sklad":"$_id.sklad","price":"$_id.price","olchamlari":"$_id.olchamlari","saledPrice":"$_id.saledPrice","quantity":"$totalQuantity","totalUzunligi":"$totalUzunligi","minUzunligi":"$minUzunligi","maxUzunligi":"$maxUzunligi","cut":"$_id.cut"}},{"$sort":{"category":1,"qalinligi":1,"qalinligi_ortasi":1,"quantity":1}}] {}
[2024-02-01T17:03:04.982Z] users.findOne {"_id":"65b0b6c5bdc15d31a7e972ad"} {}
[2024-02-01T17:03:04.984Z] products.aggregate [{"$match":{"name":"List","category":"planka","qalinligi":20,"qalinligi_ortasi":null,"holati":"Eski","sklad":"659c3af556b27c28015736e2","saled":false}},{"$group":{"_id":{"name":"$name","qalinligi":"$qalinligi","qalinligi_ortasi":"$qalinligi_ortasi","category":"$category","holati":"$holati","olchamlari":"$olchamlari","sklad":"$sklad","uzunligi":"$uzunligi","uzunligi_x":"$uzunligi_x","uzunligi_y":"$uzunligi_y","price":"$price","saledPrice":"$saledPrice","cut":"$cut"},"totalQuantity":{"$sum":"$quantity"},"totalUzunligi":{"$sum":{"$cond":{"if":{"$eq":["$name","List"]},"then":{"$multiply":[1,{"$divide":[{"$multiply":["$uzunligi_x","$uzunligi_y"]},10000]}]},"else":{"$multiply":[1,"$uzunligi"]}}}}}},{"$project":{"_id":0,"name":"$_id.name","qalinligi":"$_id.qalinligi","qalinligi_ortasi":"$_id.qalinligi_ortasi","category":"$_id.category","holati":"$_id.holati","uzunligi":"$_id.uzunligi","uzunligi_x":"$_id.uzunligi_x","uzunligi_y":"$_id.uzunligi_y","sklad":"$_id.sklad","price":"$_id.price","olchamlari":"$_id.olchamlari","saledPrice":"$_id.saledPrice","quantity":"$totalQuantity","totalUzunligi":"$totalUzunligi","cut":"$_id.cut"}},{"$sort":{"category":1,"qalinligi":1,"qalinligi_ortasi":1,"uzunligi":-1}}] {}
[2024-02-01T17:13:34.033Z] users.findOne {"_id":"65b0b6c5bdc15d31a7e972ad"} {}
[2024-02-01T17:13:34.035Z] products.aggregate [{"$match":{"name":"List","category":"planka","qalinligi":20,"qalinligi_ortasi":null,"holati":"Eski","sklad":"659c3af556b27c28015736e2","saled":false}},{"$group":{"_id":{"name":"$name","qalinligi":"$qalinligi","qalinligi_ortasi":"$qalinligi_ortasi","category":"$category","holati":"$holati","olchamlari":"$olchamlari","sklad":"$sklad","uzunligi":"$uzunligi","uzunligi_x":"$uzunligi_x","uzunligi_y":"$uzunligi_y","price":"$price","saledPrice":"$saledPrice","cut":"$cut"},"totalQuantity":{"$sum":"$quantity"},"totalUzunligi":{"$sum":{"$cond":{"if":{"$eq":["$name","List"]},"then":{"$multiply":[1,{"$divide":[{"$multiply":["$uzunligi_x","$uzunligi_y"]},10000]}]},"else":{"$multiply":[1,"$uzunligi"]}}}}}},{"$project":{"_id":0,"name":"$_id.name","qalinligi":"$_id.qalinligi","qalinligi_ortasi":"$_id.qalinligi_ortasi","category":"$_id.category","holati":"$_id.holati","uzunligi":"$_id.uzunligi","uzunligi_x":"$_id.uzunligi_x","uzunligi_y":"$_id.uzunligi_y","sklad":"$_id.sklad","price":"$_id.price","olchamlari":"$_id.olchamlari","saledPrice":"$_id.saledPrice","quantity":"$totalQuantity","totalUzunligi":"$totalUzunligi","cut":"$_id.cut"}},{"$sort":{"category":1,"qalinligi":1,"qalinligi_ortasi":1,"uzunligi":-1}}] {}
[2024-02-01T17:13:43.594Z] users.findOne {"_id":"65b0b6c5bdc15d31a7e972ad"} {}
[2024-02-01T17:13:43.595Z] products.aggregate [{"$match":{"name":"Kvadrad profil","category":"qwe","qalinligi":14,"qalinligi_ortasi":null,"holati":"Eski","sklad":"659c3af556b27c28015736e2","saled":false}},{"$group":{"_id":{"name":"$name","qalinligi":"$qalinligi","qalinligi_ortasi":"$qalinligi_ortasi","category":"$category","holati":"$holati","olchamlari":"$olchamlari","sklad":"$sklad","uzunligi":"$uzunligi","uzunligi_x":"$uzunligi_x","uzunligi_y":"$uzunligi_y","price":"$price","saledPrice":"$saledPrice","cut":"$cut"},"totalQuantity":{"$sum":"$quantity"},"totalUzunligi":{"$sum":{"$cond":{"if":{"$eq":["$name","List"]},"then":{"$multiply":[1,{"$divide":[{"$multiply":["$uzunligi_x","$uzunligi_y"]},10000]}]},"else":{"$multiply":[1,"$uzunligi"]}}}}}},{"$project":{"_id":0,"name":"$_id.name","qalinligi":"$_id.qalinligi","qalinligi_ortasi":"$_id.qalinligi_ortasi","category":"$_id.category","holati":"$_id.holati","uzunligi":"$_id.uzunligi","uzunligi_x":"$_id.uzunligi_x","uzunligi_y":"$_id.uzunligi_y","sklad":"$_id.sklad","price":"$_id.price","olchamlari":"$_id.olchamlari","saledPrice":"$_id.saledPrice","quantity":"$totalQuantity","totalUzunligi":"$totalUzunligi","cut":"$_id.cut"}},{"$sort":{"category":1,"qalinligi":1,"qalinligi_ortasi":1,"uzunligi":-1}}] {}
[2024-02-01T17:14:56.718Z] users.findOne {"_id":"65b0b6c5bdc15d31a7e972ad"} {}
[2024-02-01T17:14:56.720Z] products.aggregate [{"$match":{"sklad":"659c3af556b27c28015736e2","saled":false}},{"$group":{"_id":{"name":"$name","qalinligi":"$qalinligi","qalinligi_ortasi":"$qalinligi_ortasi","category":"$category","holati":"$holati","uzunligi":"$uzunligi","uzunligi_x":"$uzunligi_x","olchamlari":"$olchamlari","uzunligi_y":"$uzunligi_y","sklad":"$sklad","price":"$price","saledPrice":"$saledPrice"},"totalQuantity":{"$sum":"$quantity"}}},{"$project":{"_id":0,"name":"$_id.name","qalinligi":"$_id.qalinligi","qalinligi_ortasi":"$_id.qalinligi_ortasi","category":"$_id.category","holati":"$_id.holati","uzunligi":"$_id.uzunligi","uzunligi_x":"$_id.uzunligi_x","uzunligi_y":"$_id.uzunligi_y","sklad":"$_id.sklad","price":"$_id.price","olchamlari":"$_id.olchamlari","saledPrice":"$_id.saledPrice","quantity":"$totalQuantity"}}] {}
[2024-02-01T17:15:40.678Z] users.findOne {"_id":"65b0b6c5bdc15d31a7e972ad"} {}
[2024-02-01T17:15:40.680Z] products.aggregate [{"$match":{"name":"Palasa","category":"qwe","qalinligi":14,"qalinligi_ortasi":null,"holati":"Eski","sklad":"659c3af556b27c28015736e2","saled":false}},{"$group":{"_id":{"name":"$name","qalinligi":"$qalinligi","qalinligi_ortasi":"$qalinligi_ortasi","category":"$category","holati":"$holati","olchamlari":"$olchamlari","sklad":"$sklad","uzunligi":"$uzunligi","uzunligi_x":"$uzunligi_x","uzunligi_y":"$uzunligi_y","price":"$price","saledPrice":"$saledPrice","cut":"$cut"},"totalQuantity":{"$sum":"$quantity"},"totalUzunligi":{"$sum":{"$cond":{"if":{"$eq":["$name","List"]},"then":{"$multiply":[1,{"$divide":[{"$multiply":["$uzunligi_x","$uzunligi_y"]},10000]}]},"else":{"$multiply":[1,"$uzunligi"]}}}}}},{"$project":{"_id":0,"name":"$_id.name","qalinligi":"$_id.qalinligi","qalinligi_ortasi":"$_id.qalinligi_ortasi","category":"$_id.category","holati":"$_id.holati","uzunligi":"$_id.uzunligi","uzunligi_x":"$_id.uzunligi_x","uzunligi_y":"$_id.uzunligi_y","sklad":"$_id.sklad","price":"$_id.price","olchamlari":"$_id.olchamlari","saledPrice":"$_id.saledPrice","quantity":"$totalQuantity","totalUzunligi":"$totalUzunligi","cut":"$_id.cut"}},{"$sort":{"category":1,"qalinligi":1,"qalinligi_ortasi":1,"uzunligi":-1}}] {}
