[2024-02-02T15:32:51.087Z] alerts.find {} {"sort":{"createdAt":-1}}
[2024-02-02T15:32:51.095Z] users.findOne {"_id":"658142dbbb7f725058617715"} {}
[2024-02-02T15:32:51.109Z] users.findOne {"_id":"658142dbbb7f725058617715"} {}
[2024-02-02T15:32:51.128Z] users.findOne {"_id":"658142dbbb7f725058617715"} {}
[2024-02-02T15:32:51.131Z] harajats.aggregate [{"$match":{"date":{"$gte":"2024-01-01T00:00:00.000Z","$lte":"2025-01-01T00:00:00.000Z"}}},{"$group":{"_id":null,"totalAmount":{"$sum":"$amount"}}},{"$project":{"_id":0,"totalAmount":1}}] {}
[2024-02-02T15:32:51.144Z] users.findOne {"_id":"658142dbbb7f725058617715"} {}
[2024-02-02T15:32:51.146Z] products.aggregate [{"$match":{"saled":false}},{"$group":{"_id":null,"totalPrice":{"$sum":{"$cond":{"if":{"$eq":["$name","List"]},"then":{"$multiply":["$price",{"$divide":[{"$multiply":["$uzunligi_x","$uzunligi_y"]},10000]}]},"else":{"$multiply":["$price","$uzunligi"]}}}}}},{"$project":{"_id":0,"totalAmount":"$totalPrice"}}] {}
[2024-02-02T15:32:51.159Z] users.findOne {"_id":"658142dbbb7f725058617715"} {}
[2024-02-02T15:32:51.160Z] debts.aggregate [{"$match":{"active":true}},{"$project":{"totalDebt":{"$subtract":["$allAmount","$payedAmount"]}}},{"$group":{"_id":null,"totalAmount":{"$sum":"$totalDebt"}}}] {}
[2024-02-02T15:32:51.171Z] users.findOne {"_id":"658142dbbb7f725058617715"} {}
[2024-02-02T15:32:51.173Z] products.aggregate [{"$match":{"saled":true,"saledDate":{"$gte":"2024-01-01T00:00:00.000Z","$lte":"2025-01-01T00:00:00.000Z"}}},{"$project":{"totalAmount":{"$sum":{"$multiply":[{"$cond":{"if":{"$eq":["$name","List"]},"then":{"$multiply":[{"$subtract":["$saledPrice","$price"]},{"$cond":{"if":{"$ne":["$uzunligi_x",0]},"then":{"$divide":[{"$multiply":["$uzunligi_x","$uzunligi_y"]},10000]},"else":0}}]},"else":{"$multiply":[{"$subtract":["$saledPrice","$price"]},"$uzunligi"]}}},1]}}}},{"$group":{"_id":null,"totalAmount":{"$sum":"$totalAmount"}}}] {}
[2024-02-02T15:32:51.185Z] users.findOne {"_id":"658142dbbb7f725058617715"} {}
[2024-02-02T15:32:51.187Z] products.aggregate [{"$match":{"saled":true,"saledDate":{"$gte":"2024-01-01T00:00:00.000Z","$lte":"2025-01-01T00:00:00.000Z"}}},{"$group":{"_id":{"year":{"$year":"$saledDate"},"month":{"$month":"$saledDate"},"day":{"$dayOfMonth":"$saledDate"}},"totalAmount":{"$sum":{"$multiply":[{"$cond":{"if":{"$eq":["$name","List"]},"then":{"$multiply":[{"$subtract":["$saledPrice","$price"]},{"$divide":[{"$multiply":["$uzunligi_x","$uzunligi_y"]},10000]}]},"else":{"$multiply":[{"$subtract":["$saledPrice","$price"]},"$uzunligi"]}}},1]}},"totalProducts":{"$sum":1}}},{"$sort":{"_id.year":1,"_id.month":1,"_id.day":1}}] {}
[2024-02-02T15:32:51.197Z] users.findOne {"_id":"658142dbbb7f725058617715"} {}
[2024-02-02T15:32:51.199Z] harajats.aggregate [{"$match":{"date":{"$gte":"2024-01-01T00:00:00.000Z","$lte":"2025-01-01T00:00:00.000Z"}}},{"$group":{"_id":{"year":{"$year":"$date"},"month":{"$month":"$date"},"day":{"$dayOfMonth":"$date"}},"totalAmount":{"$sum":"$amount"}}},{"$sort":{"_id.year":1,"_id.month":1,"_id.day":1}}] {}
[2024-02-02T15:32:54.670Z] users.findOne {"_id":"658142dbbb7f725058617715"} {}
[2024-02-02T15:32:54.672Z] users.findOne {"_id":"658142dbbb7f725058617715"} {}
[2024-02-02T15:32:54.690Z] users.findOne {"_id":"658142dbbb7f725058617715"} {}
[2024-02-02T15:32:54.693Z] sklads.find {"active":true} {}
[2024-02-02T15:32:54.704Z] users.findOne {"_id":"658142dbbb7f725058617715"} {}
[2024-02-02T15:32:54.706Z] sellers.find {"active":true} {}
[2024-02-02T15:32:55.549Z] users.findOne {"_id":"658142dbbb7f725058617715"} {}
[2024-02-02T15:32:55.552Z] users.findOne {"_id":"658142dbbb7f725058617715"} {}
[2024-02-02T15:32:55.622Z] users.findOne {"_id":"658142dbbb7f725058617715"} {}
[2024-02-02T15:32:55.624Z] products.aggregate [{"$match":{"saled":false}},{"$group":{"_id":{"name":"$name","qalinligi":"$qalinligi","qalinligi_ortasi":"$qalinligi_ortasi","category":"$category","holati":"$holati","uzunligi":"$uzunligi","uzunligi_x":"$uzunligi_x","olchamlari":"$olchamlari","uzunligi_y":"$uzunligi_y","sklad":"$sklad","price":"$price","saledPrice":"$saledPrice","cut":"$cut"},"totalQuantity":{"$sum":"$quantity"}}},{"$project":{"name":"$_id.name","qalinligi":"$_id.qalinligi","qalinligi_ortasi":"$_id.qalinligi_ortasi","category":"$_id.category","holati":"$_id.holati","uzunligi":"$_id.uzunligi","uzunligi_x":"$_id.uzunligi_x","uzunligi_y":"$_id.uzunligi_y","sklad":"$_id.sklad","price":"$_id.price","olchamlari":"$_id.olchamlari","saledPrice":"$_id.saledPrice","quantity":"$totalQuantity","cut":"$_id.cut"}},{"$sort":{"name":1,"category":1,"qalinligi":1,"qalinligi_ortasi":1,"quantity":1,"uzunligi":1,"uzunligi_x":1,"uzunligi_y":1,"saledPrice":1}}] {}
[2024-02-02T15:32:55.639Z] users.findOne {"_id":"658142dbbb7f725058617715"} {}
[2024-02-02T15:32:55.640Z] sklads.find {} {}
[2024-02-02T15:32:56.466Z] users.findOne {"_id":"658142dbbb7f725058617715"} {}
[2024-02-02T15:32:56.468Z] users.findOne {"_id":"658142dbbb7f725058617715"} {}
[2024-02-02T15:32:56.477Z] users.findOne {"_id":"658142dbbb7f725058617715"} {}
[2024-02-02T15:32:56.479Z] sklads.find {"active":true} {}
[2024-02-02T15:32:56.480Z] products.aggregate [{"$match":{"saled":false,"sklad":"659c3af556b27c28015736e2"}},{"$group":{"_id":null,"totalPrice":{"$sum":{"$cond":{"if":{"$eq":["$name","List"]},"then":{"$multiply":["$price",{"$divide":[{"$multiply":["$uzunligi_x","$uzunligi_y"]},10000]}]},"else":{"$multiply":["$price","$uzunligi"]}}}}}},{"$project":{"_id":0,"totalAmount":"$totalPrice"}}] {}
[2024-02-02T15:32:56.481Z] products.aggregate [{"$match":{"saled":false,"sklad":"65b09b96182be560d671f45f"}},{"$group":{"_id":null,"totalPrice":{"$sum":{"$cond":{"if":{"$eq":["$name","List"]},"then":{"$multiply":["$price",{"$divide":[{"$multiply":["$uzunligi_x","$uzunligi_y"]},10000]}]},"else":{"$multiply":["$price","$uzunligi"]}}}}}},{"$project":{"_id":0,"totalAmount":"$totalPrice"}}] {}
[2024-02-02T15:32:56.481Z] products.aggregate [{"$match":{"saled":false,"sklad":"65b212882c5673dd8a0ba63c"}},{"$group":{"_id":null,"totalPrice":{"$sum":{"$cond":{"if":{"$eq":["$name","List"]},"then":{"$multiply":["$price",{"$divide":[{"$multiply":["$uzunligi_x","$uzunligi_y"]},10000]}]},"else":{"$multiply":["$price","$uzunligi"]}}}}}},{"$project":{"_id":0,"totalAmount":"$totalPrice"}}] {}
[2024-02-02T15:32:57.607Z] users.findOne {"_id":"658142dbbb7f725058617715"} {}
[2024-02-02T15:32:57.609Z] users.findOne {"_id":"658142dbbb7f725058617715"} {}
[2024-02-02T15:32:57.630Z] users.findOne {"_id":"658142dbbb7f725058617715"} {}
[2024-02-02T15:32:57.631Z] sellers.find {"active":true} {}
[2024-02-02T15:32:58.308Z] users.findOne {"_id":"658142dbbb7f725058617715"} {}
[2024-02-02T15:32:58.309Z] users.findOne {"_id":"658142dbbb7f725058617715"} {}
[2024-02-02T15:32:58.358Z] users.findOne {"_id":"658142dbbb7f725058617715"} {}
[2024-02-02T15:32:58.360Z] clients.find {} {}
[2024-02-02T15:32:58.995Z] users.findOne {"_id":"658142dbbb7f725058617715"} {}
[2024-02-02T15:32:58.997Z] users.findOne {"_id":"658142dbbb7f725058617715"} {}
[2024-02-02T15:32:59.018Z] users.findOne {"_id":"658142dbbb7f725058617715"} {}
[2024-02-02T15:32:59.020Z] harajats.find {} {"sort":{"_id":-1},"limit":100}
[2024-02-02T15:32:59.025Z] sklads.find {"_id":{"$in":["65b09b96182be560d671f45f","659c3af556b27c28015736e2"]}} {}
[2024-02-02T15:32:59.036Z] users.findOne {"_id":"658142dbbb7f725058617715"} {}
[2024-02-02T15:32:59.037Z] sklads.find {"active":true} {}
[2024-02-02T15:32:59.710Z] users.findOne {"_id":"658142dbbb7f725058617715"} {}
[2024-02-02T15:32:59.711Z] users.findOne {"_id":"658142dbbb7f725058617715"} {}
[2024-02-02T15:32:59.739Z] users.findOne {"_id":"658142dbbb7f725058617715"} {}
[2024-02-02T15:32:59.741Z] sklads.find {"active":true} {}
[2024-02-02T15:32:59.771Z] users.findOne {"_id":"658142dbbb7f725058617715"} {}
[2024-02-02T15:32:59.776Z] harajats.aggregate [{"$match":{"date":{"$gte":"2024-01-26T15:32:59.745Z","$lte":"2024-02-02T15:32:59.745Z"}}},{"$group":{"_id":{"year":{"$year":"$date"},"month":{"$month":"$date"},"day":{"$dayOfMonth":"$date"}},"totalAmount":{"$sum":"$amount"},"totalRecords":{"$sum":1}}},{"$sort":{"_id.year":1,"_id.month":1,"_id.day":1}}] {}
[2024-02-02T15:32:59.777Z] products.aggregate [{"$match":{"date":{"$gte":"2024-01-26T15:32:59.745Z","$lte":"2024-02-02T15:32:59.745Z"}}},{"$group":{"_id":{"year":{"$year":"$date"},"month":{"$month":"$date"},"day":{"$dayOfMonth":"$date"}},"totalAmount":{"$sum":{"$multiply":[{"$cond":{"if":{"$eq":["$name","List"]},"then":{"$multiply":["$price",{"$divide":[{"$multiply":["$uzunligi_x","$uzunligi_y"]},10000]}]},"else":{"$multiply":["$price","$uzunligi"]}}}]}},"totalProducts":{"$sum":1}}},{"$sort":{"_id.year":1,"_id.month":1,"_id.day":1}}] {}
[2024-02-02T15:32:59.779Z] products.aggregate [{"$match":{"date":{"$gte":"2024-01-26T15:32:59.745Z","$lte":"2024-02-02T15:32:59.745Z"},"saled":true}},{"$group":{"_id":{"year":{"$year":"$saledDate"},"month":{"$month":"$saledDate"},"day":{"$dayOfMonth":"$saledDate"}},"totalAmount":{"$sum":{"$multiply":[{"$cond":{"if":{"$eq":["$name","List"]},"then":{"$multiply":[{"$subtract":["$saledPrice","$price"]},{"$divide":[{"$multiply":["$uzunligi_x","$uzunligi_y"]},10000]}]},"else":{"$multiply":[{"$subtract":["$saledPrice","$price"]},"$uzunligi"]}}},1]}},"totalProducts":{"$sum":1}}},{"$sort":{"_id.year":1,"_id.month":1,"_id.day":1}}] {}
[2024-02-02T15:32:59.781Z] products.aggregate [{"$match":{"date":{"$gte":"2024-01-26T15:32:59.745Z","$lte":"2024-02-02T15:32:59.745Z"},"saled":true}},{"$group":{"_id":{"year":{"$year":"$saledDate"},"month":{"$month":"$saledDate"},"day":{"$dayOfMonth":"$saledDate"}},"totalAmount":{"$sum":{"$multiply":[{"$cond":{"if":{"$eq":["$name","List"]},"then":{"$multiply":["$saledPrice",{"$divide":[{"$multiply":["$uzunligi_x","$uzunligi_y"]},10000]}]},"else":{"$multiply":["$saledPrice","$uzunligi"]}}}]}},"totalProducts":{"$sum":1}}},{"$sort":{"_id.year":1,"_id.month":1,"_id.day":1}}] {}
[2024-02-02T15:33:03.602Z] users.findOne {"_id":"658142dbbb7f725058617715"} {}
[2024-02-02T15:33:03.604Z] harajats.aggregate [{"$match":{"date":{"$gte":"2024-01-26T15:32:59.745Z","$lte":"2024-02-02T15:32:59.745Z"},"sklad":"659c3af556b27c28015736e2"}},{"$group":{"_id":{"year":{"$year":"$date"},"month":{"$month":"$date"},"day":{"$dayOfMonth":"$date"}},"totalAmount":{"$sum":"$amount"},"totalRecords":{"$sum":1}}},{"$sort":{"_id.year":1,"_id.month":1,"_id.day":1}}] {}
[2024-02-02T15:33:03.605Z] products.aggregate [{"$match":{"date":{"$gte":"2024-01-26T15:32:59.745Z","$lte":"2024-02-02T15:32:59.745Z"},"sklad":"659c3af556b27c28015736e2"}},{"$group":{"_id":{"year":{"$year":"$date"},"month":{"$month":"$date"},"day":{"$dayOfMonth":"$date"}},"totalAmount":{"$sum":{"$multiply":[{"$cond":{"if":{"$eq":["$name","List"]},"then":{"$multiply":["$price",{"$divide":[{"$multiply":["$uzunligi_x","$uzunligi_y"]},10000]}]},"else":{"$multiply":["$price","$uzunligi"]}}}]}},"totalProducts":{"$sum":1}}},{"$sort":{"_id.year":1,"_id.month":1,"_id.day":1}}] {}
[2024-02-02T15:33:03.607Z] products.aggregate [{"$match":{"date":{"$gte":"2024-01-26T15:32:59.745Z","$lte":"2024-02-02T15:32:59.745Z"},"sklad":"659c3af556b27c28015736e2","saled":true}},{"$group":{"_id":{"year":{"$year":"$saledDate"},"month":{"$month":"$saledDate"},"day":{"$dayOfMonth":"$saledDate"}},"totalAmount":{"$sum":{"$multiply":[{"$cond":{"if":{"$eq":["$name","List"]},"then":{"$multiply":[{"$subtract":["$saledPrice","$price"]},{"$divide":[{"$multiply":["$uzunligi_x","$uzunligi_y"]},10000]}]},"else":{"$multiply":[{"$subtract":["$saledPrice","$price"]},"$uzunligi"]}}},1]}},"totalProducts":{"$sum":1}}},{"$sort":{"_id.year":1,"_id.month":1,"_id.day":1}}] {}
[2024-02-02T15:33:03.609Z] products.aggregate [{"$match":{"date":{"$gte":"2024-01-26T15:32:59.745Z","$lte":"2024-02-02T15:32:59.745Z"},"sklad":"659c3af556b27c28015736e2","saled":true}},{"$group":{"_id":{"year":{"$year":"$saledDate"},"month":{"$month":"$saledDate"},"day":{"$dayOfMonth":"$saledDate"}},"totalAmount":{"$sum":{"$multiply":[{"$cond":{"if":{"$eq":["$name","List"]},"then":{"$multiply":["$saledPrice",{"$divide":[{"$multiply":["$uzunligi_x","$uzunligi_y"]},10000]}]},"else":{"$multiply":["$saledPrice","$uzunligi"]}}}]}},"totalProducts":{"$sum":1}}},{"$sort":{"_id.year":1,"_id.month":1,"_id.day":1}}] {}
[2024-02-02T15:33:12.848Z] users.findOne {"login":"admin2"} {}
[2024-02-02T15:33:17.259Z] alerts.find {} {"sort":{"createdAt":-1}}
[2024-02-02T15:33:17.262Z] users.findOne {"_id":"65b0b6c5bdc15d31a7e972ad"} {}
[2024-02-02T15:33:17.265Z] users.findOne {"_id":"65b0b6c5bdc15d31a7e972ad"} {}
[2024-02-02T15:33:17.592Z] users.findOne {"_id":"65b0b6c5bdc15d31a7e972ad"} {}
[2024-02-02T15:33:17.594Z] users.findOne {"_id":"65b0b6c5bdc15d31a7e972ad"} {}
[2024-02-02T15:33:17.607Z] users.findOne {"_id":"65b0b6c5bdc15d31a7e972ad"} {}
[2024-02-02T15:33:17.609Z] sklads.find {"active":true} {}
[2024-02-02T15:33:21.465Z] users.findOne {"_id":"65b0b6c5bdc15d31a7e972ad"} {}
[2024-02-02T15:33:21.466Z] users.findOne {"_id":"65b0b6c5bdc15d31a7e972ad"} {}
[2024-02-02T15:33:21.479Z] users.findOne {"_id":"65b0b6c5bdc15d31a7e972ad"} {}
[2024-02-02T15:33:21.481Z] products.aggregate [{"$match":{"sklad":"659c3af556b27c28015736e2","saled":false}},{"$group":{"_id":{"name":"$name","qalinligi":"$qalinligi","qalinligi_ortasi":"$qalinligi_ortasi","category":"$category","holati":"$holati","olchamlari":"$olchamlari","sklad":"$sklad"},"totalQuantity":{"$sum":"$quantity"},"totalUzunligi":{"$sum":{"$cond":{"if":{"$eq":["$name","List"]},"then":{"$multiply":[1,{"$divide":[{"$multiply":["$uzunligi_x","$uzunligi_y"]},10000]}]},"else":{"$multiply":[1,"$uzunligi"]}}}},"minUzunligi":{"$min":"$uzunligi"},"maxUzunligi":{"$max":"$uzunligi"}}},{"$project":{"_id":0,"name":"$_id.name","qalinligi":"$_id.qalinligi","qalinligi_ortasi":"$_id.qalinligi_ortasi","category":"$_id.category","holati":"$_id.holati","uzunligi":"$_id.uzunligi","uzunligi_x":"$_id.uzunligi_x","uzunligi_y":"$_id.uzunligi_y","sklad":"$_id.sklad","price":"$_id.price","olchamlari":"$_id.olchamlari","saledPrice":"$_id.saledPrice","quantity":"$totalQuantity","totalUzunligi":"$totalUzunligi","minUzunligi":"$minUzunligi","maxUzunligi":"$maxUzunligi","cut":"$_id.cut"}},{"$sort":{"category":1,"qalinligi":1,"qalinligi_ortasi":1,"quantity":1}}] {}
[2024-02-02T15:33:24.894Z] users.findOne {"_id":"65b0b6c5bdc15d31a7e972ad"} {}
[2024-02-02T15:33:24.896Z] products.aggregate [{"$match":{"name":"Palasa","category":"qwe","qalinligi":14,"qalinligi_ortasi":null,"holati":"Eski","sklad":"659c3af556b27c28015736e2","saled":false}},{"$group":{"_id":{"name":"$name","qalinligi":"$qalinligi","qalinligi_ortasi":"$qalinligi_ortasi","category":"$category","holati":"$holati","olchamlari":"$olchamlari","sklad":"$sklad","uzunligi":"$uzunligi","uzunligi_x":"$uzunligi_x","uzunligi_y":"$uzunligi_y","price":"$price","saledPrice":"$saledPrice","cut":"$cut"},"totalQuantity":{"$sum":"$quantity"},"totalUzunligi":{"$sum":{"$cond":{"if":{"$eq":["$name","List"]},"then":{"$multiply":[1,{"$divide":[{"$multiply":["$uzunligi_x","$uzunligi_y"]},10000]}]},"else":{"$multiply":[1,"$uzunligi"]}}}}}},{"$project":{"_id":0,"name":"$_id.name","qalinligi":"$_id.qalinligi","qalinligi_ortasi":"$_id.qalinligi_ortasi","category":"$_id.category","holati":"$_id.holati","uzunligi":"$_id.uzunligi","uzunligi_x":"$_id.uzunligi_x","uzunligi_y":"$_id.uzunligi_y","sklad":"$_id.sklad","price":"$_id.price","olchamlari":"$_id.olchamlari","saledPrice":"$_id.saledPrice","quantity":"$totalQuantity","totalUzunligi":"$totalUzunligi","cut":"$_id.cut"}},{"$sort":{"category":1,"qalinligi":1,"qalinligi_ortasi":1,"uzunligi":-1}}] {}
[2024-02-02T15:33:31.012Z] users.findOne {"_id":"65b0b6c5bdc15d31a7e972ad"} {}
[2024-02-02T15:33:31.014Z] users.findOne {"_id":"65b0b6c5bdc15d31a7e972ad"} {}
[2024-02-02T15:33:31.024Z] users.findOne {"_id":"65b0b6c5bdc15d31a7e972ad"} {}
[2024-02-02T15:33:31.025Z] sklads.find {"active":true} {}
[2024-02-02T15:33:31.993Z] users.findOne {"_id":"65b0b6c5bdc15d31a7e972ad"} {}
[2024-02-02T15:33:31.994Z] users.findOne {"_id":"65b0b6c5bdc15d31a7e972ad"} {}
[2024-02-02T15:33:32.008Z] users.findOne {"_id":"65b0b6c5bdc15d31a7e972ad"} {}
[2024-02-02T15:33:32.010Z] products.aggregate [{"$match":{"sklad":"65b09b96182be560d671f45f","saled":false}},{"$group":{"_id":{"name":"$name","qalinligi":"$qalinligi","qalinligi_ortasi":"$qalinligi_ortasi","category":"$category","holati":"$holati","olchamlari":"$olchamlari","sklad":"$sklad"},"totalQuantity":{"$sum":"$quantity"},"totalUzunligi":{"$sum":{"$cond":{"if":{"$eq":["$name","List"]},"then":{"$multiply":[1,{"$divide":[{"$multiply":["$uzunligi_x","$uzunligi_y"]},10000]}]},"else":{"$multiply":[1,"$uzunligi"]}}}},"minUzunligi":{"$min":"$uzunligi"},"maxUzunligi":{"$max":"$uzunligi"}}},{"$project":{"_id":0,"name":"$_id.name","qalinligi":"$_id.qalinligi","qalinligi_ortasi":"$_id.qalinligi_ortasi","category":"$_id.category","holati":"$_id.holati","uzunligi":"$_id.uzunligi","uzunligi_x":"$_id.uzunligi_x","uzunligi_y":"$_id.uzunligi_y","sklad":"$_id.sklad","price":"$_id.price","olchamlari":"$_id.olchamlari","saledPrice":"$_id.saledPrice","quantity":"$totalQuantity","totalUzunligi":"$totalUzunligi","minUzunligi":"$minUzunligi","maxUzunligi":"$maxUzunligi","cut":"$_id.cut"}},{"$sort":{"category":1,"qalinligi":1,"qalinligi_ortasi":1,"quantity":1}}] {}
[2024-02-02T15:33:32.569Z] users.findOne {"_id":"65b0b6c5bdc15d31a7e972ad"} {}
[2024-02-02T15:33:32.571Z] users.findOne {"_id":"65b0b6c5bdc15d31a7e972ad"} {}
[2024-02-02T15:33:32.584Z] users.findOne {"_id":"65b0b6c5bdc15d31a7e972ad"} {}
[2024-02-02T15:33:32.585Z] sklads.find {"active":true} {}
[2024-02-02T15:46:20.279Z] users.findOne {"_id":"65b0b6c5bdc15d31a7e972ad"} {}
[2024-02-02T15:46:20.281Z] users.findOne {"_id":"65b0b6c5bdc15d31a7e972ad"} {}
[2024-02-02T15:46:20.292Z] users.findOne {"_id":"65b0b6c5bdc15d31a7e972ad"} {}
[2024-02-02T15:46:20.294Z] products.aggregate [{"$match":{"sklad":"659c3af556b27c28015736e2","saled":false}},{"$group":{"_id":{"name":"$name","qalinligi":"$qalinligi","qalinligi_ortasi":"$qalinligi_ortasi","category":"$category","holati":"$holati","olchamlari":"$olchamlari","sklad":"$sklad"},"totalQuantity":{"$sum":"$quantity"},"totalUzunligi":{"$sum":{"$cond":{"if":{"$eq":["$name","List"]},"then":{"$multiply":[1,{"$divide":[{"$multiply":["$uzunligi_x","$uzunligi_y"]},10000]}]},"else":{"$multiply":[1,"$uzunligi"]}}}},"minUzunligi":{"$min":"$uzunligi"},"maxUzunligi":{"$max":"$uzunligi"}}},{"$project":{"_id":0,"name":"$_id.name","qalinligi":"$_id.qalinligi","qalinligi_ortasi":"$_id.qalinligi_ortasi","category":"$_id.category","holati":"$_id.holati","uzunligi":"$_id.uzunligi","uzunligi_x":"$_id.uzunligi_x","uzunligi_y":"$_id.uzunligi_y","sklad":"$_id.sklad","price":"$_id.price","olchamlari":"$_id.olchamlari","saledPrice":"$_id.saledPrice","quantity":"$totalQuantity","totalUzunligi":"$totalUzunligi","minUzunligi":"$minUzunligi","maxUzunligi":"$maxUzunligi","cut":"$_id.cut"}},{"$sort":{"category":1,"qalinligi":1,"qalinligi_ortasi":1,"quantity":1}}] {}
[2024-02-02T15:46:21.550Z] users.findOne {"_id":"65b0b6c5bdc15d31a7e972ad"} {}
[2024-02-02T15:46:21.552Z] users.findOne {"_id":"65b0b6c5bdc15d31a7e972ad"} {}
[2024-02-02T15:46:21.564Z] users.findOne {"_id":"65b0b6c5bdc15d31a7e972ad"} {}
[2024-02-02T15:46:21.566Z] sklads.find {"active":true} {}
[2024-02-02T15:46:24.700Z] users.findOne {"login":"admin"} {}
[2024-02-02T15:46:26.602Z] alerts.find {} {"sort":{"createdAt":-1}}
[2024-02-02T15:46:26.604Z] users.findOne {"_id":"658142dbbb7f725058617715"} {}
[2024-02-02T15:46:26.606Z] users.findOne {"_id":"658142dbbb7f725058617715"} {}
[2024-02-02T15:46:27.051Z] alerts.find {} {"sort":{"createdAt":-1}}
[2024-02-02T15:46:27.053Z] users.findOne {"_id":"658142dbbb7f725058617715"} {}
[2024-02-02T15:46:27.055Z] users.findOne {"_id":"658142dbbb7f725058617715"} {}
[2024-02-02T15:46:27.065Z] users.findOne {"_id":"658142dbbb7f725058617715"} {}
[2024-02-02T15:46:27.067Z] harajats.aggregate [{"$match":{"date":{"$gte":"2024-01-01T00:00:00.000Z","$lte":"2025-01-01T00:00:00.000Z"}}},{"$group":{"_id":null,"totalAmount":{"$sum":"$amount"}}},{"$project":{"_id":0,"totalAmount":1}}] {}
[2024-02-02T15:46:27.079Z] users.findOne {"_id":"658142dbbb7f725058617715"} {}
[2024-02-02T15:46:27.081Z] products.aggregate [{"$match":{"saled":false}},{"$group":{"_id":null,"totalPrice":{"$sum":{"$cond":{"if":{"$eq":["$name","List"]},"then":{"$multiply":["$price",{"$divide":[{"$multiply":["$uzunligi_x","$uzunligi_y"]},10000]}]},"else":{"$multiply":["$price","$uzunligi"]}}}}}},{"$project":{"_id":0,"totalAmount":"$totalPrice"}}] {}
[2024-02-02T15:46:27.101Z] users.findOne {"_id":"658142dbbb7f725058617715"} {}
[2024-02-02T15:46:27.103Z] debts.aggregate [{"$match":{"active":true}},{"$project":{"totalDebt":{"$subtract":["$allAmount","$payedAmount"]}}},{"$group":{"_id":null,"totalAmount":{"$sum":"$totalDebt"}}}] {}
[2024-02-02T15:46:27.118Z] users.findOne {"_id":"658142dbbb7f725058617715"} {}
[2024-02-02T15:46:27.119Z] products.aggregate [{"$match":{"saled":true,"saledDate":{"$gte":"2024-01-01T00:00:00.000Z","$lte":"2025-01-01T00:00:00.000Z"}}},{"$project":{"totalAmount":{"$sum":{"$multiply":[{"$cond":{"if":{"$eq":["$name","List"]},"then":{"$multiply":[{"$subtract":["$saledPrice","$price"]},{"$cond":{"if":{"$ne":["$uzunligi_x",0]},"then":{"$divide":[{"$multiply":["$uzunligi_x","$uzunligi_y"]},10000]},"else":0}}]},"else":{"$multiply":[{"$subtract":["$saledPrice","$price"]},"$uzunligi"]}}},1]}}}},{"$group":{"_id":null,"totalAmount":{"$sum":"$totalAmount"}}}] {}
[2024-02-02T15:46:27.131Z] users.findOne {"_id":"658142dbbb7f725058617715"} {}
[2024-02-02T15:46:27.132Z] products.aggregate [{"$match":{"saled":true,"saledDate":{"$gte":"2024-01-01T00:00:00.000Z","$lte":"2025-01-01T00:00:00.000Z"}}},{"$group":{"_id":{"year":{"$year":"$saledDate"},"month":{"$month":"$saledDate"},"day":{"$dayOfMonth":"$saledDate"}},"totalAmount":{"$sum":{"$multiply":[{"$cond":{"if":{"$eq":["$name","List"]},"then":{"$multiply":[{"$subtract":["$saledPrice","$price"]},{"$divide":[{"$multiply":["$uzunligi_x","$uzunligi_y"]},10000]}]},"else":{"$multiply":[{"$subtract":["$saledPrice","$price"]},"$uzunligi"]}}},1]}},"totalProducts":{"$sum":1}}},{"$sort":{"_id.year":1,"_id.month":1,"_id.day":1}}] {}
[2024-02-02T15:46:27.144Z] users.findOne {"_id":"658142dbbb7f725058617715"} {}
[2024-02-02T15:46:27.146Z] harajats.aggregate [{"$match":{"date":{"$gte":"2024-01-01T00:00:00.000Z","$lte":"2025-01-01T00:00:00.000Z"}}},{"$group":{"_id":{"year":{"$year":"$date"},"month":{"$month":"$date"},"day":{"$dayOfMonth":"$date"}},"totalAmount":{"$sum":"$amount"}}},{"$sort":{"_id.year":1,"_id.month":1,"_id.day":1}}] {}
[2024-02-02T15:46:43.453Z] users.findOne {"_id":"658142dbbb7f725058617715"} {}
[2024-02-02T15:46:43.455Z] products.aggregate [{"$match":{"name":"Dvuxtavr","saled":false,"category":{},"olchamlari":{}}},{"$group":{"_id":{"name":"$name","qalinligi":"$qalinligi","qalinligi_ortasi":"$qalinligi_ortasi","category":"$category","holati":"$holati","olchamlari":"$olchamlari","sklad":"$sklad"},"totalQuantity":{"$sum":"$quantity"},"totalUzunligi":{"$sum":{"$cond":{"if":{"$eq":["$name","List"]},"then":{"$multiply":[1,{"$divide":[{"$multiply":["$uzunligi_x","$uzunligi_y"]},10000]}]},"else":{"$multiply":[1,"$uzunligi"]}}}},"minUzunligi":{"$min":"$uzunligi"},"maxUzunligi":{"$max":"$uzunligi"}}},{"$project":{"_id":0,"name":"$_id.name","qalinligi":"$_id.qalinligi","qalinligi_ortasi":"$_id.qalinligi_ortasi","category":"$_id.category","holati":"$_id.holati","sklad":"$_id.sklad","olchamlari":"$_id.olchamlari","saledPrice":"$_id.saledPrice","quantity":"$totalQuantity","totalUzunligi":"$totalUzunligi","minUzunligi":"$minUzunligi","maxUzunligi":"$maxUzunligi"}},{"$sort":{"category":1,"qalinligi":1,"qalinligi_ortasi":1,"quantity":1}}] {}
[2024-02-02T15:46:43.459Z] sklads.find {"_id":{"$in":["65b09b96182be560d671f45f"]}} {}
[2024-02-02T15:46:50.643Z] users.findOne {"_id":"658142dbbb7f725058617715"} {}
[2024-02-02T15:46:50.645Z] products.aggregate [{"$match":{"name":"Shvellir","saled":false,"category":{},"olchamlari":{}}},{"$group":{"_id":{"name":"$name","qalinligi":"$qalinligi","qalinligi_ortasi":"$qalinligi_ortasi","category":"$category","holati":"$holati","olchamlari":"$olchamlari","sklad":"$sklad"},"totalQuantity":{"$sum":"$quantity"},"totalUzunligi":{"$sum":{"$cond":{"if":{"$eq":["$name","List"]},"then":{"$multiply":[1,{"$divide":[{"$multiply":["$uzunligi_x","$uzunligi_y"]},10000]}]},"else":{"$multiply":[1,"$uzunligi"]}}}},"minUzunligi":{"$min":"$uzunligi"},"maxUzunligi":{"$max":"$uzunligi"}}},{"$project":{"_id":0,"name":"$_id.name","qalinligi":"$_id.qalinligi","qalinligi_ortasi":"$_id.qalinligi_ortasi","category":"$_id.category","holati":"$_id.holati","sklad":"$_id.sklad","olchamlari":"$_id.olchamlari","saledPrice":"$_id.saledPrice","quantity":"$totalQuantity","totalUzunligi":"$totalUzunligi","minUzunligi":"$minUzunligi","maxUzunligi":"$maxUzunligi"}},{"$sort":{"category":1,"qalinligi":1,"qalinligi_ortasi":1,"quantity":1}}] {}
[2024-02-02T15:46:50.647Z] sklads.find {"_id":{"$in":["65b212882c5673dd8a0ba63c"]}} {}
[2024-02-02T15:46:56.397Z] users.findOne {"_id":"658142dbbb7f725058617715"} {}
[2024-02-02T15:46:56.399Z] products.aggregate [{"$match":{"name":"Ugalok","saled":false,"category":{},"olchamlari":{}}},{"$group":{"_id":{"name":"$name","qalinligi":"$qalinligi","qalinligi_ortasi":"$qalinligi_ortasi","category":"$category","holati":"$holati","olchamlari":"$olchamlari","sklad":"$sklad"},"totalQuantity":{"$sum":"$quantity"},"totalUzunligi":{"$sum":{"$cond":{"if":{"$eq":["$name","List"]},"then":{"$multiply":[1,{"$divide":[{"$multiply":["$uzunligi_x","$uzunligi_y"]},10000]}]},"else":{"$multiply":[1,"$uzunligi"]}}}},"minUzunligi":{"$min":"$uzunligi"},"maxUzunligi":{"$max":"$uzunligi"}}},{"$project":{"_id":0,"name":"$_id.name","qalinligi":"$_id.qalinligi","qalinligi_ortasi":"$_id.qalinligi_ortasi","category":"$_id.category","holati":"$_id.holati","sklad":"$_id.sklad","olchamlari":"$_id.olchamlari","saledPrice":"$_id.saledPrice","quantity":"$totalQuantity","totalUzunligi":"$totalUzunligi","minUzunligi":"$minUzunligi","maxUzunligi":"$maxUzunligi"}},{"$sort":{"category":1,"qalinligi":1,"qalinligi_ortasi":1,"quantity":1}}] {}
[2024-02-02T15:47:00.722Z] users.findOne {"_id":"658142dbbb7f725058617715"} {}
[2024-02-02T15:47:00.723Z] products.aggregate [{"$match":{"name":"Armatura","saled":false,"category":{},"olchamlari":{}}},{"$group":{"_id":{"name":"$name","qalinligi":"$qalinligi","qalinligi_ortasi":"$qalinligi_ortasi","category":"$category","holati":"$holati","olchamlari":"$olchamlari","sklad":"$sklad"},"totalQuantity":{"$sum":"$quantity"},"totalUzunligi":{"$sum":{"$cond":{"if":{"$eq":["$name","List"]},"then":{"$multiply":[1,{"$divide":[{"$multiply":["$uzunligi_x","$uzunligi_y"]},10000]}]},"else":{"$multiply":[1,"$uzunligi"]}}}},"minUzunligi":{"$min":"$uzunligi"},"maxUzunligi":{"$max":"$uzunligi"}}},{"$project":{"_id":0,"name":"$_id.name","qalinligi":"$_id.qalinligi","qalinligi_ortasi":"$_id.qalinligi_ortasi","category":"$_id.category","holati":"$_id.holati","sklad":"$_id.sklad","olchamlari":"$_id.olchamlari","saledPrice":"$_id.saledPrice","quantity":"$totalQuantity","totalUzunligi":"$totalUzunligi","minUzunligi":"$minUzunligi","maxUzunligi":"$maxUzunligi"}},{"$sort":{"category":1,"qalinligi":1,"qalinligi_ortasi":1,"quantity":1}}] {}
[2024-02-02T15:47:00.726Z] sklads.find {"_id":{"$in":["65b09b96182be560d671f45f"]}} {}
[2024-02-02T15:47:00.783Z] users.findOne {"_id":"658142dbbb7f725058617715"} {}
[2024-02-02T15:47:00.785Z] products.aggregate [{"$match":{"name":"Armatura","saled":false,"category":{},"olchamlari":{}}},{"$group":{"_id":{"name":"$name","qalinligi":"$qalinligi","qalinligi_ortasi":"$qalinligi_ortasi","category":"$category","holati":"$holati","olchamlari":"$olchamlari","sklad":"$sklad"},"totalQuantity":{"$sum":"$quantity"},"totalUzunligi":{"$sum":{"$cond":{"if":{"$eq":["$name","List"]},"then":{"$multiply":[1,{"$divide":[{"$multiply":["$uzunligi_x","$uzunligi_y"]},10000]}]},"else":{"$multiply":[1,"$uzunligi"]}}}},"minUzunligi":{"$min":"$uzunligi"},"maxUzunligi":{"$max":"$uzunligi"}}},{"$project":{"_id":0,"name":"$_id.name","qalinligi":"$_id.qalinligi","qalinligi_ortasi":"$_id.qalinligi_ortasi","category":"$_id.category","holati":"$_id.holati","sklad":"$_id.sklad","olchamlari":"$_id.olchamlari","saledPrice":"$_id.saledPrice","quantity":"$totalQuantity","totalUzunligi":"$totalUzunligi","minUzunligi":"$minUzunligi","maxUzunligi":"$maxUzunligi"}},{"$sort":{"category":1,"qalinligi":1,"qalinligi_ortasi":1,"quantity":1}}] {}
[2024-02-02T15:47:00.788Z] sklads.find {"_id":{"$in":["65b09b96182be560d671f45f"]}} {}
