[2024-01-08T18:55:11.931Z] users.findOne {"_id":"658142dbbb7f725058617715"} {}
[2024-01-08T18:55:11.940Z] users.findOne {"_id":"658142dbbb7f725058617715"} {}
[2024-01-08T18:55:11.952Z] alerts.find {} {"sort":{"createdAt":-1}}
[2024-01-08T18:55:11.956Z] users.findOne {"_id":"658142dbbb7f725058617715"} {}
[2024-01-08T18:55:11.968Z] users.find {"_id":{"$in":["658142dbbb7f725058617715"]}} {}
[2024-01-08T18:55:11.988Z] users.findOne {"_id":"658142dbbb7f725058617715"} {}
[2024-01-08T18:55:11.991Z] harajats.find {} {"sort":{"_id":-1},"limit":100}
[2024-01-08T18:55:21.063Z] users.findOne {"_id":"658142dbbb7f725058617715"} {}
[2024-01-08T18:55:21.065Z] harajats.findOne {"_id":"659c447616cbe2e7520c8445"} {}
[2024-01-08T18:55:21.075Z] harajathistorydeleteds.insertOne {"user":"658142dbbb7f725058617715","deletedFrom":{"name":"Test","amount":12000},"_id":"659c4519d72ec91ef61e7e6a","createdAt":"2024-01-08T18:55:21.073Z","updatedAt":"2024-01-08T18:55:21.073Z","__v":0} {}
[2024-01-08T18:55:21.078Z] harajats.deleteOne {"_id":"659c447616cbe2e7520c8445"} {}
[2024-01-08T18:55:22.884Z] users.findOne {"_id":"658142dbbb7f725058617715"} {}
[2024-01-08T18:55:22.887Z] users.findOne {"_id":"658142dbbb7f725058617715"} {}
[2024-01-08T18:55:22.890Z] alerts.find {} {"sort":{"createdAt":-1}}
[2024-01-08T18:55:22.891Z] users.findOne {"_id":"658142dbbb7f725058617715"} {}
[2024-01-08T18:55:22.894Z] users.find {"_id":{"$in":["658142dbbb7f725058617715"]}} {}
[2024-01-08T18:55:22.909Z] users.findOne {"_id":"658142dbbb7f725058617715"} {}
[2024-01-08T18:55:22.911Z] harajats.find {} {"sort":{"_id":-1},"limit":100}
[2024-01-08T18:55:53.025Z] users.findOne {"_id":"658142dbbb7f725058617715"} {}
[2024-01-08T18:55:53.026Z] users.findOne {"_id":"658142dbbb7f725058617715"} {}
[2024-01-08T18:55:53.039Z] users.findOne {"_id":"658142dbbb7f725058617715"} {}
[2024-01-08T18:55:53.041Z] clients.find {} {}
[2024-01-08T18:55:53.706Z] users.findOne {"_id":"658142dbbb7f725058617715"} {}
[2024-01-08T18:55:53.708Z] users.findOne {"_id":"658142dbbb7f725058617715"} {}
[2024-01-08T18:55:53.731Z] users.findOne {"_id":"658142dbbb7f725058617715"} {}
[2024-01-08T18:55:53.732Z] harajats.find {} {"sort":{"_id":-1},"limit":100}
[2024-01-08T18:55:58.824Z] users.findOne {"_id":"658142dbbb7f725058617715"} {}
[2024-01-08T18:55:58.826Z] harajats.find {"date":{"$gte":"2024-01-01T00:00:00.000Z","$lte":"2024-12-31T23:59:59.999Z"}} {}
[2024-01-08T18:55:58.840Z] harajats.find {"date":{"$gte":"2024-01-01T00:00:00.000Z","$lte":"2024-01-31T23:59:59.999Z"}} {}
[2024-01-08T18:55:58.842Z] harajats.find {"date":{"$gte":"2024-01-01T18:55:58.842Z","$lte":"2024-01-08T18:55:58.842Z"}} {}
[2024-01-08T18:56:30.127Z] users.findOne {"_id":"658142dbbb7f725058617715"} {}
[2024-01-08T18:56:30.129Z] harajats.find {"name":{},"date":{"$gte":"2024-01-01T18:56:00.000Z","$lte":"2024-01-07T18:56:00.000Z"}} {"sort":{"_id":-1},"limit":100}
[2024-01-08T18:56:44.509Z] users.findOne {"_id":"658142dbbb7f725058617715"} {}
[2024-01-08T18:56:44.511Z] harajats.find {"name":{},"date":{"$gte":"2023-10-01T18:56:00.000Z","$lte":"2024-01-08T18:56:00.000Z"}} {"sort":{"_id":-1},"limit":100}
[2024-01-08T18:56:49.671Z] users.findOne {"_id":"658142dbbb7f725058617715"} {}
[2024-01-08T18:56:49.673Z] harajats.find {"date":{"$gte":"2023-10-01T18:56:00.000Z","$lte":"2024-01-08T18:56:00.000Z"}} {}
[2024-01-08T18:56:58.835Z] users.findOne {"_id":"658142dbbb7f725058617715"} {}
[2024-01-08T18:56:58.836Z] harajats.find {"date":{"$gte":"2024-01-01T00:00:00.000Z","$lte":"2024-12-31T23:59:59.999Z"}} {}
[2024-01-08T18:56:58.837Z] harajats.find {"date":{"$gte":"2024-01-01T00:00:00.000Z","$lte":"2024-01-31T23:59:59.999Z"}} {}
[2024-01-08T18:56:58.839Z] harajats.find {"date":{"$gte":"2024-01-01T18:56:58.838Z","$lte":"2024-01-08T18:56:58.839Z"}} {}
[2024-01-08T18:57:25.567Z] users.findOne {"_id":"658142dbbb7f725058617715"} {}
[2024-01-08T18:57:25.569Z] users.findOne {"_id":"658142dbbb7f725058617715"} {}
[2024-01-08T18:57:25.582Z] users.findOne {"_id":"658142dbbb7f725058617715"} {}
[2024-01-08T18:57:25.585Z] products.aggregate [{"$match":{"saled":false}},{"$group":{"_id":{"name":"$name","qalinligi":"$qalinligi","qalinligi_ortasi":"$qalinligi_ortasi","category":"$category","holati":"$holati","uzunligi":"$uzunligi","uzunligi_x":"$uzunligi_x","olchamlari":"$olchamlari","uzunligi_y":"$uzunligi_y","sklad":"$sklad","price":"$price","saledPrice":"$saledPrice","cut":"$cut"},"totalQuantity":{"$sum":"$quantity"}}},{"$project":{"name":"$_id.name","qalinligi":"$_id.qalinligi","qalinligi_ortasi":"$_id.qalinligi_ortasi","category":"$_id.category","holati":"$_id.holati","uzunligi":"$_id.uzunligi","uzunligi_x":"$_id.uzunligi_x","uzunligi_y":"$_id.uzunligi_y","sklad":"$_id.sklad","price":"$_id.price","olchamlari":"$_id.olchamlari","saledPrice":"$_id.saledPrice","quantity":"$totalQuantity","cut":"$_id.cut"}}] {}
[2024-01-08T18:57:25.600Z] users.findOne {"_id":"658142dbbb7f725058617715"} {}
[2024-01-08T18:57:25.603Z] sklads.find {} {}
[2024-01-08T18:57:38.680Z] users.findOne {"_id":"658142dbbb7f725058617715"} {}
[2024-01-08T18:57:38.682Z] users.findOne {"_id":"658142dbbb7f725058617715"} {}
[2024-01-08T18:57:38.692Z] users.findOne {"_id":"658142dbbb7f725058617715"} {}
[2024-01-08T18:57:38.694Z] sellers.find {} {}
[2024-01-08T18:57:39.566Z] users.findOne {"_id":"658142dbbb7f725058617715"} {}
[2024-01-08T18:57:39.568Z] users.findOne {"_id":"658142dbbb7f725058617715"} {}
[2024-01-08T18:57:39.589Z] users.findOne {"_id":"658142dbbb7f725058617715"} {}
[2024-01-08T18:57:39.592Z] sklads.find {"active":true} {}
[2024-01-08T18:57:40.874Z] users.findOne {"_id":"658142dbbb7f725058617715"} {}
[2024-01-08T18:57:40.876Z] users.findOne {"_id":"658142dbbb7f725058617715"} {}
[2024-01-08T18:57:40.890Z] users.findOne {"_id":"658142dbbb7f725058617715"} {}
[2024-01-08T18:57:40.891Z] sellers.find {} {}
[2024-01-08T18:57:47.870Z] users.findOne {"_id":"658142dbbb7f725058617715"} {}
[2024-01-08T18:57:47.872Z] sellers.insertOne {"name":"Akbar","phone":"12345678","_id":"659c45abd72ec91ef61e7e9d","date":"2024-01-08T18:57:47.872Z","createdAt":"2024-01-08T18:57:47.872Z","updatedAt":"2024-01-08T18:57:47.872Z","__v":0} {}
[2024-01-08T18:57:48.673Z] users.findOne {"_id":"658142dbbb7f725058617715"} {}
[2024-01-08T18:57:48.675Z] users.findOne {"_id":"658142dbbb7f725058617715"} {}
[2024-01-08T18:57:48.676Z] alerts.find {} {"sort":{"createdAt":-1}}
[2024-01-08T18:57:48.677Z] users.findOne {"_id":"658142dbbb7f725058617715"} {}
[2024-01-08T18:57:48.679Z] users.find {"_id":{"$in":["658142dbbb7f725058617715"]}} {}
[2024-01-08T18:57:48.687Z] users.findOne {"_id":"658142dbbb7f725058617715"} {}
[2024-01-08T18:57:48.689Z] sellers.find {} {}
[2024-01-08T18:57:50.338Z] users.findOne {"_id":"658142dbbb7f725058617715"} {}
[2024-01-08T18:57:50.339Z] sellers.findOne {"_id":"659c45abd72ec91ef61e7e9d"} {}
[2024-01-08T18:57:50.349Z] users.findOne {"_id":"658142dbbb7f725058617715"} {}
[2024-01-08T18:57:50.351Z] users.findOne {"_id":"658142dbbb7f725058617715"} {}
[2024-01-08T18:57:50.352Z] products.aggregate [{"$match":{"saledSeller":"659c45abd72ec91ef61e7e9d","saled":true,"saledDate":{"$exists":true,"$gte":"2024-01-01T18:57:50.342Z","$lte":"2024-01-08T18:57:50.342Z"}}},{"$group":{"_id":{"year":{"$year":"$saledDate"},"month":{"$month":"$saledDate"},"day":{"$dayOfMonth":"$saledDate"}},"totalAmount":{"$sum":{"$multiply":[{"$cond":{"if":{"$eq":["$name","List"]},"then":{"$multiply":[{"$subtract":["$saledPrice","$price"]},{"$divide":[{"$multiply":["$uzunligi_x","$uzunligi_y"]},10000]}]},"else":{"$multiply":[{"$subtract":["$saledPrice","$price"]},"$uzunligi"]}}},1]}},"totalProducts":{"$sum":1}}},{"$sort":{"_id.year":1,"_id.month":1,"_id.day":1}}] {}
[2024-01-08T18:57:50.353Z] products.aggregate [{"$match":{"saledSeller":"659c45abd72ec91ef61e7e9d","saled":true,"saledDate":{"$exists":true,"$gte":"2024-01-01T18:57:50.342Z","$lte":"2024-01-08T18:57:50.342Z"}}},{"$group":{"_id":{"year":{"$year":"$saledDate"},"month":{"$month":"$saledDate"},"day":{"$dayOfMonth":"$saledDate"}},"totalAmount":{"$sum":{"$multiply":[{"$cond":{"if":{"$eq":["$name","List"]},"then":{"$multiply":[{"$subtract":["$saledPrice","$price"]},{"$divide":[{"$multiply":["$uzunligi_x","$uzunligi_y"]},10000]}]},"else":{"$multiply":[{"$subtract":["$saledPrice","$price"]},"$uzunligi"]}}},1]}},"totalProducts":{"$sum":1}}},{"$sort":{"_id.year":1,"_id.month":1,"_id.day":1}}] {}
[2024-01-08T18:57:50.354Z] products.aggregate [{"$match":{"sellerId":"659c45abd72ec91ef61e7e9d","date":{"$exists":true,"$type":"date","$gte":"2024-01-01T18:57:50.342Z","$lte":"2024-01-08T18:57:50.342Z"}}},{"$group":{"_id":{"year":{"$year":"$date"},"month":{"$month":"$date"},"day":{"$dayOfMonth":"$date"}},"totalAmount":{"$sum":{"$cond":{"if":{"$eq":["$name","List"]},"then":{"$multiply":["$price",{"$divide":[{"$multiply":["$uzunligi_x","$uzunligi_y"]},10000]}]},"else":{"$multiply":["$price","$uzunligi"]}}}},"totalProducts":{"$sum":1}}},{"$sort":{"_id.year":1,"_id.month":1,"_id.day":1}}] {}
[2024-01-08T18:57:50.354Z] products.aggregate [{"$match":{"sellerId":"659c45abd72ec91ef61e7e9d","date":{"$exists":true,"$type":"date","$gte":"2024-01-01T18:57:50.342Z","$lte":"2024-01-08T18:57:50.342Z"}}},{"$group":{"_id":{"year":{"$year":"$date"},"month":{"$month":"$date"},"day":{"$dayOfMonth":"$date"}},"totalAmount":{"$sum":{"$cond":{"if":{"$eq":["$name","List"]},"then":{"$multiply":["$price",{"$divide":[{"$multiply":["$uzunligi_x","$uzunligi_y"]},10000]}]},"else":{"$multiply":["$price","$uzunligi"]}}}},"totalProducts":{"$sum":1}}},{"$sort":{"_id.year":1,"_id.month":1,"_id.day":1}}] {}
[2024-01-08T18:57:54.504Z] users.findOne {"_id":"658142dbbb7f725058617715"} {}
[2024-01-08T18:57:54.505Z] users.findOne {"_id":"658142dbbb7f725058617715"} {}
[2024-01-08T18:57:54.515Z] users.findOne {"_id":"658142dbbb7f725058617715"} {}
[2024-01-08T18:57:54.517Z] products.aggregate [{"$match":{"saled":false}},{"$group":{"_id":{"name":"$name","qalinligi":"$qalinligi","qalinligi_ortasi":"$qalinligi_ortasi","category":"$category","holati":"$holati","uzunligi":"$uzunligi","uzunligi_x":"$uzunligi_x","olchamlari":"$olchamlari","uzunligi_y":"$uzunligi_y","sklad":"$sklad","price":"$price","saledPrice":"$saledPrice","cut":"$cut"},"totalQuantity":{"$sum":"$quantity"}}},{"$project":{"name":"$_id.name","qalinligi":"$_id.qalinligi","qalinligi_ortasi":"$_id.qalinligi_ortasi","category":"$_id.category","holati":"$_id.holati","uzunligi":"$_id.uzunligi","uzunligi_x":"$_id.uzunligi_x","uzunligi_y":"$_id.uzunligi_y","sklad":"$_id.sklad","price":"$_id.price","olchamlari":"$_id.olchamlari","saledPrice":"$_id.saledPrice","quantity":"$totalQuantity","cut":"$_id.cut"}}] {}
[2024-01-08T18:57:54.527Z] users.findOne {"_id":"658142dbbb7f725058617715"} {}
[2024-01-08T18:57:54.528Z] sklads.find {} {}
[2024-01-08T18:58:18.426Z] users.findOne {"_id":"658142dbbb7f725058617715"} {}
[2024-01-08T18:58:18.428Z] users.findOne {"_id":"658142dbbb7f725058617715"} {}
[2024-01-08T18:58:18.439Z] users.findOne {"_id":"658142dbbb7f725058617715"} {}
[2024-01-08T18:58:18.441Z] sellers.find {} {}
[2024-01-08T18:58:20.693Z] users.findOne {"_id":"658142dbbb7f725058617715"} {}
[2024-01-08T18:58:20.694Z] sellers.findOne {"_id":"659a5f60e5a2fca71c85f227"} {}
[2024-01-08T18:58:20.705Z] users.findOne {"_id":"658142dbbb7f725058617715"} {}
[2024-01-08T18:58:20.707Z] users.findOne {"_id":"658142dbbb7f725058617715"} {}
[2024-01-08T18:58:20.707Z] products.aggregate [{"$match":{"saledSeller":"659a5f60e5a2fca71c85f227","saled":true,"saledDate":{"$exists":true,"$gte":"2024-01-01T18:58:20.698Z","$lte":"2024-01-08T18:58:20.698Z"}}},{"$group":{"_id":{"year":{"$year":"$saledDate"},"month":{"$month":"$saledDate"},"day":{"$dayOfMonth":"$saledDate"}},"totalAmount":{"$sum":{"$multiply":[{"$cond":{"if":{"$eq":["$name","List"]},"then":{"$multiply":[{"$subtract":["$saledPrice","$price"]},{"$divide":[{"$multiply":["$uzunligi_x","$uzunligi_y"]},10000]}]},"else":{"$multiply":[{"$subtract":["$saledPrice","$price"]},"$uzunligi"]}}},1]}},"totalProducts":{"$sum":1}}},{"$sort":{"_id.year":1,"_id.month":1,"_id.day":1}}] {}
[2024-01-08T18:58:20.708Z] products.aggregate [{"$match":{"saledSeller":"659a5f60e5a2fca71c85f227","saled":true,"saledDate":{"$exists":true,"$gte":"2024-01-01T18:58:20.698Z","$lte":"2024-01-08T18:58:20.698Z"}}},{"$group":{"_id":{"year":{"$year":"$saledDate"},"month":{"$month":"$saledDate"},"day":{"$dayOfMonth":"$saledDate"}},"totalAmount":{"$sum":{"$multiply":[{"$cond":{"if":{"$eq":["$name","List"]},"then":{"$multiply":[{"$subtract":["$saledPrice","$price"]},{"$divide":[{"$multiply":["$uzunligi_x","$uzunligi_y"]},10000]}]},"else":{"$multiply":[{"$subtract":["$saledPrice","$price"]},"$uzunligi"]}}},1]}},"totalProducts":{"$sum":1}}},{"$sort":{"_id.year":1,"_id.month":1,"_id.day":1}}] {}
[2024-01-08T18:58:20.709Z] products.aggregate [{"$match":{"sellerId":"659a5f60e5a2fca71c85f227","date":{"$exists":true,"$type":"date","$gte":"2024-01-01T18:58:20.698Z","$lte":"2024-01-08T18:58:20.698Z"}}},{"$group":{"_id":{"year":{"$year":"$date"},"month":{"$month":"$date"},"day":{"$dayOfMonth":"$date"}},"totalAmount":{"$sum":{"$cond":{"if":{"$eq":["$name","List"]},"then":{"$multiply":["$price",{"$divide":[{"$multiply":["$uzunligi_x","$uzunligi_y"]},10000]}]},"else":{"$multiply":["$price","$uzunligi"]}}}},"totalProducts":{"$sum":1}}},{"$sort":{"_id.year":1,"_id.month":1,"_id.day":1}}] {}
[2024-01-08T18:58:20.710Z] products.aggregate [{"$match":{"sellerId":"659a5f60e5a2fca71c85f227","date":{"$exists":true,"$type":"date","$gte":"2024-01-01T18:58:20.698Z","$lte":"2024-01-08T18:58:20.698Z"}}},{"$group":{"_id":{"year":{"$year":"$date"},"month":{"$month":"$date"},"day":{"$dayOfMonth":"$date"}},"totalAmount":{"$sum":{"$cond":{"if":{"$eq":["$name","List"]},"then":{"$multiply":["$price",{"$divide":[{"$multiply":["$uzunligi_x","$uzunligi_y"]},10000]}]},"else":{"$multiply":["$price","$uzunligi"]}}}},"totalProducts":{"$sum":1}}},{"$sort":{"_id.year":1,"_id.month":1,"_id.day":1}}] {}
[2024-01-08T18:58:21.726Z] users.findOne {"_id":"658142dbbb7f725058617715"} {}
[2024-01-08T18:58:21.727Z] users.findOne {"_id":"658142dbbb7f725058617715"} {}
[2024-01-08T18:58:21.753Z] users.findOne {"_id":"658142dbbb7f725058617715"} {}
[2024-01-08T18:58:21.754Z] sellers.find {} {}
[2024-01-08T18:58:22.592Z] users.findOne {"_id":"658142dbbb7f725058617715"} {}
[2024-01-08T18:58:22.593Z] sellers.findOne {"_id":"659c45abd72ec91ef61e7e9d"} {}
[2024-01-08T18:58:22.602Z] users.findOne {"_id":"658142dbbb7f725058617715"} {}
[2024-01-08T18:58:22.605Z] users.findOne {"_id":"658142dbbb7f725058617715"} {}
[2024-01-08T18:58:22.606Z] products.aggregate [{"$match":{"saledSeller":"659c45abd72ec91ef61e7e9d","saled":true,"saledDate":{"$exists":true,"$gte":"2024-01-01T18:58:22.596Z","$lte":"2024-01-08T18:58:22.596Z"}}},{"$group":{"_id":{"year":{"$year":"$saledDate"},"month":{"$month":"$saledDate"},"day":{"$dayOfMonth":"$saledDate"}},"totalAmount":{"$sum":{"$multiply":[{"$cond":{"if":{"$eq":["$name","List"]},"then":{"$multiply":[{"$subtract":["$saledPrice","$price"]},{"$divide":[{"$multiply":["$uzunligi_x","$uzunligi_y"]},10000]}]},"else":{"$multiply":[{"$subtract":["$saledPrice","$price"]},"$uzunligi"]}}},1]}},"totalProducts":{"$sum":1}}},{"$sort":{"_id.year":1,"_id.month":1,"_id.day":1}}] {}
[2024-01-08T18:58:22.607Z] products.aggregate [{"$match":{"saledSeller":"659c45abd72ec91ef61e7e9d","saled":true,"saledDate":{"$exists":true,"$gte":"2024-01-01T18:58:22.596Z","$lte":"2024-01-08T18:58:22.596Z"}}},{"$group":{"_id":{"year":{"$year":"$saledDate"},"month":{"$month":"$saledDate"},"day":{"$dayOfMonth":"$saledDate"}},"totalAmount":{"$sum":{"$multiply":[{"$cond":{"if":{"$eq":["$name","List"]},"then":{"$multiply":[{"$subtract":["$saledPrice","$price"]},{"$divide":[{"$multiply":["$uzunligi_x","$uzunligi_y"]},10000]}]},"else":{"$multiply":[{"$subtract":["$saledPrice","$price"]},"$uzunligi"]}}},1]}},"totalProducts":{"$sum":1}}},{"$sort":{"_id.year":1,"_id.month":1,"_id.day":1}}] {}
[2024-01-08T18:58:22.608Z] products.aggregate [{"$match":{"sellerId":"659c45abd72ec91ef61e7e9d","date":{"$exists":true,"$type":"date","$gte":"2024-01-01T18:58:22.596Z","$lte":"2024-01-08T18:58:22.596Z"}}},{"$group":{"_id":{"year":{"$year":"$date"},"month":{"$month":"$date"},"day":{"$dayOfMonth":"$date"}},"totalAmount":{"$sum":{"$cond":{"if":{"$eq":["$name","List"]},"then":{"$multiply":["$price",{"$divide":[{"$multiply":["$uzunligi_x","$uzunligi_y"]},10000]}]},"else":{"$multiply":["$price","$uzunligi"]}}}},"totalProducts":{"$sum":1}}},{"$sort":{"_id.year":1,"_id.month":1,"_id.day":1}}] {}
[2024-01-08T18:58:22.609Z] products.aggregate [{"$match":{"sellerId":"659c45abd72ec91ef61e7e9d","date":{"$exists":true,"$type":"date","$gte":"2024-01-01T18:58:22.596Z","$lte":"2024-01-08T18:58:22.596Z"}}},{"$group":{"_id":{"year":{"$year":"$date"},"month":{"$month":"$date"},"day":{"$dayOfMonth":"$date"}},"totalAmount":{"$sum":{"$cond":{"if":{"$eq":["$name","List"]},"then":{"$multiply":["$price",{"$divide":[{"$multiply":["$uzunligi_x","$uzunligi_y"]},10000]}]},"else":{"$multiply":["$price","$uzunligi"]}}}},"totalProducts":{"$sum":1}}},{"$sort":{"_id.year":1,"_id.month":1,"_id.day":1}}] {}
[2024-01-08T18:58:23.229Z] users.findOne {"_id":"658142dbbb7f725058617715"} {}
[2024-01-08T18:58:23.231Z] users.findOne {"_id":"658142dbbb7f725058617715"} {}
[2024-01-08T18:58:23.256Z] users.findOne {"_id":"658142dbbb7f725058617715"} {}
[2024-01-08T18:58:23.258Z] sellers.find {} {}
[2024-01-08T18:58:24.923Z] users.findOne {"_id":"658142dbbb7f725058617715"} {}
[2024-01-08T18:58:24.925Z] users.findOne {"_id":"658142dbbb7f725058617715"} {}
[2024-01-08T18:58:24.936Z] users.findOne {"_id":"658142dbbb7f725058617715"} {}
[2024-01-08T18:58:24.938Z] sklads.find {"active":true} {}
[2024-01-08T18:59:38.493Z] users.findOne {"_id":"658142dbbb7f725058617715"} {}
[2024-01-08T18:59:38.495Z] users.findOne {"_id":"658142dbbb7f725058617715"} {}
[2024-01-08T18:59:38.508Z] users.findOne {"_id":"658142dbbb7f725058617715"} {}
[2024-01-08T18:59:38.510Z] products.aggregate [{"$match":{"saled":false}},{"$group":{"_id":{"name":"$name","qalinligi":"$qalinligi","qalinligi_ortasi":"$qalinligi_ortasi","category":"$category","holati":"$holati","uzunligi":"$uzunligi","uzunligi_x":"$uzunligi_x","olchamlari":"$olchamlari","uzunligi_y":"$uzunligi_y","sklad":"$sklad","price":"$price","saledPrice":"$saledPrice","cut":"$cut"},"totalQuantity":{"$sum":"$quantity"}}},{"$project":{"name":"$_id.name","qalinligi":"$_id.qalinligi","qalinligi_ortasi":"$_id.qalinligi_ortasi","category":"$_id.category","holati":"$_id.holati","uzunligi":"$_id.uzunligi","uzunligi_x":"$_id.uzunligi_x","uzunligi_y":"$_id.uzunligi_y","sklad":"$_id.sklad","price":"$_id.price","olchamlari":"$_id.olchamlari","saledPrice":"$_id.saledPrice","quantity":"$totalQuantity","cut":"$_id.cut"}}] {}
[2024-01-08T18:59:38.524Z] users.findOne {"_id":"658142dbbb7f725058617715"} {}
[2024-01-08T18:59:38.526Z] sklads.find {} {}
[2024-01-08T18:59:39.325Z] users.findOne {"_id":"658142dbbb7f725058617715"} {}
[2024-01-08T18:59:39.327Z] users.findOne {"_id":"658142dbbb7f725058617715"} {}
[2024-01-08T18:59:39.352Z] users.findOne {"_id":"658142dbbb7f725058617715"} {}
[2024-01-08T18:59:39.353Z] sklads.find {"active":true} {}
[2024-01-08T18:59:39.364Z] users.findOne {"_id":"658142dbbb7f725058617715"} {}
[2024-01-08T18:59:39.365Z] sellers.find {} {}
[2024-01-08T18:59:40.727Z] users.findOne {"_id":"658142dbbb7f725058617715"} {}
[2024-01-08T18:59:40.729Z] users.findOne {"_id":"658142dbbb7f725058617715"} {}
[2024-01-08T18:59:40.743Z] users.findOne {"_id":"658142dbbb7f725058617715"} {}
[2024-01-08T18:59:40.744Z] sellers.find {} {}
[2024-01-08T18:59:41.524Z] users.findOne {"_id":"658142dbbb7f725058617715"} {}
[2024-01-08T18:59:41.525Z] users.findOne {"_id":"658142dbbb7f725058617715"} {}
[2024-01-08T18:59:41.548Z] users.findOne {"_id":"658142dbbb7f725058617715"} {}
[2024-01-08T18:59:41.549Z] clients.find {} {}
[2024-01-08T18:59:42.365Z] users.findOne {"_id":"658142dbbb7f725058617715"} {}
[2024-01-08T18:59:42.367Z] users.findOne {"_id":"658142dbbb7f725058617715"} {}
[2024-01-08T18:59:42.388Z] users.findOne {"_id":"658142dbbb7f725058617715"} {}
[2024-01-08T18:59:42.390Z] harajats.find {} {"sort":{"_id":-1},"limit":100}
[2024-01-08T18:59:48.282Z] users.findOne {"_id":"658142dbbb7f725058617715"} {}
[2024-01-08T18:59:48.283Z] users.findOne {"_id":"658142dbbb7f725058617715"} {}
[2024-01-08T18:59:48.292Z] users.findOne {"_id":"658142dbbb7f725058617715"} {}
[2024-01-08T18:59:48.294Z] users.find {} {"sort":{"_id":-1}}
[2024-01-08T18:59:59.414Z] users.findOne {"_id":"658142dbbb7f725058617715"} {}
[2024-01-08T18:59:59.417Z] users.findOne {"_id":"658142dbbb7f725058617715"} {}
[2024-01-08T18:59:59.418Z] alerts.find {} {"sort":{"createdAt":-1}}
[2024-01-08T18:59:59.419Z] users.findOne {"_id":"658142dbbb7f725058617715"} {}
[2024-01-08T18:59:59.421Z] users.find {"_id":{"$in":["658142dbbb7f725058617715"]}} {}
[2024-01-08T18:59:59.432Z] users.findOne {"_id":"658142dbbb7f725058617715"} {}
[2024-01-08T18:59:59.433Z] users.find {} {"sort":{"_id":-1}}
