[2024-01-11T06:03:28.472Z] users.findOne {"login":"admin"} {}
[2024-01-11T06:05:00.297Z] alerts.deleteMany {"createdAt":{"$lt":"2024-01-08T06:05:00.296Z"}} {}
[2024-01-11T06:10:00.457Z] alerts.deleteMany {"createdAt":{"$lt":"2024-01-08T06:10:00.457Z"}} {}
[2024-01-11T06:15:00.598Z] alerts.deleteMany {"createdAt":{"$lt":"2024-01-08T06:15:00.598Z"}} {}
[2024-01-11T06:20:00.742Z] alerts.deleteMany {"createdAt":{"$lt":"2024-01-08T06:20:00.741Z"}} {}
[2024-01-11T06:25:00.872Z] alerts.deleteMany {"createdAt":{"$lt":"2024-01-08T06:25:00.872Z"}} {}
[2024-01-11T06:35:00.167Z] alerts.deleteMany {"createdAt":{"$lt":"2024-01-08T06:35:00.167Z"}} {}
[2024-01-11T06:45:00.391Z] alerts.deleteMany {"createdAt":{"$lt":"2024-01-08T06:45:00.391Z"}} {}
[2024-01-11T06:55:00.092Z] alerts.deleteMany {"createdAt":{"$lt":"2024-01-08T06:55:00.090Z"}} {}
[2024-01-11T07:00:00.239Z] alerts.deleteMany {"createdAt":{"$lt":"2024-01-08T07:00:00.238Z"}} {}
[2024-01-11T07:10:00.208Z] alerts.deleteMany {"createdAt":{"$lt":"2024-01-08T07:10:00.207Z"}} {}
[2024-01-11T07:15:00.374Z] alerts.deleteMany {"createdAt":{"$lt":"2024-01-08T07:15:00.374Z"}} {}
[2024-01-11T07:25:00.304Z] alerts.deleteMany {"createdAt":{"$lt":"2024-01-08T07:25:00.304Z"}} {}
[2024-01-11T07:30:00.497Z] alerts.deleteMany {"createdAt":{"$lt":"2024-01-08T07:30:00.487Z"}} {}
[2024-01-11T07:30:04.686Z] users.findOne {"_id":"658142dbbb7f725058617715"} {}
[2024-01-11T07:30:04.698Z] users.findOne {"_id":"658142dbbb7f725058617715"} {}
[2024-01-11T07:30:04.735Z] alerts.find {} {"sort":{"createdAt":-1}}
[2024-01-11T07:30:04.741Z] users.findOne {"_id":"658142dbbb7f725058617715"} {}
[2024-01-11T07:30:04.756Z] users.find {"_id":{"$in":["658142dbbb7f725058617715"]}} {}
[2024-01-11T07:30:07.643Z] users.findOne {"_id":"658142dbbb7f725058617715"} {}
[2024-01-11T07:30:07.648Z] users.findOne {"_id":"658142dbbb7f725058617715"} {}
[2024-01-11T07:30:07.652Z] alerts.find {} {"sort":{"createdAt":-1}}
[2024-01-11T07:30:07.656Z] users.findOne {"_id":"658142dbbb7f725058617715"} {}
[2024-01-11T07:30:07.663Z] users.find {"_id":{"$in":["658142dbbb7f725058617715"]}} {}
[2024-01-11T07:30:07.679Z] users.findOne {"_id":"658142dbbb7f725058617715"} {}
[2024-01-11T07:30:07.684Z] harajats.aggregate [{"$match":{"date":{"$gte":"2024-01-01T00:00:00.000Z","$lte":"2025-01-01T00:00:00.000Z"}}},{"$group":{"_id":null,"totalAmount":{"$sum":"$amount"}}},{"$project":{"_id":0,"totalAmount":1}}] {}
[2024-01-11T07:30:07.757Z] users.findOne {"_id":"658142dbbb7f725058617715"} {}
[2024-01-11T07:30:07.760Z] products.aggregate [{"$match":{"saled":false}},{"$group":{"_id":null,"totalPrice":{"$sum":{"$cond":{"if":{"$eq":["$name","List"]},"then":{"$multiply":["$price",{"$divide":[{"$multiply":["$uzunligi_x","$uzunligi_y"]},10000]}]},"else":{"$multiply":["$price","$uzunligi"]}}}}}},{"$project":{"_id":0,"totalAmount":"$totalPrice"}}] {}
[2024-01-11T07:30:07.803Z] users.findOne {"_id":"658142dbbb7f725058617715"} {}
[2024-01-11T07:30:07.806Z] debts.aggregate [{"$match":{"active":true}},{"$project":{"totalDebt":{"$subtract":["$allAmount","$payedAmount"]}}},{"$group":{"_id":null,"totalAmount":{"$sum":"$totalDebt"}}}] {}
[2024-01-11T07:30:07.867Z] users.findOne {"_id":"658142dbbb7f725058617715"} {}
[2024-01-11T07:30:07.871Z] products.aggregate [{"$match":{"saled":true,"saledDate":{"$gte":"2024-01-01T00:00:00.000Z","$lte":"2025-01-01T00:00:00.000Z"}}},{"$project":{"totalAmount":{"$sum":{"$multiply":[{"$cond":{"if":{"$eq":["$name","List"]},"then":{"$multiply":[{"$subtract":["$saledPrice","$price"]},{"$cond":{"if":{"$ne":["$uzunligi_x",0]},"then":{"$divide":[{"$multiply":["$uzunligi_x","$uzunligi_y"]},10000]},"else":0}}]},"else":{"$multiply":[{"$subtract":["$saledPrice","$price"]},"$uzunligi"]}}},1]}}}},{"$group":{"_id":null,"totalAmount":{"$sum":"$totalAmount"}}}] {}
[2024-01-11T07:30:07.940Z] users.findOne {"_id":"658142dbbb7f725058617715"} {}
[2024-01-11T07:30:07.942Z] products.aggregate [{"$match":{"saled":true,"saledDate":{"$gte":"2024-01-01T00:00:00.000Z","$lte":"2025-01-01T00:00:00.000Z"}}},{"$group":{"_id":{"year":{"$year":"$saledDate"},"month":{"$month":"$saledDate"},"day":{"$dayOfMonth":"$saledDate"}},"totalAmount":{"$sum":{"$multiply":[{"$cond":{"if":{"$eq":["$name","List"]},"then":{"$multiply":[{"$subtract":["$saledPrice","$price"]},{"$divide":[{"$multiply":["$uzunligi_x","$uzunligi_y"]},10000]}]},"else":{"$multiply":[{"$subtract":["$saledPrice","$price"]},"$uzunligi"]}}},1]}},"totalProducts":{"$sum":1}}},{"$sort":{"_id.year":1,"_id.month":1,"_id.day":1}}] {}
[2024-01-11T07:30:08.043Z] users.findOne {"_id":"658142dbbb7f725058617715"} {}
[2024-01-11T07:30:08.047Z] harajats.aggregate [{"$match":{"date":{"$gte":"2024-01-01T00:00:00.000Z","$lte":"2025-01-01T00:00:00.000Z"}}},{"$group":{"_id":{"year":{"$year":"$date"},"month":{"$month":"$date"},"day":{"$dayOfMonth":"$date"}},"totalAmount":{"$sum":"$amount"}}},{"$sort":{"_id.year":1,"_id.month":1,"_id.day":1}}] {}
[2024-01-11T07:35:00.688Z] alerts.deleteMany {"createdAt":{"$lt":"2024-01-08T07:35:00.688Z"}} {}
[2024-01-11T07:40:00.858Z] alerts.deleteMany {"createdAt":{"$lt":"2024-01-08T07:40:00.858Z"}} {}
[2024-01-11T07:45:00.036Z] alerts.deleteMany {"createdAt":{"$lt":"2024-01-08T07:45:00.036Z"}} {}
[2024-01-11T07:50:00.221Z] alerts.deleteMany {"createdAt":{"$lt":"2024-01-08T07:50:00.220Z"}} {}
[2024-01-11T07:55:00.389Z] alerts.deleteMany {"createdAt":{"$lt":"2024-01-08T07:55:00.388Z"}} {}
[2024-01-11T09:16:35.736Z] users.findOne {"_id":"658142dbbb7f725058617715"} {}
[2024-01-11T09:16:35.738Z] users.findOne {"_id":"658142dbbb7f725058617715"} {}
[2024-01-11T09:16:35.739Z] users.findOne {"_id":"658142dbbb7f725058617715"} {}
[2024-01-11T09:16:35.740Z] alerts.find {} {"sort":{"createdAt":-1}}
[2024-01-11T09:16:35.744Z] users.find {"_id":{"$in":["658142dbbb7f725058617715"]}} {}
[2024-01-11T09:16:35.750Z] users.findOne {"_id":"658142dbbb7f725058617715"} {}
[2024-01-11T09:16:35.752Z] harajats.aggregate [{"$match":{"date":{"$gte":"2024-01-01T00:00:00.000Z","$lte":"2025-01-01T00:00:00.000Z"}}},{"$group":{"_id":null,"totalAmount":{"$sum":"$amount"}}},{"$project":{"_id":0,"totalAmount":1}}] {}
[2024-01-11T09:16:35.758Z] users.findOne {"_id":"658142dbbb7f725058617715"} {}
[2024-01-11T09:16:35.759Z] products.aggregate [{"$match":{"saled":false}},{"$group":{"_id":null,"totalPrice":{"$sum":{"$cond":{"if":{"$eq":["$name","List"]},"then":{"$multiply":["$price",{"$divide":[{"$multiply":["$uzunligi_x","$uzunligi_y"]},10000]}]},"else":{"$multiply":["$price","$uzunligi"]}}}}}},{"$project":{"_id":0,"totalAmount":"$totalPrice"}}] {}
[2024-01-11T09:16:35.771Z] users.findOne {"_id":"658142dbbb7f725058617715"} {}
[2024-01-11T09:16:35.773Z] debts.aggregate [{"$match":{"active":true}},{"$project":{"totalDebt":{"$subtract":["$allAmount","$payedAmount"]}}},{"$group":{"_id":null,"totalAmount":{"$sum":"$totalDebt"}}}] {}
[2024-01-11T09:16:35.858Z] users.findOne {"_id":"658142dbbb7f725058617715"} {}
[2024-01-11T09:16:35.859Z] products.aggregate [{"$match":{"saled":true,"saledDate":{"$gte":"2024-01-01T00:00:00.000Z","$lte":"2025-01-01T00:00:00.000Z"}}},{"$project":{"totalAmount":{"$sum":{"$multiply":[{"$cond":{"if":{"$eq":["$name","List"]},"then":{"$multiply":[{"$subtract":["$saledPrice","$price"]},{"$cond":{"if":{"$ne":["$uzunligi_x",0]},"then":{"$divide":[{"$multiply":["$uzunligi_x","$uzunligi_y"]},10000]},"else":0}}]},"else":{"$multiply":[{"$subtract":["$saledPrice","$price"]},"$uzunligi"]}}},1]}}}},{"$group":{"_id":null,"totalAmount":{"$sum":"$totalAmount"}}}] {}
[2024-01-11T09:16:35.954Z] users.findOne {"_id":"658142dbbb7f725058617715"} {}
[2024-01-11T09:16:35.956Z] products.aggregate [{"$match":{"saled":true,"saledDate":{"$gte":"2024-01-01T00:00:00.000Z","$lte":"2025-01-01T00:00:00.000Z"}}},{"$group":{"_id":{"year":{"$year":"$saledDate"},"month":{"$month":"$saledDate"},"day":{"$dayOfMonth":"$saledDate"}},"totalAmount":{"$sum":{"$multiply":[{"$cond":{"if":{"$eq":["$name","List"]},"then":{"$multiply":[{"$subtract":["$saledPrice","$price"]},{"$divide":[{"$multiply":["$uzunligi_x","$uzunligi_y"]},10000]}]},"else":{"$multiply":[{"$subtract":["$saledPrice","$price"]},"$uzunligi"]}}},1]}},"totalProducts":{"$sum":1}}},{"$sort":{"_id.year":1,"_id.month":1,"_id.day":1}}] {}
[2024-01-11T09:16:36.015Z] users.findOne {"_id":"658142dbbb7f725058617715"} {}
[2024-01-11T09:16:36.017Z] harajats.aggregate [{"$match":{"date":{"$gte":"2024-01-01T00:00:00.000Z","$lte":"2025-01-01T00:00:00.000Z"}}},{"$group":{"_id":{"year":{"$year":"$date"},"month":{"$month":"$date"},"day":{"$dayOfMonth":"$date"}},"totalAmount":{"$sum":"$amount"}}},{"$sort":{"_id.year":1,"_id.month":1,"_id.day":1}}] {}
[2024-01-11T09:20:00.967Z] alerts.deleteMany {"createdAt":{"$lt":"2024-01-08T09:20:00.967Z"}} {}
[2024-01-11T09:25:00.112Z] alerts.deleteMany {"createdAt":{"$lt":"2024-01-08T09:25:00.112Z"}} {}
[2024-01-11T09:30:00.247Z] alerts.deleteMany {"createdAt":{"$lt":"2024-01-08T09:30:00.247Z"}} {}
[2024-01-11T09:31:07.154Z] users.findOne {"_id":"658142dbbb7f725058617715"} {}
[2024-01-11T09:31:07.156Z] users.findOne {"_id":"658142dbbb7f725058617715"} {}
[2024-01-11T09:31:07.162Z] users.findOne {"_id":"658142dbbb7f725058617715"} {}
[2024-01-11T09:31:07.164Z] sklads.find {"active":true} {}
[2024-01-11T09:31:07.175Z] users.findOne {"_id":"658142dbbb7f725058617715"} {}
[2024-01-11T09:31:07.176Z] sellers.find {} {}
[2024-01-11T09:31:07.767Z] users.findOne {"_id":"658142dbbb7f725058617715"} {}
[2024-01-11T09:31:07.768Z] users.findOne {"_id":"658142dbbb7f725058617715"} {}
[2024-01-11T09:31:07.776Z] users.findOne {"_id":"658142dbbb7f725058617715"} {}
[2024-01-11T09:31:07.777Z] products.aggregate [{"$match":{"saled":false}},{"$group":{"_id":{"name":"$name","qalinligi":"$qalinligi","qalinligi_ortasi":"$qalinligi_ortasi","category":"$category","holati":"$holati","uzunligi":"$uzunligi","uzunligi_x":"$uzunligi_x","olchamlari":"$olchamlari","uzunligi_y":"$uzunligi_y","sklad":"$sklad","price":"$price","saledPrice":"$saledPrice","cut":"$cut"},"totalQuantity":{"$sum":"$quantity"}}},{"$project":{"name":"$_id.name","qalinligi":"$_id.qalinligi","qalinligi_ortasi":"$_id.qalinligi_ortasi","category":"$_id.category","holati":"$_id.holati","uzunligi":"$_id.uzunligi","uzunligi_x":"$_id.uzunligi_x","uzunligi_y":"$_id.uzunligi_y","sklad":"$_id.sklad","price":"$_id.price","olchamlari":"$_id.olchamlari","saledPrice":"$_id.saledPrice","quantity":"$totalQuantity","cut":"$_id.cut"}}] {}
[2024-01-11T09:31:07.786Z] users.findOne {"_id":"658142dbbb7f725058617715"} {}
[2024-01-11T09:31:07.787Z] sklads.find {} {}
[2024-01-11T09:31:09.499Z] users.findOne {"_id":"658142dbbb7f725058617715"} {}
[2024-01-11T09:31:09.501Z] users.findOne {"_id":"658142dbbb7f725058617715"} {}
[2024-01-11T09:31:09.505Z] users.findOne {"_id":"658142dbbb7f725058617715"} {}
[2024-01-11T09:31:09.506Z] sklads.find {"active":true} {}
[2024-01-11T09:35:00.395Z] alerts.deleteMany {"createdAt":{"$lt":"2024-01-08T09:35:00.395Z"}} {}
[2024-01-11T09:35:52.492Z] users.findOne {"_id":"658142dbbb7f725058617715"} {}
[2024-01-11T09:35:52.495Z] alerts.find {} {"sort":{"createdAt":-1}}
[2024-01-11T09:35:52.497Z] users.findOne {"_id":"658142dbbb7f725058617715"} {}
[2024-01-11T09:35:52.499Z] users.find {"_id":{"$in":["658142dbbb7f725058617715"]}} {}
[2024-01-11T09:35:52.501Z] users.findOne {"_id":"658142dbbb7f725058617715"} {}
[2024-01-11T09:35:52.510Z] users.findOne {"_id":"658142dbbb7f725058617715"} {}
[2024-01-11T09:35:52.513Z] sklads.find {"active":true} {}
[2024-01-11T09:35:58.730Z] users.findOne {"_id":"658142dbbb7f725058617715"} {}
[2024-01-11T09:35:58.731Z] users.findOne {"_id":"658142dbbb7f725058617715"} {}
[2024-01-11T09:35:59.241Z] users.findOne {"_id":"658142dbbb7f725058617715"} {}
[2024-01-11T09:35:59.242Z] users.findOne {"_id":"658142dbbb7f725058617715"} {}
[2024-01-11T09:35:59.243Z] users.findOne {"_id":"658142dbbb7f725058617715"} {}
[2024-01-11T09:35:59.245Z] alerts.find {} {"sort":{"createdAt":-1}}
[2024-01-11T09:35:59.248Z] users.find {"_id":{"$in":["658142dbbb7f725058617715"]}} {}
[2024-01-11T09:35:59.254Z] users.findOne {"_id":"658142dbbb7f725058617715"} {}
[2024-01-11T09:35:59.255Z] harajats.aggregate [{"$match":{"date":{"$gte":"2024-01-01T00:00:00.000Z","$lte":"2025-01-01T00:00:00.000Z"}}},{"$group":{"_id":null,"totalAmount":{"$sum":"$amount"}}},{"$project":{"_id":0,"totalAmount":1}}] {}
[2024-01-11T09:35:59.260Z] users.findOne {"_id":"658142dbbb7f725058617715"} {}
[2024-01-11T09:35:59.261Z] products.aggregate [{"$match":{"saled":false}},{"$group":{"_id":null,"totalPrice":{"$sum":{"$cond":{"if":{"$eq":["$name","List"]},"then":{"$multiply":["$price",{"$divide":[{"$multiply":["$uzunligi_x","$uzunligi_y"]},10000]}]},"else":{"$multiply":["$price","$uzunligi"]}}}}}},{"$project":{"_id":0,"totalAmount":"$totalPrice"}}] {}
[2024-01-11T09:35:59.266Z] users.findOne {"_id":"658142dbbb7f725058617715"} {}
[2024-01-11T09:35:59.267Z] debts.aggregate [{"$match":{"active":true}},{"$project":{"totalDebt":{"$subtract":["$allAmount","$payedAmount"]}}},{"$group":{"_id":null,"totalAmount":{"$sum":"$totalDebt"}}}] {}
[2024-01-11T09:35:59.274Z] users.findOne {"_id":"658142dbbb7f725058617715"} {}
[2024-01-11T09:35:59.275Z] products.aggregate [{"$match":{"saled":true,"saledDate":{"$gte":"2024-01-01T00:00:00.000Z","$lte":"2025-01-01T00:00:00.000Z"}}},{"$project":{"totalAmount":{"$sum":{"$multiply":[{"$cond":{"if":{"$eq":["$name","List"]},"then":{"$multiply":[{"$subtract":["$saledPrice","$price"]},{"$cond":{"if":{"$ne":["$uzunligi_x",0]},"then":{"$divide":[{"$multiply":["$uzunligi_x","$uzunligi_y"]},10000]},"else":0}}]},"else":{"$multiply":[{"$subtract":["$saledPrice","$price"]},"$uzunligi"]}}},1]}}}},{"$group":{"_id":null,"totalAmount":{"$sum":"$totalAmount"}}}] {}
[2024-01-11T09:35:59.283Z] users.findOne {"_id":"658142dbbb7f725058617715"} {}
[2024-01-11T09:35:59.284Z] products.aggregate [{"$match":{"saled":true,"saledDate":{"$gte":"2024-01-01T00:00:00.000Z","$lte":"2025-01-01T00:00:00.000Z"}}},{"$group":{"_id":{"year":{"$year":"$saledDate"},"month":{"$month":"$saledDate"},"day":{"$dayOfMonth":"$saledDate"}},"totalAmount":{"$sum":{"$multiply":[{"$cond":{"if":{"$eq":["$name","List"]},"then":{"$multiply":[{"$subtract":["$saledPrice","$price"]},{"$divide":[{"$multiply":["$uzunligi_x","$uzunligi_y"]},10000]}]},"else":{"$multiply":[{"$subtract":["$saledPrice","$price"]},"$uzunligi"]}}},1]}},"totalProducts":{"$sum":1}}},{"$sort":{"_id.year":1,"_id.month":1,"_id.day":1}}] {}
[2024-01-11T09:35:59.290Z] users.findOne {"_id":"658142dbbb7f725058617715"} {}
[2024-01-11T09:35:59.291Z] harajats.aggregate [{"$match":{"date":{"$gte":"2024-01-01T00:00:00.000Z","$lte":"2025-01-01T00:00:00.000Z"}}},{"$group":{"_id":{"year":{"$year":"$date"},"month":{"$month":"$date"},"day":{"$dayOfMonth":"$date"}},"totalAmount":{"$sum":"$amount"}}},{"$sort":{"_id.year":1,"_id.month":1,"_id.day":1}}] {}
[2024-01-11T09:36:33.736Z] users.findOne {"_id":"658142dbbb7f725058617715"} {}
[2024-01-11T09:36:33.737Z] users.findOne {"_id":"658142dbbb7f725058617715"} {}
[2024-01-11T09:36:33.738Z] alerts.find {} {"sort":{"createdAt":-1}}
[2024-01-11T09:36:33.739Z] users.findOne {"_id":"658142dbbb7f725058617715"} {}
[2024-01-11T09:36:33.740Z] users.find {"_id":{"$in":["658142dbbb7f725058617715"]}} {}
[2024-01-11T09:36:33.745Z] users.findOne {"_id":"658142dbbb7f725058617715"} {}
[2024-01-11T09:36:33.746Z] harajats.aggregate [{"$match":{"date":{"$gte":"2024-01-01T00:00:00.000Z","$lte":"2025-01-01T00:00:00.000Z"}}},{"$group":{"_id":null,"totalAmount":{"$sum":"$amount"}}},{"$project":{"_id":0,"totalAmount":1}}] {}
[2024-01-11T09:36:33.756Z] users.findOne {"_id":"658142dbbb7f725058617715"} {}
[2024-01-11T09:36:33.757Z] products.aggregate [{"$match":{"saled":false}},{"$group":{"_id":null,"totalPrice":{"$sum":{"$cond":{"if":{"$eq":["$name","List"]},"then":{"$multiply":["$price",{"$divide":[{"$multiply":["$uzunligi_x","$uzunligi_y"]},10000]}]},"else":{"$multiply":["$price","$uzunligi"]}}}}}},{"$project":{"_id":0,"totalAmount":"$totalPrice"}}] {}
[2024-01-11T09:36:33.769Z] users.findOne {"_id":"658142dbbb7f725058617715"} {}
[2024-01-11T09:36:33.770Z] debts.aggregate [{"$match":{"active":true}},{"$project":{"totalDebt":{"$subtract":["$allAmount","$payedAmount"]}}},{"$group":{"_id":null,"totalAmount":{"$sum":"$totalDebt"}}}] {}
[2024-01-11T09:36:33.776Z] users.findOne {"_id":"658142dbbb7f725058617715"} {}
[2024-01-11T09:36:33.778Z] products.aggregate [{"$match":{"saled":true,"saledDate":{"$gte":"2024-01-01T00:00:00.000Z","$lte":"2025-01-01T00:00:00.000Z"}}},{"$project":{"totalAmount":{"$sum":{"$multiply":[{"$cond":{"if":{"$eq":["$name","List"]},"then":{"$multiply":[{"$subtract":["$saledPrice","$price"]},{"$cond":{"if":{"$ne":["$uzunligi_x",0]},"then":{"$divide":[{"$multiply":["$uzunligi_x","$uzunligi_y"]},10000]},"else":0}}]},"else":{"$multiply":[{"$subtract":["$saledPrice","$price"]},"$uzunligi"]}}},1]}}}},{"$group":{"_id":null,"totalAmount":{"$sum":"$totalAmount"}}}] {}
[2024-01-11T09:36:33.787Z] users.findOne {"_id":"658142dbbb7f725058617715"} {}
[2024-01-11T09:36:33.788Z] products.aggregate [{"$match":{"saled":true,"saledDate":{"$gte":"2024-01-01T00:00:00.000Z","$lte":"2025-01-01T00:00:00.000Z"}}},{"$group":{"_id":{"year":{"$year":"$saledDate"},"month":{"$month":"$saledDate"},"day":{"$dayOfMonth":"$saledDate"}},"totalAmount":{"$sum":{"$multiply":[{"$cond":{"if":{"$eq":["$name","List"]},"then":{"$multiply":[{"$subtract":["$saledPrice","$price"]},{"$divide":[{"$multiply":["$uzunligi_x","$uzunligi_y"]},10000]}]},"else":{"$multiply":[{"$subtract":["$saledPrice","$price"]},"$uzunligi"]}}},1]}},"totalProducts":{"$sum":1}}},{"$sort":{"_id.year":1,"_id.month":1,"_id.day":1}}] {}
[2024-01-11T09:36:33.794Z] users.findOne {"_id":"658142dbbb7f725058617715"} {}
[2024-01-11T09:36:33.796Z] harajats.aggregate [{"$match":{"date":{"$gte":"2024-01-01T00:00:00.000Z","$lte":"2025-01-01T00:00:00.000Z"}}},{"$group":{"_id":{"year":{"$year":"$date"},"month":{"$month":"$date"},"day":{"$dayOfMonth":"$date"}},"totalAmount":{"$sum":"$amount"}}},{"$sort":{"_id.year":1,"_id.month":1,"_id.day":1}}] {}
[2024-01-11T09:36:34.450Z] users.findOne {"_id":"658142dbbb7f725058617715"} {}
[2024-01-11T09:36:34.451Z] users.findOne {"_id":"658142dbbb7f725058617715"} {}
[2024-01-11T09:36:34.452Z] alerts.find {} {"sort":{"createdAt":-1}}
[2024-01-11T09:36:34.453Z] users.findOne {"_id":"658142dbbb7f725058617715"} {}
[2024-01-11T09:36:34.454Z] users.find {"_id":{"$in":["658142dbbb7f725058617715"]}} {}
[2024-01-11T09:36:34.459Z] users.findOne {"_id":"658142dbbb7f725058617715"} {}
[2024-01-11T09:36:34.460Z] harajats.aggregate [{"$match":{"date":{"$gte":"2024-01-01T00:00:00.000Z","$lte":"2025-01-01T00:00:00.000Z"}}},{"$group":{"_id":null,"totalAmount":{"$sum":"$amount"}}},{"$project":{"_id":0,"totalAmount":1}}] {}
[2024-01-11T09:36:34.465Z] users.findOne {"_id":"658142dbbb7f725058617715"} {}
[2024-01-11T09:36:34.466Z] products.aggregate [{"$match":{"saled":false}},{"$group":{"_id":null,"totalPrice":{"$sum":{"$cond":{"if":{"$eq":["$name","List"]},"then":{"$multiply":["$price",{"$divide":[{"$multiply":["$uzunligi_x","$uzunligi_y"]},10000]}]},"else":{"$multiply":["$price","$uzunligi"]}}}}}},{"$project":{"_id":0,"totalAmount":"$totalPrice"}}] {}
[2024-01-11T09:36:34.471Z] users.findOne {"_id":"658142dbbb7f725058617715"} {}
[2024-01-11T09:36:34.473Z] debts.aggregate [{"$match":{"active":true}},{"$project":{"totalDebt":{"$subtract":["$allAmount","$payedAmount"]}}},{"$group":{"_id":null,"totalAmount":{"$sum":"$totalDebt"}}}] {}
[2024-01-11T09:36:34.482Z] users.findOne {"_id":"658142dbbb7f725058617715"} {}
[2024-01-11T09:36:34.484Z] products.aggregate [{"$match":{"saled":true,"saledDate":{"$gte":"2024-01-01T00:00:00.000Z","$lte":"2025-01-01T00:00:00.000Z"}}},{"$project":{"totalAmount":{"$sum":{"$multiply":[{"$cond":{"if":{"$eq":["$name","List"]},"then":{"$multiply":[{"$subtract":["$saledPrice","$price"]},{"$cond":{"if":{"$ne":["$uzunligi_x",0]},"then":{"$divide":[{"$multiply":["$uzunligi_x","$uzunligi_y"]},10000]},"else":0}}]},"else":{"$multiply":[{"$subtract":["$saledPrice","$price"]},"$uzunligi"]}}},1]}}}},{"$group":{"_id":null,"totalAmount":{"$sum":"$totalAmount"}}}] {}
[2024-01-11T09:36:34.491Z] users.findOne {"_id":"658142dbbb7f725058617715"} {}
[2024-01-11T09:36:34.492Z] products.aggregate [{"$match":{"saled":true,"saledDate":{"$gte":"2024-01-01T00:00:00.000Z","$lte":"2025-01-01T00:00:00.000Z"}}},{"$group":{"_id":{"year":{"$year":"$saledDate"},"month":{"$month":"$saledDate"},"day":{"$dayOfMonth":"$saledDate"}},"totalAmount":{"$sum":{"$multiply":[{"$cond":{"if":{"$eq":["$name","List"]},"then":{"$multiply":[{"$subtract":["$saledPrice","$price"]},{"$divide":[{"$multiply":["$uzunligi_x","$uzunligi_y"]},10000]}]},"else":{"$multiply":[{"$subtract":["$saledPrice","$price"]},"$uzunligi"]}}},1]}},"totalProducts":{"$sum":1}}},{"$sort":{"_id.year":1,"_id.month":1,"_id.day":1}}] {}
[2024-01-11T09:36:34.500Z] users.findOne {"_id":"658142dbbb7f725058617715"} {}
[2024-01-11T09:36:34.502Z] harajats.aggregate [{"$match":{"date":{"$gte":"2024-01-01T00:00:00.000Z","$lte":"2025-01-01T00:00:00.000Z"}}},{"$group":{"_id":{"year":{"$year":"$date"},"month":{"$month":"$date"},"day":{"$dayOfMonth":"$date"}},"totalAmount":{"$sum":"$amount"}}},{"$sort":{"_id.year":1,"_id.month":1,"_id.day":1}}] {}
[2024-01-11T09:36:35.531Z] users.findOne {"_id":"658142dbbb7f725058617715"} {}
[2024-01-11T09:36:35.532Z] users.findOne {"_id":"658142dbbb7f725058617715"} {}
[2024-01-11T09:36:35.536Z] users.findOne {"_id":"658142dbbb7f725058617715"} {}
[2024-01-11T09:36:35.537Z] harajats.aggregate [{"$match":{"date":{"$gte":"2024-01-01T00:00:00.000Z","$lte":"2025-01-01T00:00:00.000Z"}}},{"$group":{"_id":null,"totalAmount":{"$sum":"$amount"}}},{"$project":{"_id":0,"totalAmount":1}}] {}
[2024-01-11T09:36:35.541Z] users.findOne {"_id":"658142dbbb7f725058617715"} {}
[2024-01-11T09:36:35.542Z] products.aggregate [{"$match":{"saled":false}},{"$group":{"_id":null,"totalPrice":{"$sum":{"$cond":{"if":{"$eq":["$name","List"]},"then":{"$multiply":["$price",{"$divide":[{"$multiply":["$uzunligi_x","$uzunligi_y"]},10000]}]},"else":{"$multiply":["$price","$uzunligi"]}}}}}},{"$project":{"_id":0,"totalAmount":"$totalPrice"}}] {}
[2024-01-11T09:36:35.546Z] users.findOne {"_id":"658142dbbb7f725058617715"} {}
[2024-01-11T09:36:35.547Z] debts.aggregate [{"$match":{"active":true}},{"$project":{"totalDebt":{"$subtract":["$allAmount","$payedAmount"]}}},{"$group":{"_id":null,"totalAmount":{"$sum":"$totalDebt"}}}] {}
[2024-01-11T09:36:35.551Z] users.findOne {"_id":"658142dbbb7f725058617715"} {}
[2024-01-11T09:36:35.552Z] products.aggregate [{"$match":{"saled":true,"saledDate":{"$gte":"2024-01-01T00:00:00.000Z","$lte":"2025-01-01T00:00:00.000Z"}}},{"$project":{"totalAmount":{"$sum":{"$multiply":[{"$cond":{"if":{"$eq":["$name","List"]},"then":{"$multiply":[{"$subtract":["$saledPrice","$price"]},{"$cond":{"if":{"$ne":["$uzunligi_x",0]},"then":{"$divide":[{"$multiply":["$uzunligi_x","$uzunligi_y"]},10000]},"else":0}}]},"else":{"$multiply":[{"$subtract":["$saledPrice","$price"]},"$uzunligi"]}}},1]}}}},{"$group":{"_id":null,"totalAmount":{"$sum":"$totalAmount"}}}] {}
[2024-01-11T09:36:35.556Z] users.findOne {"_id":"658142dbbb7f725058617715"} {}
[2024-01-11T09:36:35.557Z] products.aggregate [{"$match":{"saled":true,"saledDate":{"$gte":"2024-01-01T00:00:00.000Z","$lte":"2025-01-01T00:00:00.000Z"}}},{"$group":{"_id":{"year":{"$year":"$saledDate"},"month":{"$month":"$saledDate"},"day":{"$dayOfMonth":"$saledDate"}},"totalAmount":{"$sum":{"$multiply":[{"$cond":{"if":{"$eq":["$name","List"]},"then":{"$multiply":[{"$subtract":["$saledPrice","$price"]},{"$divide":[{"$multiply":["$uzunligi_x","$uzunligi_y"]},10000]}]},"else":{"$multiply":[{"$subtract":["$saledPrice","$price"]},"$uzunligi"]}}},1]}},"totalProducts":{"$sum":1}}},{"$sort":{"_id.year":1,"_id.month":1,"_id.day":1}}] {}
[2024-01-11T09:36:35.560Z] users.findOne {"_id":"658142dbbb7f725058617715"} {}
[2024-01-11T09:36:35.561Z] harajats.aggregate [{"$match":{"date":{"$gte":"2024-01-01T00:00:00.000Z","$lte":"2025-01-01T00:00:00.000Z"}}},{"$group":{"_id":{"year":{"$year":"$date"},"month":{"$month":"$date"},"day":{"$dayOfMonth":"$date"}},"totalAmount":{"$sum":"$amount"}}},{"$sort":{"_id.year":1,"_id.month":1,"_id.day":1}}] {}
