[2024-01-13T06:21:51.026Z] users.findOne {"login":"admin"} {}
[2024-01-13T06:21:53.641Z] users.findOne {"_id":"658142dbbb7f725058617715"} {}
[2024-01-13T06:21:53.647Z] users.findOne {"_id":"658142dbbb7f725058617715"} {}
[2024-01-13T06:21:53.652Z] alerts.find {} {"sort":{"createdAt":-1}}
[2024-01-13T06:21:53.657Z] users.findOne {"_id":"658142dbbb7f725058617715"} {}
[2024-01-13T06:21:53.669Z] users.find {"_id":{"$in":["658142dbbb7f725058617715"]}} {}
[2024-01-13T06:21:55.152Z] users.findOne {"_id":"658142dbbb7f725058617715"} {}
[2024-01-13T06:21:55.156Z] users.findOne {"_id":"658142dbbb7f725058617715"} {}
[2024-01-13T06:21:55.158Z] alerts.find {} {"sort":{"createdAt":-1}}
[2024-01-13T06:21:55.162Z] users.findOne {"_id":"658142dbbb7f725058617715"} {}
[2024-01-13T06:21:55.165Z] users.find {"_id":{"$in":["658142dbbb7f725058617715"]}} {}
[2024-01-13T06:21:55.182Z] users.findOne {"_id":"658142dbbb7f725058617715"} {}
[2024-01-13T06:21:55.186Z] harajats.aggregate [{"$match":{"date":{"$gte":"2024-01-01T00:00:00.000Z","$lte":"2025-01-01T00:00:00.000Z"}}},{"$group":{"_id":null,"totalAmount":{"$sum":"$amount"}}},{"$project":{"_id":0,"totalAmount":1}}] {}
[2024-01-13T06:21:55.207Z] users.findOne {"_id":"658142dbbb7f725058617715"} {}
[2024-01-13T06:21:55.209Z] products.aggregate [{"$match":{"saled":false}},{"$group":{"_id":null,"totalPrice":{"$sum":{"$cond":{"if":{"$eq":["$name","List"]},"then":{"$multiply":["$price",{"$divide":[{"$multiply":["$uzunligi_x","$uzunligi_y"]},10000]}]},"else":{"$multiply":["$price","$uzunligi"]}}}}}},{"$project":{"_id":0,"totalAmount":"$totalPrice"}}] {}
[2024-01-13T06:21:55.228Z] users.findOne {"_id":"658142dbbb7f725058617715"} {}
[2024-01-13T06:21:55.231Z] debts.aggregate [{"$match":{"active":true}},{"$project":{"totalDebt":{"$subtract":["$allAmount","$payedAmount"]}}},{"$group":{"_id":null,"totalAmount":{"$sum":"$totalDebt"}}}] {}
[2024-01-13T06:21:55.249Z] users.findOne {"_id":"658142dbbb7f725058617715"} {}
[2024-01-13T06:21:55.253Z] products.aggregate [{"$match":{"saled":true,"saledDate":{"$gte":"2024-01-01T00:00:00.000Z","$lte":"2025-01-01T00:00:00.000Z"}}},{"$project":{"totalAmount":{"$sum":{"$multiply":[{"$cond":{"if":{"$eq":["$name","List"]},"then":{"$multiply":[{"$subtract":["$saledPrice","$price"]},{"$cond":{"if":{"$ne":["$uzunligi_x",0]},"then":{"$divide":[{"$multiply":["$uzunligi_x","$uzunligi_y"]},10000]},"else":0}}]},"else":{"$multiply":[{"$subtract":["$saledPrice","$price"]},"$uzunligi"]}}},1]}}}},{"$group":{"_id":null,"totalAmount":{"$sum":"$totalAmount"}}}] {}
[2024-01-13T06:21:55.269Z] users.findOne {"_id":"658142dbbb7f725058617715"} {}
[2024-01-13T06:21:55.273Z] products.aggregate [{"$match":{"saled":true,"saledDate":{"$gte":"2024-01-01T00:00:00.000Z","$lte":"2025-01-01T00:00:00.000Z"}}},{"$group":{"_id":{"year":{"$year":"$saledDate"},"month":{"$month":"$saledDate"},"day":{"$dayOfMonth":"$saledDate"}},"totalAmount":{"$sum":{"$multiply":[{"$cond":{"if":{"$eq":["$name","List"]},"then":{"$multiply":[{"$subtract":["$saledPrice","$price"]},{"$divide":[{"$multiply":["$uzunligi_x","$uzunligi_y"]},10000]}]},"else":{"$multiply":[{"$subtract":["$saledPrice","$price"]},"$uzunligi"]}}},1]}},"totalProducts":{"$sum":1}}},{"$sort":{"_id.year":1,"_id.month":1,"_id.day":1}}] {}
[2024-01-13T06:21:55.284Z] users.findOne {"_id":"658142dbbb7f725058617715"} {}
[2024-01-13T06:21:55.287Z] harajats.aggregate [{"$match":{"date":{"$gte":"2024-01-01T00:00:00.000Z","$lte":"2025-01-01T00:00:00.000Z"}}},{"$group":{"_id":{"year":{"$year":"$date"},"month":{"$month":"$date"},"day":{"$dayOfMonth":"$date"}},"totalAmount":{"$sum":"$amount"}}},{"$sort":{"_id.year":1,"_id.month":1,"_id.day":1}}] {}
[2024-01-13T06:23:04.362Z] users.findOne {"_id":"658142dbbb7f725058617715"} {}
[2024-01-13T06:23:04.364Z] users.findOne {"_id":"658142dbbb7f725058617715"} {}
[2024-01-13T06:23:27.453Z] users.findOne {"_id":"658142dbbb7f725058617715"} {}
[2024-01-13T06:23:27.455Z] users.findOne {"_id":"658142dbbb7f725058617715"} {}
[2024-01-13T06:23:29.032Z] users.findOne {"_id":"658142dbbb7f725058617715"} {}
[2024-01-13T06:23:29.033Z] users.findOne {"_id":"658142dbbb7f725058617715"} {}
[2024-01-13T06:23:29.044Z] users.findOne {"_id":"658142dbbb7f725058617715"} {}
[2024-01-13T06:23:29.046Z] users.find {} {"sort":{"_id":-1}}
[2024-01-13T06:23:32.274Z] users.findOne {"_id":"658142dbbb7f725058617715"} {}
[2024-01-13T06:23:32.276Z] users.findOne {"_id":"658142dbbb7f725058617715"} {}
[2024-01-13T06:23:32.284Z] users.findOne {"_id":"658142dbbb7f725058617715"} {}
[2024-01-13T06:23:32.286Z] harajats.aggregate [{"$match":{"date":{"$gte":"2024-01-06T06:23:32.278Z","$lte":"2024-01-13T06:23:32.278Z"}}},{"$group":{"_id":{"year":{"$year":"$date"},"month":{"$month":"$date"},"day":{"$dayOfMonth":"$date"}},"totalAmount":{"$sum":"$amount"},"totalRecords":{"$sum":1}}},{"$sort":{"_id.year":1,"_id.month":1,"_id.day":1}}] {}
[2024-01-13T06:23:32.288Z] users.findOne {"_id":"658142dbbb7f725058617715"} {}
[2024-01-13T06:23:32.289Z] products.aggregate [{"$match":{"saled":true,"saledDate":{"$gte":"2024-01-06T06:23:32.278Z","$lte":"2024-01-13T06:23:32.278Z"}}},{"$group":{"_id":{"year":{"$year":"$saledDate"},"month":{"$month":"$saledDate"},"day":{"$dayOfMonth":"$saledDate"}},"totalAmount":{"$sum":{"$multiply":[{"$cond":{"if":{"$eq":["$name","List"]},"then":{"$multiply":[{"$subtract":["$saledPrice","$price"]},{"$divide":[{"$multiply":["$uzunligi_x","$uzunligi_y"]},10000]}]},"else":{"$multiply":[{"$subtract":["$saledPrice","$price"]},"$uzunligi"]}}},1]}},"totalProducts":{"$sum":1}}},{"$sort":{"_id.year":1,"_id.month":1,"_id.day":1}}] {}
[2024-01-13T06:23:32.290Z] harajats.aggregate [{"$match":{"date":{"$gte":"2024-01-06T06:23:32.278Z","$lte":"2024-01-13T06:23:32.278Z"}}},{"$group":{"_id":{"year":{"$year":"$date"},"month":{"$month":"$date"},"day":{"$dayOfMonth":"$date"}},"totalAmount":{"$sum":"$amount"},"totalRecords":{"$sum":1}}},{"$sort":{"_id.year":1,"_id.month":1,"_id.day":1}}] {}
[2024-01-13T06:23:32.291Z] products.aggregate [{"$match":{"saled":true,"saledDate":{"$gte":"2024-01-06T06:23:32.278Z","$lte":"2024-01-13T06:23:32.278Z"}}},{"$group":{"_id":{"year":{"$year":"$saledDate"},"month":{"$month":"$saledDate"},"day":{"$dayOfMonth":"$saledDate"}},"totalAmount":{"$sum":{"$multiply":[{"$cond":{"if":{"$eq":["$name","List"]},"then":{"$multiply":["$price",{"$divide":[{"$multiply":["$uzunligi_x","$uzunligi_y"]},10000]}]},"else":{"$multiply":["$price","$uzunligi"]}}}]}},"totalProducts":{"$sum":1}}},{"$sort":{"_id.year":1,"_id.month":1,"_id.day":1}}] {}
[2024-01-13T06:23:32.292Z] products.aggregate [{"$match":{"saled":true,"saledDate":{"$gte":"2024-01-06T06:23:32.278Z","$lte":"2024-01-13T06:23:32.278Z"}}},{"$group":{"_id":{"year":{"$year":"$saledDate"},"month":{"$month":"$saledDate"},"day":{"$dayOfMonth":"$saledDate"}},"totalAmount":{"$sum":{"$multiply":[{"$cond":{"if":{"$eq":["$name","List"]},"then":{"$multiply":[{"$subtract":["$saledPrice","$price"]},{"$divide":[{"$multiply":["$uzunligi_x","$uzunligi_y"]},10000]}]},"else":{"$multiply":[{"$subtract":["$saledPrice","$price"]},"$uzunligi"]}}},1]}},"totalProducts":{"$sum":1}}},{"$sort":{"_id.year":1,"_id.month":1,"_id.day":1}}] {}
[2024-01-13T06:23:32.295Z] products.aggregate [{"$match":{"saled":true,"saledDate":{"$gte":"2024-01-06T06:23:32.278Z","$lte":"2024-01-13T06:23:32.278Z"}}},{"$group":{"_id":{"year":{"$year":"$saledDate"},"month":{"$month":"$saledDate"},"day":{"$dayOfMonth":"$saledDate"}},"totalAmount":{"$sum":{"$multiply":[{"$cond":{"if":{"$eq":["$name","List"]},"then":{"$multiply":["$price",{"$divide":[{"$multiply":["$uzunligi_x","$uzunligi_y"]},10000]}]},"else":{"$multiply":["$price","$uzunligi"]}}}]}},"totalProducts":{"$sum":1}}},{"$sort":{"_id.year":1,"_id.month":1,"_id.day":1}}] {}
[2024-01-13T06:25:05.985Z] users.findOne {"_id":"658142dbbb7f725058617715"} {}
[2024-01-13T06:25:05.987Z] users.findOne {"_id":"658142dbbb7f725058617715"} {}
[2024-01-13T06:25:05.994Z] users.findOne {"_id":"658142dbbb7f725058617715"} {}
[2024-01-13T06:25:05.996Z] clients.find {} {}
[2024-01-13T06:25:08.326Z] users.findOne {"_id":"658142dbbb7f725058617715"} {}
[2024-01-13T06:25:08.328Z] users.findOne {"_id":"658142dbbb7f725058617715"} {}
[2024-01-13T06:25:08.341Z] users.findOne {"_id":"658142dbbb7f725058617715"} {}
[2024-01-13T06:25:08.343Z] sellers.find {} {}
[2024-01-13T06:25:10.357Z] users.findOne {"_id":"658142dbbb7f725058617715"} {}
[2024-01-13T06:25:10.359Z] users.findOne {"_id":"658142dbbb7f725058617715"} {}
[2024-01-13T06:25:10.370Z] users.findOne {"_id":"658142dbbb7f725058617715"} {}
[2024-01-13T06:25:10.373Z] sklads.find {"active":true} {}
[2024-01-13T06:25:12.371Z] users.findOne {"_id":"658142dbbb7f725058617715"} {}
[2024-01-13T06:25:12.373Z] users.findOne {"_id":"658142dbbb7f725058617715"} {}
[2024-01-13T06:25:12.381Z] users.findOne {"_id":"658142dbbb7f725058617715"} {}
[2024-01-13T06:25:12.383Z] products.aggregate [{"$match":{"saled":false}},{"$group":{"_id":{"name":"$name","qalinligi":"$qalinligi","qalinligi_ortasi":"$qalinligi_ortasi","category":"$category","holati":"$holati","uzunligi":"$uzunligi","uzunligi_x":"$uzunligi_x","olchamlari":"$olchamlari","uzunligi_y":"$uzunligi_y","sklad":"$sklad","price":"$price","saledPrice":"$saledPrice","cut":"$cut"},"totalQuantity":{"$sum":"$quantity"}}},{"$project":{"name":"$_id.name","qalinligi":"$_id.qalinligi","qalinligi_ortasi":"$_id.qalinligi_ortasi","category":"$_id.category","holati":"$_id.holati","uzunligi":"$_id.uzunligi","uzunligi_x":"$_id.uzunligi_x","uzunligi_y":"$_id.uzunligi_y","sklad":"$_id.sklad","price":"$_id.price","olchamlari":"$_id.olchamlari","saledPrice":"$_id.saledPrice","quantity":"$totalQuantity","cut":"$_id.cut"}}] {}
[2024-01-13T06:25:12.391Z] users.findOne {"_id":"658142dbbb7f725058617715"} {}
[2024-01-13T06:25:12.393Z] sklads.find {} {}
[2024-01-13T06:25:14.107Z] users.findOne {"_id":"658142dbbb7f725058617715"} {}
[2024-01-13T06:25:14.109Z] users.findOne {"_id":"658142dbbb7f725058617715"} {}
[2024-01-13T06:25:14.114Z] users.findOne {"_id":"658142dbbb7f725058617715"} {}
[2024-01-13T06:25:14.116Z] sklads.find {"active":true} {}
[2024-01-13T06:25:14.123Z] users.findOne {"_id":"658142dbbb7f725058617715"} {}
[2024-01-13T06:25:14.124Z] sellers.find {} {}
[2024-01-13T06:25:15.514Z] users.findOne {"_id":"658142dbbb7f725058617715"} {}
[2024-01-13T06:25:15.516Z] users.findOne {"_id":"658142dbbb7f725058617715"} {}
[2024-01-13T06:25:15.521Z] users.findOne {"_id":"658142dbbb7f725058617715"} {}
[2024-01-13T06:25:15.523Z] harajats.aggregate [{"$match":{"date":{"$gte":"2024-01-01T00:00:00.000Z","$lte":"2025-01-01T00:00:00.000Z"}}},{"$group":{"_id":null,"totalAmount":{"$sum":"$amount"}}},{"$project":{"_id":0,"totalAmount":1}}] {}
[2024-01-13T06:25:15.531Z] users.findOne {"_id":"658142dbbb7f725058617715"} {}
[2024-01-13T06:25:15.533Z] products.aggregate [{"$match":{"saled":false}},{"$group":{"_id":null,"totalPrice":{"$sum":{"$cond":{"if":{"$eq":["$name","List"]},"then":{"$multiply":["$price",{"$divide":[{"$multiply":["$uzunligi_x","$uzunligi_y"]},10000]}]},"else":{"$multiply":["$price","$uzunligi"]}}}}}},{"$project":{"_id":0,"totalAmount":"$totalPrice"}}] {}
[2024-01-13T06:25:15.540Z] users.findOne {"_id":"658142dbbb7f725058617715"} {}
[2024-01-13T06:25:15.542Z] debts.aggregate [{"$match":{"active":true}},{"$project":{"totalDebt":{"$subtract":["$allAmount","$payedAmount"]}}},{"$group":{"_id":null,"totalAmount":{"$sum":"$totalDebt"}}}] {}
[2024-01-13T06:25:15.548Z] users.findOne {"_id":"658142dbbb7f725058617715"} {}
[2024-01-13T06:25:15.550Z] products.aggregate [{"$match":{"saled":true,"saledDate":{"$gte":"2024-01-01T00:00:00.000Z","$lte":"2025-01-01T00:00:00.000Z"}}},{"$project":{"totalAmount":{"$sum":{"$multiply":[{"$cond":{"if":{"$eq":["$name","List"]},"then":{"$multiply":[{"$subtract":["$saledPrice","$price"]},{"$cond":{"if":{"$ne":["$uzunligi_x",0]},"then":{"$divide":[{"$multiply":["$uzunligi_x","$uzunligi_y"]},10000]},"else":0}}]},"else":{"$multiply":[{"$subtract":["$saledPrice","$price"]},"$uzunligi"]}}},1]}}}},{"$group":{"_id":null,"totalAmount":{"$sum":"$totalAmount"}}}] {}
[2024-01-13T06:25:15.556Z] users.findOne {"_id":"658142dbbb7f725058617715"} {}
[2024-01-13T06:25:15.558Z] products.aggregate [{"$match":{"saled":true,"saledDate":{"$gte":"2024-01-01T00:00:00.000Z","$lte":"2025-01-01T00:00:00.000Z"}}},{"$group":{"_id":{"year":{"$year":"$saledDate"},"month":{"$month":"$saledDate"},"day":{"$dayOfMonth":"$saledDate"}},"totalAmount":{"$sum":{"$multiply":[{"$cond":{"if":{"$eq":["$name","List"]},"then":{"$multiply":[{"$subtract":["$saledPrice","$price"]},{"$divide":[{"$multiply":["$uzunligi_x","$uzunligi_y"]},10000]}]},"else":{"$multiply":[{"$subtract":["$saledPrice","$price"]},"$uzunligi"]}}},1]}},"totalProducts":{"$sum":1}}},{"$sort":{"_id.year":1,"_id.month":1,"_id.day":1}}] {}
[2024-01-13T06:25:15.564Z] users.findOne {"_id":"658142dbbb7f725058617715"} {}
[2024-01-13T06:25:15.566Z] harajats.aggregate [{"$match":{"date":{"$gte":"2024-01-01T00:00:00.000Z","$lte":"2025-01-01T00:00:00.000Z"}}},{"$group":{"_id":{"year":{"$year":"$date"},"month":{"$month":"$date"},"day":{"$dayOfMonth":"$date"}},"totalAmount":{"$sum":"$amount"}}},{"$sort":{"_id.year":1,"_id.month":1,"_id.day":1}}] {}
[2024-01-13T06:26:22.379Z] users.findOne {"_id":"658142dbbb7f725058617715"} {}
[2024-01-13T06:26:22.381Z] users.findOne {"_id":"658142dbbb7f725058617715"} {}
[2024-01-13T06:26:22.403Z] users.findOne {"_id":"658142dbbb7f725058617715"} {}
[2024-01-13T06:26:22.404Z] sklads.find {"active":true} {}
[2024-01-13T06:26:22.412Z] users.findOne {"_id":"658142dbbb7f725058617715"} {}
[2024-01-13T06:26:22.413Z] sellers.find {} {}
[2024-01-13T06:26:23.881Z] users.findOne {"_id":"658142dbbb7f725058617715"} {}
[2024-01-13T06:26:23.883Z] users.findOne {"_id":"658142dbbb7f725058617715"} {}
[2024-01-13T06:26:23.889Z] users.findOne {"_id":"658142dbbb7f725058617715"} {}
[2024-01-13T06:26:23.891Z] sklads.find {"active":true} {}
[2024-01-13T06:26:24.971Z] users.findOne {"_id":"658142dbbb7f725058617715"} {}
[2024-01-13T06:26:24.973Z] users.findOne {"_id":"658142dbbb7f725058617715"} {}
[2024-01-13T06:26:24.979Z] users.findOne {"_id":"658142dbbb7f725058617715"} {}
[2024-01-13T06:26:24.981Z] sellers.find {} {}
[2024-01-13T06:26:25.902Z] users.findOne {"_id":"658142dbbb7f725058617715"} {}
[2024-01-13T06:26:25.904Z] users.findOne {"_id":"658142dbbb7f725058617715"} {}
[2024-01-13T06:26:25.911Z] users.findOne {"_id":"658142dbbb7f725058617715"} {}
[2024-01-13T06:26:25.913Z] clients.find {} {}
[2024-01-13T06:26:26.739Z] users.findOne {"_id":"658142dbbb7f725058617715"} {}
[2024-01-13T06:26:26.740Z] users.findOne {"_id":"658142dbbb7f725058617715"} {}
[2024-01-13T06:26:26.748Z] users.findOne {"_id":"658142dbbb7f725058617715"} {}
[2024-01-13T06:26:26.749Z] harajats.find {} {"sort":{"_id":-1},"limit":100}
[2024-01-13T06:26:27.859Z] users.findOne {"_id":"658142dbbb7f725058617715"} {}
[2024-01-13T06:26:27.861Z] users.findOne {"_id":"658142dbbb7f725058617715"} {}
[2024-01-13T06:26:27.868Z] users.findOne {"_id":"658142dbbb7f725058617715"} {}
[2024-01-13T06:26:27.870Z] harajats.aggregate [{"$match":{"date":{"$gte":"2024-01-06T06:26:27.863Z","$lte":"2024-01-13T06:26:27.863Z"}}},{"$group":{"_id":{"year":{"$year":"$date"},"month":{"$month":"$date"},"day":{"$dayOfMonth":"$date"}},"totalAmount":{"$sum":"$amount"},"totalRecords":{"$sum":1}}},{"$sort":{"_id.year":1,"_id.month":1,"_id.day":1}}] {}
[2024-01-13T06:26:27.873Z] users.findOne {"_id":"658142dbbb7f725058617715"} {}
[2024-01-13T06:26:27.874Z] products.aggregate [{"$match":{"saled":true,"saledDate":{"$gte":"2024-01-06T06:26:27.863Z","$lte":"2024-01-13T06:26:27.863Z"}}},{"$group":{"_id":{"year":{"$year":"$saledDate"},"month":{"$month":"$saledDate"},"day":{"$dayOfMonth":"$saledDate"}},"totalAmount":{"$sum":{"$multiply":[{"$cond":{"if":{"$eq":["$name","List"]},"then":{"$multiply":[{"$subtract":["$saledPrice","$price"]},{"$divide":[{"$multiply":["$uzunligi_x","$uzunligi_y"]},10000]}]},"else":{"$multiply":[{"$subtract":["$saledPrice","$price"]},"$uzunligi"]}}},1]}},"totalProducts":{"$sum":1}}},{"$sort":{"_id.year":1,"_id.month":1,"_id.day":1}}] {}
[2024-01-13T06:26:27.876Z] harajats.aggregate [{"$match":{"date":{"$gte":"2024-01-06T06:26:27.863Z","$lte":"2024-01-13T06:26:27.863Z"}}},{"$group":{"_id":{"year":{"$year":"$date"},"month":{"$month":"$date"},"day":{"$dayOfMonth":"$date"}},"totalAmount":{"$sum":"$amount"},"totalRecords":{"$sum":1}}},{"$sort":{"_id.year":1,"_id.month":1,"_id.day":1}}] {}
[2024-01-13T06:26:27.877Z] products.aggregate [{"$match":{"saled":true,"saledDate":{"$gte":"2024-01-06T06:26:27.863Z","$lte":"2024-01-13T06:26:27.863Z"}}},{"$group":{"_id":{"year":{"$year":"$saledDate"},"month":{"$month":"$saledDate"},"day":{"$dayOfMonth":"$saledDate"}},"totalAmount":{"$sum":{"$multiply":[{"$cond":{"if":{"$eq":["$name","List"]},"then":{"$multiply":["$price",{"$divide":[{"$multiply":["$uzunligi_x","$uzunligi_y"]},10000]}]},"else":{"$multiply":["$price","$uzunligi"]}}}]}},"totalProducts":{"$sum":1}}},{"$sort":{"_id.year":1,"_id.month":1,"_id.day":1}}] {}
[2024-01-13T06:26:27.878Z] products.aggregate [{"$match":{"saled":true,"saledDate":{"$gte":"2024-01-06T06:26:27.863Z","$lte":"2024-01-13T06:26:27.863Z"}}},{"$group":{"_id":{"year":{"$year":"$saledDate"},"month":{"$month":"$saledDate"},"day":{"$dayOfMonth":"$saledDate"}},"totalAmount":{"$sum":{"$multiply":[{"$cond":{"if":{"$eq":["$name","List"]},"then":{"$multiply":[{"$subtract":["$saledPrice","$price"]},{"$divide":[{"$multiply":["$uzunligi_x","$uzunligi_y"]},10000]}]},"else":{"$multiply":[{"$subtract":["$saledPrice","$price"]},"$uzunligi"]}}},1]}},"totalProducts":{"$sum":1}}},{"$sort":{"_id.year":1,"_id.month":1,"_id.day":1}}] {}
[2024-01-13T06:26:27.879Z] products.aggregate [{"$match":{"saled":true,"saledDate":{"$gte":"2024-01-06T06:26:27.863Z","$lte":"2024-01-13T06:26:27.863Z"}}},{"$group":{"_id":{"year":{"$year":"$saledDate"},"month":{"$month":"$saledDate"},"day":{"$dayOfMonth":"$saledDate"}},"totalAmount":{"$sum":{"$multiply":[{"$cond":{"if":{"$eq":["$name","List"]},"then":{"$multiply":["$price",{"$divide":[{"$multiply":["$uzunligi_x","$uzunligi_y"]},10000]}]},"else":{"$multiply":["$price","$uzunligi"]}}}]}},"totalProducts":{"$sum":1}}},{"$sort":{"_id.year":1,"_id.month":1,"_id.day":1}}] {}
[2024-01-13T06:39:50.609Z] users.findOne {"_id":"658142dbbb7f725058617715"} {}
[2024-01-13T06:39:50.611Z] users.findOne {"_id":"658142dbbb7f725058617715"} {}
[2024-01-13T06:39:50.617Z] users.findOne {"_id":"658142dbbb7f725058617715"} {}
[2024-01-13T06:39:50.618Z] harajats.aggregate [{"$match":{"date":{"$gte":"2024-01-01T00:00:00.000Z","$lte":"2025-01-01T00:00:00.000Z"}}},{"$group":{"_id":null,"totalAmount":{"$sum":"$amount"}}},{"$project":{"_id":0,"totalAmount":1}}] {}
[2024-01-13T06:39:50.625Z] users.findOne {"_id":"658142dbbb7f725058617715"} {}
[2024-01-13T06:39:50.626Z] products.aggregate [{"$match":{"saled":false}},{"$group":{"_id":null,"totalPrice":{"$sum":{"$cond":{"if":{"$eq":["$name","List"]},"then":{"$multiply":["$price",{"$divide":[{"$multiply":["$uzunligi_x","$uzunligi_y"]},10000]}]},"else":{"$multiply":["$price","$uzunligi"]}}}}}},{"$project":{"_id":0,"totalAmount":"$totalPrice"}}] {}
[2024-01-13T06:39:50.633Z] users.findOne {"_id":"658142dbbb7f725058617715"} {}
[2024-01-13T06:39:50.635Z] debts.aggregate [{"$match":{"active":true}},{"$project":{"totalDebt":{"$subtract":["$allAmount","$payedAmount"]}}},{"$group":{"_id":null,"totalAmount":{"$sum":"$totalDebt"}}}] {}
[2024-01-13T06:39:50.641Z] users.findOne {"_id":"658142dbbb7f725058617715"} {}
[2024-01-13T06:39:50.642Z] products.aggregate [{"$match":{"saled":true,"saledDate":{"$gte":"2024-01-01T00:00:00.000Z","$lte":"2025-01-01T00:00:00.000Z"}}},{"$project":{"totalAmount":{"$sum":{"$multiply":[{"$cond":{"if":{"$eq":["$name","List"]},"then":{"$multiply":[{"$subtract":["$saledPrice","$price"]},{"$cond":{"if":{"$ne":["$uzunligi_x",0]},"then":{"$divide":[{"$multiply":["$uzunligi_x","$uzunligi_y"]},10000]},"else":0}}]},"else":{"$multiply":[{"$subtract":["$saledPrice","$price"]},"$uzunligi"]}}},1]}}}},{"$group":{"_id":null,"totalAmount":{"$sum":"$totalAmount"}}}] {}
[2024-01-13T06:39:50.649Z] users.findOne {"_id":"658142dbbb7f725058617715"} {}
[2024-01-13T06:39:50.650Z] products.aggregate [{"$match":{"saled":true,"saledDate":{"$gte":"2024-01-01T00:00:00.000Z","$lte":"2025-01-01T00:00:00.000Z"}}},{"$group":{"_id":{"year":{"$year":"$saledDate"},"month":{"$month":"$saledDate"},"day":{"$dayOfMonth":"$saledDate"}},"totalAmount":{"$sum":{"$multiply":[{"$cond":{"if":{"$eq":["$name","List"]},"then":{"$multiply":[{"$subtract":["$saledPrice","$price"]},{"$divide":[{"$multiply":["$uzunligi_x","$uzunligi_y"]},10000]}]},"else":{"$multiply":[{"$subtract":["$saledPrice","$price"]},"$uzunligi"]}}},1]}},"totalProducts":{"$sum":1}}},{"$sort":{"_id.year":1,"_id.month":1,"_id.day":1}}] {}
[2024-01-13T06:39:50.657Z] users.findOne {"_id":"658142dbbb7f725058617715"} {}
[2024-01-13T06:39:50.658Z] harajats.aggregate [{"$match":{"date":{"$gte":"2024-01-01T00:00:00.000Z","$lte":"2025-01-01T00:00:00.000Z"}}},{"$group":{"_id":{"year":{"$year":"$date"},"month":{"$month":"$date"},"day":{"$dayOfMonth":"$date"}},"totalAmount":{"$sum":"$amount"}}},{"$sort":{"_id.year":1,"_id.month":1,"_id.day":1}}] {}
[2024-01-13T06:54:39.193Z] users.findOne {"_id":"658142dbbb7f725058617715"} {}
[2024-01-13T06:54:39.195Z] users.findOne {"_id":"658142dbbb7f725058617715"} {}
[2024-01-13T06:54:39.200Z] users.findOne {"_id":"658142dbbb7f725058617715"} {}
[2024-01-13T06:54:39.201Z] harajats.aggregate [{"$match":{"date":{"$gte":"2024-01-06T06:54:39.196Z","$lte":"2024-01-13T06:54:39.196Z"}}},{"$group":{"_id":{"year":{"$year":"$date"},"month":{"$month":"$date"},"day":{"$dayOfMonth":"$date"}},"totalAmount":{"$sum":"$amount"},"totalRecords":{"$sum":1}}},{"$sort":{"_id.year":1,"_id.month":1,"_id.day":1}}] {}
[2024-01-13T06:54:39.202Z] users.findOne {"_id":"658142dbbb7f725058617715"} {}
[2024-01-13T06:54:39.203Z] products.aggregate [{"$match":{"saled":true,"saledDate":{"$gte":"2024-01-06T06:54:39.196Z","$lte":"2024-01-13T06:54:39.196Z"}}},{"$group":{"_id":{"year":{"$year":"$saledDate"},"month":{"$month":"$saledDate"},"day":{"$dayOfMonth":"$saledDate"}},"totalAmount":{"$sum":{"$multiply":[{"$cond":{"if":{"$eq":["$name","List"]},"then":{"$multiply":[{"$subtract":["$saledPrice","$price"]},{"$divide":[{"$multiply":["$uzunligi_x","$uzunligi_y"]},10000]}]},"else":{"$multiply":[{"$subtract":["$saledPrice","$price"]},"$uzunligi"]}}},1]}},"totalProducts":{"$sum":1}}},{"$sort":{"_id.year":1,"_id.month":1,"_id.day":1}}] {}
[2024-01-13T06:54:39.204Z] harajats.aggregate [{"$match":{"date":{"$gte":"2024-01-06T06:54:39.196Z","$lte":"2024-01-13T06:54:39.196Z"}}},{"$group":{"_id":{"year":{"$year":"$date"},"month":{"$month":"$date"},"day":{"$dayOfMonth":"$date"}},"totalAmount":{"$sum":"$amount"},"totalRecords":{"$sum":1}}},{"$sort":{"_id.year":1,"_id.month":1,"_id.day":1}}] {}
[2024-01-13T06:54:39.204Z] products.aggregate [{"$match":{"saled":true,"saledDate":{"$gte":"2024-01-06T06:54:39.196Z","$lte":"2024-01-13T06:54:39.196Z"}}},{"$group":{"_id":{"year":{"$year":"$saledDate"},"month":{"$month":"$saledDate"},"day":{"$dayOfMonth":"$saledDate"}},"totalAmount":{"$sum":{"$multiply":[{"$cond":{"if":{"$eq":["$name","List"]},"then":{"$multiply":["$price",{"$divide":[{"$multiply":["$uzunligi_x","$uzunligi_y"]},10000]}]},"else":{"$multiply":["$price","$uzunligi"]}}}]}},"totalProducts":{"$sum":1}}},{"$sort":{"_id.year":1,"_id.month":1,"_id.day":1}}] {}
[2024-01-13T06:54:39.205Z] products.aggregate [{"$match":{"saled":true,"saledDate":{"$gte":"2024-01-06T06:54:39.196Z","$lte":"2024-01-13T06:54:39.196Z"}}},{"$group":{"_id":{"year":{"$year":"$saledDate"},"month":{"$month":"$saledDate"},"day":{"$dayOfMonth":"$saledDate"}},"totalAmount":{"$sum":{"$multiply":[{"$cond":{"if":{"$eq":["$name","List"]},"then":{"$multiply":[{"$subtract":["$saledPrice","$price"]},{"$divide":[{"$multiply":["$uzunligi_x","$uzunligi_y"]},10000]}]},"else":{"$multiply":[{"$subtract":["$saledPrice","$price"]},"$uzunligi"]}}},1]}},"totalProducts":{"$sum":1}}},{"$sort":{"_id.year":1,"_id.month":1,"_id.day":1}}] {}
[2024-01-13T06:54:39.206Z] products.aggregate [{"$match":{"saled":true,"saledDate":{"$gte":"2024-01-06T06:54:39.196Z","$lte":"2024-01-13T06:54:39.196Z"}}},{"$group":{"_id":{"year":{"$year":"$saledDate"},"month":{"$month":"$saledDate"},"day":{"$dayOfMonth":"$saledDate"}},"totalAmount":{"$sum":{"$multiply":[{"$cond":{"if":{"$eq":["$name","List"]},"then":{"$multiply":["$price",{"$divide":[{"$multiply":["$uzunligi_x","$uzunligi_y"]},10000]}]},"else":{"$multiply":["$price","$uzunligi"]}}}]}},"totalProducts":{"$sum":1}}},{"$sort":{"_id.year":1,"_id.month":1,"_id.day":1}}] {}
[2024-01-13T09:20:33.686Z] users.findOne {"login":"admin"} {}
[2024-01-13T09:20:35.926Z] users.findOne {"_id":"658142dbbb7f725058617715"} {}
[2024-01-13T09:20:35.929Z] users.findOne {"_id":"658142dbbb7f725058617715"} {}
[2024-01-13T09:20:35.934Z] alerts.find {} {"sort":{"createdAt":-1}}
[2024-01-13T09:20:35.937Z] users.findOne {"_id":"658142dbbb7f725058617715"} {}
[2024-01-13T09:20:36.660Z] users.findOne {"_id":"658142dbbb7f725058617715"} {}
[2024-01-13T09:20:36.663Z] users.findOne {"_id":"658142dbbb7f725058617715"} {}
[2024-01-13T09:20:36.665Z] alerts.find {} {"sort":{"createdAt":-1}}
[2024-01-13T09:20:36.666Z] users.findOne {"_id":"658142dbbb7f725058617715"} {}
[2024-01-13T09:20:36.679Z] users.findOne {"_id":"658142dbbb7f725058617715"} {}
[2024-01-13T09:20:36.680Z] harajats.aggregate [{"$match":{"date":{"$gte":"2024-01-01T00:00:00.000Z","$lte":"2025-01-01T00:00:00.000Z"}}},{"$group":{"_id":null,"totalAmount":{"$sum":"$amount"}}},{"$project":{"_id":0,"totalAmount":1}}] {}
[2024-01-13T09:20:36.700Z] users.findOne {"_id":"658142dbbb7f725058617715"} {}
[2024-01-13T09:20:36.702Z] products.aggregate [{"$match":{"saled":false}},{"$group":{"_id":null,"totalPrice":{"$sum":{"$cond":{"if":{"$eq":["$name","List"]},"then":{"$multiply":["$price",{"$divide":[{"$multiply":["$uzunligi_x","$uzunligi_y"]},10000]}]},"else":{"$multiply":["$price","$uzunligi"]}}}}}},{"$project":{"_id":0,"totalAmount":"$totalPrice"}}] {}
[2024-01-13T09:20:36.724Z] users.findOne {"_id":"658142dbbb7f725058617715"} {}
[2024-01-13T09:20:36.726Z] debts.aggregate [{"$match":{"active":true}},{"$project":{"totalDebt":{"$subtract":["$allAmount","$payedAmount"]}}},{"$group":{"_id":null,"totalAmount":{"$sum":"$totalDebt"}}}] {}
[2024-01-13T09:20:36.747Z] users.findOne {"_id":"658142dbbb7f725058617715"} {}
[2024-01-13T09:20:36.749Z] products.aggregate [{"$match":{"saled":true,"saledDate":{"$gte":"2024-01-01T00:00:00.000Z","$lte":"2025-01-01T00:00:00.000Z"}}},{"$project":{"totalAmount":{"$sum":{"$multiply":[{"$cond":{"if":{"$eq":["$name","List"]},"then":{"$multiply":[{"$subtract":["$saledPrice","$price"]},{"$cond":{"if":{"$ne":["$uzunligi_x",0]},"then":{"$divide":[{"$multiply":["$uzunligi_x","$uzunligi_y"]},10000]},"else":0}}]},"else":{"$multiply":[{"$subtract":["$saledPrice","$price"]},"$uzunligi"]}}},1]}}}},{"$group":{"_id":null,"totalAmount":{"$sum":"$totalAmount"}}}] {}
[2024-01-13T09:20:36.761Z] users.findOne {"_id":"658142dbbb7f725058617715"} {}
[2024-01-13T09:20:36.762Z] products.aggregate [{"$match":{"saled":true,"saledDate":{"$gte":"2024-01-01T00:00:00.000Z","$lte":"2025-01-01T00:00:00.000Z"}}},{"$group":{"_id":{"year":{"$year":"$saledDate"},"month":{"$month":"$saledDate"},"day":{"$dayOfMonth":"$saledDate"}},"totalAmount":{"$sum":{"$multiply":[{"$cond":{"if":{"$eq":["$name","List"]},"then":{"$multiply":[{"$subtract":["$saledPrice","$price"]},{"$divide":[{"$multiply":["$uzunligi_x","$uzunligi_y"]},10000]}]},"else":{"$multiply":[{"$subtract":["$saledPrice","$price"]},"$uzunligi"]}}},1]}},"totalProducts":{"$sum":1}}},{"$sort":{"_id.year":1,"_id.month":1,"_id.day":1}}] {}
[2024-01-13T09:20:36.772Z] users.findOne {"_id":"658142dbbb7f725058617715"} {}
[2024-01-13T09:20:36.773Z] harajats.aggregate [{"$match":{"date":{"$gte":"2024-01-01T00:00:00.000Z","$lte":"2025-01-01T00:00:00.000Z"}}},{"$group":{"_id":{"year":{"$year":"$date"},"month":{"$month":"$date"},"day":{"$dayOfMonth":"$date"}},"totalAmount":{"$sum":"$amount"}}},{"$sort":{"_id.year":1,"_id.month":1,"_id.day":1}}] {}
[2024-01-13T09:20:45.341Z] users.findOne {"_id":"658142dbbb7f725058617715"} {}
[2024-01-13T09:20:45.342Z] users.findOne {"_id":"658142dbbb7f725058617715"} {}
[2024-01-13T09:20:45.353Z] users.findOne {"_id":"658142dbbb7f725058617715"} {}
[2024-01-13T09:20:45.356Z] users.findOne {"_id":"658142dbbb7f725058617715"} {}
[2024-01-13T09:20:45.357Z] harajats.aggregate [{"$match":{"date":{"$gte":"2024-01-06T09:20:45.346Z","$lte":"2024-01-13T09:20:45.346Z"}}},{"$group":{"_id":{"year":{"$year":"$date"},"month":{"$month":"$date"},"day":{"$dayOfMonth":"$date"}},"totalAmount":{"$sum":"$amount"},"totalRecords":{"$sum":1}}},{"$sort":{"_id.year":1,"_id.month":1,"_id.day":1}}] {}
[2024-01-13T09:20:45.358Z] harajats.aggregate [{"$match":{"date":{"$gte":"2024-01-06T09:20:45.346Z","$lte":"2024-01-13T09:20:45.346Z"}}},{"$group":{"_id":{"year":{"$year":"$date"},"month":{"$month":"$date"},"day":{"$dayOfMonth":"$date"}},"totalAmount":{"$sum":"$amount"},"totalRecords":{"$sum":1}}},{"$sort":{"_id.year":1,"_id.month":1,"_id.day":1}}] {}
[2024-01-13T09:20:45.358Z] products.aggregate [{"$match":{"saled":true,"saledDate":{"$gte":"2024-01-06T09:20:45.346Z","$lte":"2024-01-13T09:20:45.346Z"}}},{"$group":{"_id":{"year":{"$year":"$saledDate"},"month":{"$month":"$saledDate"},"day":{"$dayOfMonth":"$saledDate"}},"totalAmount":{"$sum":{"$multiply":[{"$cond":{"if":{"$eq":["$name","List"]},"then":{"$multiply":[{"$subtract":["$saledPrice","$price"]},{"$divide":[{"$multiply":["$uzunligi_x","$uzunligi_y"]},10000]}]},"else":{"$multiply":[{"$subtract":["$saledPrice","$price"]},"$uzunligi"]}}},1]}},"totalProducts":{"$sum":1}}},{"$sort":{"_id.year":1,"_id.month":1,"_id.day":1}}] {}
[2024-01-13T09:20:45.359Z] products.aggregate [{"$match":{"saled":true,"saledDate":{"$gte":"2024-01-06T09:20:45.346Z","$lte":"2024-01-13T09:20:45.346Z"}}},{"$group":{"_id":{"year":{"$year":"$saledDate"},"month":{"$month":"$saledDate"},"day":{"$dayOfMonth":"$saledDate"}},"totalAmount":{"$sum":{"$multiply":[{"$cond":{"if":{"$eq":["$name","List"]},"then":{"$multiply":[{"$subtract":["$saledPrice","$price"]},{"$divide":[{"$multiply":["$uzunligi_x","$uzunligi_y"]},10000]}]},"else":{"$multiply":[{"$subtract":["$saledPrice","$price"]},"$uzunligi"]}}},1]}},"totalProducts":{"$sum":1}}},{"$sort":{"_id.year":1,"_id.month":1,"_id.day":1}}] {}
[2024-01-13T09:20:45.360Z] products.aggregate [{"$match":{"saled":true,"saledDate":{"$gte":"2024-01-06T09:20:45.346Z","$lte":"2024-01-13T09:20:45.346Z"}}},{"$group":{"_id":{"year":{"$year":"$saledDate"},"month":{"$month":"$saledDate"},"day":{"$dayOfMonth":"$saledDate"}},"totalAmount":{"$sum":{"$multiply":[{"$cond":{"if":{"$eq":["$name","List"]},"then":{"$multiply":["$price",{"$divide":[{"$multiply":["$uzunligi_x","$uzunligi_y"]},10000]}]},"else":{"$multiply":["$price","$uzunligi"]}}}]}},"totalProducts":{"$sum":1}}},{"$sort":{"_id.year":1,"_id.month":1,"_id.day":1}}] {}
[2024-01-13T09:20:45.361Z] products.aggregate [{"$match":{"saled":true,"saledDate":{"$gte":"2024-01-06T09:20:45.346Z","$lte":"2024-01-13T09:20:45.346Z"}}},{"$group":{"_id":{"year":{"$year":"$saledDate"},"month":{"$month":"$saledDate"},"day":{"$dayOfMonth":"$saledDate"}},"totalAmount":{"$sum":{"$multiply":[{"$cond":{"if":{"$eq":["$name","List"]},"then":{"$multiply":["$price",{"$divide":[{"$multiply":["$uzunligi_x","$uzunligi_y"]},10000]}]},"else":{"$multiply":["$price","$uzunligi"]}}}]}},"totalProducts":{"$sum":1}}},{"$sort":{"_id.year":1,"_id.month":1,"_id.day":1}}] {}
[2024-01-13T09:21:19.861Z] users.findOne {"_id":"658142dbbb7f725058617715"} {}
[2024-01-13T09:21:19.862Z] users.findOne {"_id":"658142dbbb7f725058617715"} {}
[2024-01-13T09:21:19.872Z] users.findOne {"_id":"658142dbbb7f725058617715"} {}
[2024-01-13T09:21:19.874Z] harajats.aggregate [{"$match":{"date":{"$gte":"2024-01-01T00:00:00.000Z","$lte":"2025-01-01T00:00:00.000Z"}}},{"$group":{"_id":null,"totalAmount":{"$sum":"$amount"}}},{"$project":{"_id":0,"totalAmount":1}}] {}
[2024-01-13T09:21:19.884Z] users.findOne {"_id":"658142dbbb7f725058617715"} {}
[2024-01-13T09:21:19.886Z] products.aggregate [{"$match":{"saled":false}},{"$group":{"_id":null,"totalPrice":{"$sum":{"$cond":{"if":{"$eq":["$name","List"]},"then":{"$multiply":["$price",{"$divide":[{"$multiply":["$uzunligi_x","$uzunligi_y"]},10000]}]},"else":{"$multiply":["$price","$uzunligi"]}}}}}},{"$project":{"_id":0,"totalAmount":"$totalPrice"}}] {}
[2024-01-13T09:21:19.895Z] users.findOne {"_id":"658142dbbb7f725058617715"} {}
[2024-01-13T09:21:19.897Z] debts.aggregate [{"$match":{"active":true}},{"$project":{"totalDebt":{"$subtract":["$allAmount","$payedAmount"]}}},{"$group":{"_id":null,"totalAmount":{"$sum":"$totalDebt"}}}] {}
[2024-01-13T09:21:19.906Z] users.findOne {"_id":"658142dbbb7f725058617715"} {}
[2024-01-13T09:21:19.907Z] products.aggregate [{"$match":{"saled":true,"saledDate":{"$gte":"2024-01-01T00:00:00.000Z","$lte":"2025-01-01T00:00:00.000Z"}}},{"$project":{"totalAmount":{"$sum":{"$multiply":[{"$cond":{"if":{"$eq":["$name","List"]},"then":{"$multiply":[{"$subtract":["$saledPrice","$price"]},{"$cond":{"if":{"$ne":["$uzunligi_x",0]},"then":{"$divide":[{"$multiply":["$uzunligi_x","$uzunligi_y"]},10000]},"else":0}}]},"else":{"$multiply":[{"$subtract":["$saledPrice","$price"]},"$uzunligi"]}}},1]}}}},{"$group":{"_id":null,"totalAmount":{"$sum":"$totalAmount"}}}] {}
[2024-01-13T09:21:19.917Z] users.findOne {"_id":"658142dbbb7f725058617715"} {}
[2024-01-13T09:21:19.919Z] products.aggregate [{"$match":{"saled":true,"saledDate":{"$gte":"2024-01-01T00:00:00.000Z","$lte":"2025-01-01T00:00:00.000Z"}}},{"$group":{"_id":{"year":{"$year":"$saledDate"},"month":{"$month":"$saledDate"},"day":{"$dayOfMonth":"$saledDate"}},"totalAmount":{"$sum":{"$multiply":[{"$cond":{"if":{"$eq":["$name","List"]},"then":{"$multiply":[{"$subtract":["$saledPrice","$price"]},{"$divide":[{"$multiply":["$uzunligi_x","$uzunligi_y"]},10000]}]},"else":{"$multiply":[{"$subtract":["$saledPrice","$price"]},"$uzunligi"]}}},1]}},"totalProducts":{"$sum":1}}},{"$sort":{"_id.year":1,"_id.month":1,"_id.day":1}}] {}
[2024-01-13T09:21:19.929Z] users.findOne {"_id":"658142dbbb7f725058617715"} {}
[2024-01-13T09:21:19.931Z] harajats.aggregate [{"$match":{"date":{"$gte":"2024-01-01T00:00:00.000Z","$lte":"2025-01-01T00:00:00.000Z"}}},{"$group":{"_id":{"year":{"$year":"$date"},"month":{"$month":"$date"},"day":{"$dayOfMonth":"$date"}},"totalAmount":{"$sum":"$amount"}}},{"$sort":{"_id.year":1,"_id.month":1,"_id.day":1}}] {}
[2024-01-13T09:21:21.029Z] users.findOne {"_id":"658142dbbb7f725058617715"} {}
[2024-01-13T09:21:21.031Z] users.findOne {"_id":"658142dbbb7f725058617715"} {}
[2024-01-13T09:21:21.056Z] users.findOne {"_id":"658142dbbb7f725058617715"} {}
[2024-01-13T09:21:21.058Z] sklads.find {"active":true} {}
[2024-01-13T09:21:21.067Z] users.findOne {"_id":"658142dbbb7f725058617715"} {}
[2024-01-13T09:21:21.068Z] sellers.find {} {}
[2024-01-13T09:21:22.109Z] users.findOne {"_id":"658142dbbb7f725058617715"} {}
[2024-01-13T09:21:22.111Z] users.findOne {"_id":"658142dbbb7f725058617715"} {}
[2024-01-13T09:21:22.128Z] users.findOne {"_id":"658142dbbb7f725058617715"} {}
[2024-01-13T09:21:22.130Z] products.aggregate [{"$match":{"saled":false}},{"$group":{"_id":{"name":"$name","qalinligi":"$qalinligi","qalinligi_ortasi":"$qalinligi_ortasi","category":"$category","holati":"$holati","uzunligi":"$uzunligi","uzunligi_x":"$uzunligi_x","olchamlari":"$olchamlari","uzunligi_y":"$uzunligi_y","sklad":"$sklad","price":"$price","saledPrice":"$saledPrice","cut":"$cut"},"totalQuantity":{"$sum":"$quantity"}}},{"$project":{"name":"$_id.name","qalinligi":"$_id.qalinligi","qalinligi_ortasi":"$_id.qalinligi_ortasi","category":"$_id.category","holati":"$_id.holati","uzunligi":"$_id.uzunligi","uzunligi_x":"$_id.uzunligi_x","uzunligi_y":"$_id.uzunligi_y","sklad":"$_id.sklad","price":"$_id.price","olchamlari":"$_id.olchamlari","saledPrice":"$_id.saledPrice","quantity":"$totalQuantity","cut":"$_id.cut"}}] {}
[2024-01-13T09:21:22.142Z] users.findOne {"_id":"658142dbbb7f725058617715"} {}
[2024-01-13T09:21:22.143Z] sklads.find {} {}
[2024-01-13T09:21:23.876Z] users.findOne {"_id":"658142dbbb7f725058617715"} {}
[2024-01-13T09:21:23.877Z] users.findOne {"_id":"658142dbbb7f725058617715"} {}
[2024-01-13T09:21:23.892Z] users.findOne {"_id":"658142dbbb7f725058617715"} {}
[2024-01-13T09:21:23.894Z] sklads.find {"active":true} {}
[2024-01-13T09:21:25.071Z] users.findOne {"_id":"658142dbbb7f725058617715"} {}
[2024-01-13T09:21:25.072Z] users.findOne {"_id":"658142dbbb7f725058617715"} {}
[2024-01-13T09:21:25.078Z] users.findOne {"_id":"658142dbbb7f725058617715"} {}
[2024-01-13T09:21:25.079Z] sellers.find {} {}
[2024-01-13T09:21:25.983Z] users.findOne {"_id":"658142dbbb7f725058617715"} {}
[2024-01-13T09:21:25.984Z] users.findOne {"_id":"658142dbbb7f725058617715"} {}
[2024-01-13T09:21:26.006Z] users.findOne {"_id":"658142dbbb7f725058617715"} {}
[2024-01-13T09:21:26.007Z] clients.find {} {}
[2024-01-13T09:21:27.531Z] users.findOne {"_id":"658142dbbb7f725058617715"} {}
[2024-01-13T09:21:27.532Z] users.findOne {"_id":"658142dbbb7f725058617715"} {}
[2024-01-13T09:21:27.553Z] users.findOne {"_id":"658142dbbb7f725058617715"} {}
[2024-01-13T09:21:27.555Z] harajats.aggregate [{"$match":{"date":{"$gte":"2024-01-01T00:00:00.000Z","$lte":"2025-01-01T00:00:00.000Z"}}},{"$group":{"_id":null,"totalAmount":{"$sum":"$amount"}}},{"$project":{"_id":0,"totalAmount":1}}] {}
[2024-01-13T09:21:27.564Z] users.findOne {"_id":"658142dbbb7f725058617715"} {}
[2024-01-13T09:21:27.565Z] products.aggregate [{"$match":{"saled":false}},{"$group":{"_id":null,"totalPrice":{"$sum":{"$cond":{"if":{"$eq":["$name","List"]},"then":{"$multiply":["$price",{"$divide":[{"$multiply":["$uzunligi_x","$uzunligi_y"]},10000]}]},"else":{"$multiply":["$price","$uzunligi"]}}}}}},{"$project":{"_id":0,"totalAmount":"$totalPrice"}}] {}
[2024-01-13T09:21:27.575Z] users.findOne {"_id":"658142dbbb7f725058617715"} {}
[2024-01-13T09:21:27.576Z] debts.aggregate [{"$match":{"active":true}},{"$project":{"totalDebt":{"$subtract":["$allAmount","$payedAmount"]}}},{"$group":{"_id":null,"totalAmount":{"$sum":"$totalDebt"}}}] {}
[2024-01-13T09:21:27.586Z] users.findOne {"_id":"658142dbbb7f725058617715"} {}
[2024-01-13T09:21:27.588Z] products.aggregate [{"$match":{"saled":true,"saledDate":{"$gte":"2024-01-01T00:00:00.000Z","$lte":"2025-01-01T00:00:00.000Z"}}},{"$project":{"totalAmount":{"$sum":{"$multiply":[{"$cond":{"if":{"$eq":["$name","List"]},"then":{"$multiply":[{"$subtract":["$saledPrice","$price"]},{"$cond":{"if":{"$ne":["$uzunligi_x",0]},"then":{"$divide":[{"$multiply":["$uzunligi_x","$uzunligi_y"]},10000]},"else":0}}]},"else":{"$multiply":[{"$subtract":["$saledPrice","$price"]},"$uzunligi"]}}},1]}}}},{"$group":{"_id":null,"totalAmount":{"$sum":"$totalAmount"}}}] {}
[2024-01-13T09:21:27.597Z] users.findOne {"_id":"658142dbbb7f725058617715"} {}
[2024-01-13T09:21:27.598Z] products.aggregate [{"$match":{"saled":true,"saledDate":{"$gte":"2024-01-01T00:00:00.000Z","$lte":"2025-01-01T00:00:00.000Z"}}},{"$group":{"_id":{"year":{"$year":"$saledDate"},"month":{"$month":"$saledDate"},"day":{"$dayOfMonth":"$saledDate"}},"totalAmount":{"$sum":{"$multiply":[{"$cond":{"if":{"$eq":["$name","List"]},"then":{"$multiply":[{"$subtract":["$saledPrice","$price"]},{"$divide":[{"$multiply":["$uzunligi_x","$uzunligi_y"]},10000]}]},"else":{"$multiply":[{"$subtract":["$saledPrice","$price"]},"$uzunligi"]}}},1]}},"totalProducts":{"$sum":1}}},{"$sort":{"_id.year":1,"_id.month":1,"_id.day":1}}] {}
[2024-01-13T09:21:27.610Z] users.findOne {"_id":"658142dbbb7f725058617715"} {}
[2024-01-13T09:21:27.612Z] harajats.aggregate [{"$match":{"date":{"$gte":"2024-01-01T00:00:00.000Z","$lte":"2025-01-01T00:00:00.000Z"}}},{"$group":{"_id":{"year":{"$year":"$date"},"month":{"$month":"$date"},"day":{"$dayOfMonth":"$date"}},"totalAmount":{"$sum":"$amount"}}},{"$sort":{"_id.year":1,"_id.month":1,"_id.day":1}}] {}
[2024-01-13T09:22:14.254Z] users.findOne {"_id":"658142dbbb7f725058617715"} {}
[2024-01-13T09:22:14.256Z] users.findOne {"_id":"658142dbbb7f725058617715"} {}
[2024-01-13T09:22:14.271Z] users.findOne {"_id":"658142dbbb7f725058617715"} {}
[2024-01-13T09:22:14.276Z] users.findOne {"_id":"658142dbbb7f725058617715"} {}
[2024-01-13T09:22:14.277Z] harajats.aggregate [{"$match":{"date":{"$gte":"2024-01-06T09:22:14.259Z","$lte":"2024-01-13T09:22:14.259Z"}}},{"$group":{"_id":{"year":{"$year":"$date"},"month":{"$month":"$date"},"day":{"$dayOfMonth":"$date"}},"totalAmount":{"$sum":"$amount"},"totalRecords":{"$sum":1}}},{"$sort":{"_id.year":1,"_id.month":1,"_id.day":1}}] {}
[2024-01-13T09:22:14.278Z] harajats.aggregate [{"$match":{"date":{"$gte":"2024-01-06T09:22:14.259Z","$lte":"2024-01-13T09:22:14.259Z"}}},{"$group":{"_id":{"year":{"$year":"$date"},"month":{"$month":"$date"},"day":{"$dayOfMonth":"$date"}},"totalAmount":{"$sum":"$amount"},"totalRecords":{"$sum":1}}},{"$sort":{"_id.year":1,"_id.month":1,"_id.day":1}}] {}
[2024-01-13T09:22:14.280Z] products.aggregate [{"$match":{"saled":true,"saledDate":{"$gte":"2024-01-06T09:22:14.259Z","$lte":"2024-01-13T09:22:14.259Z"}}},{"$group":{"_id":{"year":{"$year":"$saledDate"},"month":{"$month":"$saledDate"},"day":{"$dayOfMonth":"$saledDate"}},"totalAmount":{"$sum":{"$multiply":[{"$cond":{"if":{"$eq":["$name","List"]},"then":{"$multiply":[{"$subtract":["$saledPrice","$price"]},{"$divide":[{"$multiply":["$uzunligi_x","$uzunligi_y"]},10000]}]},"else":{"$multiply":[{"$subtract":["$saledPrice","$price"]},"$uzunligi"]}}},1]}},"totalProducts":{"$sum":1}}},{"$sort":{"_id.year":1,"_id.month":1,"_id.day":1}}] {}
[2024-01-13T09:22:14.281Z] products.aggregate [{"$match":{"saled":true,"saledDate":{"$gte":"2024-01-06T09:22:14.259Z","$lte":"2024-01-13T09:22:14.259Z"}}},{"$group":{"_id":{"year":{"$year":"$saledDate"},"month":{"$month":"$saledDate"},"day":{"$dayOfMonth":"$saledDate"}},"totalAmount":{"$sum":{"$multiply":[{"$cond":{"if":{"$eq":["$name","List"]},"then":{"$multiply":[{"$subtract":["$saledPrice","$price"]},{"$divide":[{"$multiply":["$uzunligi_x","$uzunligi_y"]},10000]}]},"else":{"$multiply":[{"$subtract":["$saledPrice","$price"]},"$uzunligi"]}}},1]}},"totalProducts":{"$sum":1}}},{"$sort":{"_id.year":1,"_id.month":1,"_id.day":1}}] {}
[2024-01-13T09:22:14.282Z] products.aggregate [{"$match":{"saled":true,"saledDate":{"$gte":"2024-01-06T09:22:14.259Z","$lte":"2024-01-13T09:22:14.259Z"}}},{"$group":{"_id":{"year":{"$year":"$saledDate"},"month":{"$month":"$saledDate"},"day":{"$dayOfMonth":"$saledDate"}},"totalAmount":{"$sum":{"$multiply":[{"$cond":{"if":{"$eq":["$name","List"]},"then":{"$multiply":["$price",{"$divide":[{"$multiply":["$uzunligi_x","$uzunligi_y"]},10000]}]},"else":{"$multiply":["$price","$uzunligi"]}}}]}},"totalProducts":{"$sum":1}}},{"$sort":{"_id.year":1,"_id.month":1,"_id.day":1}}] {}
[2024-01-13T09:22:14.283Z] products.aggregate [{"$match":{"saled":true,"saledDate":{"$gte":"2024-01-06T09:22:14.259Z","$lte":"2024-01-13T09:22:14.259Z"}}},{"$group":{"_id":{"year":{"$year":"$saledDate"},"month":{"$month":"$saledDate"},"day":{"$dayOfMonth":"$saledDate"}},"totalAmount":{"$sum":{"$multiply":[{"$cond":{"if":{"$eq":["$name","List"]},"then":{"$multiply":["$price",{"$divide":[{"$multiply":["$uzunligi_x","$uzunligi_y"]},10000]}]},"else":{"$multiply":["$price","$uzunligi"]}}}]}},"totalProducts":{"$sum":1}}},{"$sort":{"_id.year":1,"_id.month":1,"_id.day":1}}] {}
[2024-01-13T09:22:29.943Z] users.findOne {"_id":"658142dbbb7f725058617715"} {}
[2024-01-13T09:22:29.945Z] users.findOne {"_id":"658142dbbb7f725058617715"} {}
[2024-01-13T09:22:29.955Z] users.findOne {"_id":"658142dbbb7f725058617715"} {}
[2024-01-13T09:22:29.957Z] harajats.find {} {"sort":{"_id":-1},"limit":100}
[2024-01-13T09:22:55.763Z] users.findOne {"_id":"658142dbbb7f725058617715"} {}
[2024-01-13T09:22:55.764Z] users.findOne {"_id":"658142dbbb7f725058617715"} {}
[2024-01-13T09:22:55.774Z] users.findOne {"_id":"658142dbbb7f725058617715"} {}
[2024-01-13T09:22:55.775Z] harajats.aggregate [{"$match":{"date":{"$gte":"2024-01-01T00:00:00.000Z","$lte":"2025-01-01T00:00:00.000Z"}}},{"$group":{"_id":null,"totalAmount":{"$sum":"$amount"}}},{"$project":{"_id":0,"totalAmount":1}}] {}
[2024-01-13T09:22:55.785Z] users.findOne {"_id":"658142dbbb7f725058617715"} {}
[2024-01-13T09:22:55.786Z] products.aggregate [{"$match":{"saled":false}},{"$group":{"_id":null,"totalPrice":{"$sum":{"$cond":{"if":{"$eq":["$name","List"]},"then":{"$multiply":["$price",{"$divide":[{"$multiply":["$uzunligi_x","$uzunligi_y"]},10000]}]},"else":{"$multiply":["$price","$uzunligi"]}}}}}},{"$project":{"_id":0,"totalAmount":"$totalPrice"}}] {}
[2024-01-13T09:22:55.796Z] users.findOne {"_id":"658142dbbb7f725058617715"} {}
[2024-01-13T09:22:55.797Z] debts.aggregate [{"$match":{"active":true}},{"$project":{"totalDebt":{"$subtract":["$allAmount","$payedAmount"]}}},{"$group":{"_id":null,"totalAmount":{"$sum":"$totalDebt"}}}] {}
[2024-01-13T09:22:55.805Z] users.findOne {"_id":"658142dbbb7f725058617715"} {}
[2024-01-13T09:22:55.806Z] products.aggregate [{"$match":{"saled":true,"saledDate":{"$gte":"2024-01-01T00:00:00.000Z","$lte":"2025-01-01T00:00:00.000Z"}}},{"$project":{"totalAmount":{"$sum":{"$multiply":[{"$cond":{"if":{"$eq":["$name","List"]},"then":{"$multiply":[{"$subtract":["$saledPrice","$price"]},{"$cond":{"if":{"$ne":["$uzunligi_x",0]},"then":{"$divide":[{"$multiply":["$uzunligi_x","$uzunligi_y"]},10000]},"else":0}}]},"else":{"$multiply":[{"$subtract":["$saledPrice","$price"]},"$uzunligi"]}}},1]}}}},{"$group":{"_id":null,"totalAmount":{"$sum":"$totalAmount"}}}] {}
[2024-01-13T09:22:55.815Z] users.findOne {"_id":"658142dbbb7f725058617715"} {}
[2024-01-13T09:22:55.818Z] products.aggregate [{"$match":{"saled":true,"saledDate":{"$gte":"2024-01-01T00:00:00.000Z","$lte":"2025-01-01T00:00:00.000Z"}}},{"$group":{"_id":{"year":{"$year":"$saledDate"},"month":{"$month":"$saledDate"},"day":{"$dayOfMonth":"$saledDate"}},"totalAmount":{"$sum":{"$multiply":[{"$cond":{"if":{"$eq":["$name","List"]},"then":{"$multiply":[{"$subtract":["$saledPrice","$price"]},{"$divide":[{"$multiply":["$uzunligi_x","$uzunligi_y"]},10000]}]},"else":{"$multiply":[{"$subtract":["$saledPrice","$price"]},"$uzunligi"]}}},1]}},"totalProducts":{"$sum":1}}},{"$sort":{"_id.year":1,"_id.month":1,"_id.day":1}}] {}
[2024-01-13T09:22:55.828Z] users.findOne {"_id":"658142dbbb7f725058617715"} {}
[2024-01-13T09:22:55.830Z] harajats.aggregate [{"$match":{"date":{"$gte":"2024-01-01T00:00:00.000Z","$lte":"2025-01-01T00:00:00.000Z"}}},{"$group":{"_id":{"year":{"$year":"$date"},"month":{"$month":"$date"},"day":{"$dayOfMonth":"$date"}},"totalAmount":{"$sum":"$amount"}}},{"$sort":{"_id.year":1,"_id.month":1,"_id.day":1}}] {}
[2024-01-13T09:22:56.558Z] users.findOne {"_id":"658142dbbb7f725058617715"} {}
[2024-01-13T09:22:56.560Z] users.findOne {"_id":"658142dbbb7f725058617715"} {}
[2024-01-13T09:22:56.673Z] users.findOne {"_id":"658142dbbb7f725058617715"} {}
[2024-01-13T09:22:56.674Z] sklads.find {"active":true} {}
[2024-01-13T09:22:56.683Z] users.findOne {"_id":"658142dbbb7f725058617715"} {}
[2024-01-13T09:22:56.685Z] sellers.find {} {}
[2024-01-13T09:22:57.343Z] users.findOne {"_id":"658142dbbb7f725058617715"} {}
[2024-01-13T09:22:57.344Z] users.findOne {"_id":"658142dbbb7f725058617715"} {}
[2024-01-13T09:22:57.391Z] users.findOne {"_id":"658142dbbb7f725058617715"} {}
[2024-01-13T09:22:57.392Z] products.aggregate [{"$match":{"saled":false}},{"$group":{"_id":{"name":"$name","qalinligi":"$qalinligi","qalinligi_ortasi":"$qalinligi_ortasi","category":"$category","holati":"$holati","uzunligi":"$uzunligi","uzunligi_x":"$uzunligi_x","olchamlari":"$olchamlari","uzunligi_y":"$uzunligi_y","sklad":"$sklad","price":"$price","saledPrice":"$saledPrice","cut":"$cut"},"totalQuantity":{"$sum":"$quantity"}}},{"$project":{"name":"$_id.name","qalinligi":"$_id.qalinligi","qalinligi_ortasi":"$_id.qalinligi_ortasi","category":"$_id.category","holati":"$_id.holati","uzunligi":"$_id.uzunligi","uzunligi_x":"$_id.uzunligi_x","uzunligi_y":"$_id.uzunligi_y","sklad":"$_id.sklad","price":"$_id.price","olchamlari":"$_id.olchamlari","saledPrice":"$_id.saledPrice","quantity":"$totalQuantity","cut":"$_id.cut"}}] {}
[2024-01-13T09:22:57.400Z] users.findOne {"_id":"658142dbbb7f725058617715"} {}
[2024-01-13T09:22:57.401Z] sklads.find {} {}
[2024-01-13T09:22:58.134Z] users.findOne {"_id":"658142dbbb7f725058617715"} {}
[2024-01-13T09:22:58.135Z] users.findOne {"_id":"658142dbbb7f725058617715"} {}
[2024-01-13T09:22:58.180Z] users.findOne {"_id":"658142dbbb7f725058617715"} {}
[2024-01-13T09:22:58.181Z] sklads.find {"active":true} {}
[2024-01-13T09:22:58.688Z] users.findOne {"_id":"658142dbbb7f725058617715"} {}
[2024-01-13T09:22:58.689Z] users.findOne {"_id":"658142dbbb7f725058617715"} {}
[2024-01-13T09:22:58.721Z] users.findOne {"_id":"658142dbbb7f725058617715"} {}
[2024-01-13T09:22:58.723Z] sellers.find {} {}
[2024-01-13T09:22:59.400Z] users.findOne {"_id":"658142dbbb7f725058617715"} {}
[2024-01-13T09:22:59.402Z] users.findOne {"_id":"658142dbbb7f725058617715"} {}
[2024-01-13T09:22:59.464Z] users.findOne {"_id":"658142dbbb7f725058617715"} {}
[2024-01-13T09:22:59.465Z] clients.find {} {}
[2024-01-13T09:23:00.246Z] users.findOne {"_id":"658142dbbb7f725058617715"} {}
[2024-01-13T09:23:00.248Z] users.findOne {"_id":"658142dbbb7f725058617715"} {}
[2024-01-13T09:23:00.282Z] users.findOne {"_id":"658142dbbb7f725058617715"} {}
[2024-01-13T09:23:00.284Z] harajats.find {} {"sort":{"_id":-1},"limit":100}
[2024-01-13T09:23:00.861Z] users.findOne {"_id":"658142dbbb7f725058617715"} {}
[2024-01-13T09:23:00.863Z] users.findOne {"_id":"658142dbbb7f725058617715"} {}
[2024-01-13T09:23:00.872Z] users.findOne {"_id":"658142dbbb7f725058617715"} {}
[2024-01-13T09:23:00.873Z] users.findOne {"_id":"658142dbbb7f725058617715"} {}
[2024-01-13T09:23:00.874Z] harajats.aggregate [{"$match":{"date":{"$gte":"2024-01-06T09:23:00.865Z","$lte":"2024-01-13T09:23:00.865Z"}}},{"$group":{"_id":{"year":{"$year":"$date"},"month":{"$month":"$date"},"day":{"$dayOfMonth":"$date"}},"totalAmount":{"$sum":"$amount"},"totalRecords":{"$sum":1}}},{"$sort":{"_id.year":1,"_id.month":1,"_id.day":1}}] {}
[2024-01-13T09:23:00.875Z] harajats.aggregate [{"$match":{"date":{"$gte":"2024-01-06T09:23:00.865Z","$lte":"2024-01-13T09:23:00.865Z"}}},{"$group":{"_id":{"year":{"$year":"$date"},"month":{"$month":"$date"},"day":{"$dayOfMonth":"$date"}},"totalAmount":{"$sum":"$amount"},"totalRecords":{"$sum":1}}},{"$sort":{"_id.year":1,"_id.month":1,"_id.day":1}}] {}
[2024-01-13T09:23:00.875Z] products.aggregate [{"$match":{"saled":true,"saledDate":{"$gte":"2024-01-06T09:23:00.865Z","$lte":"2024-01-13T09:23:00.865Z"}}},{"$group":{"_id":{"year":{"$year":"$saledDate"},"month":{"$month":"$saledDate"},"day":{"$dayOfMonth":"$saledDate"}},"totalAmount":{"$sum":{"$multiply":[{"$cond":{"if":{"$eq":["$name","List"]},"then":{"$multiply":[{"$subtract":["$saledPrice","$price"]},{"$divide":[{"$multiply":["$uzunligi_x","$uzunligi_y"]},10000]}]},"else":{"$multiply":[{"$subtract":["$saledPrice","$price"]},"$uzunligi"]}}},1]}},"totalProducts":{"$sum":1}}},{"$sort":{"_id.year":1,"_id.month":1,"_id.day":1}}] {}
[2024-01-13T09:23:00.876Z] products.aggregate [{"$match":{"saled":true,"saledDate":{"$gte":"2024-01-06T09:23:00.865Z","$lte":"2024-01-13T09:23:00.865Z"}}},{"$group":{"_id":{"year":{"$year":"$saledDate"},"month":{"$month":"$saledDate"},"day":{"$dayOfMonth":"$saledDate"}},"totalAmount":{"$sum":{"$multiply":[{"$cond":{"if":{"$eq":["$name","List"]},"then":{"$multiply":[{"$subtract":["$saledPrice","$price"]},{"$divide":[{"$multiply":["$uzunligi_x","$uzunligi_y"]},10000]}]},"else":{"$multiply":[{"$subtract":["$saledPrice","$price"]},"$uzunligi"]}}},1]}},"totalProducts":{"$sum":1}}},{"$sort":{"_id.year":1,"_id.month":1,"_id.day":1}}] {}
[2024-01-13T09:23:00.876Z] products.aggregate [{"$match":{"saled":true,"saledDate":{"$gte":"2024-01-06T09:23:00.865Z","$lte":"2024-01-13T09:23:00.865Z"}}},{"$group":{"_id":{"year":{"$year":"$saledDate"},"month":{"$month":"$saledDate"},"day":{"$dayOfMonth":"$saledDate"}},"totalAmount":{"$sum":{"$multiply":[{"$cond":{"if":{"$eq":["$name","List"]},"then":{"$multiply":["$price",{"$divide":[{"$multiply":["$uzunligi_x","$uzunligi_y"]},10000]}]},"else":{"$multiply":["$price","$uzunligi"]}}}]}},"totalProducts":{"$sum":1}}},{"$sort":{"_id.year":1,"_id.month":1,"_id.day":1}}] {}
[2024-01-13T09:23:00.877Z] products.aggregate [{"$match":{"saled":true,"saledDate":{"$gte":"2024-01-06T09:23:00.865Z","$lte":"2024-01-13T09:23:00.865Z"}}},{"$group":{"_id":{"year":{"$year":"$saledDate"},"month":{"$month":"$saledDate"},"day":{"$dayOfMonth":"$saledDate"}},"totalAmount":{"$sum":{"$multiply":[{"$cond":{"if":{"$eq":["$name","List"]},"then":{"$multiply":["$price",{"$divide":[{"$multiply":["$uzunligi_x","$uzunligi_y"]},10000]}]},"else":{"$multiply":["$price","$uzunligi"]}}}]}},"totalProducts":{"$sum":1}}},{"$sort":{"_id.year":1,"_id.month":1,"_id.day":1}}] {}
[2024-01-13T09:59:34.944Z] users.findOne {"_id":"658142dbbb7f725058617715"} {}
[2024-01-13T09:59:34.947Z] users.findOne {"_id":"658142dbbb7f725058617715"} {}
[2024-01-13T09:59:34.948Z] alerts.find {} {"sort":{"createdAt":-1}}
[2024-01-13T09:59:34.949Z] users.findOne {"_id":"658142dbbb7f725058617715"} {}
[2024-01-13T09:59:34.957Z] users.findOne {"_id":"658142dbbb7f725058617715"} {}
[2024-01-13T09:59:34.959Z] users.findOne {"_id":"658142dbbb7f725058617715"} {}
[2024-01-13T09:59:34.960Z] harajats.aggregate [{"$match":{"date":{"$gte":"2024-01-06T09:59:34.952Z","$lte":"2024-01-13T09:59:34.952Z"}}},{"$group":{"_id":{"year":{"$year":"$date"},"month":{"$month":"$date"},"day":{"$dayOfMonth":"$date"}},"totalAmount":{"$sum":"$amount"},"totalRecords":{"$sum":1}}},{"$sort":{"_id.year":1,"_id.month":1,"_id.day":1}}] {}
[2024-01-13T09:59:34.961Z] harajats.aggregate [{"$match":{"date":{"$gte":"2024-01-06T09:59:34.952Z","$lte":"2024-01-13T09:59:34.952Z"}}},{"$group":{"_id":{"year":{"$year":"$date"},"month":{"$month":"$date"},"day":{"$dayOfMonth":"$date"}},"totalAmount":{"$sum":"$amount"},"totalRecords":{"$sum":1}}},{"$sort":{"_id.year":1,"_id.month":1,"_id.day":1}}] {}
[2024-01-13T09:59:34.962Z] products.aggregate [{"$match":{"saled":true,"saledDate":{"$gte":"2024-01-06T09:59:34.952Z","$lte":"2024-01-13T09:59:34.952Z"}}},{"$group":{"_id":{"year":{"$year":"$saledDate"},"month":{"$month":"$saledDate"},"day":{"$dayOfMonth":"$saledDate"}},"totalAmount":{"$sum":{"$multiply":[{"$cond":{"if":{"$eq":["$name","List"]},"then":{"$multiply":[{"$subtract":["$saledPrice","$price"]},{"$divide":[{"$multiply":["$uzunligi_x","$uzunligi_y"]},10000]}]},"else":{"$multiply":[{"$subtract":["$saledPrice","$price"]},"$uzunligi"]}}},1]}},"totalProducts":{"$sum":1}}},{"$sort":{"_id.year":1,"_id.month":1,"_id.day":1}}] {}
[2024-01-13T09:59:34.963Z] products.aggregate [{"$match":{"saled":true,"saledDate":{"$gte":"2024-01-06T09:59:34.952Z","$lte":"2024-01-13T09:59:34.952Z"}}},{"$group":{"_id":{"year":{"$year":"$saledDate"},"month":{"$month":"$saledDate"},"day":{"$dayOfMonth":"$saledDate"}},"totalAmount":{"$sum":{"$multiply":[{"$cond":{"if":{"$eq":["$name","List"]},"then":{"$multiply":[{"$subtract":["$saledPrice","$price"]},{"$divide":[{"$multiply":["$uzunligi_x","$uzunligi_y"]},10000]}]},"else":{"$multiply":[{"$subtract":["$saledPrice","$price"]},"$uzunligi"]}}},1]}},"totalProducts":{"$sum":1}}},{"$sort":{"_id.year":1,"_id.month":1,"_id.day":1}}] {}
[2024-01-13T09:59:34.963Z] products.aggregate [{"$match":{"saled":true,"saledDate":{"$gte":"2024-01-06T09:59:34.952Z","$lte":"2024-01-13T09:59:34.952Z"}}},{"$group":{"_id":{"year":{"$year":"$saledDate"},"month":{"$month":"$saledDate"},"day":{"$dayOfMonth":"$saledDate"}},"totalAmount":{"$sum":{"$multiply":[{"$cond":{"if":{"$eq":["$name","List"]},"then":{"$multiply":["$price",{"$divide":[{"$multiply":["$uzunligi_x","$uzunligi_y"]},10000]}]},"else":{"$multiply":["$price","$uzunligi"]}}}]}},"totalProducts":{"$sum":1}}},{"$sort":{"_id.year":1,"_id.month":1,"_id.day":1}}] {}
[2024-01-13T09:59:34.964Z] products.aggregate [{"$match":{"saled":true,"saledDate":{"$gte":"2024-01-06T09:59:34.952Z","$lte":"2024-01-13T09:59:34.952Z"}}},{"$group":{"_id":{"year":{"$year":"$saledDate"},"month":{"$month":"$saledDate"},"day":{"$dayOfMonth":"$saledDate"}},"totalAmount":{"$sum":{"$multiply":[{"$cond":{"if":{"$eq":["$name","List"]},"then":{"$multiply":["$price",{"$divide":[{"$multiply":["$uzunligi_x","$uzunligi_y"]},10000]}]},"else":{"$multiply":["$price","$uzunligi"]}}}]}},"totalProducts":{"$sum":1}}},{"$sort":{"_id.year":1,"_id.month":1,"_id.day":1}}] {}
[2024-01-13T11:55:46.882Z] users.findOne {"_id":"658142dbbb7f725058617715"} {}
[2024-01-13T11:55:46.886Z] users.findOne {"_id":"658142dbbb7f725058617715"} {}
[2024-01-13T11:55:46.888Z] alerts.find {} {"sort":{"createdAt":-1}}
[2024-01-13T11:55:46.890Z] users.findOne {"_id":"658142dbbb7f725058617715"} {}
[2024-01-13T11:55:46.927Z] users.findOne {"_id":"658142dbbb7f725058617715"} {}
[2024-01-13T11:55:46.931Z] users.findOne {"_id":"658142dbbb7f725058617715"} {}
[2024-01-13T11:55:46.932Z] harajats.aggregate [{"$match":{"date":{"$gte":"2024-01-06T11:55:46.905Z","$lte":"2024-01-13T11:55:46.905Z"}}},{"$group":{"_id":{"year":{"$year":"$date"},"month":{"$month":"$date"},"day":{"$dayOfMonth":"$date"}},"totalAmount":{"$sum":"$amount"},"totalRecords":{"$sum":1}}},{"$sort":{"_id.year":1,"_id.month":1,"_id.day":1}}] {}
[2024-01-13T11:55:46.935Z] harajats.aggregate [{"$match":{"date":{"$gte":"2024-01-06T11:55:46.905Z","$lte":"2024-01-13T11:55:46.905Z"}}},{"$group":{"_id":{"year":{"$year":"$date"},"month":{"$month":"$date"},"day":{"$dayOfMonth":"$date"}},"totalAmount":{"$sum":"$amount"},"totalRecords":{"$sum":1}}},{"$sort":{"_id.year":1,"_id.month":1,"_id.day":1}}] {}
[2024-01-13T11:55:46.937Z] products.aggregate [{"$match":{"saled":true,"saledDate":{"$gte":"2024-01-06T11:55:46.905Z","$lte":"2024-01-13T11:55:46.905Z"}}},{"$group":{"_id":{"year":{"$year":"$saledDate"},"month":{"$month":"$saledDate"},"day":{"$dayOfMonth":"$saledDate"}},"totalAmount":{"$sum":{"$multiply":[{"$cond":{"if":{"$eq":["$name","List"]},"then":{"$multiply":[{"$subtract":["$saledPrice","$price"]},{"$divide":[{"$multiply":["$uzunligi_x","$uzunligi_y"]},10000]}]},"else":{"$multiply":[{"$subtract":["$saledPrice","$price"]},"$uzunligi"]}}},1]}},"totalProducts":{"$sum":1}}},{"$sort":{"_id.year":1,"_id.month":1,"_id.day":1}}] {}
[2024-01-13T11:55:46.938Z] products.aggregate [{"$match":{"saled":true,"saledDate":{"$gte":"2024-01-06T11:55:46.905Z","$lte":"2024-01-13T11:55:46.905Z"}}},{"$group":{"_id":{"year":{"$year":"$saledDate"},"month":{"$month":"$saledDate"},"day":{"$dayOfMonth":"$saledDate"}},"totalAmount":{"$sum":{"$multiply":[{"$cond":{"if":{"$eq":["$name","List"]},"then":{"$multiply":[{"$subtract":["$saledPrice","$price"]},{"$divide":[{"$multiply":["$uzunligi_x","$uzunligi_y"]},10000]}]},"else":{"$multiply":[{"$subtract":["$saledPrice","$price"]},"$uzunligi"]}}},1]}},"totalProducts":{"$sum":1}}},{"$sort":{"_id.year":1,"_id.month":1,"_id.day":1}}] {}
[2024-01-13T11:55:46.939Z] products.aggregate [{"$match":{"saled":true,"saledDate":{"$gte":"2024-01-06T11:55:46.905Z","$lte":"2024-01-13T11:55:46.905Z"}}},{"$group":{"_id":{"year":{"$year":"$saledDate"},"month":{"$month":"$saledDate"},"day":{"$dayOfMonth":"$saledDate"}},"totalAmount":{"$sum":{"$multiply":[{"$cond":{"if":{"$eq":["$name","List"]},"then":{"$multiply":["$price",{"$divide":[{"$multiply":["$uzunligi_x","$uzunligi_y"]},10000]}]},"else":{"$multiply":["$price","$uzunligi"]}}}]}},"totalProducts":{"$sum":1}}},{"$sort":{"_id.year":1,"_id.month":1,"_id.day":1}}] {}
[2024-01-13T11:55:46.940Z] products.aggregate [{"$match":{"saled":true,"saledDate":{"$gte":"2024-01-06T11:55:46.905Z","$lte":"2024-01-13T11:55:46.905Z"}}},{"$group":{"_id":{"year":{"$year":"$saledDate"},"month":{"$month":"$saledDate"},"day":{"$dayOfMonth":"$saledDate"}},"totalAmount":{"$sum":{"$multiply":[{"$cond":{"if":{"$eq":["$name","List"]},"then":{"$multiply":["$price",{"$divide":[{"$multiply":["$uzunligi_x","$uzunligi_y"]},10000]}]},"else":{"$multiply":["$price","$uzunligi"]}}}]}},"totalProducts":{"$sum":1}}},{"$sort":{"_id.year":1,"_id.month":1,"_id.day":1}}] {}
