[2024-01-14T07:58:32.881Z] users.findOne {"login":"admin"} {}
[2024-01-14T07:58:34.901Z] users.findOne {"_id":"658142dbbb7f725058617715"} {}
[2024-01-14T07:58:34.904Z] users.findOne {"_id":"658142dbbb7f725058617715"} {}
[2024-01-14T07:58:34.907Z] alerts.find {} {"sort":{"createdAt":-1}}
[2024-01-14T07:58:34.911Z] users.findOne {"_id":"658142dbbb7f725058617715"} {}
[2024-01-14T07:58:35.365Z] users.findOne {"_id":"658142dbbb7f725058617715"} {}
[2024-01-14T07:58:35.367Z] users.findOne {"_id":"658142dbbb7f725058617715"} {}
[2024-01-14T07:58:35.369Z] alerts.find {} {"sort":{"createdAt":-1}}
[2024-01-14T07:58:35.371Z] users.findOne {"_id":"658142dbbb7f725058617715"} {}
[2024-01-14T07:58:35.382Z] users.findOne {"_id":"658142dbbb7f725058617715"} {}
[2024-01-14T07:58:35.384Z] harajats.aggregate [{"$match":{"date":{"$gte":"2024-01-01T00:00:00.000Z","$lte":"2025-01-01T00:00:00.000Z"}}},{"$group":{"_id":null,"totalAmount":{"$sum":"$amount"}}},{"$project":{"_id":0,"totalAmount":1}}] {}
[2024-01-14T07:58:35.392Z] users.findOne {"_id":"658142dbbb7f725058617715"} {}
[2024-01-14T07:58:35.394Z] products.aggregate [{"$match":{"saled":false}},{"$group":{"_id":null,"totalPrice":{"$sum":{"$cond":{"if":{"$eq":["$name","List"]},"then":{"$multiply":["$price",{"$divide":[{"$multiply":["$uzunligi_x","$uzunligi_y"]},10000]}]},"else":{"$multiply":["$price","$uzunligi"]}}}}}},{"$project":{"_id":0,"totalAmount":"$totalPrice"}}] {}
[2024-01-14T07:58:35.405Z] users.findOne {"_id":"658142dbbb7f725058617715"} {}
[2024-01-14T07:58:35.406Z] debts.aggregate [{"$match":{"active":true}},{"$project":{"totalDebt":{"$subtract":["$allAmount","$payedAmount"]}}},{"$group":{"_id":null,"totalAmount":{"$sum":"$totalDebt"}}}] {}
[2024-01-14T07:58:35.423Z] users.findOne {"_id":"658142dbbb7f725058617715"} {}
[2024-01-14T07:58:35.425Z] products.aggregate [{"$match":{"saled":true,"saledDate":{"$gte":"2024-01-01T00:00:00.000Z","$lte":"2025-01-01T00:00:00.000Z"}}},{"$project":{"totalAmount":{"$sum":{"$multiply":[{"$cond":{"if":{"$eq":["$name","List"]},"then":{"$multiply":[{"$subtract":["$saledPrice","$price"]},{"$cond":{"if":{"$ne":["$uzunligi_x",0]},"then":{"$divide":[{"$multiply":["$uzunligi_x","$uzunligi_y"]},10000]},"else":0}}]},"else":{"$multiply":[{"$subtract":["$saledPrice","$price"]},"$uzunligi"]}}},1]}}}},{"$group":{"_id":null,"totalAmount":{"$sum":"$totalAmount"}}}] {}
[2024-01-14T07:58:35.436Z] users.findOne {"_id":"658142dbbb7f725058617715"} {}
[2024-01-14T07:58:35.439Z] products.aggregate [{"$match":{"saled":true,"saledDate":{"$gte":"2024-01-01T00:00:00.000Z","$lte":"2025-01-01T00:00:00.000Z"}}},{"$group":{"_id":{"year":{"$year":"$saledDate"},"month":{"$month":"$saledDate"},"day":{"$dayOfMonth":"$saledDate"}},"totalAmount":{"$sum":{"$multiply":[{"$cond":{"if":{"$eq":["$name","List"]},"then":{"$multiply":[{"$subtract":["$saledPrice","$price"]},{"$divide":[{"$multiply":["$uzunligi_x","$uzunligi_y"]},10000]}]},"else":{"$multiply":[{"$subtract":["$saledPrice","$price"]},"$uzunligi"]}}},1]}},"totalProducts":{"$sum":1}}},{"$sort":{"_id.year":1,"_id.month":1,"_id.day":1}}] {}
[2024-01-14T07:58:35.449Z] users.findOne {"_id":"658142dbbb7f725058617715"} {}
[2024-01-14T07:58:35.451Z] harajats.aggregate [{"$match":{"date":{"$gte":"2024-01-01T00:00:00.000Z","$lte":"2025-01-01T00:00:00.000Z"}}},{"$group":{"_id":{"year":{"$year":"$date"},"month":{"$month":"$date"},"day":{"$dayOfMonth":"$date"}},"totalAmount":{"$sum":"$amount"}}},{"$sort":{"_id.year":1,"_id.month":1,"_id.day":1}}] {}
[2024-01-14T07:58:55.832Z] users.findOne {"_id":"658142dbbb7f725058617715"} {}
[2024-01-14T07:58:55.835Z] users.findOne {"_id":"658142dbbb7f725058617715"} {}
[2024-01-14T07:58:55.837Z] alerts.find {} {"sort":{"createdAt":-1}}
[2024-01-14T07:58:55.838Z] users.findOne {"_id":"658142dbbb7f725058617715"} {}
[2024-01-14T07:58:55.844Z] users.findOne {"_id":"658142dbbb7f725058617715"} {}
[2024-01-14T07:58:55.845Z] harajats.aggregate [{"$match":{"date":{"$gte":"2024-01-01T00:00:00.000Z","$lte":"2025-01-01T00:00:00.000Z"}}},{"$group":{"_id":null,"totalAmount":{"$sum":"$amount"}}},{"$project":{"_id":0,"totalAmount":1}}] {}
[2024-01-14T07:58:55.850Z] users.findOne {"_id":"658142dbbb7f725058617715"} {}
[2024-01-14T07:58:55.852Z] products.aggregate [{"$match":{"saled":false}},{"$group":{"_id":null,"totalPrice":{"$sum":{"$cond":{"if":{"$eq":["$name","List"]},"then":{"$multiply":["$price",{"$divide":[{"$multiply":["$uzunligi_x","$uzunligi_y"]},10000]}]},"else":{"$multiply":["$price","$uzunligi"]}}}}}},{"$project":{"_id":0,"totalAmount":"$totalPrice"}}] {}
[2024-01-14T07:58:55.858Z] users.findOne {"_id":"658142dbbb7f725058617715"} {}
[2024-01-14T07:58:55.859Z] debts.aggregate [{"$match":{"active":true}},{"$project":{"totalDebt":{"$subtract":["$allAmount","$payedAmount"]}}},{"$group":{"_id":null,"totalAmount":{"$sum":"$totalDebt"}}}] {}
[2024-01-14T07:58:55.871Z] users.findOne {"_id":"658142dbbb7f725058617715"} {}
[2024-01-14T07:58:55.872Z] products.aggregate [{"$match":{"saled":true,"saledDate":{"$gte":"2024-01-01T00:00:00.000Z","$lte":"2025-01-01T00:00:00.000Z"}}},{"$project":{"totalAmount":{"$sum":{"$multiply":[{"$cond":{"if":{"$eq":["$name","List"]},"then":{"$multiply":[{"$subtract":["$saledPrice","$price"]},{"$cond":{"if":{"$ne":["$uzunligi_x",0]},"then":{"$divide":[{"$multiply":["$uzunligi_x","$uzunligi_y"]},10000]},"else":0}}]},"else":{"$multiply":[{"$subtract":["$saledPrice","$price"]},"$uzunligi"]}}},1]}}}},{"$group":{"_id":null,"totalAmount":{"$sum":"$totalAmount"}}}] {}
[2024-01-14T07:58:55.886Z] users.findOne {"_id":"658142dbbb7f725058617715"} {}
[2024-01-14T07:58:55.888Z] products.aggregate [{"$match":{"saled":true,"saledDate":{"$gte":"2024-01-01T00:00:00.000Z","$lte":"2025-01-01T00:00:00.000Z"}}},{"$group":{"_id":{"year":{"$year":"$saledDate"},"month":{"$month":"$saledDate"},"day":{"$dayOfMonth":"$saledDate"}},"totalAmount":{"$sum":{"$multiply":[{"$cond":{"if":{"$eq":["$name","List"]},"then":{"$multiply":[{"$subtract":["$saledPrice","$price"]},{"$divide":[{"$multiply":["$uzunligi_x","$uzunligi_y"]},10000]}]},"else":{"$multiply":[{"$subtract":["$saledPrice","$price"]},"$uzunligi"]}}},1]}},"totalProducts":{"$sum":1}}},{"$sort":{"_id.year":1,"_id.month":1,"_id.day":1}}] {}
[2024-01-14T07:58:55.894Z] users.findOne {"_id":"658142dbbb7f725058617715"} {}
[2024-01-14T07:58:55.895Z] harajats.aggregate [{"$match":{"date":{"$gte":"2024-01-01T00:00:00.000Z","$lte":"2025-01-01T00:00:00.000Z"}}},{"$group":{"_id":{"year":{"$year":"$date"},"month":{"$month":"$date"},"day":{"$dayOfMonth":"$date"}},"totalAmount":{"$sum":"$amount"}}},{"$sort":{"_id.year":1,"_id.month":1,"_id.day":1}}] {}
[2024-01-14T07:59:04.658Z] users.findOne {"_id":"658142dbbb7f725058617715"} {}
[2024-01-14T07:59:04.659Z] users.findOne {"_id":"658142dbbb7f725058617715"} {}
[2024-01-14T07:59:04.666Z] users.findOne {"_id":"658142dbbb7f725058617715"} {}
[2024-01-14T07:59:04.668Z] sklads.find {"active":true} {}
[2024-01-14T07:59:04.673Z] users.findOne {"_id":"658142dbbb7f725058617715"} {}
[2024-01-14T07:59:04.674Z] sellers.find {} {}
[2024-01-14T07:59:05.568Z] users.findOne {"_id":"658142dbbb7f725058617715"} {}
[2024-01-14T07:59:05.570Z] users.findOne {"_id":"658142dbbb7f725058617715"} {}
[2024-01-14T07:59:05.575Z] users.findOne {"_id":"658142dbbb7f725058617715"} {}
[2024-01-14T07:59:05.577Z] products.aggregate [{"$match":{"saled":false}},{"$group":{"_id":{"name":"$name","qalinligi":"$qalinligi","qalinligi_ortasi":"$qalinligi_ortasi","category":"$category","holati":"$holati","uzunligi":"$uzunligi","uzunligi_x":"$uzunligi_x","olchamlari":"$olchamlari","uzunligi_y":"$uzunligi_y","sklad":"$sklad","price":"$price","saledPrice":"$saledPrice","cut":"$cut"},"totalQuantity":{"$sum":"$quantity"}}},{"$project":{"name":"$_id.name","qalinligi":"$_id.qalinligi","qalinligi_ortasi":"$_id.qalinligi_ortasi","category":"$_id.category","holati":"$_id.holati","uzunligi":"$_id.uzunligi","uzunligi_x":"$_id.uzunligi_x","uzunligi_y":"$_id.uzunligi_y","sklad":"$_id.sklad","price":"$_id.price","olchamlari":"$_id.olchamlari","saledPrice":"$_id.saledPrice","quantity":"$totalQuantity","cut":"$_id.cut"}}] {}
[2024-01-14T07:59:05.582Z] users.findOne {"_id":"658142dbbb7f725058617715"} {}
[2024-01-14T07:59:05.584Z] sklads.find {} {}
[2024-01-14T07:59:06.973Z] users.findOne {"_id":"658142dbbb7f725058617715"} {}
[2024-01-14T07:59:06.974Z] users.findOne {"_id":"658142dbbb7f725058617715"} {}
[2024-01-14T07:59:06.978Z] users.findOne {"_id":"658142dbbb7f725058617715"} {}
[2024-01-14T07:59:06.979Z] sklads.find {"active":true} {}
[2024-01-14T07:59:08.197Z] users.findOne {"_id":"658142dbbb7f725058617715"} {}
[2024-01-14T07:59:08.198Z] users.findOne {"_id":"658142dbbb7f725058617715"} {}
[2024-01-14T07:59:08.201Z] users.findOne {"_id":"658142dbbb7f725058617715"} {}
[2024-01-14T07:59:08.202Z] sellers.find {} {}
[2024-01-14T07:59:10.559Z] users.findOne {"_id":"658142dbbb7f725058617715"} {}
[2024-01-14T07:59:10.560Z] users.findOne {"_id":"658142dbbb7f725058617715"} {}
[2024-01-14T07:59:10.564Z] users.findOne {"_id":"658142dbbb7f725058617715"} {}
[2024-01-14T07:59:10.565Z] clients.find {} {}
[2024-01-14T07:59:14.471Z] users.findOne {"_id":"658142dbbb7f725058617715"} {}
[2024-01-14T07:59:14.472Z] users.findOne {"_id":"658142dbbb7f725058617715"} {}
[2024-01-14T07:59:14.476Z] users.findOne {"_id":"658142dbbb7f725058617715"} {}
[2024-01-14T07:59:14.477Z] harajats.find {} {"sort":{"_id":-1},"limit":100}
[2024-01-14T07:59:16.574Z] users.findOne {"_id":"658142dbbb7f725058617715"} {}
[2024-01-14T07:59:16.575Z] users.findOne {"_id":"658142dbbb7f725058617715"} {}
[2024-01-14T07:59:16.580Z] users.findOne {"_id":"658142dbbb7f725058617715"} {}
[2024-01-14T07:59:16.581Z] harajats.aggregate [{"$match":{"date":{"$gte":"2024-01-07T07:59:16.576Z","$lte":"2024-01-14T07:59:16.576Z"}}},{"$group":{"_id":{"year":{"$year":"$date"},"month":{"$month":"$date"},"day":{"$dayOfMonth":"$date"}},"totalAmount":{"$sum":"$amount"},"totalRecords":{"$sum":1}}},{"$sort":{"_id.year":1,"_id.month":1,"_id.day":1}}] {}
[2024-01-14T07:59:16.582Z] users.findOne {"_id":"658142dbbb7f725058617715"} {}
[2024-01-14T07:59:16.583Z] products.aggregate [{"$match":{"saled":true,"saledDate":{"$gte":"2024-01-07T07:59:16.576Z","$lte":"2024-01-14T07:59:16.576Z"}}},{"$group":{"_id":{"year":{"$year":"$saledDate"},"month":{"$month":"$saledDate"},"day":{"$dayOfMonth":"$saledDate"}},"totalAmount":{"$sum":{"$multiply":[{"$cond":{"if":{"$eq":["$name","List"]},"then":{"$multiply":[{"$subtract":["$saledPrice","$price"]},{"$divide":[{"$multiply":["$uzunligi_x","$uzunligi_y"]},10000]}]},"else":{"$multiply":[{"$subtract":["$saledPrice","$price"]},"$uzunligi"]}}},1]}},"totalProducts":{"$sum":1}}},{"$sort":{"_id.year":1,"_id.month":1,"_id.day":1}}] {}
[2024-01-14T07:59:16.584Z] harajats.aggregate [{"$match":{"date":{"$gte":"2024-01-07T07:59:16.576Z","$lte":"2024-01-14T07:59:16.576Z"}}},{"$group":{"_id":{"year":{"$year":"$date"},"month":{"$month":"$date"},"day":{"$dayOfMonth":"$date"}},"totalAmount":{"$sum":"$amount"},"totalRecords":{"$sum":1}}},{"$sort":{"_id.year":1,"_id.month":1,"_id.day":1}}] {}
[2024-01-14T07:59:16.584Z] products.aggregate [{"$match":{"saled":true,"saledDate":{"$gte":"2024-01-07T07:59:16.576Z","$lte":"2024-01-14T07:59:16.576Z"}}},{"$group":{"_id":{"year":{"$year":"$saledDate"},"month":{"$month":"$saledDate"},"day":{"$dayOfMonth":"$saledDate"}},"totalAmount":{"$sum":{"$multiply":[{"$cond":{"if":{"$eq":["$name","List"]},"then":{"$multiply":["$price",{"$divide":[{"$multiply":["$uzunligi_x","$uzunligi_y"]},10000]}]},"else":{"$multiply":["$price","$uzunligi"]}}}]}},"totalProducts":{"$sum":1}}},{"$sort":{"_id.year":1,"_id.month":1,"_id.day":1}}] {}
[2024-01-14T07:59:16.585Z] products.aggregate [{"$match":{"saled":true,"saledDate":{"$gte":"2024-01-07T07:59:16.576Z","$lte":"2024-01-14T07:59:16.576Z"}}},{"$group":{"_id":{"year":{"$year":"$saledDate"},"month":{"$month":"$saledDate"},"day":{"$dayOfMonth":"$saledDate"}},"totalAmount":{"$sum":{"$multiply":[{"$cond":{"if":{"$eq":["$name","List"]},"then":{"$multiply":[{"$subtract":["$saledPrice","$price"]},{"$divide":[{"$multiply":["$uzunligi_x","$uzunligi_y"]},10000]}]},"else":{"$multiply":[{"$subtract":["$saledPrice","$price"]},"$uzunligi"]}}},1]}},"totalProducts":{"$sum":1}}},{"$sort":{"_id.year":1,"_id.month":1,"_id.day":1}}] {}
[2024-01-14T07:59:16.586Z] products.aggregate [{"$match":{"saled":true,"saledDate":{"$gte":"2024-01-07T07:59:16.576Z","$lte":"2024-01-14T07:59:16.576Z"}}},{"$group":{"_id":{"year":{"$year":"$saledDate"},"month":{"$month":"$saledDate"},"day":{"$dayOfMonth":"$saledDate"}},"totalAmount":{"$sum":{"$multiply":[{"$cond":{"if":{"$eq":["$name","List"]},"then":{"$multiply":["$price",{"$divide":[{"$multiply":["$uzunligi_x","$uzunligi_y"]},10000]}]},"else":{"$multiply":["$price","$uzunligi"]}}}]}},"totalProducts":{"$sum":1}}},{"$sort":{"_id.year":1,"_id.month":1,"_id.day":1}}] {}
[2024-01-14T08:02:41.318Z] users.findOne {"login":"admin"} {}
[2024-01-14T08:02:44.059Z] users.findOne {"_id":"658142dbbb7f725058617715"} {}
[2024-01-14T08:02:44.063Z] users.findOne {"_id":"658142dbbb7f725058617715"} {}
[2024-01-14T08:02:44.064Z] alerts.find {} {"sort":{"createdAt":-1}}
[2024-01-14T08:02:44.065Z] users.findOne {"_id":"658142dbbb7f725058617715"} {}
[2024-01-14T08:02:44.937Z] users.findOne {"_id":"658142dbbb7f725058617715"} {}
[2024-01-14T08:02:44.940Z] users.findOne {"_id":"658142dbbb7f725058617715"} {}
[2024-01-14T08:02:44.942Z] alerts.find {} {"sort":{"createdAt":-1}}
[2024-01-14T08:02:44.944Z] users.findOne {"_id":"658142dbbb7f725058617715"} {}
[2024-01-14T08:02:44.956Z] users.findOne {"_id":"658142dbbb7f725058617715"} {}
[2024-01-14T08:02:44.957Z] harajats.aggregate [{"$match":{"date":{"$gte":"2024-01-01T00:00:00.000Z","$lte":"2025-01-01T00:00:00.000Z"}}},{"$group":{"_id":null,"totalAmount":{"$sum":"$amount"}}},{"$project":{"_id":0,"totalAmount":1}}] {}
[2024-01-14T08:02:44.966Z] users.findOne {"_id":"658142dbbb7f725058617715"} {}
[2024-01-14T08:02:44.968Z] products.aggregate [{"$match":{"saled":false}},{"$group":{"_id":null,"totalPrice":{"$sum":{"$cond":{"if":{"$eq":["$name","List"]},"then":{"$multiply":["$price",{"$divide":[{"$multiply":["$uzunligi_x","$uzunligi_y"]},10000]}]},"else":{"$multiply":["$price","$uzunligi"]}}}}}},{"$project":{"_id":0,"totalAmount":"$totalPrice"}}] {}
[2024-01-14T08:02:44.982Z] users.findOne {"_id":"658142dbbb7f725058617715"} {}
[2024-01-14T08:02:44.983Z] debts.aggregate [{"$match":{"active":true}},{"$project":{"totalDebt":{"$subtract":["$allAmount","$payedAmount"]}}},{"$group":{"_id":null,"totalAmount":{"$sum":"$totalDebt"}}}] {}
[2024-01-14T08:02:44.998Z] users.findOne {"_id":"658142dbbb7f725058617715"} {}
[2024-01-14T08:02:45.000Z] products.aggregate [{"$match":{"saled":true,"saledDate":{"$gte":"2024-01-01T00:00:00.000Z","$lte":"2025-01-01T00:00:00.000Z"}}},{"$project":{"totalAmount":{"$sum":{"$multiply":[{"$cond":{"if":{"$eq":["$name","List"]},"then":{"$multiply":[{"$subtract":["$saledPrice","$price"]},{"$cond":{"if":{"$ne":["$uzunligi_x",0]},"then":{"$divide":[{"$multiply":["$uzunligi_x","$uzunligi_y"]},10000]},"else":0}}]},"else":{"$multiply":[{"$subtract":["$saledPrice","$price"]},"$uzunligi"]}}},1]}}}},{"$group":{"_id":null,"totalAmount":{"$sum":"$totalAmount"}}}] {}
[2024-01-14T08:02:45.019Z] users.findOne {"_id":"658142dbbb7f725058617715"} {}
[2024-01-14T08:02:45.020Z] products.aggregate [{"$match":{"saled":true,"saledDate":{"$gte":"2024-01-01T00:00:00.000Z","$lte":"2025-01-01T00:00:00.000Z"}}},{"$group":{"_id":{"year":{"$year":"$saledDate"},"month":{"$month":"$saledDate"},"day":{"$dayOfMonth":"$saledDate"}},"totalAmount":{"$sum":{"$multiply":[{"$cond":{"if":{"$eq":["$name","List"]},"then":{"$multiply":[{"$subtract":["$saledPrice","$price"]},{"$divide":[{"$multiply":["$uzunligi_x","$uzunligi_y"]},10000]}]},"else":{"$multiply":[{"$subtract":["$saledPrice","$price"]},"$uzunligi"]}}},1]}},"totalProducts":{"$sum":1}}},{"$sort":{"_id.year":1,"_id.month":1,"_id.day":1}}] {}
[2024-01-14T08:02:45.037Z] users.findOne {"_id":"658142dbbb7f725058617715"} {}
[2024-01-14T08:02:45.039Z] harajats.aggregate [{"$match":{"date":{"$gte":"2024-01-01T00:00:00.000Z","$lte":"2025-01-01T00:00:00.000Z"}}},{"$group":{"_id":{"year":{"$year":"$date"},"month":{"$month":"$date"},"day":{"$dayOfMonth":"$date"}},"totalAmount":{"$sum":"$amount"}}},{"$sort":{"_id.year":1,"_id.month":1,"_id.day":1}}] {}
[2024-01-14T08:02:45.520Z] users.findOne {"_id":"658142dbbb7f725058617715"} {}
[2024-01-14T08:02:45.522Z] users.findOne {"_id":"658142dbbb7f725058617715"} {}
[2024-01-14T08:02:45.570Z] users.findOne {"_id":"658142dbbb7f725058617715"} {}
[2024-01-14T08:02:45.572Z] users.findOne {"_id":"658142dbbb7f725058617715"} {}
[2024-01-14T08:02:45.573Z] harajats.aggregate [{"$match":{"date":{"$gte":"2024-01-07T08:02:45.555Z","$lte":"2024-01-14T08:02:45.555Z"}}},{"$group":{"_id":{"year":{"$year":"$date"},"month":{"$month":"$date"},"day":{"$dayOfMonth":"$date"}},"totalAmount":{"$sum":"$amount"},"totalRecords":{"$sum":1}}},{"$sort":{"_id.year":1,"_id.month":1,"_id.day":1}}] {}
[2024-01-14T08:02:45.573Z] harajats.aggregate [{"$match":{"date":{"$gte":"2024-01-07T08:02:45.555Z","$lte":"2024-01-14T08:02:45.555Z"}}},{"$group":{"_id":{"year":{"$year":"$date"},"month":{"$month":"$date"},"day":{"$dayOfMonth":"$date"}},"totalAmount":{"$sum":"$amount"},"totalRecords":{"$sum":1}}},{"$sort":{"_id.year":1,"_id.month":1,"_id.day":1}}] {}
[2024-01-14T08:02:45.574Z] products.aggregate [{"$match":{"saled":true,"saledDate":{"$gte":"2024-01-07T08:02:45.555Z","$lte":"2024-01-14T08:02:45.555Z"}}},{"$group":{"_id":{"year":{"$year":"$saledDate"},"month":{"$month":"$saledDate"},"day":{"$dayOfMonth":"$saledDate"}},"totalAmount":{"$sum":{"$multiply":[{"$cond":{"if":{"$eq":["$name","List"]},"then":{"$multiply":[{"$subtract":["$saledPrice","$price"]},{"$divide":[{"$multiply":["$uzunligi_x","$uzunligi_y"]},10000]}]},"else":{"$multiply":[{"$subtract":["$saledPrice","$price"]},"$uzunligi"]}}},1]}},"totalProducts":{"$sum":1}}},{"$sort":{"_id.year":1,"_id.month":1,"_id.day":1}}] {}
[2024-01-14T08:02:45.574Z] products.aggregate [{"$match":{"saled":true,"saledDate":{"$gte":"2024-01-07T08:02:45.555Z","$lte":"2024-01-14T08:02:45.555Z"}}},{"$group":{"_id":{"year":{"$year":"$saledDate"},"month":{"$month":"$saledDate"},"day":{"$dayOfMonth":"$saledDate"}},"totalAmount":{"$sum":{"$multiply":[{"$cond":{"if":{"$eq":["$name","List"]},"then":{"$multiply":[{"$subtract":["$saledPrice","$price"]},{"$divide":[{"$multiply":["$uzunligi_x","$uzunligi_y"]},10000]}]},"else":{"$multiply":[{"$subtract":["$saledPrice","$price"]},"$uzunligi"]}}},1]}},"totalProducts":{"$sum":1}}},{"$sort":{"_id.year":1,"_id.month":1,"_id.day":1}}] {}
[2024-01-14T08:02:45.575Z] products.aggregate [{"$match":{"saled":true,"saledDate":{"$gte":"2024-01-07T08:02:45.555Z","$lte":"2024-01-14T08:02:45.555Z"}}},{"$group":{"_id":{"year":{"$year":"$saledDate"},"month":{"$month":"$saledDate"},"day":{"$dayOfMonth":"$saledDate"}},"totalAmount":{"$sum":{"$multiply":[{"$cond":{"if":{"$eq":["$name","List"]},"then":{"$multiply":["$price",{"$divide":[{"$multiply":["$uzunligi_x","$uzunligi_y"]},10000]}]},"else":{"$multiply":["$price","$uzunligi"]}}}]}},"totalProducts":{"$sum":1}}},{"$sort":{"_id.year":1,"_id.month":1,"_id.day":1}}] {}
[2024-01-14T08:02:45.576Z] products.aggregate [{"$match":{"saled":true,"saledDate":{"$gte":"2024-01-07T08:02:45.555Z","$lte":"2024-01-14T08:02:45.555Z"}}},{"$group":{"_id":{"year":{"$year":"$saledDate"},"month":{"$month":"$saledDate"},"day":{"$dayOfMonth":"$saledDate"}},"totalAmount":{"$sum":{"$multiply":[{"$cond":{"if":{"$eq":["$name","List"]},"then":{"$multiply":["$price",{"$divide":[{"$multiply":["$uzunligi_x","$uzunligi_y"]},10000]}]},"else":{"$multiply":["$price","$uzunligi"]}}}]}},"totalProducts":{"$sum":1}}},{"$sort":{"_id.year":1,"_id.month":1,"_id.day":1}}] {}
[2024-01-14T08:09:48.654Z] users.findOne {"_id":"658142dbbb7f725058617715"} {}
[2024-01-14T08:09:48.655Z] users.findOne {"_id":"658142dbbb7f725058617715"} {}
[2024-01-14T08:09:48.662Z] users.findOne {"_id":"658142dbbb7f725058617715"} {}
[2024-01-14T08:09:48.664Z] sklads.find {"active":true} {}
[2024-01-14T08:09:48.670Z] users.findOne {"_id":"658142dbbb7f725058617715"} {}
[2024-01-14T08:09:48.671Z] sellers.find {} {}
[2024-01-14T08:10:09.303Z] users.findOne {"_id":"658142dbbb7f725058617715"} {}
[2024-01-14T08:10:09.311Z] products.insertOne {"name":"Dvuxtavr","sellerId":"659a5f60e5a2fca71c85f227","qalinligi":123,"qalinligi_ortasi":123,"olchamlari":"123","category":"123","holati":"Yangi","uzunligi":12,"uzunligi_y":null,"uzunligi_x":null,"quantity":1,"sklad":"659c3af556b27c28015736e2","price":12000,"saledPrice":24000,"saled":false,"cut":false,"_id":"65a396e1e6431e989979d20e","date":"2024-01-14T08:10:09.306Z","createdAt":"2024-01-14T08:10:09.309Z","updatedAt":"2024-01-14T08:10:09.309Z","__v":0} {}
[2024-01-14T08:10:09.312Z] products.insertOne {"name":"Dvuxtavr","sellerId":"659a5f60e5a2fca71c85f227","qalinligi":123,"qalinligi_ortasi":123,"olchamlari":"123","category":"123","holati":"Yangi","uzunligi":12,"uzunligi_y":null,"uzunligi_x":null,"quantity":1,"sklad":"659c3af556b27c28015736e2","price":12000,"saledPrice":24000,"saled":false,"cut":false,"_id":"65a396e1e6431e989979d20f","date":"2024-01-14T08:10:09.308Z","createdAt":"2024-01-14T08:10:09.310Z","updatedAt":"2024-01-14T08:10:09.310Z","__v":0} {}
[2024-01-14T08:10:10.500Z] users.findOne {"_id":"658142dbbb7f725058617715"} {}
[2024-01-14T08:10:10.502Z] alerts.find {} {"sort":{"createdAt":-1}}
[2024-01-14T08:10:10.504Z] users.findOne {"_id":"658142dbbb7f725058617715"} {}
[2024-01-14T08:10:10.505Z] users.findOne {"_id":"658142dbbb7f725058617715"} {}
[2024-01-14T08:10:10.514Z] users.findOne {"_id":"658142dbbb7f725058617715"} {}
[2024-01-14T08:10:10.515Z] sklads.find {"active":true} {}
[2024-01-14T08:10:10.525Z] users.findOne {"_id":"658142dbbb7f725058617715"} {}
[2024-01-14T08:10:10.527Z] sellers.find {} {}
[2024-01-14T08:10:11.964Z] users.findOne {"_id":"658142dbbb7f725058617715"} {}
[2024-01-14T08:10:11.965Z] users.findOne {"_id":"658142dbbb7f725058617715"} {}
[2024-01-14T08:10:11.976Z] users.findOne {"_id":"658142dbbb7f725058617715"} {}
[2024-01-14T08:10:11.978Z] harajats.aggregate [{"$match":{"date":{"$gte":"2024-01-01T00:00:00.000Z","$lte":"2025-01-01T00:00:00.000Z"}}},{"$group":{"_id":null,"totalAmount":{"$sum":"$amount"}}},{"$project":{"_id":0,"totalAmount":1}}] {}
[2024-01-14T08:10:11.985Z] users.findOne {"_id":"658142dbbb7f725058617715"} {}
[2024-01-14T08:10:11.986Z] products.aggregate [{"$match":{"saled":false}},{"$group":{"_id":null,"totalPrice":{"$sum":{"$cond":{"if":{"$eq":["$name","List"]},"then":{"$multiply":["$price",{"$divide":[{"$multiply":["$uzunligi_x","$uzunligi_y"]},10000]}]},"else":{"$multiply":["$price","$uzunligi"]}}}}}},{"$project":{"_id":0,"totalAmount":"$totalPrice"}}] {}
[2024-01-14T08:10:11.993Z] users.findOne {"_id":"658142dbbb7f725058617715"} {}
[2024-01-14T08:10:11.994Z] debts.aggregate [{"$match":{"active":true}},{"$project":{"totalDebt":{"$subtract":["$allAmount","$payedAmount"]}}},{"$group":{"_id":null,"totalAmount":{"$sum":"$totalDebt"}}}] {}
[2024-01-14T08:10:12.001Z] users.findOne {"_id":"658142dbbb7f725058617715"} {}
[2024-01-14T08:10:12.002Z] products.aggregate [{"$match":{"saled":true,"saledDate":{"$gte":"2024-01-01T00:00:00.000Z","$lte":"2025-01-01T00:00:00.000Z"}}},{"$project":{"totalAmount":{"$sum":{"$multiply":[{"$cond":{"if":{"$eq":["$name","List"]},"then":{"$multiply":[{"$subtract":["$saledPrice","$price"]},{"$cond":{"if":{"$ne":["$uzunligi_x",0]},"then":{"$divide":[{"$multiply":["$uzunligi_x","$uzunligi_y"]},10000]},"else":0}}]},"else":{"$multiply":[{"$subtract":["$saledPrice","$price"]},"$uzunligi"]}}},1]}}}},{"$group":{"_id":null,"totalAmount":{"$sum":"$totalAmount"}}}] {}
[2024-01-14T08:10:12.009Z] users.findOne {"_id":"658142dbbb7f725058617715"} {}
[2024-01-14T08:10:12.010Z] products.aggregate [{"$match":{"saled":true,"saledDate":{"$gte":"2024-01-01T00:00:00.000Z","$lte":"2025-01-01T00:00:00.000Z"}}},{"$group":{"_id":{"year":{"$year":"$saledDate"},"month":{"$month":"$saledDate"},"day":{"$dayOfMonth":"$saledDate"}},"totalAmount":{"$sum":{"$multiply":[{"$cond":{"if":{"$eq":["$name","List"]},"then":{"$multiply":[{"$subtract":["$saledPrice","$price"]},{"$divide":[{"$multiply":["$uzunligi_x","$uzunligi_y"]},10000]}]},"else":{"$multiply":[{"$subtract":["$saledPrice","$price"]},"$uzunligi"]}}},1]}},"totalProducts":{"$sum":1}}},{"$sort":{"_id.year":1,"_id.month":1,"_id.day":1}}] {}
[2024-01-14T08:10:12.016Z] users.findOne {"_id":"658142dbbb7f725058617715"} {}
[2024-01-14T08:10:12.018Z] harajats.aggregate [{"$match":{"date":{"$gte":"2024-01-01T00:00:00.000Z","$lte":"2025-01-01T00:00:00.000Z"}}},{"$group":{"_id":{"year":{"$year":"$date"},"month":{"$month":"$date"},"day":{"$dayOfMonth":"$date"}},"totalAmount":{"$sum":"$amount"}}},{"$sort":{"_id.year":1,"_id.month":1,"_id.day":1}}] {}
[2024-01-14T08:10:18.200Z] users.findOne {"_id":"658142dbbb7f725058617715"} {}
[2024-01-14T08:10:18.201Z] users.findOne {"_id":"658142dbbb7f725058617715"} {}
[2024-01-14T08:10:18.208Z] users.findOne {"_id":"658142dbbb7f725058617715"} {}
[2024-01-14T08:10:18.209Z] sklads.find {"active":true} {}
[2024-01-14T08:10:19.685Z] users.findOne {"_id":"658142dbbb7f725058617715"} {}
[2024-01-14T08:10:19.686Z] users.findOne {"_id":"658142dbbb7f725058617715"} {}
[2024-01-14T08:10:19.696Z] users.findOne {"_id":"658142dbbb7f725058617715"} {}
[2024-01-14T08:10:19.697Z] products.aggregate [{"$match":{"saled":false}},{"$group":{"_id":{"name":"$name","qalinligi":"$qalinligi","qalinligi_ortasi":"$qalinligi_ortasi","category":"$category","holati":"$holati","uzunligi":"$uzunligi","uzunligi_x":"$uzunligi_x","olchamlari":"$olchamlari","uzunligi_y":"$uzunligi_y","sklad":"$sklad","price":"$price","saledPrice":"$saledPrice","cut":"$cut"},"totalQuantity":{"$sum":"$quantity"}}},{"$project":{"name":"$_id.name","qalinligi":"$_id.qalinligi","qalinligi_ortasi":"$_id.qalinligi_ortasi","category":"$_id.category","holati":"$_id.holati","uzunligi":"$_id.uzunligi","uzunligi_x":"$_id.uzunligi_x","uzunligi_y":"$_id.uzunligi_y","sklad":"$_id.sklad","price":"$_id.price","olchamlari":"$_id.olchamlari","saledPrice":"$_id.saledPrice","quantity":"$totalQuantity","cut":"$_id.cut"}}] {}
[2024-01-14T08:10:19.705Z] users.findOne {"_id":"658142dbbb7f725058617715"} {}
[2024-01-14T08:10:19.706Z] sklads.find {} {}
[2024-01-14T08:10:22.434Z] users.findOne {"_id":"658142dbbb7f725058617715"} {}
[2024-01-14T08:10:22.436Z] users.findOne {"_id":"658142dbbb7f725058617715"} {}
[2024-01-14T08:10:22.449Z] users.findOne {"_id":"658142dbbb7f725058617715"} {}
[2024-01-14T08:10:22.451Z] clients.find {} {}
[2024-01-14T08:10:22.457Z] users.findOne {"_id":"658142dbbb7f725058617715"} {}
[2024-01-14T08:10:22.458Z] sellers.find {} {}
[2024-01-14T08:11:41.864Z] users.findOne {"_id":"658142dbbb7f725058617715"} {}
[2024-01-14T08:11:41.866Z] users.findOne {"_id":"658142dbbb7f725058617715"} {}
[2024-01-14T08:11:41.873Z] users.findOne {"_id":"658142dbbb7f725058617715"} {}
[2024-01-14T08:11:41.874Z] clients.find {} {}
[2024-01-14T08:11:41.882Z] users.findOne {"_id":"658142dbbb7f725058617715"} {}
[2024-01-14T08:11:41.883Z] sellers.find {} {}
[2024-01-14T08:11:45.004Z] users.findOne {"_id":"658142dbbb7f725058617715"} {}
[2024-01-14T08:11:45.005Z] users.findOne {"_id":"658142dbbb7f725058617715"} {}
[2024-01-14T08:11:45.013Z] users.findOne {"_id":"658142dbbb7f725058617715"} {}
[2024-01-14T08:11:45.014Z] clients.find {} {}
[2024-01-14T08:11:45.021Z] users.findOne {"_id":"658142dbbb7f725058617715"} {}
[2024-01-14T08:11:45.023Z] sellers.find {} {}
[2024-01-14T08:11:56.029Z] users.findOne {"_id":"658142dbbb7f725058617715"} {}
[2024-01-14T08:11:56.031Z] users.findOne {"_id":"658142dbbb7f725058617715"} {}
[2024-01-14T08:11:56.032Z] alerts.find {} {"sort":{"createdAt":-1}}
[2024-01-14T08:11:56.033Z] users.findOne {"_id":"658142dbbb7f725058617715"} {}
[2024-01-14T08:11:56.041Z] users.findOne {"_id":"658142dbbb7f725058617715"} {}
[2024-01-14T08:11:56.042Z] clients.find {} {}
[2024-01-14T08:11:56.050Z] users.findOne {"_id":"658142dbbb7f725058617715"} {}
[2024-01-14T08:11:56.051Z] users.findOne {"_id":"658142dbbb7f725058617715"} {}
[2024-01-14T08:11:56.052Z] users.findOne {"_id":"658142dbbb7f725058617715"} {}
[2024-01-14T08:11:56.053Z] sellers.find {} {}
[2024-01-14T08:11:56.054Z] alerts.find {} {"sort":{"createdAt":-1}}
[2024-01-14T08:11:56.055Z] users.findOne {"_id":"658142dbbb7f725058617715"} {}
[2024-01-14T08:11:56.060Z] users.findOne {"_id":"658142dbbb7f725058617715"} {}
[2024-01-14T08:11:56.062Z] users.findOne {"_id":"658142dbbb7f725058617715"} {}
[2024-01-14T08:11:56.063Z] harajats.aggregate [{"$match":{"date":{"$gte":"2024-01-07T08:11:56.058Z","$lte":"2024-01-14T08:11:56.058Z"}}},{"$group":{"_id":{"year":{"$year":"$date"},"month":{"$month":"$date"},"day":{"$dayOfMonth":"$date"}},"totalAmount":{"$sum":"$amount"},"totalRecords":{"$sum":1}}},{"$sort":{"_id.year":1,"_id.month":1,"_id.day":1}}] {}
[2024-01-14T08:11:56.063Z] harajats.aggregate [{"$match":{"date":{"$gte":"2024-01-07T08:11:56.058Z","$lte":"2024-01-14T08:11:56.058Z"}}},{"$group":{"_id":{"year":{"$year":"$date"},"month":{"$month":"$date"},"day":{"$dayOfMonth":"$date"}},"totalAmount":{"$sum":"$amount"},"totalRecords":{"$sum":1}}},{"$sort":{"_id.year":1,"_id.month":1,"_id.day":1}}] {}
[2024-01-14T08:11:56.064Z] products.aggregate [{"$match":{"saled":true,"saledDate":{"$gte":"2024-01-07T08:11:56.058Z","$lte":"2024-01-14T08:11:56.058Z"}}},{"$group":{"_id":{"year":{"$year":"$saledDate"},"month":{"$month":"$saledDate"},"day":{"$dayOfMonth":"$saledDate"}},"totalAmount":{"$sum":{"$multiply":[{"$cond":{"if":{"$eq":["$name","List"]},"then":{"$multiply":[{"$subtract":["$saledPrice","$price"]},{"$divide":[{"$multiply":["$uzunligi_x","$uzunligi_y"]},10000]}]},"else":{"$multiply":[{"$subtract":["$saledPrice","$price"]},"$uzunligi"]}}},1]}},"totalProducts":{"$sum":1}}},{"$sort":{"_id.year":1,"_id.month":1,"_id.day":1}}] {}
[2024-01-14T08:11:56.064Z] products.aggregate [{"$match":{"saled":true,"saledDate":{"$gte":"2024-01-07T08:11:56.058Z","$lte":"2024-01-14T08:11:56.058Z"}}},{"$group":{"_id":{"year":{"$year":"$saledDate"},"month":{"$month":"$saledDate"},"day":{"$dayOfMonth":"$saledDate"}},"totalAmount":{"$sum":{"$multiply":[{"$cond":{"if":{"$eq":["$name","List"]},"then":{"$multiply":[{"$subtract":["$saledPrice","$price"]},{"$divide":[{"$multiply":["$uzunligi_x","$uzunligi_y"]},10000]}]},"else":{"$multiply":[{"$subtract":["$saledPrice","$price"]},"$uzunligi"]}}},1]}},"totalProducts":{"$sum":1}}},{"$sort":{"_id.year":1,"_id.month":1,"_id.day":1}}] {}
[2024-01-14T08:11:56.065Z] products.aggregate [{"$match":{"saled":true,"saledDate":{"$gte":"2024-01-07T08:11:56.058Z","$lte":"2024-01-14T08:11:56.058Z"}}},{"$group":{"_id":{"year":{"$year":"$saledDate"},"month":{"$month":"$saledDate"},"day":{"$dayOfMonth":"$saledDate"}},"totalAmount":{"$sum":{"$multiply":[{"$cond":{"if":{"$eq":["$name","List"]},"then":{"$multiply":["$price",{"$divide":[{"$multiply":["$uzunligi_x","$uzunligi_y"]},10000]}]},"else":{"$multiply":["$price","$uzunligi"]}}}]}},"totalProducts":{"$sum":1}}},{"$sort":{"_id.year":1,"_id.month":1,"_id.day":1}}] {}
[2024-01-14T08:11:56.066Z] products.aggregate [{"$match":{"saled":true,"saledDate":{"$gte":"2024-01-07T08:11:56.058Z","$lte":"2024-01-14T08:11:56.058Z"}}},{"$group":{"_id":{"year":{"$year":"$saledDate"},"month":{"$month":"$saledDate"},"day":{"$dayOfMonth":"$saledDate"}},"totalAmount":{"$sum":{"$multiply":[{"$cond":{"if":{"$eq":["$name","List"]},"then":{"$multiply":["$price",{"$divide":[{"$multiply":["$uzunligi_x","$uzunligi_y"]},10000]}]},"else":{"$multiply":["$price","$uzunligi"]}}}]}},"totalProducts":{"$sum":1}}},{"$sort":{"_id.year":1,"_id.month":1,"_id.day":1}}] {}
[2024-01-14T08:12:05.785Z] users.findOne {"_id":"658142dbbb7f725058617715"} {}
[2024-01-14T08:12:05.787Z] users.findOne {"_id":"658142dbbb7f725058617715"} {}
[2024-01-14T08:12:05.788Z] alerts.find {} {"sort":{"createdAt":-1}}
[2024-01-14T08:12:05.789Z] users.findOne {"_id":"658142dbbb7f725058617715"} {}
[2024-01-14T08:12:05.798Z] users.findOne {"_id":"658142dbbb7f725058617715"} {}
[2024-01-14T08:12:05.800Z] clients.find {} {}
[2024-01-14T08:12:05.808Z] users.findOne {"_id":"658142dbbb7f725058617715"} {}
[2024-01-14T08:12:05.809Z] sellers.find {} {}
[2024-01-14T08:12:39.744Z] users.findOne {"_id":"658142dbbb7f725058617715"} {}
[2024-01-14T08:12:39.746Z] users.findOne {"_id":"658142dbbb7f725058617715"} {}
[2024-01-14T08:12:39.746Z] alerts.find {} {"sort":{"createdAt":-1}}
[2024-01-14T08:12:39.747Z] users.findOne {"_id":"658142dbbb7f725058617715"} {}
[2024-01-14T08:12:39.754Z] users.findOne {"_id":"658142dbbb7f725058617715"} {}
[2024-01-14T08:12:39.755Z] clients.find {} {}
[2024-01-14T08:12:39.762Z] users.findOne {"_id":"658142dbbb7f725058617715"} {}
[2024-01-14T08:12:39.763Z] sellers.find {} {}
[2024-01-14T08:14:15.072Z] users.findOne {"_id":"658142dbbb7f725058617715"} {}
[2024-01-14T08:14:15.073Z] users.findOne {"_id":"658142dbbb7f725058617715"} {}
[2024-01-14T08:14:15.074Z] alerts.find {} {"sort":{"createdAt":-1}}
[2024-01-14T08:14:15.074Z] users.findOne {"_id":"658142dbbb7f725058617715"} {}
[2024-01-14T08:14:15.081Z] users.findOne {"_id":"658142dbbb7f725058617715"} {}
[2024-01-14T08:14:15.082Z] clients.find {} {}
[2024-01-14T08:14:15.092Z] users.findOne {"_id":"658142dbbb7f725058617715"} {}
[2024-01-14T08:14:15.093Z] sellers.find {} {}
[2024-01-14T08:15:19.406Z] users.findOne {"_id":"658142dbbb7f725058617715"} {}
[2024-01-14T08:15:19.408Z] users.findOne {"_id":"658142dbbb7f725058617715"} {}
[2024-01-14T08:15:19.409Z] alerts.find {} {"sort":{"createdAt":-1}}
[2024-01-14T08:15:19.410Z] users.findOne {"_id":"658142dbbb7f725058617715"} {}
[2024-01-14T08:15:19.417Z] users.findOne {"_id":"658142dbbb7f725058617715"} {}
[2024-01-14T08:15:19.418Z] clients.find {} {}
[2024-01-14T08:15:19.429Z] users.findOne {"_id":"658142dbbb7f725058617715"} {}
[2024-01-14T08:15:19.431Z] sellers.find {} {}
[2024-01-14T08:16:44.371Z] users.findOne {"_id":"658142dbbb7f725058617715"} {}
[2024-01-14T08:16:44.372Z] users.findOne {"_id":"658142dbbb7f725058617715"} {}
[2024-01-14T08:16:44.373Z] alerts.find {} {"sort":{"createdAt":-1}}
[2024-01-14T08:16:44.374Z] users.findOne {"_id":"658142dbbb7f725058617715"} {}
[2024-01-14T08:16:44.381Z] users.findOne {"_id":"658142dbbb7f725058617715"} {}
[2024-01-14T08:16:44.382Z] clients.find {} {}
[2024-01-14T08:16:44.388Z] users.findOne {"_id":"658142dbbb7f725058617715"} {}
[2024-01-14T08:16:44.390Z] sellers.find {} {}
[2024-01-14T08:18:38.256Z] users.findOne {"_id":"658142dbbb7f725058617715"} {}
[2024-01-14T08:18:38.258Z] users.findOne {"_id":"658142dbbb7f725058617715"} {}
[2024-01-14T08:18:38.259Z] alerts.find {} {"sort":{"createdAt":-1}}
[2024-01-14T08:18:38.259Z] users.findOne {"_id":"658142dbbb7f725058617715"} {}
[2024-01-14T08:18:38.266Z] users.findOne {"_id":"658142dbbb7f725058617715"} {}
[2024-01-14T08:18:38.267Z] clients.find {} {}
[2024-01-14T08:18:38.275Z] users.findOne {"_id":"658142dbbb7f725058617715"} {}
[2024-01-14T08:18:38.276Z] sellers.find {} {}
[2024-01-14T08:19:45.377Z] users.findOne {"_id":"658142dbbb7f725058617715"} {}
[2024-01-14T08:19:45.378Z] users.findOne {"_id":"658142dbbb7f725058617715"} {}
[2024-01-14T08:19:45.379Z] alerts.find {} {"sort":{"createdAt":-1}}
[2024-01-14T08:19:45.380Z] users.findOne {"_id":"658142dbbb7f725058617715"} {}
[2024-01-14T08:19:45.386Z] users.findOne {"_id":"658142dbbb7f725058617715"} {}
[2024-01-14T08:19:45.387Z] clients.find {} {}
[2024-01-14T08:19:45.394Z] users.findOne {"_id":"658142dbbb7f725058617715"} {}
[2024-01-14T08:19:45.395Z] sellers.find {} {}
[2024-01-14T08:20:52.690Z] users.findOne {"_id":"658142dbbb7f725058617715"} {}
[2024-01-14T08:20:52.692Z] users.findOne {"_id":"658142dbbb7f725058617715"} {}
[2024-01-14T08:20:52.693Z] alerts.find {} {"sort":{"createdAt":-1}}
[2024-01-14T08:20:52.693Z] users.findOne {"_id":"658142dbbb7f725058617715"} {}
[2024-01-14T08:20:52.700Z] users.findOne {"_id":"658142dbbb7f725058617715"} {}
[2024-01-14T08:20:52.701Z] clients.find {} {}
[2024-01-14T08:20:52.707Z] users.findOne {"_id":"658142dbbb7f725058617715"} {}
[2024-01-14T08:20:52.708Z] sellers.find {} {}
[2024-01-14T08:21:18.795Z] users.findOne {"_id":"658142dbbb7f725058617715"} {}
[2024-01-14T08:21:18.797Z] users.findOne {"_id":"658142dbbb7f725058617715"} {}
[2024-01-14T08:21:18.798Z] alerts.find {} {"sort":{"createdAt":-1}}
[2024-01-14T08:21:18.798Z] users.findOne {"_id":"658142dbbb7f725058617715"} {}
[2024-01-14T08:21:18.805Z] users.findOne {"_id":"658142dbbb7f725058617715"} {}
[2024-01-14T08:21:18.807Z] clients.find {} {}
[2024-01-14T08:21:18.813Z] users.findOne {"_id":"658142dbbb7f725058617715"} {}
[2024-01-14T08:21:18.814Z] sellers.find {} {}
[2024-01-14T08:21:47.114Z] users.findOne {"_id":"658142dbbb7f725058617715"} {}
[2024-01-14T08:21:47.115Z] users.findOne {"_id":"658142dbbb7f725058617715"} {}
[2024-01-14T08:21:47.116Z] alerts.find {} {"sort":{"createdAt":-1}}
[2024-01-14T08:21:47.117Z] users.findOne {"_id":"658142dbbb7f725058617715"} {}
[2024-01-14T08:21:47.124Z] users.findOne {"_id":"658142dbbb7f725058617715"} {}
[2024-01-14T08:21:47.125Z] clients.find {} {}
[2024-01-14T08:21:47.133Z] users.findOne {"_id":"658142dbbb7f725058617715"} {}
[2024-01-14T08:21:47.134Z] sellers.find {} {}
[2024-01-14T08:22:26.834Z] users.findOne {"_id":"658142dbbb7f725058617715"} {}
[2024-01-14T08:22:26.836Z] users.findOne {"_id":"658142dbbb7f725058617715"} {}
[2024-01-14T08:22:26.837Z] alerts.find {} {"sort":{"createdAt":-1}}
[2024-01-14T08:22:26.838Z] users.findOne {"_id":"658142dbbb7f725058617715"} {}
[2024-01-14T08:22:26.847Z] users.findOne {"_id":"658142dbbb7f725058617715"} {}
[2024-01-14T08:22:26.848Z] clients.find {} {}
[2024-01-14T08:22:26.861Z] users.findOne {"_id":"658142dbbb7f725058617715"} {}
[2024-01-14T08:22:26.863Z] sellers.find {} {}
[2024-01-14T08:22:40.496Z] users.findOne {"_id":"658142dbbb7f725058617715"} {}
[2024-01-14T08:22:40.498Z] users.findOne {"_id":"658142dbbb7f725058617715"} {}
[2024-01-14T08:22:40.498Z] alerts.find {} {"sort":{"createdAt":-1}}
[2024-01-14T08:22:40.499Z] users.findOne {"_id":"658142dbbb7f725058617715"} {}
[2024-01-14T08:22:40.506Z] users.findOne {"_id":"658142dbbb7f725058617715"} {}
[2024-01-14T08:22:40.507Z] clients.find {} {}
[2024-01-14T08:22:40.514Z] users.findOne {"_id":"658142dbbb7f725058617715"} {}
[2024-01-14T08:22:40.515Z] sellers.find {} {}
[2024-01-14T08:23:02.432Z] users.findOne {"_id":"658142dbbb7f725058617715"} {}
[2024-01-14T08:23:02.433Z] users.findOne {"_id":"658142dbbb7f725058617715"} {}
[2024-01-14T08:23:02.434Z] alerts.find {} {"sort":{"createdAt":-1}}
[2024-01-14T08:23:02.434Z] users.findOne {"_id":"658142dbbb7f725058617715"} {}
[2024-01-14T08:23:02.441Z] users.findOne {"_id":"658142dbbb7f725058617715"} {}
[2024-01-14T08:23:02.443Z] clients.find {} {}
[2024-01-14T08:23:02.451Z] users.findOne {"_id":"658142dbbb7f725058617715"} {}
[2024-01-14T08:23:02.453Z] sellers.find {} {}
[2024-01-14T08:23:04.406Z] users.findOne {"_id":"658142dbbb7f725058617715"} {}
[2024-01-14T08:23:04.407Z] users.findOne {"_id":"658142dbbb7f725058617715"} {}
[2024-01-14T08:23:04.417Z] users.findOne {"_id":"658142dbbb7f725058617715"} {}
[2024-01-14T08:23:04.418Z] sklads.find {"active":true} {}
[2024-01-14T08:23:06.039Z] users.findOne {"_id":"658142dbbb7f725058617715"} {}
[2024-01-14T08:23:06.040Z] users.findOne {"_id":"658142dbbb7f725058617715"} {}
[2024-01-14T08:23:06.050Z] users.findOne {"_id":"658142dbbb7f725058617715"} {}
[2024-01-14T08:23:06.051Z] products.aggregate [{"$match":{"sklad":"659c3af556b27c28015736e2","saled":false}},{"$group":{"_id":{"name":"$name","qalinligi":"$qalinligi","qalinligi_ortasi":"$qalinligi_ortasi","category":"$category","holati":"$holati","uzunligi":"$uzunligi","uzunligi_x":"$uzunligi_x","olchamlari":"$olchamlari","uzunligi_y":"$uzunligi_y","sklad":"$sklad","price":"$price","saledPrice":"$saledPrice","cut":"$cut"},"totalQuantity":{"$sum":"$quantity"}}},{"$project":{"_id":0,"name":"$_id.name","qalinligi":"$_id.qalinligi","qalinligi_ortasi":"$_id.qalinligi_ortasi","category":"$_id.category","holati":"$_id.holati","uzunligi":"$_id.uzunligi","uzunligi_x":"$_id.uzunligi_x","uzunligi_y":"$_id.uzunligi_y","sklad":"$_id.sklad","price":"$_id.price","olchamlari":"$_id.olchamlari","saledPrice":"$_id.saledPrice","quantity":"$totalQuantity","cut":"$_id.cut"}}] {}
[2024-01-14T08:24:08.490Z] users.findOne {"_id":"658142dbbb7f725058617715"} {}
[2024-01-14T08:24:08.491Z] users.findOne {"_id":"658142dbbb7f725058617715"} {}
[2024-01-14T08:24:08.496Z] users.findOne {"_id":"658142dbbb7f725058617715"} {}
[2024-01-14T08:24:08.497Z] products.aggregate [{"$match":{"saled":false}},{"$group":{"_id":{"name":"$name","qalinligi":"$qalinligi","qalinligi_ortasi":"$qalinligi_ortasi","category":"$category","holati":"$holati","uzunligi":"$uzunligi","uzunligi_x":"$uzunligi_x","olchamlari":"$olchamlari","uzunligi_y":"$uzunligi_y","sklad":"$sklad","price":"$price","saledPrice":"$saledPrice","cut":"$cut"},"totalQuantity":{"$sum":"$quantity"}}},{"$project":{"name":"$_id.name","qalinligi":"$_id.qalinligi","qalinligi_ortasi":"$_id.qalinligi_ortasi","category":"$_id.category","holati":"$_id.holati","uzunligi":"$_id.uzunligi","uzunligi_x":"$_id.uzunligi_x","uzunligi_y":"$_id.uzunligi_y","sklad":"$_id.sklad","price":"$_id.price","olchamlari":"$_id.olchamlari","saledPrice":"$_id.saledPrice","quantity":"$totalQuantity","cut":"$_id.cut"}}] {}
[2024-01-14T08:24:08.503Z] users.findOne {"_id":"658142dbbb7f725058617715"} {}
[2024-01-14T08:24:08.504Z] sklads.find {} {}
[2024-01-14T08:24:11.032Z] users.findOne {"_id":"658142dbbb7f725058617715"} {}
[2024-01-14T08:24:11.033Z] users.findOne {"_id":"658142dbbb7f725058617715"} {}
[2024-01-14T08:24:11.038Z] users.findOne {"_id":"658142dbbb7f725058617715"} {}
[2024-01-14T08:24:11.039Z] clients.find {} {}
[2024-01-14T08:24:11.043Z] users.findOne {"_id":"658142dbbb7f725058617715"} {}
[2024-01-14T08:24:11.044Z] sellers.find {} {}
[2024-01-14T08:24:47.962Z] users.findOne {"_id":"658142dbbb7f725058617715"} {}
[2024-01-14T08:24:47.964Z] users.findOne {"_id":"658142dbbb7f725058617715"} {}
[2024-01-14T08:24:47.966Z] alerts.find {} {"sort":{"createdAt":-1}}
[2024-01-14T08:24:47.967Z] users.findOne {"_id":"658142dbbb7f725058617715"} {}
[2024-01-14T08:24:47.976Z] users.findOne {"_id":"658142dbbb7f725058617715"} {}
[2024-01-14T08:24:47.978Z] clients.find {} {}
[2024-01-14T08:24:47.983Z] users.findOne {"_id":"658142dbbb7f725058617715"} {}
[2024-01-14T08:24:47.985Z] sellers.find {} {}
[2024-01-14T08:27:29.142Z] users.findOne {"_id":"658142dbbb7f725058617715"} {}
[2024-01-14T08:27:29.143Z] users.findOne {"_id":"658142dbbb7f725058617715"} {}
[2024-01-14T08:27:29.144Z] alerts.find {} {"sort":{"createdAt":-1}}
[2024-01-14T08:27:29.146Z] users.findOne {"_id":"658142dbbb7f725058617715"} {}
[2024-01-14T08:27:29.152Z] users.findOne {"_id":"658142dbbb7f725058617715"} {}
[2024-01-14T08:27:29.153Z] users.findOne {"_id":"658142dbbb7f725058617715"} {}
[2024-01-14T08:27:29.154Z] users.findOne {"_id":"658142dbbb7f725058617715"} {}
[2024-01-14T08:27:29.154Z] alerts.find {} {"sort":{"createdAt":-1}}
[2024-01-14T08:27:29.155Z] clients.find {} {}
[2024-01-14T08:27:29.155Z] users.findOne {"_id":"658142dbbb7f725058617715"} {}
[2024-01-14T08:27:29.160Z] users.findOne {"_id":"658142dbbb7f725058617715"} {}
[2024-01-14T08:27:29.161Z] sellers.find {} {}
[2024-01-14T08:27:29.163Z] users.findOne {"_id":"658142dbbb7f725058617715"} {}
[2024-01-14T08:27:29.164Z] products.aggregate [{"$match":{"sklad":"659c3af556b27c28015736e2","saled":false}},{"$group":{"_id":{"name":"$name","qalinligi":"$qalinligi","qalinligi_ortasi":"$qalinligi_ortasi","category":"$category","holati":"$holati","uzunligi":"$uzunligi","uzunligi_x":"$uzunligi_x","olchamlari":"$olchamlari","uzunligi_y":"$uzunligi_y","sklad":"$sklad","price":"$price","saledPrice":"$saledPrice","cut":"$cut"},"totalQuantity":{"$sum":"$quantity"}}},{"$project":{"_id":0,"name":"$_id.name","qalinligi":"$_id.qalinligi","qalinligi_ortasi":"$_id.qalinligi_ortasi","category":"$_id.category","holati":"$_id.holati","uzunligi":"$_id.uzunligi","uzunligi_x":"$_id.uzunligi_x","uzunligi_y":"$_id.uzunligi_y","sklad":"$_id.sklad","price":"$_id.price","olchamlari":"$_id.olchamlari","saledPrice":"$_id.saledPrice","quantity":"$totalQuantity","cut":"$_id.cut"}}] {}
[2024-01-14T08:27:47.270Z] users.findOne {"_id":"658142dbbb7f725058617715"} {}
[2024-01-14T08:27:47.273Z] users.findOne {"_id":"658142dbbb7f725058617715"} {}
[2024-01-14T08:27:47.275Z] alerts.find {} {"sort":{"createdAt":-1}}
[2024-01-14T08:27:47.278Z] users.findOne {"_id":"658142dbbb7f725058617715"} {}
[2024-01-14T08:27:47.280Z] users.findOne {"_id":"658142dbbb7f725058617715"} {}
[2024-01-14T08:27:47.282Z] users.findOne {"_id":"658142dbbb7f725058617715"} {}
[2024-01-14T08:27:47.284Z] alerts.find {} {"sort":{"createdAt":-1}}
[2024-01-14T08:27:47.285Z] users.findOne {"_id":"658142dbbb7f725058617715"} {}
[2024-01-14T08:27:47.292Z] users.findOne {"_id":"658142dbbb7f725058617715"} {}
[2024-01-14T08:27:47.293Z] clients.find {} {}
[2024-01-14T08:27:47.298Z] users.findOne {"_id":"658142dbbb7f725058617715"} {}
[2024-01-14T08:27:47.299Z] users.findOne {"_id":"658142dbbb7f725058617715"} {}
[2024-01-14T08:27:47.300Z] products.aggregate [{"$match":{"sklad":"659c3af556b27c28015736e2","saled":false}},{"$group":{"_id":{"name":"$name","qalinligi":"$qalinligi","qalinligi_ortasi":"$qalinligi_ortasi","category":"$category","holati":"$holati","uzunligi":"$uzunligi","uzunligi_x":"$uzunligi_x","olchamlari":"$olchamlari","uzunligi_y":"$uzunligi_y","sklad":"$sklad","price":"$price","saledPrice":"$saledPrice","cut":"$cut"},"totalQuantity":{"$sum":"$quantity"}}},{"$project":{"_id":0,"name":"$_id.name","qalinligi":"$_id.qalinligi","qalinligi_ortasi":"$_id.qalinligi_ortasi","category":"$_id.category","holati":"$_id.holati","uzunligi":"$_id.uzunligi","uzunligi_x":"$_id.uzunligi_x","uzunligi_y":"$_id.uzunligi_y","sklad":"$_id.sklad","price":"$_id.price","olchamlari":"$_id.olchamlari","saledPrice":"$_id.saledPrice","quantity":"$totalQuantity","cut":"$_id.cut"}}] {}
[2024-01-14T08:27:47.301Z] sellers.find {} {}
[2024-01-14T08:27:51.833Z] users.findOne {"_id":"658142dbbb7f725058617715"} {}
[2024-01-14T08:27:51.835Z] users.findOne {"_id":"658142dbbb7f725058617715"} {}
[2024-01-14T08:27:51.836Z] users.findOne {"_id":"658142dbbb7f725058617715"} {}
[2024-01-14T08:27:51.837Z] users.findOne {"_id":"658142dbbb7f725058617715"} {}
[2024-01-14T08:27:51.837Z] alerts.find {} {"sort":{"createdAt":-1}}
[2024-01-14T08:27:51.838Z] alerts.find {} {"sort":{"createdAt":-1}}
[2024-01-14T08:27:51.838Z] users.findOne {"_id":"658142dbbb7f725058617715"} {}
[2024-01-14T08:27:51.839Z] users.findOne {"_id":"658142dbbb7f725058617715"} {}
[2024-01-14T08:27:51.844Z] users.findOne {"_id":"658142dbbb7f725058617715"} {}
[2024-01-14T08:27:51.845Z] users.findOne {"_id":"658142dbbb7f725058617715"} {}
[2024-01-14T08:27:51.846Z] clients.find {} {}
[2024-01-14T08:27:51.846Z] products.aggregate [{"$match":{"sklad":"659c3af556b27c28015736e2","saled":false}},{"$group":{"_id":{"name":"$name","qalinligi":"$qalinligi","qalinligi_ortasi":"$qalinligi_ortasi","category":"$category","holati":"$holati","uzunligi":"$uzunligi","uzunligi_x":"$uzunligi_x","olchamlari":"$olchamlari","uzunligi_y":"$uzunligi_y","sklad":"$sklad","price":"$price","saledPrice":"$saledPrice","cut":"$cut"},"totalQuantity":{"$sum":"$quantity"}}},{"$project":{"_id":0,"name":"$_id.name","qalinligi":"$_id.qalinligi","qalinligi_ortasi":"$_id.qalinligi_ortasi","category":"$_id.category","holati":"$_id.holati","uzunligi":"$_id.uzunligi","uzunligi_x":"$_id.uzunligi_x","uzunligi_y":"$_id.uzunligi_y","sklad":"$_id.sklad","price":"$_id.price","olchamlari":"$_id.olchamlari","saledPrice":"$_id.saledPrice","quantity":"$totalQuantity","cut":"$_id.cut"}}] {}
[2024-01-14T08:27:51.850Z] users.findOne {"_id":"658142dbbb7f725058617715"} {}
[2024-01-14T08:27:51.851Z] sellers.find {} {}
[2024-01-14T08:28:15.337Z] users.findOne {"_id":"658142dbbb7f725058617715"} {}
[2024-01-14T08:28:15.339Z] users.findOne {"_id":"658142dbbb7f725058617715"} {}
[2024-01-14T08:28:15.340Z] alerts.find {} {"sort":{"createdAt":-1}}
[2024-01-14T08:28:15.341Z] users.findOne {"_id":"658142dbbb7f725058617715"} {}
[2024-01-14T08:28:15.347Z] users.findOne {"_id":"658142dbbb7f725058617715"} {}
[2024-01-14T08:28:15.348Z] clients.find {} {}
[2024-01-14T08:28:15.352Z] users.findOne {"_id":"658142dbbb7f725058617715"} {}
[2024-01-14T08:28:15.353Z] sellers.find {} {}
[2024-01-14T08:30:42.395Z] users.findOne {"_id":"658142dbbb7f725058617715"} {}
[2024-01-14T08:30:42.396Z] users.findOne {"_id":"658142dbbb7f725058617715"} {}
[2024-01-14T08:30:42.397Z] alerts.find {} {"sort":{"createdAt":-1}}
[2024-01-14T08:30:42.398Z] users.findOne {"_id":"658142dbbb7f725058617715"} {}
[2024-01-14T08:30:42.404Z] users.findOne {"_id":"658142dbbb7f725058617715"} {}
[2024-01-14T08:30:42.406Z] clients.find {} {}
[2024-01-14T08:30:42.410Z] users.findOne {"_id":"658142dbbb7f725058617715"} {}
[2024-01-14T08:30:42.411Z] sellers.find {} {}
[2024-01-14T14:51:58.092Z] users.findOne {"_id":"658142dbbb7f725058617715"} {}
[2024-01-14T14:51:58.093Z] users.findOne {"_id":"658142dbbb7f725058617715"} {}
[2024-01-14T14:51:58.095Z] alerts.find {} {"sort":{"createdAt":-1}}
[2024-01-14T14:51:58.095Z] users.findOne {"_id":"658142dbbb7f725058617715"} {}
[2024-01-14T14:51:58.103Z] users.findOne {"_id":"658142dbbb7f725058617715"} {}
[2024-01-14T14:51:58.104Z] products.aggregate [{"$match":{"sklad":"659c3af556b27c28015736e2","saled":false}},{"$group":{"_id":{"name":"$name","qalinligi":"$qalinligi","qalinligi_ortasi":"$qalinligi_ortasi","category":"$category","holati":"$holati","uzunligi":"$uzunligi","uzunligi_x":"$uzunligi_x","olchamlari":"$olchamlari","uzunligi_y":"$uzunligi_y","sklad":"$sklad","price":"$price","saledPrice":"$saledPrice","cut":"$cut"},"totalQuantity":{"$sum":"$quantity"}}},{"$project":{"_id":0,"name":"$_id.name","qalinligi":"$_id.qalinligi","qalinligi_ortasi":"$_id.qalinligi_ortasi","category":"$_id.category","holati":"$_id.holati","uzunligi":"$_id.uzunligi","uzunligi_x":"$_id.uzunligi_x","uzunligi_y":"$_id.uzunligi_y","sklad":"$_id.sklad","price":"$_id.price","olchamlari":"$_id.olchamlari","saledPrice":"$_id.saledPrice","quantity":"$totalQuantity","cut":"$_id.cut"}}] {}
[2024-01-14T14:52:00.080Z] users.findOne {"_id":"658142dbbb7f725058617715"} {}
[2024-01-14T14:52:00.082Z] users.findOne {"_id":"658142dbbb7f725058617715"} {}
[2024-01-14T14:52:00.093Z] users.findOne {"_id":"658142dbbb7f725058617715"} {}
[2024-01-14T14:52:00.094Z] sellers.find {} {}
[2024-01-14T14:52:02.014Z] users.findOne {"_id":"658142dbbb7f725058617715"} {}
[2024-01-14T14:52:02.016Z] users.findOne {"_id":"658142dbbb7f725058617715"} {}
[2024-01-14T14:52:02.026Z] users.findOne {"_id":"658142dbbb7f725058617715"} {}
[2024-01-14T14:52:02.027Z] products.aggregate [{"$match":{"saled":false}},{"$group":{"_id":{"name":"$name","qalinligi":"$qalinligi","qalinligi_ortasi":"$qalinligi_ortasi","category":"$category","holati":"$holati","uzunligi":"$uzunligi","uzunligi_x":"$uzunligi_x","olchamlari":"$olchamlari","uzunligi_y":"$uzunligi_y","sklad":"$sklad","price":"$price","saledPrice":"$saledPrice","cut":"$cut"},"totalQuantity":{"$sum":"$quantity"}}},{"$project":{"name":"$_id.name","qalinligi":"$_id.qalinligi","qalinligi_ortasi":"$_id.qalinligi_ortasi","category":"$_id.category","holati":"$_id.holati","uzunligi":"$_id.uzunligi","uzunligi_x":"$_id.uzunligi_x","uzunligi_y":"$_id.uzunligi_y","sklad":"$_id.sklad","price":"$_id.price","olchamlari":"$_id.olchamlari","saledPrice":"$_id.saledPrice","quantity":"$totalQuantity","cut":"$_id.cut"}}] {}
[2024-01-14T14:52:02.036Z] users.findOne {"_id":"658142dbbb7f725058617715"} {}
[2024-01-14T14:52:02.037Z] sklads.find {} {}
[2024-01-14T14:52:03.366Z] users.findOne {"_id":"658142dbbb7f725058617715"} {}
[2024-01-14T14:52:03.367Z] users.findOne {"_id":"658142dbbb7f725058617715"} {}
[2024-01-14T14:52:03.375Z] users.findOne {"_id":"658142dbbb7f725058617715"} {}
[2024-01-14T14:52:03.376Z] clients.find {} {}
[2024-01-14T14:52:03.381Z] users.findOne {"_id":"658142dbbb7f725058617715"} {}
[2024-01-14T14:52:03.382Z] sellers.find {} {}
[2024-01-14T14:52:48.168Z] users.findOne {"_id":"658142dbbb7f725058617715"} {}
[2024-01-14T14:52:48.170Z] users.findOne {"_id":"658142dbbb7f725058617715"} {}
[2024-01-14T14:52:48.170Z] alerts.find {} {"sort":{"createdAt":-1}}
[2024-01-14T14:52:48.171Z] users.findOne {"_id":"658142dbbb7f725058617715"} {}
[2024-01-14T14:52:48.179Z] users.findOne {"_id":"658142dbbb7f725058617715"} {}
[2024-01-14T14:52:48.180Z] clients.find {} {}
[2024-01-14T14:52:48.189Z] users.findOne {"_id":"658142dbbb7f725058617715"} {}
[2024-01-14T14:52:48.191Z] sellers.find {} {}
[2024-01-14T14:54:26.209Z] users.findOne {"_id":"658142dbbb7f725058617715"} {}
[2024-01-14T14:54:26.211Z] users.findOne {"_id":"658142dbbb7f725058617715"} {}
[2024-01-14T14:54:26.211Z] alerts.find {} {"sort":{"createdAt":-1}}
[2024-01-14T14:54:26.212Z] users.findOne {"_id":"658142dbbb7f725058617715"} {}
[2024-01-14T14:54:26.219Z] users.findOne {"_id":"658142dbbb7f725058617715"} {}
[2024-01-14T14:54:26.220Z] clients.find {} {}
[2024-01-14T14:54:26.228Z] users.findOne {"_id":"658142dbbb7f725058617715"} {}
[2024-01-14T14:54:26.229Z] sellers.find {} {}
[2024-01-14T14:55:42.906Z] users.findOne {"_id":"658142dbbb7f725058617715"} {}
[2024-01-14T14:55:42.908Z] users.findOne {"_id":"658142dbbb7f725058617715"} {}
[2024-01-14T14:55:42.908Z] alerts.find {} {"sort":{"createdAt":-1}}
[2024-01-14T14:55:42.909Z] users.findOne {"_id":"658142dbbb7f725058617715"} {}
[2024-01-14T14:55:42.917Z] users.findOne {"_id":"658142dbbb7f725058617715"} {}
[2024-01-14T14:55:42.918Z] clients.find {} {}
[2024-01-14T14:55:42.925Z] users.findOne {"_id":"658142dbbb7f725058617715"} {}
[2024-01-14T14:55:42.926Z] sellers.find {} {}
[2024-01-14T14:55:45.663Z] users.findOne {"_id":"658142dbbb7f725058617715"} {}
[2024-01-14T14:55:45.664Z] users.findOne {"_id":"658142dbbb7f725058617715"} {}
[2024-01-14T14:55:45.665Z] alerts.find {} {"sort":{"createdAt":-1}}
[2024-01-14T14:55:45.666Z] users.findOne {"_id":"658142dbbb7f725058617715"} {}
[2024-01-14T14:55:45.672Z] users.findOne {"_id":"658142dbbb7f725058617715"} {}
[2024-01-14T14:55:45.673Z] clients.find {} {}
[2024-01-14T14:55:45.677Z] users.findOne {"_id":"658142dbbb7f725058617715"} {}
[2024-01-14T14:55:45.678Z] sellers.find {} {}
[2024-01-14T14:58:46.130Z] users.findOne {"_id":"658142dbbb7f725058617715"} {}
[2024-01-14T14:58:46.132Z] users.findOne {"_id":"658142dbbb7f725058617715"} {}
[2024-01-14T14:58:46.133Z] alerts.find {} {"sort":{"createdAt":-1}}
[2024-01-14T14:58:46.134Z] users.findOne {"_id":"658142dbbb7f725058617715"} {}
[2024-01-14T14:58:46.141Z] users.findOne {"_id":"658142dbbb7f725058617715"} {}
[2024-01-14T14:58:46.142Z] clients.find {} {}
[2024-01-14T14:58:46.149Z] users.findOne {"_id":"658142dbbb7f725058617715"} {}
[2024-01-14T14:58:46.150Z] sellers.find {} {}
[2024-01-14T14:59:03.550Z] users.findOne {"_id":"658142dbbb7f725058617715"} {}
[2024-01-14T14:59:03.552Z] users.findOne {"_id":"658142dbbb7f725058617715"} {}
[2024-01-14T14:59:03.552Z] alerts.find {} {"sort":{"createdAt":-1}}
[2024-01-14T14:59:03.553Z] users.findOne {"_id":"658142dbbb7f725058617715"} {}
[2024-01-14T14:59:03.560Z] users.findOne {"_id":"658142dbbb7f725058617715"} {}
[2024-01-14T14:59:03.561Z] clients.find {} {}
[2024-01-14T14:59:03.571Z] users.findOne {"_id":"658142dbbb7f725058617715"} {}
[2024-01-14T14:59:03.573Z] sellers.find {} {}
[2024-01-14T14:59:57.244Z] users.findOne {"_id":"658142dbbb7f725058617715"} {}
[2024-01-14T14:59:57.246Z] users.findOne {"_id":"658142dbbb7f725058617715"} {}
[2024-01-14T14:59:57.247Z] alerts.find {} {"sort":{"createdAt":-1}}
[2024-01-14T14:59:57.247Z] users.findOne {"_id":"658142dbbb7f725058617715"} {}
[2024-01-14T14:59:57.255Z] users.findOne {"_id":"658142dbbb7f725058617715"} {}
[2024-01-14T14:59:57.256Z] clients.find {} {}
[2024-01-14T14:59:57.265Z] users.findOne {"_id":"658142dbbb7f725058617715"} {}
[2024-01-14T14:59:57.266Z] sellers.find {} {}
[2024-01-14T15:00:25.644Z] users.findOne {"_id":"658142dbbb7f725058617715"} {}
[2024-01-14T15:00:25.645Z] users.findOne {"_id":"658142dbbb7f725058617715"} {}
[2024-01-14T15:00:25.646Z] alerts.find {} {"sort":{"createdAt":-1}}
[2024-01-14T15:00:25.646Z] users.findOne {"_id":"658142dbbb7f725058617715"} {}
[2024-01-14T15:00:25.652Z] users.findOne {"_id":"658142dbbb7f725058617715"} {}
[2024-01-14T15:00:25.654Z] clients.find {} {}
[2024-01-14T15:00:25.661Z] users.findOne {"_id":"658142dbbb7f725058617715"} {}
[2024-01-14T15:00:25.662Z] sellers.find {} {}
[2024-01-14T15:01:09.589Z] users.findOne {"_id":"658142dbbb7f725058617715"} {}
[2024-01-14T15:01:09.590Z] users.findOne {"_id":"658142dbbb7f725058617715"} {}
[2024-01-14T15:01:09.591Z] alerts.find {} {"sort":{"createdAt":-1}}
[2024-01-14T15:01:09.591Z] users.findOne {"_id":"658142dbbb7f725058617715"} {}
[2024-01-14T15:01:09.598Z] users.findOne {"_id":"658142dbbb7f725058617715"} {}
[2024-01-14T15:01:09.599Z] clients.find {} {}
[2024-01-14T15:01:09.606Z] users.findOne {"_id":"658142dbbb7f725058617715"} {}
[2024-01-14T15:01:09.607Z] sellers.find {} {}
[2024-01-14T15:02:21.199Z] users.findOne {"_id":"658142dbbb7f725058617715"} {}
[2024-01-14T15:02:21.201Z] users.findOne {"_id":"658142dbbb7f725058617715"} {}
[2024-01-14T15:02:21.201Z] alerts.find {} {"sort":{"createdAt":-1}}
[2024-01-14T15:02:21.202Z] users.findOne {"_id":"658142dbbb7f725058617715"} {}
[2024-01-14T15:02:21.210Z] users.findOne {"_id":"658142dbbb7f725058617715"} {}
[2024-01-14T15:02:21.211Z] clients.find {} {}
[2024-01-14T15:02:21.223Z] users.findOne {"_id":"658142dbbb7f725058617715"} {}
[2024-01-14T15:02:21.225Z] sellers.find {} {}
[2024-01-14T15:02:59.743Z] users.findOne {"_id":"658142dbbb7f725058617715"} {}
[2024-01-14T15:02:59.745Z] users.findOne {"_id":"658142dbbb7f725058617715"} {}
[2024-01-14T15:02:59.746Z] alerts.find {} {"sort":{"createdAt":-1}}
[2024-01-14T15:02:59.746Z] users.findOne {"_id":"658142dbbb7f725058617715"} {}
[2024-01-14T15:02:59.753Z] users.findOne {"_id":"658142dbbb7f725058617715"} {}
[2024-01-14T15:02:59.754Z] clients.find {} {}
[2024-01-14T15:02:59.760Z] users.findOne {"_id":"658142dbbb7f725058617715"} {}
[2024-01-14T15:02:59.761Z] sellers.find {} {}
[2024-01-14T15:03:16.317Z] users.findOne {"_id":"658142dbbb7f725058617715"} {}
[2024-01-14T15:03:16.318Z] users.findOne {"_id":"658142dbbb7f725058617715"} {}
[2024-01-14T15:03:16.319Z] alerts.find {} {"sort":{"createdAt":-1}}
[2024-01-14T15:03:16.320Z] users.findOne {"_id":"658142dbbb7f725058617715"} {}
[2024-01-14T15:03:16.326Z] users.findOne {"_id":"658142dbbb7f725058617715"} {}
[2024-01-14T15:03:16.327Z] clients.find {} {}
[2024-01-14T15:03:16.338Z] users.findOne {"_id":"658142dbbb7f725058617715"} {}
[2024-01-14T15:03:16.340Z] sellers.find {} {}
[2024-01-14T15:04:00.995Z] users.findOne {"_id":"658142dbbb7f725058617715"} {}
[2024-01-14T15:04:00.997Z] users.findOne {"_id":"658142dbbb7f725058617715"} {}
[2024-01-14T15:04:00.998Z] alerts.find {} {"sort":{"createdAt":-1}}
[2024-01-14T15:04:00.998Z] users.findOne {"_id":"658142dbbb7f725058617715"} {}
[2024-01-14T15:04:01.005Z] users.findOne {"_id":"658142dbbb7f725058617715"} {}
[2024-01-14T15:04:01.006Z] clients.find {} {}
[2024-01-14T15:04:01.015Z] users.findOne {"_id":"658142dbbb7f725058617715"} {}
[2024-01-14T15:04:01.017Z] sellers.find {} {}
[2024-01-14T15:04:25.865Z] users.findOne {"_id":"658142dbbb7f725058617715"} {}
[2024-01-14T15:04:25.866Z] users.findOne {"_id":"658142dbbb7f725058617715"} {}
[2024-01-14T15:04:25.872Z] users.findOne {"_id":"658142dbbb7f725058617715"} {}
[2024-01-14T15:04:25.873Z] clients.find {} {}
[2024-01-14T15:04:25.880Z] users.findOne {"_id":"658142dbbb7f725058617715"} {}
[2024-01-14T15:04:25.881Z] sellers.find {} {}
[2024-01-14T15:04:48.665Z] users.findOne {"_id":"658142dbbb7f725058617715"} {}
[2024-01-14T15:04:48.666Z] users.findOne {"_id":"658142dbbb7f725058617715"} {}
[2024-01-14T15:04:48.667Z] alerts.find {} {"sort":{"createdAt":-1}}
[2024-01-14T15:04:48.668Z] users.findOne {"_id":"658142dbbb7f725058617715"} {}
[2024-01-14T15:04:48.674Z] users.findOne {"_id":"658142dbbb7f725058617715"} {}
[2024-01-14T15:04:48.675Z] clients.find {} {}
[2024-01-14T15:04:48.683Z] users.findOne {"_id":"658142dbbb7f725058617715"} {}
[2024-01-14T15:04:48.685Z] sellers.find {} {}
[2024-01-14T15:04:49.751Z] users.findOne {"_id":"658142dbbb7f725058617715"} {}
[2024-01-14T15:04:49.753Z] users.findOne {"_id":"658142dbbb7f725058617715"} {}
[2024-01-14T15:04:49.754Z] alerts.find {} {"sort":{"createdAt":-1}}
[2024-01-14T15:04:49.755Z] users.findOne {"_id":"658142dbbb7f725058617715"} {}
[2024-01-14T15:04:49.761Z] users.findOne {"_id":"658142dbbb7f725058617715"} {}
[2024-01-14T15:04:49.762Z] clients.find {} {}
[2024-01-14T15:04:49.767Z] users.findOne {"_id":"658142dbbb7f725058617715"} {}
[2024-01-14T15:04:49.768Z] sellers.find {} {}
[2024-01-14T15:05:11.118Z] users.findOne {"_id":"658142dbbb7f725058617715"} {}
[2024-01-14T15:05:11.119Z] users.findOne {"_id":"658142dbbb7f725058617715"} {}
[2024-01-14T15:05:11.120Z] alerts.find {} {"sort":{"createdAt":-1}}
[2024-01-14T15:05:11.121Z] users.findOne {"_id":"658142dbbb7f725058617715"} {}
[2024-01-14T15:05:11.128Z] users.findOne {"_id":"658142dbbb7f725058617715"} {}
[2024-01-14T15:05:11.129Z] clients.find {} {}
[2024-01-14T15:05:11.138Z] users.findOne {"_id":"658142dbbb7f725058617715"} {}
[2024-01-14T15:05:11.139Z] sellers.find {} {}
[2024-01-14T15:05:23.992Z] users.findOne {"_id":"658142dbbb7f725058617715"} {}
[2024-01-14T15:05:23.993Z] users.findOne {"_id":"658142dbbb7f725058617715"} {}
[2024-01-14T15:05:23.994Z] alerts.find {} {"sort":{"createdAt":-1}}
[2024-01-14T15:05:23.994Z] users.findOne {"_id":"658142dbbb7f725058617715"} {}
[2024-01-14T15:05:24.002Z] users.findOne {"_id":"658142dbbb7f725058617715"} {}
[2024-01-14T15:05:24.003Z] clients.find {} {}
[2024-01-14T15:05:24.016Z] users.findOne {"_id":"658142dbbb7f725058617715"} {}
[2024-01-14T15:05:24.017Z] sellers.find {} {}
[2024-01-14T15:05:34.774Z] users.findOne {"_id":"658142dbbb7f725058617715"} {}
[2024-01-14T15:05:34.775Z] users.findOne {"_id":"658142dbbb7f725058617715"} {}
[2024-01-14T15:05:34.781Z] users.findOne {"_id":"658142dbbb7f725058617715"} {}
[2024-01-14T15:05:34.782Z] clients.find {} {}
[2024-01-14T15:05:34.788Z] users.findOne {"_id":"658142dbbb7f725058617715"} {}
[2024-01-14T15:05:34.789Z] sellers.find {} {}
[2024-01-14T15:06:19.433Z] users.findOne {"_id":"658142dbbb7f725058617715"} {}
[2024-01-14T15:06:19.434Z] users.findOne {"_id":"658142dbbb7f725058617715"} {}
[2024-01-14T15:06:19.440Z] users.findOne {"_id":"658142dbbb7f725058617715"} {}
[2024-01-14T15:06:19.442Z] clients.find {} {}
[2024-01-14T15:06:19.449Z] users.findOne {"_id":"658142dbbb7f725058617715"} {}
[2024-01-14T15:06:19.450Z] sellers.find {} {}
[2024-01-14T15:06:23.208Z] users.findOne {"_id":"658142dbbb7f725058617715"} {}
[2024-01-14T15:06:23.209Z] users.findOne {"_id":"658142dbbb7f725058617715"} {}
[2024-01-14T15:06:23.210Z] users.findOne {"_id":"658142dbbb7f725058617715"} {}
[2024-01-14T15:06:23.212Z] alerts.find {} {"sort":{"createdAt":-1}}
[2024-01-14T15:06:23.215Z] users.findOne {"_id":"658142dbbb7f725058617715"} {}
[2024-01-14T15:06:23.217Z] clients.find {} {}
[2024-01-14T15:06:23.221Z] users.findOne {"_id":"658142dbbb7f725058617715"} {}
[2024-01-14T15:06:23.222Z] sellers.find {} {}
[2024-01-14T15:06:55.329Z] users.findOne {"_id":"658142dbbb7f725058617715"} {}
[2024-01-14T15:06:55.331Z] users.findOne {"_id":"658142dbbb7f725058617715"} {}
[2024-01-14T15:06:55.332Z] alerts.find {} {"sort":{"createdAt":-1}}
[2024-01-14T15:06:55.332Z] users.findOne {"_id":"658142dbbb7f725058617715"} {}
[2024-01-14T15:06:55.342Z] users.findOne {"_id":"658142dbbb7f725058617715"} {}
[2024-01-14T15:06:55.343Z] clients.find {} {}
[2024-01-14T15:06:55.354Z] users.findOne {"_id":"658142dbbb7f725058617715"} {}
[2024-01-14T15:06:55.355Z] sellers.find {} {}
[2024-01-14T15:07:24.730Z] users.findOne {"_id":"658142dbbb7f725058617715"} {}
[2024-01-14T15:07:24.732Z] users.findOne {"_id":"658142dbbb7f725058617715"} {}
[2024-01-14T15:07:24.733Z] alerts.find {} {"sort":{"createdAt":-1}}
[2024-01-14T15:07:24.733Z] users.findOne {"_id":"658142dbbb7f725058617715"} {}
[2024-01-14T15:07:24.740Z] users.findOne {"_id":"658142dbbb7f725058617715"} {}
[2024-01-14T15:07:24.741Z] clients.find {} {}
[2024-01-14T15:07:24.751Z] users.findOne {"_id":"658142dbbb7f725058617715"} {}
[2024-01-14T15:07:24.752Z] sellers.find {} {}
[2024-01-14T15:10:58.274Z] users.findOne {"_id":"658142dbbb7f725058617715"} {}
[2024-01-14T15:10:58.276Z] users.findOne {"_id":"658142dbbb7f725058617715"} {}
[2024-01-14T15:10:58.277Z] alerts.find {} {"sort":{"createdAt":-1}}
[2024-01-14T15:10:58.277Z] users.findOne {"_id":"658142dbbb7f725058617715"} {}
[2024-01-14T15:10:58.284Z] users.findOne {"_id":"658142dbbb7f725058617715"} {}
[2024-01-14T15:10:58.285Z] clients.find {} {}
[2024-01-14T15:10:58.292Z] users.findOne {"_id":"658142dbbb7f725058617715"} {}
[2024-01-14T15:10:58.293Z] sellers.find {} {}
[2024-01-14T15:12:14.844Z] users.findOne {"_id":"658142dbbb7f725058617715"} {}
[2024-01-14T15:12:14.846Z] users.findOne {"_id":"658142dbbb7f725058617715"} {}
[2024-01-14T15:12:14.847Z] alerts.find {} {"sort":{"createdAt":-1}}
[2024-01-14T15:12:14.848Z] users.findOne {"_id":"658142dbbb7f725058617715"} {}
[2024-01-14T15:12:14.855Z] users.findOne {"_id":"658142dbbb7f725058617715"} {}
[2024-01-14T15:12:14.857Z] clients.find {} {}
[2024-01-14T15:12:14.867Z] users.findOne {"_id":"658142dbbb7f725058617715"} {}
[2024-01-14T15:12:14.869Z] sellers.find {} {}
[2024-01-14T15:12:33.821Z] users.findOne {"_id":"658142dbbb7f725058617715"} {}
[2024-01-14T15:12:33.822Z] users.findOne {"_id":"658142dbbb7f725058617715"} {}
[2024-01-14T15:12:33.823Z] alerts.find {} {"sort":{"createdAt":-1}}
[2024-01-14T15:12:33.824Z] users.findOne {"_id":"658142dbbb7f725058617715"} {}
[2024-01-14T15:12:33.831Z] users.findOne {"_id":"658142dbbb7f725058617715"} {}
[2024-01-14T15:12:33.832Z] clients.find {} {}
[2024-01-14T15:12:33.838Z] users.findOne {"_id":"658142dbbb7f725058617715"} {}
[2024-01-14T15:12:33.839Z] sellers.find {} {}
[2024-01-14T15:12:52.765Z] users.findOne {"_id":"658142dbbb7f725058617715"} {}
[2024-01-14T15:12:52.766Z] users.findOne {"_id":"658142dbbb7f725058617715"} {}
[2024-01-14T15:12:52.767Z] alerts.find {} {"sort":{"createdAt":-1}}
[2024-01-14T15:12:52.769Z] users.findOne {"_id":"658142dbbb7f725058617715"} {}
[2024-01-14T15:12:52.775Z] users.findOne {"_id":"658142dbbb7f725058617715"} {}
[2024-01-14T15:12:52.776Z] clients.find {} {}
[2024-01-14T15:12:52.782Z] users.findOne {"_id":"658142dbbb7f725058617715"} {}
[2024-01-14T15:12:52.783Z] sellers.find {} {}
[2024-01-14T15:13:14.005Z] users.findOne {"_id":"658142dbbb7f725058617715"} {}
[2024-01-14T15:13:14.006Z] users.findOne {"_id":"658142dbbb7f725058617715"} {}
[2024-01-14T15:13:14.015Z] users.findOne {"_id":"658142dbbb7f725058617715"} {}
[2024-01-14T15:13:14.016Z] clients.find {} {}
[2024-01-14T15:13:14.023Z] users.findOne {"_id":"658142dbbb7f725058617715"} {}
[2024-01-14T15:13:14.025Z] sellers.find {} {}
[2024-01-14T15:13:28.629Z] users.findOne {"_id":"658142dbbb7f725058617715"} {}
[2024-01-14T15:13:28.630Z] users.findOne {"_id":"658142dbbb7f725058617715"} {}
[2024-01-14T15:13:28.631Z] alerts.find {} {"sort":{"createdAt":-1}}
[2024-01-14T15:13:28.632Z] users.findOne {"_id":"658142dbbb7f725058617715"} {}
[2024-01-14T15:13:28.639Z] users.findOne {"_id":"658142dbbb7f725058617715"} {}
[2024-01-14T15:13:28.640Z] clients.find {} {}
[2024-01-14T15:13:28.646Z] users.findOne {"_id":"658142dbbb7f725058617715"} {}
[2024-01-14T15:13:28.647Z] sellers.find {} {}
[2024-01-14T15:13:33.518Z] users.findOne {"_id":"658142dbbb7f725058617715"} {}
[2024-01-14T15:13:33.519Z] users.findOne {"_id":"658142dbbb7f725058617715"} {}
[2024-01-14T15:13:33.519Z] alerts.find {} {"sort":{"createdAt":-1}}
[2024-01-14T15:13:33.520Z] users.findOne {"_id":"658142dbbb7f725058617715"} {}
[2024-01-14T15:13:33.524Z] users.findOne {"_id":"658142dbbb7f725058617715"} {}
[2024-01-14T15:13:33.525Z] clients.find {} {}
[2024-01-14T15:13:33.530Z] users.findOne {"_id":"658142dbbb7f725058617715"} {}
[2024-01-14T15:13:33.531Z] sellers.find {} {}
[2024-01-14T15:13:36.375Z] users.findOne {"_id":"658142dbbb7f725058617715"} {}
[2024-01-14T15:13:36.376Z] users.findOne {"_id":"658142dbbb7f725058617715"} {}
[2024-01-14T15:13:36.377Z] alerts.find {} {"sort":{"createdAt":-1}}
[2024-01-14T15:13:36.377Z] users.findOne {"_id":"658142dbbb7f725058617715"} {}
[2024-01-14T15:13:36.384Z] users.findOne {"_id":"658142dbbb7f725058617715"} {}
[2024-01-14T15:13:36.385Z] clients.find {} {}
[2024-01-14T15:13:36.393Z] users.findOne {"_id":"658142dbbb7f725058617715"} {}
[2024-01-14T15:13:36.394Z] sellers.find {} {}
[2024-01-14T15:13:39.194Z] users.findOne {"_id":"658142dbbb7f725058617715"} {}
[2024-01-14T15:13:39.196Z] users.findOne {"_id":"658142dbbb7f725058617715"} {}
[2024-01-14T15:13:39.197Z] alerts.find {} {"sort":{"createdAt":-1}}
[2024-01-14T15:13:39.198Z] users.findOne {"_id":"658142dbbb7f725058617715"} {}
[2024-01-14T15:13:39.203Z] users.findOne {"_id":"658142dbbb7f725058617715"} {}
[2024-01-14T15:13:39.204Z] clients.find {} {}
[2024-01-14T15:13:39.211Z] users.findOne {"_id":"658142dbbb7f725058617715"} {}
[2024-01-14T15:13:39.212Z] sellers.find {} {}
[2024-01-14T15:14:03.023Z] users.findOne {"_id":"658142dbbb7f725058617715"} {}
[2024-01-14T15:14:03.024Z] users.findOne {"_id":"658142dbbb7f725058617715"} {}
[2024-01-14T15:14:03.025Z] alerts.find {} {"sort":{"createdAt":-1}}
[2024-01-14T15:14:03.025Z] users.findOne {"_id":"658142dbbb7f725058617715"} {}
[2024-01-14T15:14:03.032Z] users.findOne {"_id":"658142dbbb7f725058617715"} {}
[2024-01-14T15:14:03.033Z] clients.find {} {}
[2024-01-14T15:14:03.040Z] users.findOne {"_id":"658142dbbb7f725058617715"} {}
[2024-01-14T15:14:03.041Z] sellers.find {} {}
[2024-01-14T15:14:10.556Z] users.findOne {"_id":"658142dbbb7f725058617715"} {}
[2024-01-14T15:14:10.557Z] users.findOne {"_id":"658142dbbb7f725058617715"} {}
[2024-01-14T15:14:10.558Z] alerts.find {} {"sort":{"createdAt":-1}}
[2024-01-14T15:14:10.558Z] users.findOne {"_id":"658142dbbb7f725058617715"} {}
[2024-01-14T15:14:10.567Z] users.findOne {"_id":"658142dbbb7f725058617715"} {}
[2024-01-14T15:14:10.568Z] clients.find {} {}
[2024-01-14T15:14:10.576Z] users.findOne {"_id":"658142dbbb7f725058617715"} {}
[2024-01-14T15:14:10.577Z] sellers.find {} {}
[2024-01-14T15:14:32.355Z] users.findOne {"_id":"658142dbbb7f725058617715"} {}
[2024-01-14T15:14:32.356Z] users.findOne {"_id":"658142dbbb7f725058617715"} {}
[2024-01-14T15:14:32.357Z] alerts.find {} {"sort":{"createdAt":-1}}
[2024-01-14T15:14:32.357Z] users.findOne {"_id":"658142dbbb7f725058617715"} {}
[2024-01-14T15:14:32.364Z] users.findOne {"_id":"658142dbbb7f725058617715"} {}
[2024-01-14T15:14:32.365Z] clients.find {} {}
[2024-01-14T15:14:32.373Z] users.findOne {"_id":"658142dbbb7f725058617715"} {}
[2024-01-14T15:14:32.374Z] sellers.find {} {}
[2024-01-14T15:16:03.746Z] users.findOne {"_id":"658142dbbb7f725058617715"} {}
[2024-01-14T15:16:03.747Z] users.findOne {"_id":"658142dbbb7f725058617715"} {}
[2024-01-14T15:16:03.748Z] alerts.find {} {"sort":{"createdAt":-1}}
[2024-01-14T15:16:03.749Z] users.findOne {"_id":"658142dbbb7f725058617715"} {}
[2024-01-14T15:16:03.756Z] users.findOne {"_id":"658142dbbb7f725058617715"} {}
[2024-01-14T15:16:03.757Z] clients.find {} {}
[2024-01-14T15:16:03.764Z] users.findOne {"_id":"658142dbbb7f725058617715"} {}
[2024-01-14T15:16:03.766Z] sellers.find {} {}
[2024-01-14T15:21:42.202Z] users.findOne {"_id":"658142dbbb7f725058617715"} {}
[2024-01-14T15:21:42.204Z] users.findOne {"_id":"658142dbbb7f725058617715"} {}
[2024-01-14T15:21:42.205Z] alerts.find {} {"sort":{"createdAt":-1}}
[2024-01-14T15:21:42.206Z] users.findOne {"_id":"658142dbbb7f725058617715"} {}
[2024-01-14T15:21:42.214Z] users.findOne {"_id":"658142dbbb7f725058617715"} {}
[2024-01-14T15:21:42.215Z] clients.find {} {}
[2024-01-14T15:21:42.225Z] users.findOne {"_id":"658142dbbb7f725058617715"} {}
[2024-01-14T15:21:42.227Z] sellers.find {} {}
[2024-01-14T15:24:30.284Z] users.findOne {"_id":"658142dbbb7f725058617715"} {}
[2024-01-14T15:24:30.286Z] users.findOne {"_id":"658142dbbb7f725058617715"} {}
[2024-01-14T15:24:30.287Z] alerts.find {} {"sort":{"createdAt":-1}}
[2024-01-14T15:24:30.288Z] users.findOne {"_id":"658142dbbb7f725058617715"} {}
[2024-01-14T15:24:30.296Z] users.findOne {"_id":"658142dbbb7f725058617715"} {}
[2024-01-14T15:24:30.298Z] clients.find {} {}
[2024-01-14T15:24:30.306Z] users.findOne {"_id":"658142dbbb7f725058617715"} {}
[2024-01-14T15:24:30.307Z] sellers.find {} {}
[2024-01-14T15:27:07.608Z] users.findOne {"_id":"658142dbbb7f725058617715"} {}
[2024-01-14T15:27:07.609Z] users.findOne {"_id":"658142dbbb7f725058617715"} {}
[2024-01-14T15:27:07.610Z] alerts.find {} {"sort":{"createdAt":-1}}
[2024-01-14T15:27:07.611Z] users.findOne {"_id":"658142dbbb7f725058617715"} {}
[2024-01-14T15:27:07.619Z] users.findOne {"_id":"658142dbbb7f725058617715"} {}
[2024-01-14T15:27:07.620Z] clients.find {} {}
[2024-01-14T15:27:07.630Z] users.findOne {"_id":"658142dbbb7f725058617715"} {}
[2024-01-14T15:27:07.631Z] sellers.find {} {}
[2024-01-14T15:27:54.115Z] users.findOne {"_id":"658142dbbb7f725058617715"} {}
[2024-01-14T15:27:54.116Z] users.findOne {"_id":"658142dbbb7f725058617715"} {}
[2024-01-14T15:27:54.123Z] users.findOne {"_id":"658142dbbb7f725058617715"} {}
[2024-01-14T15:27:54.124Z] clients.find {} {}
[2024-01-14T15:27:54.130Z] users.findOne {"_id":"658142dbbb7f725058617715"} {}
[2024-01-14T15:27:54.131Z] sellers.find {} {}
[2024-01-14T15:27:56.202Z] users.findOne {"_id":"658142dbbb7f725058617715"} {}
[2024-01-14T15:27:56.204Z] users.findOne {"_id":"658142dbbb7f725058617715"} {}
[2024-01-14T15:27:56.204Z] users.findOne {"_id":"658142dbbb7f725058617715"} {}
[2024-01-14T15:27:56.205Z] alerts.find {} {"sort":{"createdAt":-1}}
[2024-01-14T15:27:56.210Z] users.findOne {"_id":"658142dbbb7f725058617715"} {}
[2024-01-14T15:27:56.211Z] clients.find {} {}
[2024-01-14T15:27:56.216Z] users.findOne {"_id":"658142dbbb7f725058617715"} {}
[2024-01-14T15:27:56.217Z] sellers.find {} {}
[2024-01-14T15:29:53.220Z] users.findOne {"_id":"658142dbbb7f725058617715"} {}
[2024-01-14T15:29:53.222Z] users.findOne {"_id":"658142dbbb7f725058617715"} {}
[2024-01-14T15:29:53.223Z] alerts.find {} {"sort":{"createdAt":-1}}
[2024-01-14T15:29:53.223Z] users.findOne {"_id":"658142dbbb7f725058617715"} {}
[2024-01-14T15:29:53.230Z] users.findOne {"_id":"658142dbbb7f725058617715"} {}
[2024-01-14T15:29:53.231Z] clients.find {} {}
[2024-01-14T15:29:53.237Z] users.findOne {"_id":"658142dbbb7f725058617715"} {}
[2024-01-14T15:29:53.238Z] sellers.find {} {}
[2024-01-14T15:30:15.244Z] users.findOne {"_id":"658142dbbb7f725058617715"} {}
[2024-01-14T15:30:15.245Z] users.findOne {"_id":"658142dbbb7f725058617715"} {}
[2024-01-14T15:30:15.251Z] users.findOne {"_id":"658142dbbb7f725058617715"} {}
[2024-01-14T15:30:15.252Z] clients.find {} {}
[2024-01-14T15:30:15.257Z] users.findOne {"_id":"658142dbbb7f725058617715"} {}
[2024-01-14T15:30:15.258Z] sellers.find {} {}
[2024-01-14T15:30:19.320Z] users.findOne {"_id":"658142dbbb7f725058617715"} {}
[2024-01-14T15:30:19.321Z] users.findOne {"_id":"658142dbbb7f725058617715"} {}
[2024-01-14T15:30:19.322Z] users.findOne {"_id":"658142dbbb7f725058617715"} {}
[2024-01-14T15:30:19.323Z] alerts.find {} {"sort":{"createdAt":-1}}
[2024-01-14T15:30:19.328Z] users.findOne {"_id":"658142dbbb7f725058617715"} {}
[2024-01-14T15:30:19.329Z] clients.find {} {}
[2024-01-14T15:30:19.333Z] users.findOne {"_id":"658142dbbb7f725058617715"} {}
[2024-01-14T15:30:19.334Z] sellers.find {} {}
