[2024-01-18T05:21:15.962Z] users.findOne {"login":"admin_HXemyBsW11"} {}
[2024-01-18T05:21:22.903Z] users.findOne {"login":"admin"} {}
[2024-01-18T05:21:28.542Z] users.findOne {"_id":"658142dbbb7f725058617715"} {}
[2024-01-18T05:21:28.545Z] users.findOne {"_id":"658142dbbb7f725058617715"} {}
[2024-01-18T05:21:28.560Z] alerts.find {} {"sort":{"createdAt":-1}}
[2024-01-18T05:21:28.564Z] users.findOne {"_id":"658142dbbb7f725058617715"} {}
[2024-01-18T05:21:30.338Z] users.findOne {"_id":"658142dbbb7f725058617715"} {}
[2024-01-18T05:21:30.344Z] users.findOne {"_id":"658142dbbb7f725058617715"} {}
[2024-01-18T05:21:30.347Z] alerts.find {} {"sort":{"createdAt":-1}}
[2024-01-18T05:21:30.351Z] users.findOne {"_id":"658142dbbb7f725058617715"} {}
[2024-01-18T05:21:30.364Z] users.findOne {"_id":"658142dbbb7f725058617715"} {}
[2024-01-18T05:21:30.368Z] harajats.aggregate [{"$match":{"date":{"$gte":"2024-01-01T00:00:00.000Z","$lte":"2025-01-01T00:00:00.000Z"}}},{"$group":{"_id":null,"totalAmount":{"$sum":"$amount"}}},{"$project":{"_id":0,"totalAmount":1}}] {}
[2024-01-18T05:21:30.399Z] users.findOne {"_id":"658142dbbb7f725058617715"} {}
[2024-01-18T05:21:30.403Z] products.aggregate [{"$match":{"saled":false}},{"$group":{"_id":null,"totalPrice":{"$sum":{"$cond":{"if":{"$eq":["$name","List"]},"then":{"$multiply":["$price",{"$divide":[{"$multiply":["$uzunligi_x","$uzunligi_y"]},10000]}]},"else":{"$multiply":["$price","$uzunligi"]}}}}}},{"$project":{"_id":0,"totalAmount":"$totalPrice"}}] {}
[2024-01-18T05:21:30.448Z] users.findOne {"_id":"658142dbbb7f725058617715"} {}
[2024-01-18T05:21:30.451Z] debts.aggregate [{"$match":{"active":true}},{"$project":{"totalDebt":{"$subtract":["$allAmount","$payedAmount"]}}},{"$group":{"_id":null,"totalAmount":{"$sum":"$totalDebt"}}}] {}
[2024-01-18T05:21:30.488Z] users.findOne {"_id":"658142dbbb7f725058617715"} {}
[2024-01-18T05:21:30.490Z] products.aggregate [{"$match":{"saled":true,"saledDate":{"$gte":"2024-01-01T00:00:00.000Z","$lte":"2025-01-01T00:00:00.000Z"}}},{"$project":{"totalAmount":{"$sum":{"$multiply":[{"$cond":{"if":{"$eq":["$name","List"]},"then":{"$multiply":[{"$subtract":["$saledPrice","$price"]},{"$cond":{"if":{"$ne":["$uzunligi_x",0]},"then":{"$divide":[{"$multiply":["$uzunligi_x","$uzunligi_y"]},10000]},"else":0}}]},"else":{"$multiply":[{"$subtract":["$saledPrice","$price"]},"$uzunligi"]}}},1]}}}},{"$group":{"_id":null,"totalAmount":{"$sum":"$totalAmount"}}}] {}
[2024-01-18T05:21:30.501Z] users.findOne {"_id":"658142dbbb7f725058617715"} {}
[2024-01-18T05:21:30.504Z] products.aggregate [{"$match":{"saled":true,"saledDate":{"$gte":"2024-01-01T00:00:00.000Z","$lte":"2025-01-01T00:00:00.000Z"}}},{"$group":{"_id":{"year":{"$year":"$saledDate"},"month":{"$month":"$saledDate"},"day":{"$dayOfMonth":"$saledDate"}},"totalAmount":{"$sum":{"$multiply":[{"$cond":{"if":{"$eq":["$name","List"]},"then":{"$multiply":[{"$subtract":["$saledPrice","$price"]},{"$divide":[{"$multiply":["$uzunligi_x","$uzunligi_y"]},10000]}]},"else":{"$multiply":[{"$subtract":["$saledPrice","$price"]},"$uzunligi"]}}},1]}},"totalProducts":{"$sum":1}}},{"$sort":{"_id.year":1,"_id.month":1,"_id.day":1}}] {}
[2024-01-18T05:21:30.515Z] users.findOne {"_id":"658142dbbb7f725058617715"} {}
[2024-01-18T05:21:30.517Z] harajats.aggregate [{"$match":{"date":{"$gte":"2024-01-01T00:00:00.000Z","$lte":"2025-01-01T00:00:00.000Z"}}},{"$group":{"_id":{"year":{"$year":"$date"},"month":{"$month":"$date"},"day":{"$dayOfMonth":"$date"}},"totalAmount":{"$sum":"$amount"}}},{"$sort":{"_id.year":1,"_id.month":1,"_id.day":1}}] {}
[2024-01-18T05:21:34.499Z] users.findOne {"_id":"658142dbbb7f725058617715"} {}
[2024-01-18T05:21:34.501Z] users.findOne {"_id":"658142dbbb7f725058617715"} {}
[2024-01-18T05:21:34.511Z] users.findOne {"_id":"658142dbbb7f725058617715"} {}
[2024-01-18T05:21:34.513Z] products.aggregate [{"$match":{"saled":false}},{"$group":{"_id":{"name":"$name","qalinligi":"$qalinligi","qalinligi_ortasi":"$qalinligi_ortasi","category":"$category","holati":"$holati","uzunligi":"$uzunligi","uzunligi_x":"$uzunligi_x","olchamlari":"$olchamlari","uzunligi_y":"$uzunligi_y","sklad":"$sklad","price":"$price","saledPrice":"$saledPrice","cut":"$cut"},"totalQuantity":{"$sum":"$quantity"}}},{"$project":{"name":"$_id.name","qalinligi":"$_id.qalinligi","qalinligi_ortasi":"$_id.qalinligi_ortasi","category":"$_id.category","holati":"$_id.holati","uzunligi":"$_id.uzunligi","uzunligi_x":"$_id.uzunligi_x","uzunligi_y":"$_id.uzunligi_y","sklad":"$_id.sklad","price":"$_id.price","olchamlari":"$_id.olchamlari","saledPrice":"$_id.saledPrice","quantity":"$totalQuantity","cut":"$_id.cut"}}] {}
[2024-01-18T05:21:34.526Z] users.findOne {"_id":"658142dbbb7f725058617715"} {}
[2024-01-18T05:21:34.529Z] sklads.find {} {}
[2024-01-18T05:21:39.031Z] users.findOne {"_id":"658142dbbb7f725058617715"} {}
[2024-01-18T05:21:39.033Z] users.findOne {"_id":"658142dbbb7f725058617715"} {}
[2024-01-18T05:21:39.043Z] users.findOne {"_id":"658142dbbb7f725058617715"} {}
[2024-01-18T05:21:39.045Z] clients.find {} {}
[2024-01-18T05:21:39.063Z] users.findOne {"_id":"658142dbbb7f725058617715"} {}
[2024-01-18T05:21:39.066Z] sellers.find {} {}
[2024-01-18T05:23:00.629Z] users.findOne {"_id":"658142dbbb7f725058617715"} {}
[2024-01-18T05:23:00.632Z] users.findOne {"_id":"658142dbbb7f725058617715"} {}
[2024-01-18T05:23:00.642Z] users.findOne {"_id":"658142dbbb7f725058617715"} {}
[2024-01-18T05:23:00.644Z] users.find {} {"sort":{"_id":-1}}
[2024-01-18T05:23:13.425Z] users.findOne {"_id":"658142dbbb7f725058617715"} {}
[2024-01-18T05:23:13.427Z] users.findOne {"_id":"658142dbbb7f725058617715"} {}
[2024-01-18T05:23:15.144Z] users.findOne {"_id":"658142dbbb7f725058617715"} {}
[2024-01-18T05:23:15.147Z] users.findOne {"_id":"658142dbbb7f725058617715"} {}
[2024-01-18T05:23:16.379Z] users.findOne {"_id":"658142dbbb7f725058617715"} {}
[2024-01-18T05:23:16.381Z] users.findOne {"_id":"658142dbbb7f725058617715"} {}
[2024-01-18T05:23:16.389Z] users.findOne {"_id":"658142dbbb7f725058617715"} {}
[2024-01-18T05:23:16.390Z] users.find {} {"sort":{"_id":-1}}
[2024-01-18T05:23:20.767Z] users.findOne {"_id":"658142dbbb7f725058617715"} {}
[2024-01-18T05:23:20.769Z] users.findOne {"_id":"658142dbbb7f725058617715"} {}
[2024-01-18T05:23:20.777Z] users.findOne {"_id":"658142dbbb7f725058617715"} {}
[2024-01-18T05:23:20.779Z] products.aggregate [{"$match":{"saled":false}},{"$group":{"_id":{"name":"$name","qalinligi":"$qalinligi","qalinligi_ortasi":"$qalinligi_ortasi","category":"$category","holati":"$holati","uzunligi":"$uzunligi","uzunligi_x":"$uzunligi_x","olchamlari":"$olchamlari","uzunligi_y":"$uzunligi_y","sklad":"$sklad","price":"$price","saledPrice":"$saledPrice","cut":"$cut"},"totalQuantity":{"$sum":"$quantity"}}},{"$project":{"name":"$_id.name","qalinligi":"$_id.qalinligi","qalinligi_ortasi":"$_id.qalinligi_ortasi","category":"$_id.category","holati":"$_id.holati","uzunligi":"$_id.uzunligi","uzunligi_x":"$_id.uzunligi_x","uzunligi_y":"$_id.uzunligi_y","sklad":"$_id.sklad","price":"$_id.price","olchamlari":"$_id.olchamlari","saledPrice":"$_id.saledPrice","quantity":"$totalQuantity","cut":"$_id.cut"}}] {}
[2024-01-18T05:23:20.789Z] users.findOne {"_id":"658142dbbb7f725058617715"} {}
[2024-01-18T05:23:20.791Z] sklads.find {} {}
[2024-01-18T05:23:21.953Z] users.findOne {"_id":"658142dbbb7f725058617715"} {}
[2024-01-18T05:23:21.955Z] users.findOne {"_id":"658142dbbb7f725058617715"} {}
[2024-01-18T05:23:21.962Z] users.findOne {"_id":"658142dbbb7f725058617715"} {}
[2024-01-18T05:23:21.964Z] clients.find {} {}
[2024-01-18T05:23:21.970Z] users.findOne {"_id":"658142dbbb7f725058617715"} {}
[2024-01-18T05:23:21.972Z] sellers.find {} {}
[2024-01-18T05:34:40.328Z] users.findOne {"_id":"658142dbbb7f725058617715"} {}
[2024-01-18T05:34:40.330Z] users.findOne {"_id":"658142dbbb7f725058617715"} {}
[2024-01-18T05:34:40.331Z] alerts.find {} {"sort":{"createdAt":-1}}
[2024-01-18T05:34:40.332Z] users.findOne {"_id":"658142dbbb7f725058617715"} {}
[2024-01-18T05:34:40.340Z] users.findOne {"_id":"658142dbbb7f725058617715"} {}
[2024-01-18T05:34:40.342Z] clients.find {} {}
[2024-01-18T05:34:40.348Z] users.findOne {"_id":"658142dbbb7f725058617715"} {}
[2024-01-18T05:34:40.350Z] sellers.find {} {}
[2024-01-18T05:59:01.115Z] users.findOne {"_id":"658142dbbb7f725058617715"} {}
[2024-01-18T05:59:01.116Z] users.findOne {"_id":"658142dbbb7f725058617715"} {}
[2024-01-18T05:59:01.121Z] users.findOne {"_id":"658142dbbb7f725058617715"} {}
[2024-01-18T05:59:01.122Z] sklads.find {"active":true} {}
[2024-01-18T05:59:10.588Z] users.findOne {"_id":"658142dbbb7f725058617715"} {}
[2024-01-18T05:59:10.590Z] users.findOne {"_id":"658142dbbb7f725058617715"} {}
[2024-01-18T05:59:10.595Z] users.findOne {"_id":"658142dbbb7f725058617715"} {}
[2024-01-18T05:59:10.596Z] products.aggregate [{"$match":{"saled":false}},{"$group":{"_id":{"name":"$name","qalinligi":"$qalinligi","qalinligi_ortasi":"$qalinligi_ortasi","category":"$category","holati":"$holati","uzunligi":"$uzunligi","uzunligi_x":"$uzunligi_x","olchamlari":"$olchamlari","uzunligi_y":"$uzunligi_y","sklad":"$sklad","price":"$price","saledPrice":"$saledPrice","cut":"$cut"},"totalQuantity":{"$sum":"$quantity"}}},{"$project":{"name":"$_id.name","qalinligi":"$_id.qalinligi","qalinligi_ortasi":"$_id.qalinligi_ortasi","category":"$_id.category","holati":"$_id.holati","uzunligi":"$_id.uzunligi","uzunligi_x":"$_id.uzunligi_x","uzunligi_y":"$_id.uzunligi_y","sklad":"$_id.sklad","price":"$_id.price","olchamlari":"$_id.olchamlari","saledPrice":"$_id.saledPrice","quantity":"$totalQuantity","cut":"$_id.cut"}}] {}
[2024-01-18T05:59:10.602Z] users.findOne {"_id":"658142dbbb7f725058617715"} {}
[2024-01-18T05:59:10.604Z] sklads.find {} {}
[2024-01-18T05:59:12.171Z] users.findOne {"_id":"658142dbbb7f725058617715"} {}
[2024-01-18T05:59:12.172Z] users.findOne {"_id":"658142dbbb7f725058617715"} {}
[2024-01-18T05:59:12.177Z] users.findOne {"_id":"658142dbbb7f725058617715"} {}
[2024-01-18T05:59:12.178Z] clients.find {} {}
[2024-01-18T05:59:12.182Z] users.findOne {"_id":"658142dbbb7f725058617715"} {}
[2024-01-18T05:59:12.183Z] sellers.find {} {}
[2024-01-18T06:04:43.802Z] users.findOne {"_id":"658142dbbb7f725058617715"} {}
[2024-01-18T06:04:43.810Z] alerts.find {} {"sort":{"createdAt":-1}}
[2024-01-18T06:04:43.812Z] users.findOne {"_id":"658142dbbb7f725058617715"} {}
[2024-01-18T06:04:43.817Z] users.findOne {"_id":"658142dbbb7f725058617715"} {}
[2024-01-18T06:04:45.282Z] users.findOne {"_id":"658142dbbb7f725058617715"} {}
[2024-01-18T06:04:45.284Z] users.findOne {"_id":"658142dbbb7f725058617715"} {}
[2024-01-18T06:04:45.285Z] alerts.find {} {"sort":{"createdAt":-1}}
[2024-01-18T06:04:45.287Z] users.findOne {"_id":"658142dbbb7f725058617715"} {}
[2024-01-18T06:12:04.324Z] users.findOne {"_id":"658142dbbb7f725058617715"} {}
[2024-01-18T06:12:04.330Z] users.findOne {"_id":"658142dbbb7f725058617715"} {}
[2024-01-18T06:12:06.859Z] users.findOne {"_id":"658142dbbb7f725058617715"} {}
[2024-01-18T06:12:06.861Z] users.findOne {"_id":"658142dbbb7f725058617715"} {}
[2024-01-18T06:12:10.541Z] users.findOne {"_id":"658142dbbb7f725058617715"} {}
[2024-01-18T06:12:10.542Z] users.findOne {"_id":"658142dbbb7f725058617715"} {}
[2024-01-18T06:12:20.762Z] users.findOne {"_id":"658142dbbb7f725058617715"} {}
[2024-01-18T06:12:20.764Z] users.findOne {"_id":"658142dbbb7f725058617715"} {}
[2024-01-18T06:12:20.766Z] alerts.find {} {"sort":{"createdAt":-1}}
[2024-01-18T06:12:20.769Z] users.findOne {"_id":"658142dbbb7f725058617715"} {}
[2024-01-18T06:12:25.250Z] users.findOne {"_id":"658142dbbb7f725058617715"} {}
[2024-01-18T06:12:25.252Z] users.findOne {"_id":"658142dbbb7f725058617715"} {}
[2024-01-18T06:12:25.253Z] alerts.find {} {"sort":{"createdAt":-1}}
[2024-01-18T06:12:25.254Z] users.findOne {"_id":"658142dbbb7f725058617715"} {}
[2024-01-18T06:12:31.877Z] users.findOne {"_id":"658142dbbb7f725058617715"} {}
[2024-01-18T06:12:31.878Z] users.findOne {"_id":"658142dbbb7f725058617715"} {}
[2024-01-18T06:12:31.884Z] users.findOne {"_id":"658142dbbb7f725058617715"} {}
[2024-01-18T06:12:34.816Z] users.findOne {"_id":"658142dbbb7f725058617715"} {}
[2024-01-18T06:12:34.818Z] users.findOne {"_id":"658142dbbb7f725058617715"} {}
[2024-01-18T06:12:34.820Z] users.findOne {"_id":"658142dbbb7f725058617715"} {}
[2024-01-18T06:12:34.821Z] alerts.find {} {"sort":{"createdAt":-1}}
[2024-01-18T06:12:34.826Z] users.findOne {"_id":"658142dbbb7f725058617715"} {}
[2024-01-18T06:13:03.426Z] users.findOne {"_id":"658142dbbb7f725058617715"} {}
[2024-01-18T06:13:03.435Z] alerts.find {} {"sort":{"createdAt":-1}}
[2024-01-18T06:13:03.438Z] users.findOne {"_id":"658142dbbb7f725058617715"} {}
[2024-01-18T06:13:03.442Z] users.findOne {"_id":"658142dbbb7f725058617715"} {}
[2024-01-18T06:13:03.457Z] users.findOne {"_id":"658142dbbb7f725058617715"} {}
[2024-01-18T06:13:18.757Z] users.findOne {"_id":"658142dbbb7f725058617715"} {}
[2024-01-18T06:13:18.764Z] alerts.find {} {"sort":{"createdAt":-1}}
[2024-01-18T06:13:18.767Z] users.findOne {"_id":"658142dbbb7f725058617715"} {}
[2024-01-18T06:13:18.772Z] users.findOne {"_id":"658142dbbb7f725058617715"} {}
[2024-01-18T06:13:18.781Z] users.findOne {"_id":"658142dbbb7f725058617715"} {}
[2024-01-18T06:13:35.635Z] users.findOne {"_id":"658142dbbb7f725058617715"} {}
[2024-01-18T06:13:35.638Z] users.findOne {"_id":"658142dbbb7f725058617715"} {}
[2024-01-18T06:13:35.640Z] alerts.find {} {"sort":{"createdAt":-1}}
[2024-01-18T06:13:35.641Z] users.findOne {"_id":"658142dbbb7f725058617715"} {}
[2024-01-18T06:13:35.649Z] users.findOne {"_id":"658142dbbb7f725058617715"} {}
[2024-01-18T06:13:47.607Z] users.findOne {"_id":"658142dbbb7f725058617715"} {}
[2024-01-18T06:13:47.620Z] alerts.find {} {"sort":{"createdAt":-1}}
[2024-01-18T06:13:47.624Z] users.findOne {"_id":"658142dbbb7f725058617715"} {}
[2024-01-18T06:13:47.629Z] users.findOne {"_id":"658142dbbb7f725058617715"} {}
[2024-01-18T06:13:47.652Z] users.findOne {"_id":"658142dbbb7f725058617715"} {}
[2024-01-18T06:14:07.014Z] users.findOne {"_id":"658142dbbb7f725058617715"} {}
[2024-01-18T06:14:07.021Z] alerts.find {} {"sort":{"createdAt":-1}}
[2024-01-18T06:14:07.024Z] users.findOne {"_id":"658142dbbb7f725058617715"} {}
[2024-01-18T06:14:07.028Z] users.findOne {"_id":"658142dbbb7f725058617715"} {}
[2024-01-18T06:14:07.038Z] users.findOne {"_id":"658142dbbb7f725058617715"} {}
[2024-01-18T06:14:29.076Z] users.findOne {"_id":"658142dbbb7f725058617715"} {}
[2024-01-18T06:14:29.085Z] alerts.find {} {"sort":{"createdAt":-1}}
[2024-01-18T06:14:29.089Z] users.findOne {"_id":"658142dbbb7f725058617715"} {}
[2024-01-18T06:14:29.094Z] users.findOne {"_id":"658142dbbb7f725058617715"} {}
[2024-01-18T06:14:29.118Z] users.findOne {"_id":"658142dbbb7f725058617715"} {}
[2024-01-18T06:14:49.245Z] users.findOne {"_id":"658142dbbb7f725058617715"} {}
[2024-01-18T06:14:49.255Z] alerts.find {} {"sort":{"createdAt":-1}}
[2024-01-18T06:14:49.260Z] users.findOne {"_id":"658142dbbb7f725058617715"} {}
[2024-01-18T06:14:49.265Z] users.findOne {"_id":"658142dbbb7f725058617715"} {}
[2024-01-18T06:14:49.281Z] users.findOne {"_id":"658142dbbb7f725058617715"} {}
[2024-01-18T06:14:57.257Z] users.findOne {"_id":"658142dbbb7f725058617715"} {}
[2024-01-18T06:14:57.264Z] alerts.find {} {"sort":{"createdAt":-1}}
[2024-01-18T06:14:57.266Z] users.findOne {"_id":"658142dbbb7f725058617715"} {}
[2024-01-18T06:14:57.269Z] users.findOne {"_id":"658142dbbb7f725058617715"} {}
[2024-01-18T06:14:57.278Z] users.findOne {"_id":"658142dbbb7f725058617715"} {}
[2024-01-18T06:15:48.956Z] users.findOne {"_id":"658142dbbb7f725058617715"} {}
[2024-01-18T06:15:48.962Z] users.findOne {"_id":"658142dbbb7f725058617715"} {}
[2024-01-18T06:15:48.970Z] users.findOne {"_id":"658142dbbb7f725058617715"} {}
[2024-01-18T06:15:58.109Z] users.findOne {"_id":"658142dbbb7f725058617715"} {}
[2024-01-18T06:15:58.110Z] users.findOne {"_id":"658142dbbb7f725058617715"} {}
[2024-01-18T06:15:58.116Z] users.findOne {"_id":"658142dbbb7f725058617715"} {}
[2024-01-18T06:15:59.545Z] users.findOne {"_id":"658142dbbb7f725058617715"} {}
[2024-01-18T06:15:59.547Z] users.findOne {"_id":"658142dbbb7f725058617715"} {}
[2024-01-18T06:15:59.553Z] users.findOne {"_id":"658142dbbb7f725058617715"} {}
[2024-01-18T06:16:09.378Z] users.findOne {"_id":"658142dbbb7f725058617715"} {}
[2024-01-18T06:16:09.380Z] users.findOne {"_id":"658142dbbb7f725058617715"} {}
[2024-01-18T06:16:09.383Z] alerts.find {} {"sort":{"createdAt":-1}}
[2024-01-18T06:16:09.384Z] users.findOne {"_id":"658142dbbb7f725058617715"} {}
[2024-01-18T06:16:09.391Z] users.findOne {"_id":"658142dbbb7f725058617715"} {}
[2024-01-18T06:16:16.300Z] users.findOne {"_id":"658142dbbb7f725058617715"} {}
[2024-01-18T06:16:16.301Z] users.findOne {"_id":"658142dbbb7f725058617715"} {}
[2024-01-18T06:16:16.306Z] users.findOne {"_id":"658142dbbb7f725058617715"} {}
[2024-01-18T06:16:18.208Z] users.findOne {"_id":"658142dbbb7f725058617715"} {}
[2024-01-18T06:16:18.209Z] users.findOne {"_id":"658142dbbb7f725058617715"} {}
[2024-01-18T06:16:18.214Z] users.findOne {"_id":"658142dbbb7f725058617715"} {}
[2024-01-18T06:16:22.413Z] users.findOne {"_id":"658142dbbb7f725058617715"} {}
[2024-01-18T06:16:22.414Z] users.findOne {"_id":"658142dbbb7f725058617715"} {}
[2024-01-18T06:16:22.419Z] users.findOne {"_id":"658142dbbb7f725058617715"} {}
[2024-01-18T06:16:27.231Z] users.findOne {"_id":"658142dbbb7f725058617715"} {}
[2024-01-18T06:16:27.233Z] users.findOne {"_id":"658142dbbb7f725058617715"} {}
[2024-01-18T06:16:27.238Z] users.findOne {"_id":"658142dbbb7f725058617715"} {}
[2024-01-18T06:16:34.310Z] users.findOne {"_id":"658142dbbb7f725058617715"} {}
[2024-01-18T06:16:34.312Z] users.findOne {"_id":"658142dbbb7f725058617715"} {}
[2024-01-18T06:16:34.317Z] users.findOne {"_id":"658142dbbb7f725058617715"} {}
[2024-01-18T06:16:38.260Z] users.findOne {"_id":"658142dbbb7f725058617715"} {}
[2024-01-18T06:16:38.262Z] users.findOne {"_id":"658142dbbb7f725058617715"} {}
[2024-01-18T06:16:38.268Z] users.findOne {"_id":"658142dbbb7f725058617715"} {}
[2024-01-18T06:17:34.377Z] users.findOne {"_id":"658142dbbb7f725058617715"} {}
[2024-01-18T06:17:34.378Z] users.findOne {"_id":"658142dbbb7f725058617715"} {}
[2024-01-18T06:17:34.383Z] users.findOne {"_id":"658142dbbb7f725058617715"} {}
[2024-01-18T06:17:36.737Z] users.findOne {"_id":"658142dbbb7f725058617715"} {}
[2024-01-18T06:17:36.739Z] users.findOne {"_id":"658142dbbb7f725058617715"} {}
[2024-01-18T06:17:36.745Z] users.findOne {"_id":"658142dbbb7f725058617715"} {}
[2024-01-18T06:17:38.933Z] users.findOne {"_id":"658142dbbb7f725058617715"} {}
[2024-01-18T06:17:38.935Z] users.findOne {"_id":"658142dbbb7f725058617715"} {}
[2024-01-18T06:17:38.940Z] users.findOne {"_id":"658142dbbb7f725058617715"} {}
[2024-01-18T06:17:42.132Z] users.findOne {"_id":"658142dbbb7f725058617715"} {}
[2024-01-18T06:17:42.133Z] users.findOne {"_id":"658142dbbb7f725058617715"} {}
[2024-01-18T06:17:42.140Z] users.findOne {"_id":"658142dbbb7f725058617715"} {}
[2024-01-18T06:17:44.541Z] users.findOne {"_id":"658142dbbb7f725058617715"} {}
[2024-01-18T06:17:44.542Z] users.findOne {"_id":"658142dbbb7f725058617715"} {}
[2024-01-18T06:17:44.546Z] users.findOne {"_id":"658142dbbb7f725058617715"} {}
[2024-01-18T06:17:46.908Z] users.findOne {"_id":"658142dbbb7f725058617715"} {}
[2024-01-18T06:17:46.909Z] users.findOne {"_id":"658142dbbb7f725058617715"} {}
[2024-01-18T06:17:46.914Z] users.findOne {"_id":"658142dbbb7f725058617715"} {}
[2024-01-18T06:17:48.951Z] users.findOne {"_id":"658142dbbb7f725058617715"} {}
[2024-01-18T06:17:48.952Z] users.findOne {"_id":"658142dbbb7f725058617715"} {}
[2024-01-18T06:17:48.957Z] users.findOne {"_id":"658142dbbb7f725058617715"} {}
[2024-01-18T06:18:36.338Z] users.findOne {"_id":"658142dbbb7f725058617715"} {}
[2024-01-18T06:18:36.348Z] alerts.find {} {"sort":{"createdAt":-1}}
[2024-01-18T06:18:36.351Z] users.findOne {"_id":"658142dbbb7f725058617715"} {}
[2024-01-18T06:18:36.356Z] users.findOne {"_id":"658142dbbb7f725058617715"} {}
[2024-01-18T06:18:36.371Z] users.findOne {"_id":"658142dbbb7f725058617715"} {}
[2024-01-18T06:18:37.848Z] users.findOne {"_id":"658142dbbb7f725058617715"} {}
[2024-01-18T06:18:37.852Z] users.findOne {"_id":"658142dbbb7f725058617715"} {}
[2024-01-18T06:18:37.854Z] alerts.find {} {"sort":{"createdAt":-1}}
[2024-01-18T06:18:37.856Z] users.findOne {"_id":"658142dbbb7f725058617715"} {}
[2024-01-18T06:18:37.863Z] users.findOne {"_id":"658142dbbb7f725058617715"} {}
[2024-01-18T06:18:40.504Z] users.findOne {"_id":"658142dbbb7f725058617715"} {}
[2024-01-18T06:18:40.506Z] users.findOne {"_id":"658142dbbb7f725058617715"} {}
[2024-01-18T06:18:40.508Z] alerts.find {} {"sort":{"createdAt":-1}}
[2024-01-18T06:18:40.509Z] users.findOne {"_id":"658142dbbb7f725058617715"} {}
[2024-01-18T06:18:40.515Z] users.findOne {"_id":"658142dbbb7f725058617715"} {}
[2024-01-18T06:18:41.142Z] users.findOne {"_id":"658142dbbb7f725058617715"} {}
[2024-01-18T06:18:41.145Z] users.findOne {"_id":"658142dbbb7f725058617715"} {}
[2024-01-18T06:18:41.146Z] alerts.find {} {"sort":{"createdAt":-1}}
[2024-01-18T06:18:41.147Z] users.findOne {"_id":"658142dbbb7f725058617715"} {}
[2024-01-18T06:18:41.155Z] users.findOne {"_id":"658142dbbb7f725058617715"} {}
[2024-01-18T06:18:41.509Z] users.findOne {"_id":"658142dbbb7f725058617715"} {}
[2024-01-18T06:18:41.511Z] users.findOne {"_id":"658142dbbb7f725058617715"} {}
[2024-01-18T06:18:41.513Z] alerts.find {} {"sort":{"createdAt":-1}}
[2024-01-18T06:18:41.515Z] users.findOne {"_id":"658142dbbb7f725058617715"} {}
[2024-01-18T06:18:41.522Z] users.findOne {"_id":"658142dbbb7f725058617715"} {}
[2024-01-18T06:18:41.935Z] users.findOne {"_id":"658142dbbb7f725058617715"} {}
[2024-01-18T06:18:41.937Z] users.findOne {"_id":"658142dbbb7f725058617715"} {}
[2024-01-18T06:18:41.939Z] alerts.find {} {"sort":{"createdAt":-1}}
[2024-01-18T06:18:41.940Z] users.findOne {"_id":"658142dbbb7f725058617715"} {}
[2024-01-18T06:18:41.945Z] users.findOne {"_id":"658142dbbb7f725058617715"} {}
[2024-01-18T06:18:42.260Z] users.findOne {"_id":"658142dbbb7f725058617715"} {}
[2024-01-18T06:18:42.263Z] users.findOne {"_id":"658142dbbb7f725058617715"} {}
[2024-01-18T06:18:42.265Z] alerts.find {} {"sort":{"createdAt":-1}}
[2024-01-18T06:18:42.267Z] users.findOne {"_id":"658142dbbb7f725058617715"} {}
[2024-01-18T06:18:42.270Z] users.findOne {"_id":"658142dbbb7f725058617715"} {}
[2024-01-18T06:18:42.764Z] users.findOne {"_id":"658142dbbb7f725058617715"} {}
[2024-01-18T06:18:42.765Z] users.findOne {"_id":"658142dbbb7f725058617715"} {}
[2024-01-18T06:18:42.766Z] alerts.find {} {"sort":{"createdAt":-1}}
[2024-01-18T06:18:42.767Z] users.findOne {"_id":"658142dbbb7f725058617715"} {}
[2024-01-18T06:18:42.774Z] users.findOne {"_id":"658142dbbb7f725058617715"} {}
[2024-01-18T06:18:47.247Z] users.findOne {"_id":"658142dbbb7f725058617715"} {}
[2024-01-18T06:19:12.601Z] users.findOne {"_id":"658142dbbb7f725058617715"} {}
[2024-01-18T06:19:12.608Z] alerts.find {} {"sort":{"createdAt":-1}}
[2024-01-18T06:19:12.612Z] users.findOne {"_id":"658142dbbb7f725058617715"} {}
[2024-01-18T06:19:12.616Z] users.findOne {"_id":"658142dbbb7f725058617715"} {}
[2024-01-18T06:19:12.629Z] users.findOne {"_id":"658142dbbb7f725058617715"} {}
[2024-01-18T06:19:15.389Z] users.findOne {"_id":"658142dbbb7f725058617715"} {}
[2024-01-18T06:19:25.855Z] users.findOne {"_id":"658142dbbb7f725058617715"} {}
[2024-01-18T06:19:25.862Z] alerts.find {} {"sort":{"createdAt":-1}}
[2024-01-18T06:19:25.864Z] users.findOne {"_id":"658142dbbb7f725058617715"} {}
[2024-01-18T06:19:25.867Z] users.findOne {"_id":"658142dbbb7f725058617715"} {}
[2024-01-18T06:19:25.876Z] users.findOne {"_id":"658142dbbb7f725058617715"} {}
[2024-01-18T06:19:27.560Z] users.findOne {"_id":"658142dbbb7f725058617715"} {}
[2024-01-18T06:19:29.245Z] users.findOne {"_id":"658142dbbb7f725058617715"} {}
[2024-01-18T06:19:29.249Z] users.findOne {"_id":"658142dbbb7f725058617715"} {}
[2024-01-18T06:19:29.254Z] alerts.find {} {"sort":{"createdAt":-1}}
[2024-01-18T06:19:29.256Z] users.findOne {"_id":"658142dbbb7f725058617715"} {}
[2024-01-18T06:19:29.271Z] users.findOne {"_id":"658142dbbb7f725058617715"} {}
[2024-01-18T06:19:33.379Z] users.findOne {"_id":"658142dbbb7f725058617715"} {}
[2024-01-18T06:19:33.381Z] users.findOne {"_id":"658142dbbb7f725058617715"} {}
[2024-01-18T06:19:33.386Z] users.findOne {"_id":"658142dbbb7f725058617715"} {}
[2024-01-18T06:19:33.388Z] products.aggregate [{"$match":{"saled":false}},{"$group":{"_id":{"name":"$name","qalinligi":"$qalinligi","qalinligi_ortasi":"$qalinligi_ortasi","category":"$category","holati":"$holati","uzunligi":"$uzunligi","uzunligi_x":"$uzunligi_x","olchamlari":"$olchamlari","uzunligi_y":"$uzunligi_y","sklad":"$sklad","price":"$price","saledPrice":"$saledPrice","cut":"$cut"},"totalQuantity":{"$sum":"$quantity"}}},{"$project":{"name":"$_id.name","qalinligi":"$_id.qalinligi","qalinligi_ortasi":"$_id.qalinligi_ortasi","category":"$_id.category","holati":"$_id.holati","uzunligi":"$_id.uzunligi","uzunligi_x":"$_id.uzunligi_x","uzunligi_y":"$_id.uzunligi_y","sklad":"$_id.sklad","price":"$_id.price","olchamlari":"$_id.olchamlari","saledPrice":"$_id.saledPrice","quantity":"$totalQuantity","cut":"$_id.cut"}}] {}
[2024-01-18T06:19:33.396Z] users.findOne {"_id":"658142dbbb7f725058617715"} {}
[2024-01-18T06:19:33.398Z] sklads.find {} {}
[2024-01-18T06:19:34.660Z] users.findOne {"_id":"658142dbbb7f725058617715"} {}
[2024-01-18T06:19:34.662Z] users.findOne {"_id":"658142dbbb7f725058617715"} {}
[2024-01-18T06:19:34.667Z] users.findOne {"_id":"658142dbbb7f725058617715"} {}
[2024-01-18T06:19:34.668Z] clients.find {} {}
[2024-01-18T06:19:34.674Z] users.findOne {"_id":"658142dbbb7f725058617715"} {}
[2024-01-18T06:19:34.675Z] sellers.find {} {}
[2024-01-18T06:19:43.796Z] users.findOne {"_id":"658142dbbb7f725058617715"} {}
[2024-01-18T06:19:43.798Z] users.findOne {"_id":"658142dbbb7f725058617715"} {}
[2024-01-18T06:19:43.803Z] users.findOne {"_id":"658142dbbb7f725058617715"} {}
[2024-01-18T06:20:08.446Z] users.findOne {"_id":"658142dbbb7f725058617715"} {}
[2024-01-18T06:20:10.299Z] users.findOne {"_id":"658142dbbb7f725058617715"} {}
[2024-01-18T06:20:10.307Z] alerts.find {} {"sort":{"createdAt":-1}}
[2024-01-18T06:20:10.310Z] users.findOne {"_id":"658142dbbb7f725058617715"} {}
[2024-01-18T06:20:10.315Z] users.findOne {"_id":"658142dbbb7f725058617715"} {}
[2024-01-18T06:20:10.323Z] users.findOne {"_id":"658142dbbb7f725058617715"} {}
[2024-01-18T06:20:25.417Z] users.findOne {"_id":"658142dbbb7f725058617715"} {}
[2024-01-18T06:20:25.419Z] users.findOne {"_id":"658142dbbb7f725058617715"} {}
[2024-01-18T06:20:25.424Z] users.findOne {"_id":"658142dbbb7f725058617715"} {}
[2024-01-18T06:20:25.426Z] products.aggregate [{"$match":{"saled":false}},{"$group":{"_id":{"name":"$name","qalinligi":"$qalinligi","qalinligi_ortasi":"$qalinligi_ortasi","category":"$category","holati":"$holati","uzunligi":"$uzunligi","uzunligi_x":"$uzunligi_x","olchamlari":"$olchamlari","uzunligi_y":"$uzunligi_y","sklad":"$sklad","price":"$price","saledPrice":"$saledPrice","cut":"$cut"},"totalQuantity":{"$sum":"$quantity"}}},{"$project":{"name":"$_id.name","qalinligi":"$_id.qalinligi","qalinligi_ortasi":"$_id.qalinligi_ortasi","category":"$_id.category","holati":"$_id.holati","uzunligi":"$_id.uzunligi","uzunligi_x":"$_id.uzunligi_x","uzunligi_y":"$_id.uzunligi_y","sklad":"$_id.sklad","price":"$_id.price","olchamlari":"$_id.olchamlari","saledPrice":"$_id.saledPrice","quantity":"$totalQuantity","cut":"$_id.cut"}}] {}
[2024-01-18T06:20:25.435Z] users.findOne {"_id":"658142dbbb7f725058617715"} {}
[2024-01-18T06:20:25.436Z] sklads.find {} {}
[2024-01-18T06:20:30.156Z] users.findOne {"_id":"658142dbbb7f725058617715"} {}
[2024-01-18T06:20:30.158Z] users.findOne {"_id":"658142dbbb7f725058617715"} {}
[2024-01-18T06:20:30.163Z] users.findOne {"_id":"658142dbbb7f725058617715"} {}
[2024-01-18T06:20:30.164Z] clients.find {} {}
[2024-01-18T06:20:30.169Z] users.findOne {"_id":"658142dbbb7f725058617715"} {}
[2024-01-18T06:20:30.170Z] sellers.find {} {}
[2024-01-18T06:21:14.836Z] users.findOne {"_id":"658142dbbb7f725058617715"} {}
[2024-01-18T06:21:14.837Z] users.findOne {"_id":"658142dbbb7f725058617715"} {}
[2024-01-18T06:21:14.842Z] users.findOne {"_id":"658142dbbb7f725058617715"} {}
[2024-01-18T06:21:14.844Z] clients.find {} {}
[2024-01-18T06:21:14.848Z] users.findOne {"_id":"658142dbbb7f725058617715"} {}
[2024-01-18T06:21:14.849Z] sellers.find {} {}
[2024-01-18T06:21:17.269Z] users.findOne {"_id":"658142dbbb7f725058617715"} {}
[2024-01-18T06:21:17.271Z] users.findOne {"_id":"658142dbbb7f725058617715"} {}
[2024-01-18T06:21:17.275Z] users.findOne {"_id":"658142dbbb7f725058617715"} {}
[2024-01-18T06:21:17.278Z] clients.find {} {}
[2024-01-18T06:21:17.283Z] users.findOne {"_id":"658142dbbb7f725058617715"} {}
[2024-01-18T06:21:17.284Z] sellers.find {} {}
[2024-01-18T06:22:26.495Z] users.findOne {"_id":"658142dbbb7f725058617715"} {}
[2024-01-18T06:22:26.496Z] users.findOne {"_id":"658142dbbb7f725058617715"} {}
[2024-01-18T06:22:26.501Z] users.findOne {"_id":"658142dbbb7f725058617715"} {}
[2024-01-18T06:22:26.503Z] clients.find {} {}
[2024-01-18T06:22:26.508Z] users.findOne {"_id":"658142dbbb7f725058617715"} {}
[2024-01-18T06:22:26.509Z] sellers.find {} {}
[2024-01-18T06:22:27.607Z] users.findOne {"_id":"658142dbbb7f725058617715"} {}
[2024-01-18T06:22:27.609Z] users.findOne {"_id":"658142dbbb7f725058617715"} {}
[2024-01-18T06:22:27.613Z] users.findOne {"_id":"658142dbbb7f725058617715"} {}
[2024-01-18T06:22:27.614Z] clients.find {} {}
[2024-01-18T06:22:27.617Z] users.findOne {"_id":"658142dbbb7f725058617715"} {}
[2024-01-18T06:22:27.619Z] sellers.find {} {}
[2024-01-18T06:22:29.422Z] users.findOne {"_id":"658142dbbb7f725058617715"} {}
[2024-01-18T06:22:29.424Z] users.findOne {"_id":"658142dbbb7f725058617715"} {}
[2024-01-18T06:22:29.429Z] users.findOne {"_id":"658142dbbb7f725058617715"} {}
[2024-01-18T06:22:29.431Z] clients.find {} {}
[2024-01-18T06:22:29.438Z] users.findOne {"_id":"658142dbbb7f725058617715"} {}
[2024-01-18T06:22:29.440Z] sellers.find {} {}
[2024-01-18T06:22:32.799Z] users.findOne {"_id":"658142dbbb7f725058617715"} {}
[2024-01-18T06:22:32.800Z] users.findOne {"_id":"658142dbbb7f725058617715"} {}
[2024-01-18T06:22:32.804Z] users.findOne {"_id":"658142dbbb7f725058617715"} {}
[2024-01-18T06:22:32.806Z] clients.find {} {}
[2024-01-18T06:22:32.810Z] users.findOne {"_id":"658142dbbb7f725058617715"} {}
[2024-01-18T06:22:32.812Z] sellers.find {} {}
[2024-01-18T06:22:36.066Z] users.findOne {"_id":"658142dbbb7f725058617715"} {}
[2024-01-18T06:22:36.067Z] users.findOne {"_id":"658142dbbb7f725058617715"} {}
[2024-01-18T06:22:36.068Z] users.findOne {"_id":"658142dbbb7f725058617715"} {}
[2024-01-18T06:22:36.069Z] alerts.find {} {"sort":{"createdAt":-1}}
[2024-01-18T06:22:36.075Z] users.findOne {"_id":"658142dbbb7f725058617715"} {}
[2024-01-18T06:22:36.076Z] clients.find {} {}
[2024-01-18T06:22:36.080Z] users.findOne {"_id":"658142dbbb7f725058617715"} {}
[2024-01-18T06:22:36.082Z] sellers.find {} {}
[2024-01-18T06:23:02.385Z] users.findOne {"_id":"658142dbbb7f725058617715"} {}
[2024-01-18T06:23:02.386Z] users.findOne {"_id":"658142dbbb7f725058617715"} {}
[2024-01-18T06:23:02.387Z] alerts.find {} {"sort":{"createdAt":-1}}
[2024-01-18T06:23:02.389Z] users.findOne {"_id":"658142dbbb7f725058617715"} {}
[2024-01-18T06:23:02.396Z] users.findOne {"_id":"658142dbbb7f725058617715"} {}
[2024-01-18T06:23:02.398Z] clients.find {} {}
[2024-01-18T06:23:02.405Z] users.findOne {"_id":"658142dbbb7f725058617715"} {}
[2024-01-18T06:23:02.406Z] sellers.find {} {}
[2024-01-18T06:23:11.731Z] users.findOne {"_id":"658142dbbb7f725058617715"} {}
[2024-01-18T06:23:11.733Z] users.findOne {"_id":"658142dbbb7f725058617715"} {}
[2024-01-18T06:23:11.741Z] users.findOne {"_id":"658142dbbb7f725058617715"} {}
[2024-01-18T06:23:11.743Z] clients.find {} {}
[2024-01-18T06:23:11.752Z] users.findOne {"_id":"658142dbbb7f725058617715"} {}
[2024-01-18T06:23:11.754Z] sellers.find {} {}
[2024-01-18T06:23:11.759Z] users.findOne {"_id":"658142dbbb7f725058617715"} {}
[2024-01-18T06:23:34.912Z] users.findOne {"_id":"658142dbbb7f725058617715"} {}
[2024-01-18T06:23:34.913Z] users.findOne {"_id":"658142dbbb7f725058617715"} {}
[2024-01-18T06:23:34.914Z] alerts.find {} {"sort":{"createdAt":-1}}
[2024-01-18T06:23:34.915Z] users.findOne {"_id":"658142dbbb7f725058617715"} {}
[2024-01-18T06:23:34.921Z] users.findOne {"_id":"658142dbbb7f725058617715"} {}
[2024-01-18T06:23:34.923Z] clients.find {} {}
[2024-01-18T06:23:34.928Z] users.findOne {"_id":"658142dbbb7f725058617715"} {}
[2024-01-18T06:23:34.929Z] sellers.find {} {}
[2024-01-18T06:23:34.936Z] users.findOne {"_id":"658142dbbb7f725058617715"} {}
[2024-01-18T06:23:41.398Z] users.findOne {"_id":"658142dbbb7f725058617715"} {}
[2024-01-18T06:23:41.400Z] users.findOne {"_id":"658142dbbb7f725058617715"} {}
[2024-01-18T06:23:41.405Z] users.findOne {"_id":"658142dbbb7f725058617715"} {}
[2024-01-18T06:23:44.975Z] users.findOne {"_id":"658142dbbb7f725058617715"} {}
[2024-01-18T06:23:46.727Z] users.findOne {"_id":"658142dbbb7f725058617715"} {}
[2024-01-18T06:23:46.736Z] alerts.find {} {"sort":{"createdAt":-1}}
[2024-01-18T06:23:46.740Z] users.findOne {"_id":"658142dbbb7f725058617715"} {}
[2024-01-18T06:23:46.744Z] users.findOne {"_id":"658142dbbb7f725058617715"} {}
[2024-01-18T06:23:46.753Z] users.findOne {"_id":"658142dbbb7f725058617715"} {}
[2024-01-18T06:23:46.963Z] users.findOne {"_id":"658142dbbb7f725058617715"} {}
[2024-01-18T06:23:46.965Z] users.findOne {"_id":"658142dbbb7f725058617715"} {}
[2024-01-18T06:23:46.971Z] users.findOne {"_id":"658142dbbb7f725058617715"} {}
[2024-01-18T06:23:46.973Z] products.aggregate [{"$match":{"saled":false}},{"$group":{"_id":{"name":"$name","qalinligi":"$qalinligi","qalinligi_ortasi":"$qalinligi_ortasi","category":"$category","holati":"$holati","uzunligi":"$uzunligi","uzunligi_x":"$uzunligi_x","olchamlari":"$olchamlari","uzunligi_y":"$uzunligi_y","sklad":"$sklad","price":"$price","saledPrice":"$saledPrice","cut":"$cut"},"totalQuantity":{"$sum":"$quantity"}}},{"$project":{"name":"$_id.name","qalinligi":"$_id.qalinligi","qalinligi_ortasi":"$_id.qalinligi_ortasi","category":"$_id.category","holati":"$_id.holati","uzunligi":"$_id.uzunligi","uzunligi_x":"$_id.uzunligi_x","uzunligi_y":"$_id.uzunligi_y","sklad":"$_id.sklad","price":"$_id.price","olchamlari":"$_id.olchamlari","saledPrice":"$_id.saledPrice","quantity":"$totalQuantity","cut":"$_id.cut"}}] {}
[2024-01-18T06:23:46.982Z] users.findOne {"_id":"658142dbbb7f725058617715"} {}
[2024-01-18T06:23:46.984Z] sklads.find {} {}
[2024-01-18T06:23:58.522Z] users.findOne {"_id":"658142dbbb7f725058617715"} {}
[2024-01-18T06:23:58.524Z] users.findOne {"_id":"658142dbbb7f725058617715"} {}
[2024-01-18T06:23:58.528Z] users.findOne {"_id":"658142dbbb7f725058617715"} {}
[2024-01-18T06:23:58.530Z] clients.find {} {}
[2024-01-18T06:23:58.535Z] users.findOne {"_id":"658142dbbb7f725058617715"} {}
[2024-01-18T06:23:58.536Z] sellers.find {} {}
[2024-01-18T06:23:58.541Z] users.findOne {"_id":"658142dbbb7f725058617715"} {}
[2024-01-18T06:25:32.823Z] users.findOne {"_id":"658142dbbb7f725058617715"} {}
[2024-01-18T06:25:32.825Z] users.findOne {"_id":"658142dbbb7f725058617715"} {}
[2024-01-18T06:25:32.831Z] users.findOne {"_id":"658142dbbb7f725058617715"} {}
[2024-01-18T06:25:44.184Z] users.findOne {"_id":"658142dbbb7f725058617715"} {}
[2024-01-18T06:25:45.905Z] users.findOne {"_id":"658142dbbb7f725058617715"} {}
[2024-01-18T06:25:45.908Z] users.findOne {"_id":"658142dbbb7f725058617715"} {}
[2024-01-18T06:25:45.912Z] alerts.find {} {"sort":{"createdAt":-1}}
[2024-01-18T06:25:45.914Z] users.findOne {"_id":"658142dbbb7f725058617715"} {}
[2024-01-18T06:25:45.921Z] users.findOne {"_id":"658142dbbb7f725058617715"} {}
[2024-01-18T06:25:46.252Z] users.findOne {"_id":"658142dbbb7f725058617715"} {}
[2024-01-18T06:25:46.253Z] users.findOne {"_id":"658142dbbb7f725058617715"} {}
[2024-01-18T06:25:46.259Z] users.findOne {"_id":"658142dbbb7f725058617715"} {}
[2024-01-18T06:25:46.261Z] products.aggregate [{"$match":{"saled":false}},{"$group":{"_id":{"name":"$name","qalinligi":"$qalinligi","qalinligi_ortasi":"$qalinligi_ortasi","category":"$category","holati":"$holati","uzunligi":"$uzunligi","uzunligi_x":"$uzunligi_x","olchamlari":"$olchamlari","uzunligi_y":"$uzunligi_y","sklad":"$sklad","price":"$price","saledPrice":"$saledPrice","cut":"$cut"},"totalQuantity":{"$sum":"$quantity"}}},{"$project":{"name":"$_id.name","qalinligi":"$_id.qalinligi","qalinligi_ortasi":"$_id.qalinligi_ortasi","category":"$_id.category","holati":"$_id.holati","uzunligi":"$_id.uzunligi","uzunligi_x":"$_id.uzunligi_x","uzunligi_y":"$_id.uzunligi_y","sklad":"$_id.sklad","price":"$_id.price","olchamlari":"$_id.olchamlari","saledPrice":"$_id.saledPrice","quantity":"$totalQuantity","cut":"$_id.cut"}}] {}
[2024-01-18T06:25:46.268Z] users.findOne {"_id":"658142dbbb7f725058617715"} {}
[2024-01-18T06:25:46.270Z] sklads.find {} {}
[2024-01-18T06:25:51.254Z] users.findOne {"_id":"658142dbbb7f725058617715"} {}
[2024-01-18T06:25:51.255Z] users.findOne {"_id":"658142dbbb7f725058617715"} {}
[2024-01-18T06:25:51.260Z] users.findOne {"_id":"658142dbbb7f725058617715"} {}
[2024-01-18T06:25:51.261Z] clients.find {} {}
[2024-01-18T06:25:51.266Z] users.findOne {"_id":"658142dbbb7f725058617715"} {}
[2024-01-18T06:25:51.267Z] sellers.find {} {}
[2024-01-18T06:25:51.272Z] users.findOne {"_id":"658142dbbb7f725058617715"} {}
[2024-01-18T06:26:00.088Z] users.findOne {"_id":"658142dbbb7f725058617715"} {}
[2024-01-18T06:26:00.089Z] users.findOne {"_id":"658142dbbb7f725058617715"} {}
[2024-01-18T06:26:00.094Z] users.findOne {"_id":"658142dbbb7f725058617715"} {}
[2024-01-18T06:26:38.907Z] users.findOne {"_id":"658142dbbb7f725058617715"} {}
[2024-01-18T06:26:40.645Z] users.findOne {"_id":"658142dbbb7f725058617715"} {}
[2024-01-18T06:26:40.651Z] alerts.find {} {"sort":{"createdAt":-1}}
[2024-01-18T06:26:40.654Z] users.findOne {"_id":"658142dbbb7f725058617715"} {}
[2024-01-18T06:26:40.658Z] users.findOne {"_id":"658142dbbb7f725058617715"} {}
[2024-01-18T06:26:40.671Z] users.findOne {"_id":"658142dbbb7f725058617715"} {}
[2024-01-18T06:26:42.496Z] users.findOne {"_id":"658142dbbb7f725058617715"} {}
[2024-01-18T06:26:42.498Z] users.findOne {"_id":"658142dbbb7f725058617715"} {}
[2024-01-18T06:26:42.505Z] users.findOne {"_id":"658142dbbb7f725058617715"} {}
[2024-01-18T06:26:42.507Z] products.aggregate [{"$match":{"saled":false}},{"$group":{"_id":{"name":"$name","qalinligi":"$qalinligi","qalinligi_ortasi":"$qalinligi_ortasi","category":"$category","holati":"$holati","uzunligi":"$uzunligi","uzunligi_x":"$uzunligi_x","olchamlari":"$olchamlari","uzunligi_y":"$uzunligi_y","sklad":"$sklad","price":"$price","saledPrice":"$saledPrice","cut":"$cut"},"totalQuantity":{"$sum":"$quantity"}}},{"$project":{"name":"$_id.name","qalinligi":"$_id.qalinligi","qalinligi_ortasi":"$_id.qalinligi_ortasi","category":"$_id.category","holati":"$_id.holati","uzunligi":"$_id.uzunligi","uzunligi_x":"$_id.uzunligi_x","uzunligi_y":"$_id.uzunligi_y","sklad":"$_id.sklad","price":"$_id.price","olchamlari":"$_id.olchamlari","saledPrice":"$_id.saledPrice","quantity":"$totalQuantity","cut":"$_id.cut"}}] {}
[2024-01-18T06:26:42.515Z] users.findOne {"_id":"658142dbbb7f725058617715"} {}
[2024-01-18T06:26:42.517Z] sklads.find {} {}
[2024-01-18T06:26:43.667Z] users.findOne {"_id":"658142dbbb7f725058617715"} {}
[2024-01-18T06:26:43.669Z] users.findOne {"_id":"658142dbbb7f725058617715"} {}
[2024-01-18T06:26:43.674Z] users.findOne {"_id":"658142dbbb7f725058617715"} {}
[2024-01-18T06:26:43.675Z] clients.find {} {}
[2024-01-18T06:26:43.680Z] users.findOne {"_id":"658142dbbb7f725058617715"} {}
[2024-01-18T06:26:43.682Z] sellers.find {} {}
[2024-01-18T06:26:43.686Z] users.findOne {"_id":"658142dbbb7f725058617715"} {}
[2024-01-18T06:27:59.425Z] users.findOne {"_id":"658142dbbb7f725058617715"} {}
[2024-01-18T06:27:59.427Z] users.findOne {"_id":"658142dbbb7f725058617715"} {}
[2024-01-18T06:27:59.432Z] users.findOne {"_id":"658142dbbb7f725058617715"} {}
[2024-01-18T06:27:59.433Z] sklads.find {"active":true} {}
[2024-01-18T06:27:59.438Z] users.findOne {"_id":"658142dbbb7f725058617715"} {}
[2024-01-18T06:27:59.439Z] sellers.find {} {}
[2024-01-18T07:08:48.530Z] users.findOne {"_id":"658142dbbb7f725058617715"} {}
[2024-01-18T07:08:48.534Z] users.findOne {"_id":"658142dbbb7f725058617715"} {}
[2024-01-18T07:08:48.537Z] alerts.find {} {"sort":{"createdAt":-1}}
[2024-01-18T07:08:48.539Z] users.findOne {"_id":"658142dbbb7f725058617715"} {}
[2024-01-18T07:08:48.546Z] users.findOne {"_id":"658142dbbb7f725058617715"} {}
[2024-01-18T07:08:48.548Z] sklads.find {"active":true} {}
[2024-01-18T07:08:48.558Z] users.findOne {"_id":"658142dbbb7f725058617715"} {}
[2024-01-18T07:08:48.560Z] sellers.find {} {}
[2024-01-18T07:09:49.164Z] users.findOne {"_id":"658142dbbb7f725058617715"} {}
[2024-01-18T07:09:49.165Z] users.findOne {"_id":"658142dbbb7f725058617715"} {}
[2024-01-18T07:09:49.170Z] users.findOne {"_id":"658142dbbb7f725058617715"} {}
[2024-01-18T07:09:49.171Z] products.aggregate [{"$match":{"saled":false}},{"$group":{"_id":{"name":"$name","qalinligi":"$qalinligi","qalinligi_ortasi":"$qalinligi_ortasi","category":"$category","holati":"$holati","uzunligi":"$uzunligi","uzunligi_x":"$uzunligi_x","olchamlari":"$olchamlari","uzunligi_y":"$uzunligi_y","sklad":"$sklad","price":"$price","saledPrice":"$saledPrice","cut":"$cut"},"totalQuantity":{"$sum":"$quantity"}}},{"$project":{"name":"$_id.name","qalinligi":"$_id.qalinligi","qalinligi_ortasi":"$_id.qalinligi_ortasi","category":"$_id.category","holati":"$_id.holati","uzunligi":"$_id.uzunligi","uzunligi_x":"$_id.uzunligi_x","uzunligi_y":"$_id.uzunligi_y","sklad":"$_id.sklad","price":"$_id.price","olchamlari":"$_id.olchamlari","saledPrice":"$_id.saledPrice","quantity":"$totalQuantity","cut":"$_id.cut"}}] {}
[2024-01-18T07:09:49.177Z] users.findOne {"_id":"658142dbbb7f725058617715"} {}
[2024-01-18T07:09:49.178Z] sklads.find {} {}
[2024-01-18T07:09:57.771Z] users.findOne {"_id":"658142dbbb7f725058617715"} {}
[2024-01-18T07:09:57.772Z] users.findOne {"_id":"658142dbbb7f725058617715"} {}
[2024-01-18T07:09:57.777Z] users.findOne {"_id":"658142dbbb7f725058617715"} {}
[2024-01-18T07:09:57.778Z] sklads.find {"active":true} {}
[2024-01-18T07:09:57.782Z] users.findOne {"_id":"658142dbbb7f725058617715"} {}
[2024-01-18T07:09:57.783Z] sellers.find {} {}
[2024-01-18T07:10:16.769Z] users.findOne {"_id":"658142dbbb7f725058617715"} {}
[2024-01-18T07:10:16.778Z] products.insertOne {"name":"Truba","sellerId":"659a5f60e5a2fca71c85f227","qalinligi":20,"qalinligi_ortasi":null,"olchamlari":"test","category":"test","holati":"Yangi","uzunligi":15,"uzunligi_y":null,"uzunligi_x":null,"quantity":1,"sklad":"659c3af556b27c28015736e2","price":7000,"saledPrice":9000,"saled":false,"cut":false,"_id":"65a8ced8c6646609a182d286","date":"2024-01-18T07:10:16.773Z","createdAt":"2024-01-18T07:10:16.777Z","updatedAt":"2024-01-18T07:10:16.777Z","__v":0} {}
[2024-01-18T07:10:16.780Z] products.insertOne {"name":"Truba","sellerId":"659a5f60e5a2fca71c85f227","qalinligi":20,"qalinligi_ortasi":null,"olchamlari":"test","category":"test","holati":"Yangi","uzunligi":15,"uzunligi_y":null,"uzunligi_x":null,"quantity":1,"sklad":"659c3af556b27c28015736e2","price":7000,"saledPrice":9000,"saled":false,"cut":false,"_id":"65a8ced8c6646609a182d287","date":"2024-01-18T07:10:16.774Z","createdAt":"2024-01-18T07:10:16.777Z","updatedAt":"2024-01-18T07:10:16.777Z","__v":0} {}
[2024-01-18T07:10:16.780Z] products.insertOne {"name":"Truba","sellerId":"659a5f60e5a2fca71c85f227","qalinligi":20,"qalinligi_ortasi":null,"olchamlari":"test","category":"test","holati":"Yangi","uzunligi":15,"uzunligi_y":null,"uzunligi_x":null,"quantity":1,"sklad":"659c3af556b27c28015736e2","price":7000,"saledPrice":9000,"saled":false,"cut":false,"_id":"65a8ced8c6646609a182d288","date":"2024-01-18T07:10:16.775Z","createdAt":"2024-01-18T07:10:16.777Z","updatedAt":"2024-01-18T07:10:16.777Z","__v":0} {}
[2024-01-18T07:10:16.989Z] users.findOne {"_id":"658142dbbb7f725058617715"} {}
[2024-01-18T07:10:16.991Z] users.findOne {"_id":"658142dbbb7f725058617715"} {}
[2024-01-18T07:10:16.992Z] alerts.find {} {"sort":{"createdAt":-1}}
[2024-01-18T07:10:16.993Z] users.findOne {"_id":"658142dbbb7f725058617715"} {}
[2024-01-18T07:10:16.998Z] users.findOne {"_id":"658142dbbb7f725058617715"} {}
[2024-01-18T07:10:17.000Z] sklads.find {"active":true} {}
[2024-01-18T07:10:17.004Z] users.findOne {"_id":"658142dbbb7f725058617715"} {}
[2024-01-18T07:10:17.005Z] sellers.find {} {}
[2024-01-18T07:10:18.212Z] users.findOne {"_id":"658142dbbb7f725058617715"} {}
[2024-01-18T07:10:18.213Z] users.findOne {"_id":"658142dbbb7f725058617715"} {}
[2024-01-18T07:10:18.218Z] users.findOne {"_id":"658142dbbb7f725058617715"} {}
[2024-01-18T07:10:18.219Z] products.aggregate [{"$match":{"saled":false}},{"$group":{"_id":{"name":"$name","qalinligi":"$qalinligi","qalinligi_ortasi":"$qalinligi_ortasi","category":"$category","holati":"$holati","uzunligi":"$uzunligi","uzunligi_x":"$uzunligi_x","olchamlari":"$olchamlari","uzunligi_y":"$uzunligi_y","sklad":"$sklad","price":"$price","saledPrice":"$saledPrice","cut":"$cut"},"totalQuantity":{"$sum":"$quantity"}}},{"$project":{"name":"$_id.name","qalinligi":"$_id.qalinligi","qalinligi_ortasi":"$_id.qalinligi_ortasi","category":"$_id.category","holati":"$_id.holati","uzunligi":"$_id.uzunligi","uzunligi_x":"$_id.uzunligi_x","uzunligi_y":"$_id.uzunligi_y","sklad":"$_id.sklad","price":"$_id.price","olchamlari":"$_id.olchamlari","saledPrice":"$_id.saledPrice","quantity":"$totalQuantity","cut":"$_id.cut"}}] {}
[2024-01-18T07:10:18.225Z] users.findOne {"_id":"658142dbbb7f725058617715"} {}
[2024-01-18T07:10:18.226Z] sklads.find {} {}
[2024-01-18T07:10:29.615Z] users.findOne {"_id":"658142dbbb7f725058617715"} {}
[2024-01-18T07:10:29.617Z] products.findOne {"name":"Truba","qalinligi":20,"qalinligi_ortasi":null,"category":"test","holati":"Yangi","uzunligi":15,"uzunligi_x":null,"olchamlari":"test","uzunligi_y":null,"sklad":"659c3af556b27c28015736e2","price":7000,"saledPrice":9000,"cut":false} {}
[2024-01-18T07:10:29.619Z] products.updateOne {"_id":"65a8ced8c6646609a182d286"} {"$set":{"cut":true,"uzunligi":5,"updatedAt":"2024-01-18T07:10:29.619Z"}}
[2024-01-18T07:10:29.622Z] products.insertOne {"name":"Truba","qalinligi":20,"qalinligi_ortasi":null,"olchamlari":"test","category":"test","holati":"Yangi","uzunligi":10,"uzunligi_y":null,"uzunligi_x":null,"sklad":"659c3af556b27c28015736e2","price":7000,"saledPrice":9000,"saled":false,"cut":true,"_id":"65a8cee5c6646609a182d29d","date":"2024-01-18T07:10:29.621Z","quantity":1,"createdAt":"2024-01-18T07:10:29.621Z","updatedAt":"2024-01-18T07:10:29.621Z","__v":0} {}
[2024-01-18T07:10:30.121Z] users.findOne {"_id":"658142dbbb7f725058617715"} {}
[2024-01-18T07:10:30.122Z] users.findOne {"_id":"658142dbbb7f725058617715"} {}
[2024-01-18T07:10:30.123Z] alerts.find {} {"sort":{"createdAt":-1}}
[2024-01-18T07:10:30.124Z] users.findOne {"_id":"658142dbbb7f725058617715"} {}
[2024-01-18T07:10:30.130Z] users.findOne {"_id":"658142dbbb7f725058617715"} {}
[2024-01-18T07:10:30.131Z] products.aggregate [{"$match":{"saled":false}},{"$group":{"_id":{"name":"$name","qalinligi":"$qalinligi","qalinligi_ortasi":"$qalinligi_ortasi","category":"$category","holati":"$holati","uzunligi":"$uzunligi","uzunligi_x":"$uzunligi_x","olchamlari":"$olchamlari","uzunligi_y":"$uzunligi_y","sklad":"$sklad","price":"$price","saledPrice":"$saledPrice","cut":"$cut"},"totalQuantity":{"$sum":"$quantity"}}},{"$project":{"name":"$_id.name","qalinligi":"$_id.qalinligi","qalinligi_ortasi":"$_id.qalinligi_ortasi","category":"$_id.category","holati":"$_id.holati","uzunligi":"$_id.uzunligi","uzunligi_x":"$_id.uzunligi_x","uzunligi_y":"$_id.uzunligi_y","sklad":"$_id.sklad","price":"$_id.price","olchamlari":"$_id.olchamlari","saledPrice":"$_id.saledPrice","quantity":"$totalQuantity","cut":"$_id.cut"}}] {}
[2024-01-18T07:10:30.138Z] users.findOne {"_id":"658142dbbb7f725058617715"} {}
[2024-01-18T07:10:30.140Z] sklads.find {} {}
[2024-01-18T07:10:43.337Z] users.findOne {"_id":"658142dbbb7f725058617715"} {}
[2024-01-18T07:10:43.338Z] products.findOne {"name":"Truba","qalinligi":20,"qalinligi_ortasi":null,"category":"test","holati":"Yangi","uzunligi":15,"uzunligi_x":null,"olchamlari":"test","uzunligi_y":null,"sklad":"659c3af556b27c28015736e2","price":7000,"saledPrice":9000,"cut":false} {}
[2024-01-18T07:10:43.340Z] products.updateOne {"_id":"65a8ced8c6646609a182d287"} {"$set":{"cut":true,"uzunligi":7.5,"updatedAt":"2024-01-18T07:10:43.340Z"}}
[2024-01-18T07:10:43.341Z] products.insertOne {"name":"Truba","qalinligi":20,"qalinligi_ortasi":null,"olchamlari":"test","category":"test","holati":"Yangi","uzunligi":7.5,"uzunligi_y":null,"uzunligi_x":null,"sklad":"659c3af556b27c28015736e2","price":7000,"saledPrice":9000,"saled":false,"cut":true,"_id":"65a8cef3c6646609a182d2aa","date":"2024-01-18T07:10:43.341Z","quantity":1,"createdAt":"2024-01-18T07:10:43.341Z","updatedAt":"2024-01-18T07:10:43.341Z","__v":0} {}
[2024-01-18T07:10:43.545Z] users.findOne {"_id":"658142dbbb7f725058617715"} {}
[2024-01-18T07:10:43.547Z] users.findOne {"_id":"658142dbbb7f725058617715"} {}
[2024-01-18T07:10:43.548Z] alerts.find {} {"sort":{"createdAt":-1}}
[2024-01-18T07:10:43.549Z] users.findOne {"_id":"658142dbbb7f725058617715"} {}
[2024-01-18T07:10:43.553Z] users.findOne {"_id":"658142dbbb7f725058617715"} {}
[2024-01-18T07:10:43.554Z] products.aggregate [{"$match":{"saled":false}},{"$group":{"_id":{"name":"$name","qalinligi":"$qalinligi","qalinligi_ortasi":"$qalinligi_ortasi","category":"$category","holati":"$holati","uzunligi":"$uzunligi","uzunligi_x":"$uzunligi_x","olchamlari":"$olchamlari","uzunligi_y":"$uzunligi_y","sklad":"$sklad","price":"$price","saledPrice":"$saledPrice","cut":"$cut"},"totalQuantity":{"$sum":"$quantity"}}},{"$project":{"name":"$_id.name","qalinligi":"$_id.qalinligi","qalinligi_ortasi":"$_id.qalinligi_ortasi","category":"$_id.category","holati":"$_id.holati","uzunligi":"$_id.uzunligi","uzunligi_x":"$_id.uzunligi_x","uzunligi_y":"$_id.uzunligi_y","sklad":"$_id.sklad","price":"$_id.price","olchamlari":"$_id.olchamlari","saledPrice":"$_id.saledPrice","quantity":"$totalQuantity","cut":"$_id.cut"}}] {}
[2024-01-18T07:10:43.560Z] users.findOne {"_id":"658142dbbb7f725058617715"} {}
[2024-01-18T07:10:43.561Z] sklads.find {} {}
[2024-01-18T07:11:01.600Z] users.findOne {"_id":"658142dbbb7f725058617715"} {}
[2024-01-18T07:11:01.601Z] users.findOne {"_id":"658142dbbb7f725058617715"} {}
[2024-01-18T07:11:01.606Z] users.findOne {"_id":"658142dbbb7f725058617715"} {}
[2024-01-18T07:11:01.607Z] harajats.aggregate [{"$match":{"date":{"$gte":"2024-01-01T00:00:00.000Z","$lte":"2025-01-01T00:00:00.000Z"}}},{"$group":{"_id":null,"totalAmount":{"$sum":"$amount"}}},{"$project":{"_id":0,"totalAmount":1}}] {}
[2024-01-18T07:11:01.612Z] users.findOne {"_id":"658142dbbb7f725058617715"} {}
[2024-01-18T07:11:01.613Z] products.aggregate [{"$match":{"saled":false}},{"$group":{"_id":null,"totalPrice":{"$sum":{"$cond":{"if":{"$eq":["$name","List"]},"then":{"$multiply":["$price",{"$divide":[{"$multiply":["$uzunligi_x","$uzunligi_y"]},10000]}]},"else":{"$multiply":["$price","$uzunligi"]}}}}}},{"$project":{"_id":0,"totalAmount":"$totalPrice"}}] {}
[2024-01-18T07:11:01.618Z] users.findOne {"_id":"658142dbbb7f725058617715"} {}
[2024-01-18T07:11:01.620Z] debts.aggregate [{"$match":{"active":true}},{"$project":{"totalDebt":{"$subtract":["$allAmount","$payedAmount"]}}},{"$group":{"_id":null,"totalAmount":{"$sum":"$totalDebt"}}}] {}
[2024-01-18T07:11:01.624Z] users.findOne {"_id":"658142dbbb7f725058617715"} {}
[2024-01-18T07:11:01.626Z] products.aggregate [{"$match":{"saled":true,"saledDate":{"$gte":"2024-01-01T00:00:00.000Z","$lte":"2025-01-01T00:00:00.000Z"}}},{"$project":{"totalAmount":{"$sum":{"$multiply":[{"$cond":{"if":{"$eq":["$name","List"]},"then":{"$multiply":[{"$subtract":["$saledPrice","$price"]},{"$cond":{"if":{"$ne":["$uzunligi_x",0]},"then":{"$divide":[{"$multiply":["$uzunligi_x","$uzunligi_y"]},10000]},"else":0}}]},"else":{"$multiply":[{"$subtract":["$saledPrice","$price"]},"$uzunligi"]}}},1]}}}},{"$group":{"_id":null,"totalAmount":{"$sum":"$totalAmount"}}}] {}
[2024-01-18T07:11:01.631Z] users.findOne {"_id":"658142dbbb7f725058617715"} {}
[2024-01-18T07:11:01.632Z] products.aggregate [{"$match":{"saled":true,"saledDate":{"$gte":"2024-01-01T00:00:00.000Z","$lte":"2025-01-01T00:00:00.000Z"}}},{"$group":{"_id":{"year":{"$year":"$saledDate"},"month":{"$month":"$saledDate"},"day":{"$dayOfMonth":"$saledDate"}},"totalAmount":{"$sum":{"$multiply":[{"$cond":{"if":{"$eq":["$name","List"]},"then":{"$multiply":[{"$subtract":["$saledPrice","$price"]},{"$divide":[{"$multiply":["$uzunligi_x","$uzunligi_y"]},10000]}]},"else":{"$multiply":[{"$subtract":["$saledPrice","$price"]},"$uzunligi"]}}},1]}},"totalProducts":{"$sum":1}}},{"$sort":{"_id.year":1,"_id.month":1,"_id.day":1}}] {}
[2024-01-18T07:11:01.637Z] users.findOne {"_id":"658142dbbb7f725058617715"} {}
[2024-01-18T07:11:01.638Z] harajats.aggregate [{"$match":{"date":{"$gte":"2024-01-01T00:00:00.000Z","$lte":"2025-01-01T00:00:00.000Z"}}},{"$group":{"_id":{"year":{"$year":"$date"},"month":{"$month":"$date"},"day":{"$dayOfMonth":"$date"}},"totalAmount":{"$sum":"$amount"}}},{"$sort":{"_id.year":1,"_id.month":1,"_id.day":1}}] {}
[2024-01-18T07:11:04.080Z] users.findOne {"_id":"658142dbbb7f725058617715"} {}
[2024-01-18T07:11:04.081Z] users.findOne {"_id":"658142dbbb7f725058617715"} {}
[2024-01-18T07:11:04.087Z] users.findOne {"_id":"658142dbbb7f725058617715"} {}
[2024-01-18T07:11:04.088Z] sellers.find {} {}
[2024-01-18T07:11:05.721Z] users.findOne {"_id":"658142dbbb7f725058617715"} {}
[2024-01-18T07:11:05.723Z] users.findOne {"_id":"658142dbbb7f725058617715"} {}
[2024-01-18T07:11:05.728Z] users.findOne {"_id":"658142dbbb7f725058617715"} {}
[2024-01-18T07:11:05.729Z] products.aggregate [{"$match":{"saled":false}},{"$group":{"_id":{"name":"$name","qalinligi":"$qalinligi","qalinligi_ortasi":"$qalinligi_ortasi","category":"$category","holati":"$holati","uzunligi":"$uzunligi","uzunligi_x":"$uzunligi_x","olchamlari":"$olchamlari","uzunligi_y":"$uzunligi_y","sklad":"$sklad","price":"$price","saledPrice":"$saledPrice","cut":"$cut"},"totalQuantity":{"$sum":"$quantity"}}},{"$project":{"name":"$_id.name","qalinligi":"$_id.qalinligi","qalinligi_ortasi":"$_id.qalinligi_ortasi","category":"$_id.category","holati":"$_id.holati","uzunligi":"$_id.uzunligi","uzunligi_x":"$_id.uzunligi_x","uzunligi_y":"$_id.uzunligi_y","sklad":"$_id.sklad","price":"$_id.price","olchamlari":"$_id.olchamlari","saledPrice":"$_id.saledPrice","quantity":"$totalQuantity","cut":"$_id.cut"}}] {}
[2024-01-18T07:11:05.735Z] users.findOne {"_id":"658142dbbb7f725058617715"} {}
[2024-01-18T07:11:05.736Z] sklads.find {} {}
[2024-01-18T07:13:24.164Z] users.findOne {"_id":"658142dbbb7f725058617715"} {}
[2024-01-18T07:13:24.169Z] users.findOne {"_id":"658142dbbb7f725058617715"} {}
[2024-01-18T07:13:24.177Z] users.findOne {"_id":"658142dbbb7f725058617715"} {}
[2024-01-18T07:13:24.178Z] clients.find {} {}
[2024-01-18T07:13:24.184Z] users.findOne {"_id":"658142dbbb7f725058617715"} {}
[2024-01-18T07:13:24.185Z] sellers.find {} {}
[2024-01-18T07:13:24.191Z] users.findOne {"_id":"658142dbbb7f725058617715"} {}
[2024-01-18T07:13:51.217Z] users.findOne {"_id":"658142dbbb7f725058617715"} {}
[2024-01-18T07:13:51.224Z] products.findOneAndUpdate {"name":"Armatura","qalinligi":12,"qalinligi_ortasi":null,"category":"test","holati":"Yangi","uzunligi":4,"uzunligi_x":null,"olchamlari":"","uzunligi_y":null,"sklad":"659c3af556b27c28015736e2","price":12000,"saledPrice":18000,"cut":true,"saled":false} {"$setOnInsert":{"createdAt":"2024-01-18T07:13:51.221Z"},"$set":{"saled":true,"saledPrice":18000,"saledClient":"659a5f76e5a2fca71c85f236","saledType":"Naxt","saledDate":"2024-01-18T07:13:51.000Z","saledSeller":"659a5f60e5a2fca71c85f227","updatedAt":"2024-01-18T07:13:51.221Z"}}
[2024-01-18T07:13:51.228Z] products.findOneAndUpdate {"name":"Armatura","qalinligi":12,"qalinligi_ortasi":null,"category":"test","holati":"Yangi","uzunligi":12,"uzunligi_x":null,"olchamlari":"","uzunligi_y":null,"sklad":"659c3af556b27c28015736e2","price":12000,"saledPrice":18000,"cut":false,"saled":false} {"$setOnInsert":{"createdAt":"2024-01-18T07:13:51.227Z"},"$set":{"saled":true,"saledPrice":18000,"saledClient":"659a5f76e5a2fca71c85f236","saledType":"Naxt","saledDate":"2024-01-18T07:13:51.000Z","saledSeller":"659a5f60e5a2fca71c85f227","updatedAt":"2024-01-18T07:13:51.227Z"}}
[2024-01-18T07:13:51.230Z] products.findOneAndUpdate {"name":"Armatura","qalinligi":12,"qalinligi_ortasi":null,"category":"test","holati":"Yangi","uzunligi":12,"uzunligi_x":null,"olchamlari":"","uzunligi_y":null,"sklad":"659c3af556b27c28015736e2","price":12000,"saledPrice":18000,"cut":false,"saled":false} {"$setOnInsert":{"createdAt":"2024-01-18T07:13:51.229Z"},"$set":{"saled":true,"saledPrice":18000,"saledClient":"659a5f76e5a2fca71c85f236","saledType":"Naxt","saledDate":"2024-01-18T07:13:51.000Z","saledSeller":"659a5f60e5a2fca71c85f227","updatedAt":"2024-01-18T07:13:51.229Z"}}
[2024-01-18T07:13:51.231Z] products.findOneAndUpdate {"name":"Armatura","qalinligi":12,"qalinligi_ortasi":null,"category":"test","holati":"Yangi","uzunligi":12,"uzunligi_x":null,"olchamlari":"","uzunligi_y":null,"sklad":"659c3af556b27c28015736e2","price":12000,"saledPrice":18000,"cut":false,"saled":false} {"$setOnInsert":{"createdAt":"2024-01-18T07:13:51.231Z"},"$set":{"saled":true,"saledPrice":18000,"saledClient":"659a5f76e5a2fca71c85f236","saledType":"Naxt","saledDate":"2024-01-18T07:13:51.000Z","saledSeller":"659a5f60e5a2fca71c85f227","updatedAt":"2024-01-18T07:13:51.231Z"}}
[2024-01-18T07:13:51.232Z] products.findOneAndUpdate {"name":"Armatura","qalinligi":12,"qalinligi_ortasi":null,"category":"test","holati":"Yangi","uzunligi":12,"uzunligi_x":null,"olchamlari":"","uzunligi_y":null,"sklad":"659c3af556b27c28015736e2","price":12000,"saledPrice":18000,"cut":false,"saled":false} {"$setOnInsert":{"createdAt":"2024-01-18T07:13:51.232Z"},"$set":{"saled":true,"saledPrice":18000,"saledClient":"659a5f76e5a2fca71c85f236","saledType":"Naxt","saledDate":"2024-01-18T07:13:51.000Z","saledSeller":"659a5f60e5a2fca71c85f227","updatedAt":"2024-01-18T07:13:51.232Z"}}
[2024-01-18T07:13:51.233Z] products.findOneAndUpdate {"name":"Armatura","qalinligi":12,"qalinligi_ortasi":null,"category":"test","holati":"Yangi","uzunligi":12,"uzunligi_x":null,"olchamlari":"","uzunligi_y":null,"sklad":"659c3af556b27c28015736e2","price":12000,"saledPrice":18000,"cut":false,"saled":false} {"$setOnInsert":{"createdAt":"2024-01-18T07:13:51.233Z"},"$set":{"saled":true,"saledPrice":18000,"saledClient":"659a5f76e5a2fca71c85f236","saledType":"Naxt","saledDate":"2024-01-18T07:13:51.000Z","saledSeller":"659a5f60e5a2fca71c85f227","updatedAt":"2024-01-18T07:13:51.233Z"}}
[2024-01-18T07:13:51.234Z] products.findOneAndUpdate {"name":"Armatura","qalinligi":12,"qalinligi_ortasi":null,"category":"test","holati":"Yangi","uzunligi":12,"uzunligi_x":null,"olchamlari":"","uzunligi_y":null,"sklad":"659c3af556b27c28015736e2","price":12000,"saledPrice":18000,"cut":false,"saled":false} {"$setOnInsert":{"createdAt":"2024-01-18T07:13:51.234Z"},"$set":{"saled":true,"saledPrice":18000,"saledClient":"659a5f76e5a2fca71c85f236","saledType":"Naxt","saledDate":"2024-01-18T07:13:51.000Z","saledSeller":"659a5f60e5a2fca71c85f227","updatedAt":"2024-01-18T07:13:51.234Z"}}
[2024-01-18T07:13:51.236Z] products.findOneAndUpdate {"name":"Armatura","qalinligi":12,"qalinligi_ortasi":null,"category":"test","holati":"Yangi","uzunligi":12,"uzunligi_x":null,"olchamlari":"","uzunligi_y":null,"sklad":"659c3af556b27c28015736e2","price":12000,"saledPrice":18000,"cut":false,"saled":false} {"$setOnInsert":{"createdAt":"2024-01-18T07:13:51.236Z"},"$set":{"saled":true,"saledPrice":18000,"saledClient":"659a5f76e5a2fca71c85f236","saledType":"Naxt","saledDate":"2024-01-18T07:13:51.000Z","saledSeller":"659a5f60e5a2fca71c85f227","updatedAt":"2024-01-18T07:13:51.236Z"}}
[2024-01-18T07:13:51.238Z] products.findOneAndUpdate {"name":"Armatura","qalinligi":12,"qalinligi_ortasi":null,"category":"test","holati":"Yangi","uzunligi":12,"uzunligi_x":null,"olchamlari":"","uzunligi_y":null,"sklad":"659c3af556b27c28015736e2","price":12000,"saledPrice":18000,"cut":false,"saled":false} {"$setOnInsert":{"createdAt":"2024-01-18T07:13:51.237Z"},"$set":{"saled":true,"saledPrice":18000,"saledClient":"659a5f76e5a2fca71c85f236","saledType":"Naxt","saledDate":"2024-01-18T07:13:51.000Z","saledSeller":"659a5f60e5a2fca71c85f227","updatedAt":"2024-01-18T07:13:51.237Z"}}
[2024-01-18T07:13:51.239Z] products.findOneAndUpdate {"name":"Armatura","qalinligi":12,"qalinligi_ortasi":null,"category":"test","holati":"Yangi","uzunligi":6,"uzunligi_x":null,"olchamlari":"","uzunligi_y":null,"sklad":"659c3af556b27c28015736e2","price":12000,"saledPrice":18000,"cut":true,"saled":false} {"$setOnInsert":{"createdAt":"2024-01-18T07:13:51.239Z"},"$set":{"saled":true,"saledPrice":18000,"saledClient":"659a5f76e5a2fca71c85f236","saledType":"Naxt","saledDate":"2024-01-18T07:13:51.000Z","saledSeller":"659a5f60e5a2fca71c85f227","updatedAt":"2024-01-18T07:13:51.239Z"}}
[2024-01-18T07:13:51.240Z] products.findOneAndUpdate {"name":"Armatura","qalinligi":12,"qalinligi_ortasi":null,"category":"test","holati":"Yangi","uzunligi":2,"uzunligi_x":null,"olchamlari":"","uzunligi_y":null,"sklad":"659c3af556b27c28015736e2","price":12000,"saledPrice":18000,"cut":true,"saled":false} {"$setOnInsert":{"createdAt":"2024-01-18T07:13:51.240Z"},"$set":{"saled":true,"saledPrice":18000,"saledClient":"659a5f76e5a2fca71c85f236","saledType":"Naxt","saledDate":"2024-01-18T07:13:51.000Z","saledSeller":"659a5f60e5a2fca71c85f227","updatedAt":"2024-01-18T07:13:51.240Z"}}
[2024-01-18T07:13:51.247Z] saleds.insertOne {"clientId":"659a5f76e5a2fca71c85f236","sellerId":"659a5f60e5a2fca71c85f227","products":[{"name":"Armatura","qalinligi":12,"qalinligi_ortasi":null,"category":"test","holati":"Yangi","uzunligi":4,"uzunligi_x":null,"olchamlari":"","uzunligi_y":null,"sklad":"659c3af556b27c28015736e2","price":12000,"saledPrice":18000,"cut":true,"quantity":1,"saled":false},{"name":"Armatura","qalinligi":12,"qalinligi_ortasi":null,"category":"test","holati":"Yangi","uzunligi":12,"uzunligi_x":null,"olchamlari":"","uzunligi_y":null,"sklad":"659c3af556b27c28015736e2","price":12000,"saledPrice":18000,"cut":false,"quantity":8,"saled":false},{"name":"Armatura","qalinligi":12,"qalinligi_ortasi":null,"category":"test","holati":"Yangi","uzunligi":6,"uzunligi_x":null,"olchamlari":"","uzunligi_y":null,"sklad":"659c3af556b27c28015736e2","price":12000,"saledPrice":18000,"cut":true,"quantity":1,"saled":false},{"name":"Armatura","qalinligi":12,"qalinligi_ortasi":null,"category":"test","holati":"Yangi","uzunligi":2,"uzunligi_x":null,"olchamlari":"","uzunligi_y":null,"sklad":"659c3af556b27c28015736e2","price":12000,"saledPrice":18000,"cut":true,"quantity":1,"saled":false}],"allAmount":1944000,"type":"Naxt","debt":[],"_id":"65a8cfaf6da22097a24cc1af","date":"2024-01-18T07:13:51.244Z","createdAt":"2024-01-18T07:13:51.246Z","updatedAt":"2024-01-18T07:13:51.246Z","__v":0} {}
[2024-01-18T07:13:52.221Z] users.findOne {"_id":"658142dbbb7f725058617715"} {}
[2024-01-18T07:13:52.223Z] users.findOne {"_id":"658142dbbb7f725058617715"} {}
[2024-01-18T07:13:52.228Z] users.findOne {"_id":"658142dbbb7f725058617715"} {}
[2024-01-18T07:13:52.230Z] products.aggregate [{"$match":{"saled":false}},{"$group":{"_id":{"name":"$name","qalinligi":"$qalinligi","qalinligi_ortasi":"$qalinligi_ortasi","category":"$category","holati":"$holati","uzunligi":"$uzunligi","uzunligi_x":"$uzunligi_x","olchamlari":"$olchamlari","uzunligi_y":"$uzunligi_y","sklad":"$sklad","price":"$price","saledPrice":"$saledPrice","cut":"$cut"},"totalQuantity":{"$sum":"$quantity"}}},{"$project":{"name":"$_id.name","qalinligi":"$_id.qalinligi","qalinligi_ortasi":"$_id.qalinligi_ortasi","category":"$_id.category","holati":"$_id.holati","uzunligi":"$_id.uzunligi","uzunligi_x":"$_id.uzunligi_x","uzunligi_y":"$_id.uzunligi_y","sklad":"$_id.sklad","price":"$_id.price","olchamlari":"$_id.olchamlari","saledPrice":"$_id.saledPrice","quantity":"$totalQuantity","cut":"$_id.cut"}}] {}
[2024-01-18T07:13:52.238Z] users.findOne {"_id":"658142dbbb7f725058617715"} {}
[2024-01-18T07:13:52.239Z] sklads.find {} {}
[2024-01-18T07:14:07.220Z] users.findOne {"_id":"658142dbbb7f725058617715"} {}
[2024-01-18T07:14:07.221Z] users.findOne {"_id":"658142dbbb7f725058617715"} {}
[2024-01-18T07:14:07.230Z] users.findOne {"_id":"658142dbbb7f725058617715"} {}
[2024-01-18T07:14:07.232Z] sklads.find {"active":true} {}
[2024-01-18T07:14:07.237Z] users.findOne {"_id":"658142dbbb7f725058617715"} {}
[2024-01-18T07:14:07.238Z] sellers.find {} {}
[2024-01-18T07:14:33.776Z] users.findOne {"_id":"658142dbbb7f725058617715"} {}
[2024-01-18T07:14:33.780Z] products.insertOne {"name":"Truba","sellerId":"659a5f60e5a2fca71c85f227","qalinligi":20,"qalinligi_ortasi":null,"olchamlari":"test","category":"test","holati":"Yangi","uzunligi":15,"uzunligi_y":null,"uzunligi_x":null,"quantity":1,"sklad":"659c3af556b27c28015736e2","price":7000,"saledPrice":8000,"saled":false,"cut":false,"_id":"65a8cfd96da22097a24cc1be","date":"2024-01-18T07:14:33.778Z","createdAt":"2024-01-18T07:14:33.780Z","updatedAt":"2024-01-18T07:14:33.780Z","__v":0} {}
[2024-01-18T07:14:33.781Z] products.insertOne {"name":"Truba","sellerId":"659a5f60e5a2fca71c85f227","qalinligi":20,"qalinligi_ortasi":null,"olchamlari":"test","category":"test","holati":"Yangi","uzunligi":15,"uzunligi_y":null,"uzunligi_x":null,"quantity":1,"sklad":"659c3af556b27c28015736e2","price":7000,"saledPrice":8000,"saled":false,"cut":false,"_id":"65a8cfd96da22097a24cc1bf","date":"2024-01-18T07:14:33.779Z","createdAt":"2024-01-18T07:14:33.780Z","updatedAt":"2024-01-18T07:14:33.780Z","__v":0} {}
[2024-01-18T07:14:33.781Z] products.insertOne {"name":"Truba","sellerId":"659a5f60e5a2fca71c85f227","qalinligi":20,"qalinligi_ortasi":null,"olchamlari":"test","category":"test","holati":"Yangi","uzunligi":15,"uzunligi_y":null,"uzunligi_x":null,"quantity":1,"sklad":"659c3af556b27c28015736e2","price":7000,"saledPrice":8000,"saled":false,"cut":false,"_id":"65a8cfd96da22097a24cc1c0","date":"2024-01-18T07:14:33.779Z","createdAt":"2024-01-18T07:14:33.780Z","updatedAt":"2024-01-18T07:14:33.780Z","__v":0} {}
[2024-01-18T07:14:33.997Z] users.findOne {"_id":"658142dbbb7f725058617715"} {}
[2024-01-18T07:14:33.999Z] users.findOne {"_id":"658142dbbb7f725058617715"} {}
[2024-01-18T07:14:34.000Z] alerts.find {} {"sort":{"createdAt":-1}}
[2024-01-18T07:14:34.002Z] users.findOne {"_id":"658142dbbb7f725058617715"} {}
[2024-01-18T07:14:34.007Z] users.findOne {"_id":"658142dbbb7f725058617715"} {}
[2024-01-18T07:14:34.008Z] sklads.find {"active":true} {}
[2024-01-18T07:14:34.015Z] users.findOne {"_id":"658142dbbb7f725058617715"} {}
[2024-01-18T07:14:34.017Z] sellers.find {} {}
[2024-01-18T07:14:35.719Z] users.findOne {"_id":"658142dbbb7f725058617715"} {}
[2024-01-18T07:14:35.721Z] users.findOne {"_id":"658142dbbb7f725058617715"} {}
[2024-01-18T07:14:35.726Z] users.findOne {"_id":"658142dbbb7f725058617715"} {}
[2024-01-18T07:14:35.727Z] products.aggregate [{"$match":{"saled":false}},{"$group":{"_id":{"name":"$name","qalinligi":"$qalinligi","qalinligi_ortasi":"$qalinligi_ortasi","category":"$category","holati":"$holati","uzunligi":"$uzunligi","uzunligi_x":"$uzunligi_x","olchamlari":"$olchamlari","uzunligi_y":"$uzunligi_y","sklad":"$sklad","price":"$price","saledPrice":"$saledPrice","cut":"$cut"},"totalQuantity":{"$sum":"$quantity"}}},{"$project":{"name":"$_id.name","qalinligi":"$_id.qalinligi","qalinligi_ortasi":"$_id.qalinligi_ortasi","category":"$_id.category","holati":"$_id.holati","uzunligi":"$_id.uzunligi","uzunligi_x":"$_id.uzunligi_x","uzunligi_y":"$_id.uzunligi_y","sklad":"$_id.sklad","price":"$_id.price","olchamlari":"$_id.olchamlari","saledPrice":"$_id.saledPrice","quantity":"$totalQuantity","cut":"$_id.cut"}}] {}
[2024-01-18T07:14:35.734Z] users.findOne {"_id":"658142dbbb7f725058617715"} {}
[2024-01-18T07:14:35.735Z] sklads.find {} {}
[2024-01-18T07:14:56.981Z] users.findOne {"_id":"658142dbbb7f725058617715"} {}
[2024-01-18T07:14:56.982Z] users.findOne {"_id":"658142dbbb7f725058617715"} {}
[2024-01-18T07:14:56.988Z] users.findOne {"_id":"658142dbbb7f725058617715"} {}
[2024-01-18T07:14:56.989Z] clients.find {} {}
[2024-01-18T07:14:56.994Z] users.findOne {"_id":"658142dbbb7f725058617715"} {}
[2024-01-18T07:14:56.995Z] sellers.find {} {}
[2024-01-18T07:14:56.999Z] users.findOne {"_id":"658142dbbb7f725058617715"} {}
[2024-01-18T07:15:04.185Z] users.findOne {"_id":"658142dbbb7f725058617715"} {}
[2024-01-18T07:15:04.187Z] products.findOneAndUpdate {"name":"Truba","qalinligi":20,"qalinligi_ortasi":null,"category":"test","holati":"Yangi","uzunligi":7.5,"uzunligi_x":null,"olchamlari":"test","uzunligi_y":null,"sklad":"659c3af556b27c28015736e2","price":7000,"saledPrice":9000,"cut":true,"saled":false} {"$setOnInsert":{"createdAt":"2024-01-18T07:15:04.187Z"},"$set":{"saled":true,"saledPrice":9000,"saledClient":"659a5f76e5a2fca71c85f236","saledType":"Qarz","saledDate":"2024-01-18T07:15:04.000Z","saledSeller":"659c45abd72ec91ef61e7e9d","updatedAt":"2024-01-18T07:15:04.187Z"}}
[2024-01-18T07:15:04.188Z] products.findOneAndUpdate {"name":"Truba","qalinligi":20,"qalinligi_ortasi":null,"category":"test","holati":"Yangi","uzunligi":7.5,"uzunligi_x":null,"olchamlari":"test","uzunligi_y":null,"sklad":"659c3af556b27c28015736e2","price":7000,"saledPrice":9000,"cut":true,"saled":false} {"$setOnInsert":{"createdAt":"2024-01-18T07:15:04.188Z"},"$set":{"saled":true,"saledPrice":9000,"saledClient":"659a5f76e5a2fca71c85f236","saledType":"Qarz","saledDate":"2024-01-18T07:15:04.000Z","saledSeller":"659c45abd72ec91ef61e7e9d","updatedAt":"2024-01-18T07:15:04.188Z"}}
[2024-01-18T07:15:04.190Z] products.findOneAndUpdate {"name":"Truba","qalinligi":20,"qalinligi_ortasi":null,"category":"test","holati":"Yangi","uzunligi":5,"uzunligi_x":null,"olchamlari":"test","uzunligi_y":null,"sklad":"659c3af556b27c28015736e2","price":7000,"saledPrice":9000,"cut":true,"saled":false} {"$setOnInsert":{"createdAt":"2024-01-18T07:15:04.189Z"},"$set":{"saled":true,"saledPrice":9000,"saledClient":"659a5f76e5a2fca71c85f236","saledType":"Qarz","saledDate":"2024-01-18T07:15:04.000Z","saledSeller":"659c45abd72ec91ef61e7e9d","updatedAt":"2024-01-18T07:15:04.189Z"}}
[2024-01-18T07:15:04.191Z] products.findOneAndUpdate {"name":"Truba","qalinligi":20,"qalinligi_ortasi":null,"category":"test","holati":"Yangi","uzunligi":10,"uzunligi_x":null,"olchamlari":"test","uzunligi_y":null,"sklad":"659c3af556b27c28015736e2","price":7000,"saledPrice":9000,"cut":true,"saled":false} {"$setOnInsert":{"createdAt":"2024-01-18T07:15:04.191Z"},"$set":{"saled":true,"saledPrice":9000,"saledClient":"659a5f76e5a2fca71c85f236","saledType":"Qarz","saledDate":"2024-01-18T07:15:04.000Z","saledSeller":"659c45abd72ec91ef61e7e9d","updatedAt":"2024-01-18T07:15:04.191Z"}}
[2024-01-18T07:15:04.192Z] products.findOneAndUpdate {"name":"Truba","qalinligi":20,"qalinligi_ortasi":null,"category":"test","holati":"Yangi","uzunligi":15,"uzunligi_x":null,"olchamlari":"test","uzunligi_y":null,"sklad":"659c3af556b27c28015736e2","price":7000,"saledPrice":9000,"cut":false,"saled":false} {"$setOnInsert":{"createdAt":"2024-01-18T07:15:04.192Z"},"$set":{"saled":true,"saledPrice":9000,"saledClient":"659a5f76e5a2fca71c85f236","saledType":"Qarz","saledDate":"2024-01-18T07:15:04.000Z","saledSeller":"659c45abd72ec91ef61e7e9d","updatedAt":"2024-01-18T07:15:04.192Z"}}
[2024-01-18T07:15:04.193Z] debts.insertOne {"clientId":"659a5f76e5a2fca71c85f236","sellerId":"659c45abd72ec91ef61e7e9d","products":[{"name":"Truba","qalinligi":20,"qalinligi_ortasi":null,"category":"test","holati":"Yangi","uzunligi":7.5,"uzunligi_x":null,"olchamlari":"test","uzunligi_y":null,"sklad":"659c3af556b27c28015736e2","price":7000,"saledPrice":9000,"cut":true,"quantity":2,"saled":false},{"name":"Truba","qalinligi":20,"qalinligi_ortasi":null,"category":"test","holati":"Yangi","uzunligi":5,"uzunligi_x":null,"olchamlari":"test","uzunligi_y":null,"sklad":"659c3af556b27c28015736e2","price":7000,"saledPrice":9000,"cut":true,"quantity":1,"saled":false},{"name":"Truba","qalinligi":20,"qalinligi_ortasi":null,"category":"test","holati":"Yangi","uzunligi":10,"uzunligi_x":null,"olchamlari":"test","uzunligi_y":null,"sklad":"659c3af556b27c28015736e2","price":7000,"saledPrice":9000,"cut":true,"quantity":1,"saled":false},{"name":"Truba","qalinligi":20,"qalinligi_ortasi":null,"category":"test","holati":"Yangi","uzunligi":15,"uzunligi_x":null,"olchamlari":"test","uzunligi_y":null,"sklad":"659c3af556b27c28015736e2","price":7000,"saledPrice":9000,"cut":false,"quantity":1,"saled":false}],"allAmount":405000,"payedAmount":0,"historyAmount":[],"active":true,"_id":"65a8cff86da22097a24cc1df","date":"2024-01-18T07:15:04.193Z","createdAt":"2024-01-18T07:15:04.193Z","updatedAt":"2024-01-18T07:15:04.193Z","__v":0} {}
[2024-01-18T07:15:05.971Z] users.findOne {"_id":"658142dbbb7f725058617715"} {}
[2024-01-18T07:15:05.972Z] users.findOne {"_id":"658142dbbb7f725058617715"} {}
[2024-01-18T07:15:05.977Z] users.findOne {"_id":"658142dbbb7f725058617715"} {}
[2024-01-18T07:15:05.978Z] products.aggregate [{"$match":{"saled":false}},{"$group":{"_id":{"name":"$name","qalinligi":"$qalinligi","qalinligi_ortasi":"$qalinligi_ortasi","category":"$category","holati":"$holati","uzunligi":"$uzunligi","uzunligi_x":"$uzunligi_x","olchamlari":"$olchamlari","uzunligi_y":"$uzunligi_y","sklad":"$sklad","price":"$price","saledPrice":"$saledPrice","cut":"$cut"},"totalQuantity":{"$sum":"$quantity"}}},{"$project":{"name":"$_id.name","qalinligi":"$_id.qalinligi","qalinligi_ortasi":"$_id.qalinligi_ortasi","category":"$_id.category","holati":"$_id.holati","uzunligi":"$_id.uzunligi","uzunligi_x":"$_id.uzunligi_x","uzunligi_y":"$_id.uzunligi_y","sklad":"$_id.sklad","price":"$_id.price","olchamlari":"$_id.olchamlari","saledPrice":"$_id.saledPrice","quantity":"$totalQuantity","cut":"$_id.cut"}}] {}
[2024-01-18T07:15:05.985Z] users.findOne {"_id":"658142dbbb7f725058617715"} {}
[2024-01-18T07:15:05.986Z] sklads.find {} {}
[2024-01-18T07:15:11.894Z] users.findOne {"_id":"658142dbbb7f725058617715"} {}
[2024-01-18T07:15:11.896Z] products.findOne {"name":"Truba","qalinligi":20,"qalinligi_ortasi":null,"category":"test","holati":"Yangi","uzunligi":15,"uzunligi_x":null,"olchamlari":"test","uzunligi_y":null,"sklad":"659c3af556b27c28015736e2","price":7000,"saledPrice":8000,"cut":false} {}
[2024-01-18T07:15:11.898Z] products.updateOne {"_id":"65a8cfd96da22097a24cc1be"} {"$set":{"cut":true,"uzunligi":7,"updatedAt":"2024-01-18T07:15:11.897Z"}}
[2024-01-18T07:15:11.900Z] products.insertOne {"name":"Truba","qalinligi":20,"qalinligi_ortasi":null,"olchamlari":"test","category":"test","holati":"Yangi","uzunligi":8,"uzunligi_y":null,"uzunligi_x":null,"sklad":"659c3af556b27c28015736e2","price":7000,"saledPrice":8000,"saled":false,"cut":true,"_id":"65a8cfff6da22097a24cc1ea","date":"2024-01-18T07:15:11.900Z","quantity":1,"createdAt":"2024-01-18T07:15:11.900Z","updatedAt":"2024-01-18T07:15:11.900Z","__v":0} {}
[2024-01-18T07:15:12.106Z] users.findOne {"_id":"658142dbbb7f725058617715"} {}
[2024-01-18T07:15:12.108Z] users.findOne {"_id":"658142dbbb7f725058617715"} {}
[2024-01-18T07:15:12.110Z] alerts.find {} {"sort":{"createdAt":-1}}
[2024-01-18T07:15:12.111Z] users.findOne {"_id":"658142dbbb7f725058617715"} {}
[2024-01-18T07:15:12.116Z] users.findOne {"_id":"658142dbbb7f725058617715"} {}
[2024-01-18T07:15:12.117Z] products.aggregate [{"$match":{"saled":false}},{"$group":{"_id":{"name":"$name","qalinligi":"$qalinligi","qalinligi_ortasi":"$qalinligi_ortasi","category":"$category","holati":"$holati","uzunligi":"$uzunligi","uzunligi_x":"$uzunligi_x","olchamlari":"$olchamlari","uzunligi_y":"$uzunligi_y","sklad":"$sklad","price":"$price","saledPrice":"$saledPrice","cut":"$cut"},"totalQuantity":{"$sum":"$quantity"}}},{"$project":{"name":"$_id.name","qalinligi":"$_id.qalinligi","qalinligi_ortasi":"$_id.qalinligi_ortasi","category":"$_id.category","holati":"$_id.holati","uzunligi":"$_id.uzunligi","uzunligi_x":"$_id.uzunligi_x","uzunligi_y":"$_id.uzunligi_y","sklad":"$_id.sklad","price":"$_id.price","olchamlari":"$_id.olchamlari","saledPrice":"$_id.saledPrice","quantity":"$totalQuantity","cut":"$_id.cut"}}] {}
[2024-01-18T07:15:12.125Z] users.findOne {"_id":"658142dbbb7f725058617715"} {}
[2024-01-18T07:15:12.127Z] sklads.find {} {}
[2024-01-18T07:15:44.095Z] users.findOne {"_id":"658142dbbb7f725058617715"} {}
[2024-01-18T07:15:44.101Z] products.findOne {"name":"Truba","qalinligi":20,"qalinligi_ortasi":null,"category":"test","holati":"Yangi","uzunligi":15,"uzunligi_x":null,"olchamlari":"test","uzunligi_y":null,"sklad":"659c3af556b27c28015736e2","price":7000,"saledPrice":8000,"cut":false} {}
[2024-01-18T07:15:44.109Z] products.updateOne {"_id":"65a8cfd96da22097a24cc1bf"} {"$set":{"cut":true,"uzunligi":7.5,"updatedAt":"2024-01-18T07:15:44.108Z"}}
[2024-01-18T07:15:44.114Z] products.insertOne {"name":"Truba","qalinligi":20,"qalinligi_ortasi":null,"olchamlari":"test","category":"test","holati":"Yangi","uzunligi":7.5,"uzunligi_y":null,"uzunligi_x":null,"sklad":"659c3af556b27c28015736e2","price":7000,"saledPrice":8000,"saled":false,"cut":true,"_id":"65a8d02019b3ef95b54ed5a9","date":"2024-01-18T07:15:44.112Z","quantity":1,"createdAt":"2024-01-18T07:15:44.113Z","updatedAt":"2024-01-18T07:15:44.113Z","__v":0} {}
[2024-01-18T07:15:44.325Z] users.findOne {"_id":"658142dbbb7f725058617715"} {}
[2024-01-18T07:15:44.327Z] users.findOne {"_id":"658142dbbb7f725058617715"} {}
[2024-01-18T07:15:44.329Z] alerts.find {} {"sort":{"createdAt":-1}}
[2024-01-18T07:15:44.331Z] users.findOne {"_id":"658142dbbb7f725058617715"} {}
[2024-01-18T07:15:44.336Z] users.findOne {"_id":"658142dbbb7f725058617715"} {}
[2024-01-18T07:15:44.338Z] products.aggregate [{"$match":{"saled":false}},{"$group":{"_id":{"name":"$name","qalinligi":"$qalinligi","qalinligi_ortasi":"$qalinligi_ortasi","category":"$category","holati":"$holati","uzunligi":"$uzunligi","uzunligi_x":"$uzunligi_x","olchamlari":"$olchamlari","uzunligi_y":"$uzunligi_y","sklad":"$sklad","price":"$price","saledPrice":"$saledPrice","cut":"$cut"},"totalQuantity":{"$sum":"$quantity"}}},{"$project":{"name":"$_id.name","qalinligi":"$_id.qalinligi","qalinligi_ortasi":"$_id.qalinligi_ortasi","category":"$_id.category","holati":"$_id.holati","uzunligi":"$_id.uzunligi","uzunligi_x":"$_id.uzunligi_x","uzunligi_y":"$_id.uzunligi_y","sklad":"$_id.sklad","price":"$_id.price","olchamlari":"$_id.olchamlari","saledPrice":"$_id.saledPrice","quantity":"$totalQuantity","cut":"$_id.cut"}}] {}
[2024-01-18T07:15:44.347Z] users.findOne {"_id":"658142dbbb7f725058617715"} {}
[2024-01-18T07:15:44.350Z] sklads.find {} {}
[2024-01-18T07:15:57.966Z] users.findOne {"_id":"658142dbbb7f725058617715"} {}
[2024-01-18T07:15:57.969Z] products.findOne {"name":"Truba","qalinligi":20,"qalinligi_ortasi":null,"category":"test","holati":"Yangi","uzunligi":15,"uzunligi_x":null,"olchamlari":"test","uzunligi_y":null,"sklad":"659c3af556b27c28015736e2","price":7000,"saledPrice":8000,"cut":false} {}
[2024-01-18T07:15:57.971Z] products.updateOne {"_id":"65a8cfd96da22097a24cc1c0"} {"$set":{"cut":true,"uzunligi":7.5,"updatedAt":"2024-01-18T07:15:57.971Z"}}
[2024-01-18T07:15:57.974Z] products.insertOne {"name":"Truba","qalinligi":20,"qalinligi_ortasi":null,"olchamlari":"test","category":"test","holati":"Yangi","uzunligi":7.5,"uzunligi_y":null,"uzunligi_x":null,"sklad":"659c3af556b27c28015736e2","price":7000,"saledPrice":8000,"saled":false,"cut":true,"_id":"65a8d02d19b3ef95b54ed5b6","date":"2024-01-18T07:15:57.973Z","quantity":1,"createdAt":"2024-01-18T07:15:57.973Z","updatedAt":"2024-01-18T07:15:57.973Z","__v":0} {}
[2024-01-18T07:15:58.174Z] users.findOne {"_id":"658142dbbb7f725058617715"} {}
[2024-01-18T07:15:58.175Z] users.findOne {"_id":"658142dbbb7f725058617715"} {}
[2024-01-18T07:15:58.176Z] alerts.find {} {"sort":{"createdAt":-1}}
[2024-01-18T07:15:58.178Z] users.findOne {"_id":"658142dbbb7f725058617715"} {}
[2024-01-18T07:15:58.185Z] users.findOne {"_id":"658142dbbb7f725058617715"} {}
[2024-01-18T07:15:58.187Z] products.aggregate [{"$match":{"saled":false}},{"$group":{"_id":{"name":"$name","qalinligi":"$qalinligi","qalinligi_ortasi":"$qalinligi_ortasi","category":"$category","holati":"$holati","uzunligi":"$uzunligi","uzunligi_x":"$uzunligi_x","olchamlari":"$olchamlari","uzunligi_y":"$uzunligi_y","sklad":"$sklad","price":"$price","saledPrice":"$saledPrice","cut":"$cut"},"totalQuantity":{"$sum":"$quantity"}}},{"$project":{"name":"$_id.name","qalinligi":"$_id.qalinligi","qalinligi_ortasi":"$_id.qalinligi_ortasi","category":"$_id.category","holati":"$_id.holati","uzunligi":"$_id.uzunligi","uzunligi_x":"$_id.uzunligi_x","uzunligi_y":"$_id.uzunligi_y","sklad":"$_id.sklad","price":"$_id.price","olchamlari":"$_id.olchamlari","saledPrice":"$_id.saledPrice","quantity":"$totalQuantity","cut":"$_id.cut"}}] {}
[2024-01-18T07:15:58.195Z] users.findOne {"_id":"658142dbbb7f725058617715"} {}
[2024-01-18T07:15:58.197Z] sklads.find {} {}
[2024-01-18T07:21:03.158Z] users.findOne {"_id":"658142dbbb7f725058617715"} {}
[2024-01-18T07:21:03.159Z] users.findOne {"_id":"658142dbbb7f725058617715"} {}
[2024-01-18T07:21:03.172Z] users.findOne {"_id":"658142dbbb7f725058617715"} {}
[2024-01-18T07:21:03.173Z] users.find {} {"sort":{"_id":-1}}
[2024-01-18T07:21:15.174Z] users.findOne {"login":"nationalisticOd"} {}
[2024-01-18T07:21:16.522Z] users.findOne {"_id":"659e418bd4e35c9a0c72e557"} {}
[2024-01-18T07:21:16.523Z] users.findOne {"_id":"659e418bd4e35c9a0c72e557"} {}
[2024-01-18T07:21:16.525Z] alerts.find {} {"sort":{"createdAt":-1}}
[2024-01-18T07:21:16.525Z] users.findOne {"_id":"659e418bd4e35c9a0c72e557"} {}
[2024-01-18T07:21:16.697Z] users.findOne {"_id":"659e418bd4e35c9a0c72e557"} {}
[2024-01-18T07:21:16.698Z] users.findOne {"_id":"659e418bd4e35c9a0c72e557"} {}
[2024-01-18T07:21:16.700Z] alerts.find {} {"sort":{"createdAt":-1}}
[2024-01-18T07:21:16.701Z] users.findOne {"_id":"659e418bd4e35c9a0c72e557"} {}
[2024-01-18T07:21:16.706Z] users.findOne {"_id":"659e418bd4e35c9a0c72e557"} {}
[2024-01-18T07:21:16.708Z] harajats.aggregate [{"$match":{"date":{"$gte":"2024-01-01T00:00:00.000Z","$lte":"2025-01-01T00:00:00.000Z"}}},{"$group":{"_id":null,"totalAmount":{"$sum":"$amount"}}},{"$project":{"_id":0,"totalAmount":1}}] {}
[2024-01-18T07:21:16.712Z] users.findOne {"_id":"659e418bd4e35c9a0c72e557"} {}
[2024-01-18T07:21:16.714Z] products.aggregate [{"$match":{"saled":false}},{"$group":{"_id":null,"totalPrice":{"$sum":{"$cond":{"if":{"$eq":["$name","List"]},"then":{"$multiply":["$price",{"$divide":[{"$multiply":["$uzunligi_x","$uzunligi_y"]},10000]}]},"else":{"$multiply":["$price","$uzunligi"]}}}}}},{"$project":{"_id":0,"totalAmount":"$totalPrice"}}] {}
[2024-01-18T07:21:16.721Z] users.findOne {"_id":"659e418bd4e35c9a0c72e557"} {}
[2024-01-18T07:21:16.722Z] debts.aggregate [{"$match":{"active":true}},{"$project":{"totalDebt":{"$subtract":["$allAmount","$payedAmount"]}}},{"$group":{"_id":null,"totalAmount":{"$sum":"$totalDebt"}}}] {}
[2024-01-18T07:21:16.730Z] users.findOne {"_id":"659e418bd4e35c9a0c72e557"} {}
[2024-01-18T07:21:16.732Z] products.aggregate [{"$match":{"saled":true,"saledDate":{"$gte":"2024-01-01T00:00:00.000Z","$lte":"2025-01-01T00:00:00.000Z"}}},{"$project":{"totalAmount":{"$sum":{"$multiply":[{"$cond":{"if":{"$eq":["$name","List"]},"then":{"$multiply":[{"$subtract":["$saledPrice","$price"]},{"$cond":{"if":{"$ne":["$uzunligi_x",0]},"then":{"$divide":[{"$multiply":["$uzunligi_x","$uzunligi_y"]},10000]},"else":0}}]},"else":{"$multiply":[{"$subtract":["$saledPrice","$price"]},"$uzunligi"]}}},1]}}}},{"$group":{"_id":null,"totalAmount":{"$sum":"$totalAmount"}}}] {}
[2024-01-18T07:21:16.740Z] users.findOne {"_id":"659e418bd4e35c9a0c72e557"} {}
[2024-01-18T07:21:16.742Z] products.aggregate [{"$match":{"saled":true,"saledDate":{"$gte":"2024-01-01T00:00:00.000Z","$lte":"2025-01-01T00:00:00.000Z"}}},{"$group":{"_id":{"year":{"$year":"$saledDate"},"month":{"$month":"$saledDate"},"day":{"$dayOfMonth":"$saledDate"}},"totalAmount":{"$sum":{"$multiply":[{"$cond":{"if":{"$eq":["$name","List"]},"then":{"$multiply":[{"$subtract":["$saledPrice","$price"]},{"$divide":[{"$multiply":["$uzunligi_x","$uzunligi_y"]},10000]}]},"else":{"$multiply":[{"$subtract":["$saledPrice","$price"]},"$uzunligi"]}}},1]}},"totalProducts":{"$sum":1}}},{"$sort":{"_id.year":1,"_id.month":1,"_id.day":1}}] {}
[2024-01-18T07:21:16.751Z] users.findOne {"_id":"659e418bd4e35c9a0c72e557"} {}
[2024-01-18T07:21:16.752Z] harajats.aggregate [{"$match":{"date":{"$gte":"2024-01-01T00:00:00.000Z","$lte":"2025-01-01T00:00:00.000Z"}}},{"$group":{"_id":{"year":{"$year":"$date"},"month":{"$month":"$date"},"day":{"$dayOfMonth":"$date"}},"totalAmount":{"$sum":"$amount"}}},{"$sort":{"_id.year":1,"_id.month":1,"_id.day":1}}] {}
[2024-01-18T07:21:28.461Z] users.findOne {"_id":"659e418bd4e35c9a0c72e557"} {}
[2024-01-18T07:21:28.463Z] users.findOne {"_id":"659e418bd4e35c9a0c72e557"} {}
[2024-01-18T07:21:28.468Z] users.findOne {"_id":"659e418bd4e35c9a0c72e557"} {}
[2024-01-18T07:21:28.470Z] harajats.aggregate [{"$match":{"date":{"$gte":"2024-01-11T07:21:28.465Z","$lte":"2024-01-18T07:21:28.465Z"}}},{"$group":{"_id":{"year":{"$year":"$date"},"month":{"$month":"$date"},"day":{"$dayOfMonth":"$date"}},"totalAmount":{"$sum":"$amount"},"totalRecords":{"$sum":1}}},{"$sort":{"_id.year":1,"_id.month":1,"_id.day":1}}] {}
[2024-01-18T07:21:28.472Z] users.findOne {"_id":"659e418bd4e35c9a0c72e557"} {}
[2024-01-18T07:21:28.473Z] products.aggregate [{"$match":{"saled":true,"saledDate":{"$gte":"2024-01-11T07:21:28.465Z","$lte":"2024-01-18T07:21:28.465Z"}}},{"$group":{"_id":{"year":{"$year":"$saledDate"},"month":{"$month":"$saledDate"},"day":{"$dayOfMonth":"$saledDate"}},"totalAmount":{"$sum":{"$multiply":[{"$cond":{"if":{"$eq":["$name","List"]},"then":{"$multiply":[{"$subtract":["$saledPrice","$price"]},{"$divide":[{"$multiply":["$uzunligi_x","$uzunligi_y"]},10000]}]},"else":{"$multiply":[{"$subtract":["$saledPrice","$price"]},"$uzunligi"]}}},1]}},"totalProducts":{"$sum":1}}},{"$sort":{"_id.year":1,"_id.month":1,"_id.day":1}}] {}
[2024-01-18T07:21:28.474Z] harajats.aggregate [{"$match":{"date":{"$gte":"2024-01-11T07:21:28.465Z","$lte":"2024-01-18T07:21:28.465Z"}}},{"$group":{"_id":{"year":{"$year":"$date"},"month":{"$month":"$date"},"day":{"$dayOfMonth":"$date"}},"totalAmount":{"$sum":"$amount"},"totalRecords":{"$sum":1}}},{"$sort":{"_id.year":1,"_id.month":1,"_id.day":1}}] {}
[2024-01-18T07:21:28.474Z] products.aggregate [{"$match":{"saled":true,"saledDate":{"$gte":"2024-01-11T07:21:28.465Z","$lte":"2024-01-18T07:21:28.465Z"}}},{"$group":{"_id":{"year":{"$year":"$saledDate"},"month":{"$month":"$saledDate"},"day":{"$dayOfMonth":"$saledDate"}},"totalAmount":{"$sum":{"$multiply":[{"$cond":{"if":{"$eq":["$name","List"]},"then":{"$multiply":["$saledPrice",{"$divide":[{"$multiply":["$uzunligi_x","$uzunligi_y"]},10000]}]},"else":{"$multiply":["$saledPrice","$uzunligi"]}}}]}},"totalProducts":{"$sum":1}}},{"$sort":{"_id.year":1,"_id.month":1,"_id.day":1}}] {}
[2024-01-18T07:21:28.475Z] products.aggregate [{"$match":{"saled":true,"saledDate":{"$gte":"2024-01-11T07:21:28.465Z","$lte":"2024-01-18T07:21:28.465Z"}}},{"$group":{"_id":{"year":{"$year":"$saledDate"},"month":{"$month":"$saledDate"},"day":{"$dayOfMonth":"$saledDate"}},"totalAmount":{"$sum":{"$multiply":[{"$cond":{"if":{"$eq":["$name","List"]},"then":{"$multiply":[{"$subtract":["$saledPrice","$price"]},{"$divide":[{"$multiply":["$uzunligi_x","$uzunligi_y"]},10000]}]},"else":{"$multiply":[{"$subtract":["$saledPrice","$price"]},"$uzunligi"]}}},1]}},"totalProducts":{"$sum":1}}},{"$sort":{"_id.year":1,"_id.month":1,"_id.day":1}}] {}
[2024-01-18T07:21:28.475Z] products.aggregate [{"$match":{"date":{"$gte":"2024-01-11T07:21:28.465Z","$lte":"2024-01-18T07:21:28.465Z"}}},{"$group":{"_id":{"year":{"$year":"$date"},"month":{"$month":"$date"},"day":{"$dayOfMonth":"$date"}},"totalAmount":{"$sum":{"$multiply":[{"$cond":{"if":{"$eq":["$name","List"]},"then":{"$multiply":["$price",{"$divide":[{"$multiply":["$uzunligi_x","$uzunligi_y"]},10000]}]},"else":{"$multiply":["$price","$uzunligi"]}}}]}},"totalProducts":{"$sum":1}}},{"$sort":{"_id.year":1,"_id.month":1,"_id.day":1}}] {}
[2024-01-18T07:21:28.476Z] products.aggregate [{"$match":{"saled":true,"saledDate":{"$gte":"2024-01-11T07:21:28.465Z","$lte":"2024-01-18T07:21:28.465Z"}}},{"$group":{"_id":{"year":{"$year":"$saledDate"},"month":{"$month":"$saledDate"},"day":{"$dayOfMonth":"$saledDate"}},"totalAmount":{"$sum":{"$multiply":[{"$cond":{"if":{"$eq":["$name","List"]},"then":{"$multiply":["$saledPrice",{"$divide":[{"$multiply":["$uzunligi_x","$uzunligi_y"]},10000]}]},"else":{"$multiply":["$saledPrice","$uzunligi"]}}}]}},"totalProducts":{"$sum":1}}},{"$sort":{"_id.year":1,"_id.month":1,"_id.day":1}}] {}
[2024-01-18T07:21:28.477Z] products.aggregate [{"$match":{"date":{"$gte":"2024-01-11T07:21:28.465Z","$lte":"2024-01-18T07:21:28.465Z"}}},{"$group":{"_id":{"year":{"$year":"$date"},"month":{"$month":"$date"},"day":{"$dayOfMonth":"$date"}},"totalAmount":{"$sum":{"$multiply":[{"$cond":{"if":{"$eq":["$name","List"]},"then":{"$multiply":["$price",{"$divide":[{"$multiply":["$uzunligi_x","$uzunligi_y"]},10000]}]},"else":{"$multiply":["$price","$uzunligi"]}}}]}},"totalProducts":{"$sum":1}}},{"$sort":{"_id.year":1,"_id.month":1,"_id.day":1}}] {}
[2024-01-18T07:21:47.776Z] users.findOne {"_id":"659e418bd4e35c9a0c72e557"} {}
[2024-01-18T07:21:47.778Z] users.findOne {"_id":"659e418bd4e35c9a0c72e557"} {}
[2024-01-18T07:21:47.784Z] users.findOne {"_id":"659e418bd4e35c9a0c72e557"} {}
[2024-01-18T07:21:47.785Z] users.find {} {"sort":{"_id":-1}}
[2024-01-18T07:22:16.222Z] users.insertOne {"login":"acquiredYusupov","password":"$2b$13$7W/TGveFjT4b6nU2mqX5gul/S9QykOX52nKz7R5./rE.cde36/3/K","user_level":2,"name":"Fotih","surname":"Yusupov","_id":"65a8d1a819b3ef95b54ed5e9","createdAt":"2024-01-18T07:22:16.222Z","updatedAt":"2024-01-18T07:22:16.222Z","__v":0} {}
[2024-01-18T07:22:19.455Z] users.findOne {"_id":"659e418bd4e35c9a0c72e557"} {}
[2024-01-18T07:22:19.456Z] users.findOne {"_id":"659e418bd4e35c9a0c72e557"} {}
[2024-01-18T07:22:19.457Z] alerts.find {} {"sort":{"createdAt":-1}}
[2024-01-18T07:22:19.458Z] users.findOne {"_id":"659e418bd4e35c9a0c72e557"} {}
[2024-01-18T07:22:19.462Z] users.findOne {"_id":"659e418bd4e35c9a0c72e557"} {}
[2024-01-18T07:22:19.464Z] users.find {} {"sort":{"_id":-1}}
[2024-01-18T07:22:33.308Z] users.findOne {"login":"acquiredYusupov"} {}
[2024-01-18T07:22:34.880Z] users.findOne {"_id":"65a8d1a819b3ef95b54ed5e9"} {}
[2024-01-18T07:22:34.882Z] users.findOne {"_id":"65a8d1a819b3ef95b54ed5e9"} {}
[2024-01-18T07:22:57.164Z] users.findOne {"_id":"65a8d1a819b3ef95b54ed5e9"} {}
[2024-01-18T07:22:57.165Z] users.findOne {"_id":"65a8d1a819b3ef95b54ed5e9"} {}
[2024-01-18T07:24:42.368Z] users.findOne {"_id":"65a8d1a819b3ef95b54ed5e9"} {}
[2024-01-18T07:24:42.377Z] users.findOne {"_id":"65a8d1a819b3ef95b54ed5e9"} {}
[2024-01-18T07:24:42.379Z] users.findOne {"_id":"65a8d1a819b3ef95b54ed5e9"} {}
[2024-01-18T07:25:30.292Z] users.findOne {"_id":"65a8d1a819b3ef95b54ed5e9"} {}
[2024-01-18T07:25:30.295Z] users.findOne {"_id":"65a8d1a819b3ef95b54ed5e9"} {}
[2024-01-18T07:25:30.298Z] users.findOne {"_id":"65a8d1a819b3ef95b54ed5e9"} {}
[2024-01-18T07:25:30.312Z] users.findOne {"_id":"65a8d1a819b3ef95b54ed5e9"} {}
[2024-01-18T07:25:30.707Z] users.findOne {"_id":"65a8d1a819b3ef95b54ed5e9"} {}
[2024-01-18T07:25:30.709Z] users.findOne {"_id":"65a8d1a819b3ef95b54ed5e9"} {}
[2024-01-18T07:25:30.713Z] users.findOne {"_id":"65a8d1a819b3ef95b54ed5e9"} {}
